#-----------------------------------------------------------
# Vivado v2023.2 (64-bit)
# SW Build 4029153 on Fri Oct 13 20:13:54 MDT 2023
# IP Build 4028589 on Sat Oct 14 00:45:43 MDT 2023
# SharedData Build 4025554 on Tue Oct 10 17:18:54 MDT 2023
# Start of session at: Sat Apr 11 18:36:09 2026
# Process ID: 404996
# Current directory: /home/zshuhansan/git_project/learn_fpga/FemtoRV/TUTORIALS/FROM_BLINKER_TO_RISCV/Soc/vivado
# Command line: vivado -mode batch -source /home/zshuhansan/git_project/learn_fpga/FemtoRV/TUTORIALS/FROM_BLINKER_TO_RISCV/Soc/vivado/run_soc_zynq7020_impl.tcl
# Log file: /home/zshuhansan/git_project/learn_fpga/FemtoRV/TUTORIALS/FROM_BLINKER_TO_RISCV/Soc/vivado/vivado.log
# Journal file: /home/zshuhansan/git_project/learn_fpga/FemtoRV/TUTORIALS/FROM_BLINKER_TO_RISCV/Soc/vivado/vivado.jou
# Running On: zshuhansan-ubuntu-pc, OS: Linux, CPU Frequency: 2046.143 MHz, CPU Physical cores: 12, Host memory: 33564 MB
#-----------------------------------------------------------
source /home/zshuhansan/git_project/learn_fpga/FemtoRV/TUTORIALS/FROM_BLINKER_TO_RISCV/Soc/vivado/run_soc_zynq7020_impl.tcl
# set script_dir [file normalize [file dirname [info script]]]
# set variant_name [expr {[info exists ::env(VIVADO_VARIANT)] && $::env(VIVADO_VARIANT) ne "" ? $::env(VIVADO_VARIANT) : ""}]
# set variant_suffix [expr {$variant_name eq "" ? "" : "_$variant_name"}]
# set project_name [format "soc_zynq7020_clg400_2%s" $variant_suffix]
# set reports_dir [file normalize [file join $script_dir [format "reports_zynq7020_clg400_2%s" $variant_suffix]]]
# set synth_dcp [file normalize [file join $reports_dir [format "%s_post_synth.dcp" $project_name]]]
# set jobs [expr {[info exists ::env(VIVADO_JOBS)] ? $::env(VIVADO_JOBS) : 8}]
# set enable_post_route_physopt [expr {[info exists ::env(ENABLE_POST_ROUTE_PHYSOPT)] && $::env(ENABLE_POST_ROUTE_PHYSOPT) ne "0"}]
# if {![file exists $synth_dcp]} {
#     puts stderr "Synthesized checkpoint not found: $synth_dcp"
#     exit 1
# }
# set_param general.maxThreads $jobs
# file mkdir $reports_dir
# open_checkpoint $synth_dcp
Command: open_checkpoint /home/zshuhansan/git_project/learn_fpga/FemtoRV/TUTORIALS/FROM_BLINKER_TO_RISCV/Soc/vivado/reports_zynq7020_clg400_2_mulpipe_fanout32_redirectsplit_clean_predfan32/soc_zynq7020_clg400_2_mulpipe_fanout32_redirectsplit_clean_predfan32_post_synth.dcp

Starting open_checkpoint Task

Time (s): cpu = 00:00:00.02 ; elapsed = 00:00:00.02 . Memory (MB): peak = 1335.215 ; gain = 0.000 ; free physical = 12863 ; free virtual = 28399
INFO: [Device 21-403] Loading part xc7z020clg400-2
Netlist sorting complete. Time (s): cpu = 00:00:00.02 ; elapsed = 00:00:00.02 . Memory (MB): peak = 1689.738 ; gain = 0.000 ; free physical = 12528 ; free virtual = 28064
INFO: [Netlist 29-17] Analyzing 528 Unisim elements for replacement
INFO: [Netlist 29-28] Unisim Transformation completed in 0 CPU seconds
INFO: [Project 1-479] Netlist was created with Vivado 2023.2
INFO: [Project 1-570] Preparing netlist for logic optimization
Read ShapeDB Complete: Time (s): cpu = 00:00:00.01 ; elapsed = 00:00:00.01 . Memory (MB): peak = 1764.426 ; gain = 1.000 ; free physical = 12440 ; free virtual = 27975
INFO: [Timing 38-478] Restoring timing data from binary archive.
INFO: [Timing 38-479] Binary timing data restore complete.
INFO: [Project 1-856] Restoring constraints from binary archive.
INFO: [Project 1-853] Binary constraint restore complete.
Netlist sorting complete. Time (s): cpu = 00:00:00 ; elapsed = 00:00:00 . Memory (MB): peak = 2371.020 ; gain = 0.000 ; free physical = 11974 ; free virtual = 27510
INFO: [Project 1-111] Unisim Transformation Summary:
  A total of 64 instances were transformed.
  RAM128X1D => RAM128X1D (MUXF7(x2), RAMD64E(x4)): 64 instances

INFO: [Project 1-604] Checkpoint was created with Vivado v2023.2 (64-bit) build 4029153
open_checkpoint: Time (s): cpu = 00:00:16 ; elapsed = 00:00:17 . Memory (MB): peak = 2371.055 ; gain = 1035.840 ; free physical = 11974 ; free virtual = 27510
# opt_design
Command: opt_design
Attempting to get a license for feature 'Implementation' and/or device 'xc7z020'
INFO: [Common 17-349] Got license for feature 'Implementation' and/or device 'xc7z020'
Running DRC as a precondition to command opt_design

Starting DRC Task
INFO: [DRC 23-27] Running DRC with 12 threads
INFO: [Project 1-461] DRC finished with 0 Errors
INFO: [Project 1-462] Please refer to the DRC report (report_drc) for more information.

Time (s): cpu = 00:00:01 ; elapsed = 00:00:00.58 . Memory (MB): peak = 2493.816 ; gain = 116.859 ; free physical = 11960 ; free virtual = 27496

Starting Cache Timing Information Task
Ending Cache Timing Information Task | Checksum: 9163f4d8

Time (s): cpu = 00:00:00 ; elapsed = 00:00:00.01 . Memory (MB): peak = 2493.816 ; gain = 0.000 ; free physical = 11960 ; free virtual = 27496

Starting Logic Optimization Task

Phase 1 Initialization

Phase 1.1 Core Generation And Design Setup
Phase 1.1 Core Generation And Design Setup | Checksum: 9163f4d8

Time (s): cpu = 00:00:00.01 ; elapsed = 00:00:00 . Memory (MB): peak = 2718.684 ; gain = 0.000 ; free physical = 11671 ; free virtual = 27207

Phase 1.2 Setup Constraints And Sort Netlist
Phase 1.2 Setup Constraints And Sort Netlist | Checksum: 9163f4d8

Time (s): cpu = 00:00:00.01 ; elapsed = 00:00:00 . Memory (MB): peak = 2718.684 ; gain = 0.000 ; free physical = 11670 ; free virtual = 27206
Phase 1 Initialization | Checksum: 9163f4d8

Time (s): cpu = 00:00:00.01 ; elapsed = 00:00:00 . Memory (MB): peak = 2718.684 ; gain = 0.000 ; free physical = 11670 ; free virtual = 27206

Phase 2 Timer Update And Timing Data Collection

Phase 2.1 Timer Update
Phase 2.1 Timer Update | Checksum: 9163f4d8

Time (s): cpu = 00:00:00.47 ; elapsed = 00:00:00.08 . Memory (MB): peak = 2718.684 ; gain = 0.000 ; free physical = 11670 ; free virtual = 27205

Phase 2.2 Timing Data Collection
Phase 2.2 Timing Data Collection | Checksum: 9163f4d8

Time (s): cpu = 00:00:00.48 ; elapsed = 00:00:00.09 . Memory (MB): peak = 2718.684 ; gain = 0.000 ; free physical = 11670 ; free virtual = 27205
Phase 2 Timer Update And Timing Data Collection | Checksum: 9163f4d8

Time (s): cpu = 00:00:00.48 ; elapsed = 00:00:00.09 . Memory (MB): peak = 2718.684 ; gain = 0.000 ; free physical = 11670 ; free virtual = 27205

Phase 3 Retarget
INFO: [Opt 31-1566] Pulled 7 inverters resulting in an inversion of 277 pins
INFO: [Opt 31-138] Pushed 0 inverter(s) to 0 load pin(s).
INFO: [Opt 31-49] Retargeted 0 cell(s).
Phase 3 Retarget | Checksum: 74406134

Time (s): cpu = 00:00:00.63 ; elapsed = 00:00:00.25 . Memory (MB): peak = 2718.684 ; gain = 0.000 ; free physical = 11670 ; free virtual = 27205
Retarget | Checksum: 74406134
INFO: [Opt 31-389] Phase Retarget created 0 cells and removed 93 cells

Phase 4 Constant propagation
INFO: [Opt 31-138] Pushed 0 inverter(s) to 0 load pin(s).
Phase 4 Constant propagation | Checksum: c83c3492

Time (s): cpu = 00:00:00.66 ; elapsed = 00:00:00.28 . Memory (MB): peak = 2718.684 ; gain = 0.000 ; free physical = 11670 ; free virtual = 27205
Constant propagation | Checksum: c83c3492
INFO: [Opt 31-389] Phase Constant propagation created 0 cells and removed 0 cells

Phase 5 Sweep
Phase 5 Sweep | Checksum: fdf59e8a

Time (s): cpu = 00:00:00.7 ; elapsed = 00:00:00.32 . Memory (MB): peak = 2718.684 ; gain = 0.000 ; free physical = 11670 ; free virtual = 27205
Sweep | Checksum: fdf59e8a
INFO: [Opt 31-389] Phase Sweep created 0 cells and removed 0 cells

Phase 6 BUFG optimization
Phase 6 BUFG optimization | Checksum: fdf59e8a

Time (s): cpu = 00:00:00.79 ; elapsed = 00:00:00.35 . Memory (MB): peak = 2718.684 ; gain = 0.000 ; free physical = 11670 ; free virtual = 27205
BUFG optimization | Checksum: fdf59e8a
INFO: [Opt 31-662] Phase BUFG optimization created 0 cells of which 0 are BUFGs and removed 0 cells.

Phase 7 Shift Register Optimization
INFO: [Opt 31-1064] SRL Remap converted 0 SRLs to 0 registers and converted 0 registers of register chains to 0 SRLs
Phase 7 Shift Register Optimization | Checksum: fdf59e8a

Time (s): cpu = 00:00:00.79 ; elapsed = 00:00:00.36 . Memory (MB): peak = 2718.684 ; gain = 0.000 ; free physical = 11670 ; free virtual = 27205
Shift Register Optimization | Checksum: fdf59e8a
INFO: [Opt 31-389] Phase Shift Register Optimization created 0 cells and removed 0 cells

Phase 8 Post Processing Netlist
Phase 8 Post Processing Netlist | Checksum: fdf59e8a

Time (s): cpu = 00:00:00.8 ; elapsed = 00:00:00.37 . Memory (MB): peak = 2718.684 ; gain = 0.000 ; free physical = 11670 ; free virtual = 27205
Post Processing Netlist | Checksum: fdf59e8a
INFO: [Opt 31-389] Phase Post Processing Netlist created 0 cells and removed 0 cells

Phase 9 Finalization

Phase 9.1 Finalizing Design Cores and Updating Shapes
Phase 9.1 Finalizing Design Cores and Updating Shapes | Checksum: 1894e7d7d

Time (s): cpu = 00:00:00.85 ; elapsed = 00:00:00.42 . Memory (MB): peak = 2718.684 ; gain = 0.000 ; free physical = 11670 ; free virtual = 27205

Phase 9.2 Verifying Netlist Connectivity

Starting Connectivity Check Task

Time (s): cpu = 00:00:00.01 ; elapsed = 00:00:00.01 . Memory (MB): peak = 2718.684 ; gain = 0.000 ; free physical = 11670 ; free virtual = 27205
Phase 9.2 Verifying Netlist Connectivity | Checksum: 1894e7d7d

Time (s): cpu = 00:00:00.86 ; elapsed = 00:00:00.43 . Memory (MB): peak = 2718.684 ; gain = 0.000 ; free physical = 11670 ; free virtual = 27205
Phase 9 Finalization | Checksum: 1894e7d7d

Time (s): cpu = 00:00:00.86 ; elapsed = 00:00:00.43 . Memory (MB): peak = 2718.684 ; gain = 0.000 ; free physical = 11670 ; free virtual = 27205
Opt_design Change Summary
=========================


-------------------------------------------------------------------------------------------------------------------------
|  Phase                        |  #Cells created  |  #Cells Removed  |  #Constrained objects preventing optimizations  |
-------------------------------------------------------------------------------------------------------------------------
|  Retarget                     |               0  |              93  |                                              0  |
|  Constant propagation         |               0  |               0  |                                              0  |
|  Sweep                        |               0  |               0  |                                              0  |
|  BUFG optimization            |               0  |               0  |                                              0  |
|  Shift Register Optimization  |               0  |               0  |                                              0  |
|  Post Processing Netlist      |               0  |               0  |                                              0  |
-------------------------------------------------------------------------------------------------------------------------


Ending Logic Optimization Task | Checksum: 1894e7d7d

Time (s): cpu = 00:00:00.86 ; elapsed = 00:00:00.43 . Memory (MB): peak = 2718.684 ; gain = 0.000 ; free physical = 11670 ; free virtual = 27205
INFO: [Constraints 18-11670] Building netlist checker database with flags, 0x8
Done building netlist checker database: Time (s): cpu = 00:00:00 ; elapsed = 00:00:00 . Memory (MB): peak = 2718.684 ; gain = 0.000 ; free physical = 11670 ; free virtual = 27205

Starting Power Optimization Task
INFO: [Pwropt 34-132] Skipping clock gating for clocks with a period < 2.00 ns.
INFO: [Timing 38-35] Done setting XDC timing constraints.
Running Vector-less Activity Propagation...

Finished Running Vector-less Activity Propagation
INFO: [Pwropt 34-9] Applying IDT optimizations ...
INFO: [Pwropt 34-10] Applying ODC optimizations ...


Starting PowerOpt Patch Enables Task
INFO: [Pwropt 34-162] WRITE_MODE attribute of 0 BRAM(s) out of a total of 31 has been updated to save power. Run report_power_opt to get a complete listing of the BRAMs updated.
INFO: [Pwropt 34-201] Structural ODC has moved 16 WE to EN ports
Number of BRAM Ports augmented: 0 newly gated: 16 Total Ports: 62
Ending PowerOpt Patch Enables Task | Checksum: 17903f535

Time (s): cpu = 00:00:00.09 ; elapsed = 00:00:00.09 . Memory (MB): peak = 3095.738 ; gain = 0.000 ; free physical = 11511 ; free virtual = 27047
Ending Power Optimization Task | Checksum: 17903f535

Time (s): cpu = 00:00:05 ; elapsed = 00:00:03 . Memory (MB): peak = 3095.738 ; gain = 377.055 ; free physical = 11511 ; free virtual = 27047

Starting Final Cleanup Task
Ending Final Cleanup Task | Checksum: 17903f535

Time (s): cpu = 00:00:00 ; elapsed = 00:00:00 . Memory (MB): peak = 3095.738 ; gain = 0.000 ; free physical = 11511 ; free virtual = 27047

Starting Netlist Obfuscation Task
Netlist sorting complete. Time (s): cpu = 00:00:00 ; elapsed = 00:00:00 . Memory (MB): peak = 3095.738 ; gain = 0.000 ; free physical = 11511 ; free virtual = 27047
Ending Netlist Obfuscation Task | Checksum: 1b4f24a25

Time (s): cpu = 00:00:00 ; elapsed = 00:00:00 . Memory (MB): peak = 3095.738 ; gain = 0.000 ; free physical = 11511 ; free virtual = 27047
INFO: [Common 17-83] Releasing license: Implementation
23 Infos, 0 Warnings, 0 Critical Warnings and 0 Errors encountered.
opt_design completed successfully
opt_design: Time (s): cpu = 00:00:08 ; elapsed = 00:00:06 . Memory (MB): peak = 3095.738 ; gain = 724.684 ; free physical = 11511 ; free virtual = 27047
# place_design
Command: place_design
Attempting to get a license for feature 'Implementation' and/or device 'xc7z020'
INFO: [Common 17-349] Got license for feature 'Implementation' and/or device 'xc7z020'
INFO: [Common 17-83] Releasing license: Implementation
INFO: [DRC 23-27] Running DRC with 12 threads
INFO: [Vivado_Tcl 4-198] DRC finished with 0 Errors
INFO: [Vivado_Tcl 4-199] Please refer to the DRC report (report_drc) for more information.
Running DRC as a precondition to command place_design
INFO: [DRC 23-27] Running DRC with 12 threads
INFO: [Vivado_Tcl 4-198] DRC finished with 0 Errors
INFO: [Vivado_Tcl 4-199] Please refer to the DRC report (report_drc) for more information.
INFO: [Place 30-611] Multithreading enabled for place_design using a maximum of 12 CPUs

Starting Placer Task

Phase 1 Placer Initialization

Phase 1.1 Placer Initialization Netlist Sorting
Netlist sorting complete. Time (s): cpu = 00:00:00 ; elapsed = 00:00:00 . Memory (MB): peak = 3095.738 ; gain = 0.000 ; free physical = 11511 ; free virtual = 27047
Phase 1.1 Placer Initialization Netlist Sorting | Checksum: bd0108af

Time (s): cpu = 00:00:00 ; elapsed = 00:00:00 . Memory (MB): peak = 3095.738 ; gain = 0.000 ; free physical = 11511 ; free virtual = 27047
Netlist sorting complete. Time (s): cpu = 00:00:00 ; elapsed = 00:00:00 . Memory (MB): peak = 3095.738 ; gain = 0.000 ; free physical = 11511 ; free virtual = 27047

Phase 1.2 IO Placement/ Clock Placement/ Build Placer Device
INFO: [Timing 38-35] Done setting XDC timing constraints.
Phase 1.2 IO Placement/ Clock Placement/ Build Placer Device | Checksum: 2c0ad439

Time (s): cpu = 00:00:01 ; elapsed = 00:00:00.33 . Memory (MB): peak = 3095.738 ; gain = 0.000 ; free physical = 11511 ; free virtual = 27046

Phase 1.3 Build Placer Netlist Model
Phase 1.3 Build Placer Netlist Model | Checksum: e13b099f

Time (s): cpu = 00:00:04 ; elapsed = 00:00:01 . Memory (MB): peak = 3095.738 ; gain = 0.000 ; free physical = 11510 ; free virtual = 27046

Phase 1.4 Constrain Clocks/Macros
Phase 1.4 Constrain Clocks/Macros | Checksum: e13b099f

Time (s): cpu = 00:00:04 ; elapsed = 00:00:01 . Memory (MB): peak = 3095.738 ; gain = 0.000 ; free physical = 11510 ; free virtual = 27046
Phase 1 Placer Initialization | Checksum: e13b099f

Time (s): cpu = 00:00:04 ; elapsed = 00:00:01 . Memory (MB): peak = 3095.738 ; gain = 0.000 ; free physical = 11510 ; free virtual = 27046

Phase 2 Global Placement

Phase 2.1 Floorplanning
Phase 2.1 Floorplanning | Checksum: 5f163de2

Time (s): cpu = 00:00:05 ; elapsed = 00:00:01 . Memory (MB): peak = 3095.738 ; gain = 0.000 ; free physical = 11543 ; free virtual = 27079

Phase 2.2 Update Timing before SLR Path Opt
Phase 2.2 Update Timing before SLR Path Opt | Checksum: 1200c0c00

Time (s): cpu = 00:00:06 ; elapsed = 00:00:01 . Memory (MB): peak = 3095.738 ; gain = 0.000 ; free physical = 11533 ; free virtual = 27068

Phase 2.3 Post-Processing in Floorplanning
Phase 2.3 Post-Processing in Floorplanning | Checksum: 1200c0c00

Time (s): cpu = 00:00:06 ; elapsed = 00:00:01 . Memory (MB): peak = 3095.738 ; gain = 0.000 ; free physical = 11530 ; free virtual = 27066

Phase 2.4 Global Placement Core

Phase 2.4.1 UpdateTiming Before Physical Synthesis
Phase 2.4.1 UpdateTiming Before Physical Synthesis | Checksum: 10c1a6275

Time (s): cpu = 00:00:18 ; elapsed = 00:00:05 . Memory (MB): peak = 3095.738 ; gain = 0.000 ; free physical = 11552 ; free virtual = 27087

Phase 2.4.2 Physical Synthesis In Placer
INFO: [Physopt 32-1035] Found 0 LUTNM shape to break, 197 LUT instances to create LUTNM shape
INFO: [Physopt 32-1044] Break lutnm for timing: one critical 0, two critical 0, total 0, new lutff created 0
INFO: [Physopt 32-1138] End 1 Pass. Optimized 63 nets or LUTs. Breaked 0 LUT, combined 63 existing LUTs and moved 0 existing LUT
INFO: [Physopt 32-65] No nets found for high-fanout optimization.
INFO: [Physopt 32-232] Optimized 0 net. Created 0 new instance.
INFO: [Physopt 32-775] End 1 Pass. Optimized 0 net or cell. Created 0 new cell, deleted 0 existing cell and moved 0 existing cell
INFO: [Physopt 32-456] No candidate cells for DSP register optimization found in the design.
INFO: [Physopt 32-775] End 2 Pass. Optimized 0 net or cell. Created 0 new cell, deleted 0 existing cell and moved 0 existing cell
INFO: [Physopt 32-1123] No candidate cells found for Shift Register to Pipeline optimization
INFO: [Physopt 32-775] End 2 Pass. Optimized 0 net or cell. Created 0 new cell, deleted 0 existing cell and moved 0 existing cell
INFO: [Physopt 32-1401] No candidate cells found for Shift Register optimization.
INFO: [Physopt 32-677] No candidate cells for Shift Register optimization found in the design
INFO: [Physopt 32-775] End 1 Pass. Optimized 0 net or cell. Created 0 new cell, deleted 0 existing cell and moved 0 existing cell
INFO: [Physopt 32-526] No candidate cells for BRAM register optimization found in the design
INFO: [Physopt 32-775] End 1 Pass. Optimized 0 net or cell. Created 0 new cell, deleted 0 existing cell and moved 0 existing cell
INFO: [Physopt 32-846] No candidate cells for URAM register optimization found in the design
INFO: [Physopt 32-775] End 1 Pass. Optimized 0 net or cell. Created 0 new cell, deleted 0 existing cell and moved 0 existing cell
INFO: [Physopt 32-846] No candidate cells for URAM register optimization found in the design
INFO: [Physopt 32-775] End 1 Pass. Optimized 0 net or cell. Created 0 new cell, deleted 0 existing cell and moved 0 existing cell
INFO: [Physopt 32-949] No candidate nets found for dynamic/static region interface net replication
INFO: [Physopt 32-775] End 1 Pass. Optimized 0 net or cell. Created 0 new cell, deleted 0 existing cell and moved 0 existing cell
Netlist sorting complete. Time (s): cpu = 00:00:00 ; elapsed = 00:00:00 . Memory (MB): peak = 3095.738 ; gain = 0.000 ; free physical = 11552 ; free virtual = 27087

Summary of Physical Synthesis Optimizations
============================================


-----------------------------------------------------------------------------------------------------------------------------------------------------------
|  Optimization                                     |  Added Cells  |  Removed Cells  |  Optimized Cells/Nets  |  Dont Touch  |  Iterations  |  Elapsed   |
-----------------------------------------------------------------------------------------------------------------------------------------------------------
|  LUT Combining                                    |            0  |             63  |                    63  |           0  |           1  |  00:00:00  |
|  Retime                                           |            0  |              0  |                     0  |           0  |           1  |  00:00:00  |
|  Very High Fanout                                 |            0  |              0  |                     0  |           0  |           1  |  00:00:00  |
|  DSP Register                                     |            0  |              0  |                     0  |           0  |           1  |  00:00:00  |
|  Shift Register to Pipeline                       |            0  |              0  |                     0  |           0  |           1  |  00:00:00  |
|  Shift Register                                   |            0  |              0  |                     0  |           0  |           1  |  00:00:00  |
|  BRAM Register                                    |            0  |              0  |                     0  |           0  |           1  |  00:00:00  |
|  URAM Register                                    |            0  |              0  |                     0  |           0  |           1  |  00:00:00  |
|  Dynamic/Static Region Interface Net Replication  |            0  |              0  |                     0  |           0  |           1  |  00:00:00  |
|  Total                                            |            0  |             63  |                    63  |           0  |           9  |  00:00:00  |
-----------------------------------------------------------------------------------------------------------------------------------------------------------


Phase 2.4.2 Physical Synthesis In Placer | Checksum: 1b1cab29f

Time (s): cpu = 00:00:20 ; elapsed = 00:00:05 . Memory (MB): peak = 3095.738 ; gain = 0.000 ; free physical = 11552 ; free virtual = 27087
Phase 2.4 Global Placement Core | Checksum: 1787587b4

Time (s): cpu = 00:00:20 ; elapsed = 00:00:06 . Memory (MB): peak = 3095.738 ; gain = 0.000 ; free physical = 11551 ; free virtual = 27086
Phase 2 Global Placement | Checksum: 1787587b4

Time (s): cpu = 00:00:20 ; elapsed = 00:00:06 . Memory (MB): peak = 3095.738 ; gain = 0.000 ; free physical = 11551 ; free virtual = 27086

Phase 3 Detail Placement

Phase 3.1 Commit Multi Column Macros
Phase 3.1 Commit Multi Column Macros | Checksum: 1591c479c

Time (s): cpu = 00:00:21 ; elapsed = 00:00:06 . Memory (MB): peak = 3095.738 ; gain = 0.000 ; free physical = 11551 ; free virtual = 27087

Phase 3.2 Commit Most Macros & LUTRAMs
Phase 3.2 Commit Most Macros & LUTRAMs | Checksum: c266c721

Time (s): cpu = 00:00:23 ; elapsed = 00:00:06 . Memory (MB): peak = 3095.738 ; gain = 0.000 ; free physical = 11534 ; free virtual = 27070

Phase 3.3 Area Swap Optimization
Phase 3.3 Area Swap Optimization | Checksum: e0b15917

Time (s): cpu = 00:00:23 ; elapsed = 00:00:06 . Memory (MB): peak = 3095.738 ; gain = 0.000 ; free physical = 11534 ; free virtual = 27070

Phase 3.4 Pipeline Register Optimization
Phase 3.4 Pipeline Register Optimization | Checksum: eda7ead8

Time (s): cpu = 00:00:23 ; elapsed = 00:00:06 . Memory (MB): peak = 3095.738 ; gain = 0.000 ; free physical = 11534 ; free virtual = 27070

Phase 3.5 Fast Optimization
Phase 3.5 Fast Optimization | Checksum: 1757555cd

Time (s): cpu = 00:00:27 ; elapsed = 00:00:08 . Memory (MB): peak = 3095.738 ; gain = 0.000 ; free physical = 11552 ; free virtual = 27088

Phase 3.6 Small Shape Detail Placement
Phase 3.6 Small Shape Detail Placement | Checksum: 2086b8943

Time (s): cpu = 00:00:29 ; elapsed = 00:00:10 . Memory (MB): peak = 3095.738 ; gain = 0.000 ; free physical = 11535 ; free virtual = 27071

Phase 3.7 Re-assign LUT pins
Phase 3.7 Re-assign LUT pins | Checksum: 25dbd4256

Time (s): cpu = 00:00:29 ; elapsed = 00:00:10 . Memory (MB): peak = 3095.738 ; gain = 0.000 ; free physical = 11535 ; free virtual = 27071

Phase 3.8 Pipeline Register Optimization
Phase 3.8 Pipeline Register Optimization | Checksum: 1d6e713fc

Time (s): cpu = 00:00:29 ; elapsed = 00:00:10 . Memory (MB): peak = 3095.738 ; gain = 0.000 ; free physical = 11535 ; free virtual = 27071

Phase 3.9 Fast Optimization
Phase 3.9 Fast Optimization | Checksum: 17e264fac

Time (s): cpu = 00:00:34 ; elapsed = 00:00:13 . Memory (MB): peak = 3095.738 ; gain = 0.000 ; free physical = 11540 ; free virtual = 27076
Phase 3 Detail Placement | Checksum: 17e264fac

Time (s): cpu = 00:00:34 ; elapsed = 00:00:13 . Memory (MB): peak = 3095.738 ; gain = 0.000 ; free physical = 11540 ; free virtual = 27076

Phase 4 Post Placement Optimization and Clean-Up

Phase 4.1 Post Commit Optimization
INFO: [Timing 38-35] Done setting XDC timing constraints.

Phase 4.1.1 Post Placement Optimization
Post Placement Optimization Initialization | Checksum: 140fb8da7

Phase 4.1.1.1 BUFG Insertion

Starting Physical Synthesis Task

Phase 1 Physical Synthesis Initialization
INFO: [Physopt 32-721] Multithreading enabled for phys_opt_design using a maximum of 12 CPUs
INFO: [Physopt 32-619] Estimated Timing Summary | WNS=-0.886 | TNS=-99.713 |
Phase 1 Physical Synthesis Initialization | Checksum: 2149f68e2

Time (s): cpu = 00:00:00.9 ; elapsed = 00:00:00.23 . Memory (MB): peak = 3095.738 ; gain = 0.000 ; free physical = 11528 ; free virtual = 27064
INFO: [Place 46-56] BUFG insertion identified 0 candidate nets. Inserted BUFG: 0, Replicated BUFG Driver: 0, Skipped due to Placement/Routing Conflicts: 0, Skipped due to Timing Degradation: 0, Skipped due to netlist editing failed: 0.
Ending Physical Synthesis Task | Checksum: 2149f68e2

Time (s): cpu = 00:00:00.94 ; elapsed = 00:00:00.28 . Memory (MB): peak = 3095.738 ; gain = 0.000 ; free physical = 11528 ; free virtual = 27064
Phase 4.1.1.1 BUFG Insertion | Checksum: 140fb8da7

Time (s): cpu = 00:00:39 ; elapsed = 00:00:14 . Memory (MB): peak = 3095.738 ; gain = 0.000 ; free physical = 11528 ; free virtual = 27064

Phase 4.1.1.2 Post Placement Timing Optimization
INFO: [Place 30-746] Post Placement Timing Summary WNS=-0.030. For the most accurate timing information please run report_timing.
Phase 4.1.1.2 Post Placement Timing Optimization | Checksum: 19bda2294

Time (s): cpu = 00:00:54 ; elapsed = 00:00:24 . Memory (MB): peak = 3095.738 ; gain = 0.000 ; free physical = 11466 ; free virtual = 27002

Time (s): cpu = 00:00:54 ; elapsed = 00:00:24 . Memory (MB): peak = 3095.738 ; gain = 0.000 ; free physical = 11466 ; free virtual = 27002
Phase 4.1 Post Commit Optimization | Checksum: 19bda2294

Time (s): cpu = 00:00:54 ; elapsed = 00:00:24 . Memory (MB): peak = 3095.738 ; gain = 0.000 ; free physical = 11466 ; free virtual = 27002

Phase 4.2 Post Placement Cleanup
Phase 4.2 Post Placement Cleanup | Checksum: 19bda2294

Time (s): cpu = 00:00:54 ; elapsed = 00:00:24 . Memory (MB): peak = 3095.738 ; gain = 0.000 ; free physical = 11466 ; free virtual = 27002

Phase 4.3 Placer Reporting

Phase 4.3.1 Print Estimated Congestion
INFO: [Place 30-612] Post-Placement Estimated Congestion 
 ____________________________________________________
|           | Global Congestion | Short Congestion  |
| Direction | Region Size       | Region Size       |
|___________|___________________|___________________|
|      North|                1x1|                2x2|
|___________|___________________|___________________|
|      South|                1x1|                4x4|
|___________|___________________|___________________|
|       East|                2x2|                4x4|
|___________|___________________|___________________|
|       West|                1x1|                2x2|
|___________|___________________|___________________|

Phase 4.3.1 Print Estimated Congestion | Checksum: 19bda2294

Time (s): cpu = 00:00:54 ; elapsed = 00:00:24 . Memory (MB): peak = 3095.738 ; gain = 0.000 ; free physical = 11466 ; free virtual = 27002
Phase 4.3 Placer Reporting | Checksum: 19bda2294

Time (s): cpu = 00:00:54 ; elapsed = 00:00:24 . Memory (MB): peak = 3095.738 ; gain = 0.000 ; free physical = 11466 ; free virtual = 27002

Phase 4.4 Final Placement Cleanup
Netlist sorting complete. Time (s): cpu = 00:00:00 ; elapsed = 00:00:00 . Memory (MB): peak = 3095.738 ; gain = 0.000 ; free physical = 11466 ; free virtual = 27002

Time (s): cpu = 00:00:54 ; elapsed = 00:00:24 . Memory (MB): peak = 3095.738 ; gain = 0.000 ; free physical = 11466 ; free virtual = 27002
Phase 4 Post Placement Optimization and Clean-Up | Checksum: 1deb9dbcc

Time (s): cpu = 00:00:54 ; elapsed = 00:00:24 . Memory (MB): peak = 3095.738 ; gain = 0.000 ; free physical = 11466 ; free virtual = 27002
Ending Placer Task | Checksum: 180365827

Time (s): cpu = 00:00:54 ; elapsed = 00:00:24 . Memory (MB): peak = 3095.738 ; gain = 0.000 ; free physical = 11466 ; free virtual = 27002
37 Infos, 0 Warnings, 0 Critical Warnings and 0 Errors encountered.
place_design completed successfully
place_design: Time (s): cpu = 00:00:56 ; elapsed = 00:00:25 . Memory (MB): peak = 3095.738 ; gain = 0.000 ; free physical = 11466 ; free virtual = 27002
# phys_opt_design -directive AggressiveFanoutOpt
Command: phys_opt_design -directive AggressiveFanoutOpt
Attempting to get a license for feature 'Implementation' and/or device 'xc7z020'
INFO: [Common 17-349] Got license for feature 'Implementation' and/or device 'xc7z020'
INFO: [Vivado_Tcl 4-137] Directive used for phys_opt_design is: AggressiveFanoutOpt

Starting Initial Update Timing Task

Time (s): cpu = 00:00:03 ; elapsed = 00:00:00.59 . Memory (MB): peak = 3095.738 ; gain = 0.000 ; free physical = 11467 ; free virtual = 27003
INFO: [Vivado_Tcl 4-1435] PhysOpt_Tcl_Interface Runtime Before Starting Physical Synthesis Task | CPU: 3.14s |  WALL: 0.62s
Netlist sorting complete. Time (s): cpu = 00:00:00 ; elapsed = 00:00:00 . Memory (MB): peak = 3095.738 ; gain = 0.000 ; free physical = 11467 ; free virtual = 27003

Starting Physical Synthesis Task

Phase 1 Physical Synthesis Initialization
INFO: [Physopt 32-721] Multithreading enabled for phys_opt_design using a maximum of 12 CPUs
INFO: [Physopt 32-619] Estimated Timing Summary | WNS=-0.030 | TNS=-0.030 |
Phase 1 Physical Synthesis Initialization | Checksum: 1bdba8f6c

Time (s): cpu = 00:00:01 ; elapsed = 00:00:00.45 . Memory (MB): peak = 3095.738 ; gain = 0.000 ; free physical = 11466 ; free virtual = 27002
INFO: [Physopt 32-619] Estimated Timing Summary | WNS=-0.030 | TNS=-0.030 |

Phase 2 DSP Register Optimization
INFO: [Physopt 32-456] No candidate cells for DSP register optimization found in the design.
INFO: [Physopt 32-775] End 2 Pass. Optimized 0 net or cell. Created 0 new cell, deleted 0 existing cell and moved 0 existing cell
Phase 2 DSP Register Optimization | Checksum: 1bdba8f6c

Time (s): cpu = 00:00:02 ; elapsed = 00:00:00.49 . Memory (MB): peak = 3095.738 ; gain = 0.000 ; free physical = 11466 ; free virtual = 27002

Phase 3 Critical Path Optimization
INFO: [Physopt 32-619] Estimated Timing Summary | WNS=-0.030 | TNS=-0.030 |
INFO: [Physopt 32-702] Processed net CPU/PC_reg_n_0_[31]. Optimizations did not improve timing on the net.
INFO: [Physopt 32-702] Processed net CPU/RF/regs_reg[31]_30[1]. Optimizations did not improve timing on the net.
INFO: [Physopt 32-702] Processed net CPU/BP/F_PCplus4[31]. Optimizations did not improve timing on the net.
INFO: [Physopt 32-702] Processed net CPU/BP/PC_reg[28]_i_2_n_0. Optimizations did not improve timing on the net.
INFO: [Physopt 32-702] Processed net CPU/BP/PC_reg[24]_i_2_n_0. Optimizations did not improve timing on the net.
INFO: [Physopt 32-702] Processed net CPU/BP/PC_reg[20]_i_2_n_0. Optimizations did not improve timing on the net.
INFO: [Physopt 32-702] Processed net CPU/BP/PC_reg[16]_i_2_n_0. Optimizations did not improve timing on the net.
INFO: [Physopt 32-702] Processed net CPU/BP/PC_reg[12]_i_2_n_0. Optimizations did not improve timing on the net.
INFO: [Physopt 32-702] Processed net CPU/BP/PC_reg[8]_i_2_n_0. Optimizations did not improve timing on the net.
INFO: [Physopt 32-702] Processed net CPU/BP/PC_reg[4]_i_2_n_0. Optimizations did not improve timing on the net.
INFO: [Physopt 32-702] Processed net CPU/RF/DI[0]. Optimizations did not improve timing on the net.
INFO: [Physopt 32-702] Processed net CPU/RF/DE_predictBranch_reg. Optimizations did not improve timing on the net.
INFO: [Physopt 32-608] Optimized 1 net.  Swapped 19 pins.
INFO: [Physopt 32-735] Processed net CPU/RF/branch_history[8]_i_3_n_0. Optimization improves timing on the net.
INFO: [Physopt 32-619] Estimated Timing Summary | WNS=0.012 | TNS=0.000 |
INFO: [Physopt 32-619] Estimated Timing Summary | WNS=0.012 | TNS=0.000 |
Netlist sorting complete. Time (s): cpu = 00:00:00.01 ; elapsed = 00:00:00.01 . Memory (MB): peak = 3095.738 ; gain = 0.000 ; free physical = 11482 ; free virtual = 27018
Phase 3 Critical Path Optimization | Checksum: 1bdba8f6c

Time (s): cpu = 00:00:07 ; elapsed = 00:00:02 . Memory (MB): peak = 3095.738 ; gain = 0.000 ; free physical = 11482 ; free virtual = 27018

Phase 4 Critical Path Optimization
INFO: [Physopt 32-619] Estimated Timing Summary | WNS=0.012 | TNS=0.000 |
INFO: [Physopt 32-619] Estimated Timing Summary | WNS=0.012 | TNS=0.000 |
Netlist sorting complete. Time (s): cpu = 00:00:00 ; elapsed = 00:00:00 . Memory (MB): peak = 3095.738 ; gain = 0.000 ; free physical = 11482 ; free virtual = 27018
Phase 4 Critical Path Optimization | Checksum: 1bdba8f6c

Time (s): cpu = 00:00:07 ; elapsed = 00:00:02 . Memory (MB): peak = 3095.738 ; gain = 0.000 ; free physical = 11482 ; free virtual = 27018
Netlist sorting complete. Time (s): cpu = 00:00:00 ; elapsed = 00:00:00 . Memory (MB): peak = 3095.738 ; gain = 0.000 ; free physical = 11482 ; free virtual = 27018
INFO: [Physopt 32-603] Post Physical Optimization Timing Summary | WNS=0.012 | TNS=0.000 |

Summary of Physical Synthesis Optimizations
============================================


-------------------------------------------------------------------------------------------------------------------------------------------------------------
|  Optimization   |  WNS Gain (ns)  |  TNS Gain (ns)  |  Added Cells  |  Removed Cells  |  Optimized Cells/Nets  |  Dont Touch  |  Iterations  |  Elapsed   |
-------------------------------------------------------------------------------------------------------------------------------------------------------------
|  DSP Register   |          0.000  |          0.000  |            0  |              0  |                     0  |           0  |           1  |  00:00:00  |
|  Critical Path  |          0.042  |          0.030  |            0  |              0  |                     1  |           0  |           2  |  00:00:01  |
|  Total          |          0.042  |          0.030  |            0  |              0  |                     1  |           0  |           3  |  00:00:01  |
-------------------------------------------------------------------------------------------------------------------------------------------------------------


Netlist sorting complete. Time (s): cpu = 00:00:00 ; elapsed = 00:00:00 . Memory (MB): peak = 3095.738 ; gain = 0.000 ; free physical = 11482 ; free virtual = 27018
Ending Physical Synthesis Task | Checksum: 19017e368

Time (s): cpu = 00:00:07 ; elapsed = 00:00:02 . Memory (MB): peak = 3095.738 ; gain = 0.000 ; free physical = 11482 ; free virtual = 27018
INFO: [Common 17-83] Releasing license: Implementation
29 Infos, 0 Warnings, 0 Critical Warnings and 0 Errors encountered.
phys_opt_design completed successfully
# route_design -directive Explore
Command: route_design -directive Explore
Attempting to get a license for feature 'Implementation' and/or device 'xc7z020'
INFO: [Common 17-349] Got license for feature 'Implementation' and/or device 'xc7z020'
Running DRC as a precondition to command route_design
INFO: [DRC 23-27] Running DRC with 12 threads
INFO: [Vivado_Tcl 4-198] DRC finished with 0 Errors
INFO: [Vivado_Tcl 4-199] Please refer to the DRC report (report_drc) for more information.


Starting Routing Task
INFO: [Route 35-270] Using Router directive 'Explore'.
INFO: [Route 35-254] Multithreading enabled for route_design using a maximum of 12 CPUs

Phase 1 Build RT Design
Checksum: PlaceDB: 9592a374 ConstDB: 0 ShapeSum: 293fe7e RouteDB: 0
Post Restoration Checksum: NetGraph: 3232de65 | NumContArr: 3979f143 | Constraints: c2a8fa9d | Timing: c2a8fa9d
Phase 1 Build RT Design | Checksum: 1f0fec4e2

Time (s): cpu = 00:00:22 ; elapsed = 00:00:17 . Memory (MB): peak = 3178.816 ; gain = 0.000 ; free physical = 11456 ; free virtual = 26991

Phase 2 Router Initialization

Phase 2.1 Fix Topology Constraints
Phase 2.1 Fix Topology Constraints | Checksum: 1f0fec4e2

Time (s): cpu = 00:00:22 ; elapsed = 00:00:17 . Memory (MB): peak = 3178.816 ; gain = 0.000 ; free physical = 11456 ; free virtual = 26991

Phase 2.2 Pre Route Cleanup
Phase 2.2 Pre Route Cleanup | Checksum: 1f0fec4e2

Time (s): cpu = 00:00:22 ; elapsed = 00:00:17 . Memory (MB): peak = 3178.816 ; gain = 0.000 ; free physical = 11456 ; free virtual = 26991
 Number of Nodes with overlaps = 0

Phase 2.3 Update Timing
Phase 2.3 Update Timing | Checksum: 1e2479136

Time (s): cpu = 00:00:26 ; elapsed = 00:00:19 . Memory (MB): peak = 3178.816 ; gain = 0.000 ; free physical = 11423 ; free virtual = 26959
INFO: [Route 35-416] Intermediate Timing Summary | WNS=0.184  | TNS=0.000  | WHS=-0.208 | THS=-95.428|


Router Utilization Summary
  Global Vertical Routing Utilization    = 0 %
  Global Horizontal Routing Utilization  = 0 %
  Routable Net Status*
  *Does not include unroutable nets such as driverless and loadless.
  Run report_route_status for detailed report.
  Number of Failed Nets               = 4352
    (Failed Nets is the sum of unrouted and partially routed nets)
  Number of Unrouted Nets             = 4352
  Number of Partially Routed Nets     = 0
  Number of Node Overlaps             = 0

Phase 2 Router Initialization | Checksum: 21a93eb31

Time (s): cpu = 00:00:29 ; elapsed = 00:00:19 . Memory (MB): peak = 3178.816 ; gain = 0.000 ; free physical = 11416 ; free virtual = 26952

Phase 3 Initial Routing

Phase 3.1 Global Routing
Phase 3.1 Global Routing | Checksum: 21a93eb31

Time (s): cpu = 00:00:29 ; elapsed = 00:00:19 . Memory (MB): peak = 3178.816 ; gain = 0.000 ; free physical = 11416 ; free virtual = 26952

Phase 3.2 Initial Net Routing
Phase 3.2 Initial Net Routing | Checksum: 1d08b06dc

Time (s): cpu = 00:00:36 ; elapsed = 00:00:21 . Memory (MB): peak = 3203.051 ; gain = 24.234 ; free physical = 11343 ; free virtual = 26879
Phase 3 Initial Routing | Checksum: 1d08b06dc

Time (s): cpu = 00:00:36 ; elapsed = 00:00:21 . Memory (MB): peak = 3203.051 ; gain = 24.234 ; free physical = 11343 ; free virtual = 26879
INFO: [Route 35-580] Design has 1 pins with tight setup and hold constraints.

The top 5 pins with tight setup and hold constraints:

+====================+===================+==================+
| Launch Setup Clock | Launch Hold Clock | Pin              |
+====================+===================+==================+
| soc_clk            | soc_clk           | CPU/FD_nop_reg/D |
+--------------------+-------------------+------------------+

File with complete list of pins: tight_setup_hold_pins.txt


Phase 4 Rip-up And Reroute

Phase 4.1 Global Iteration 0
 Number of Nodes with overlaps = 1878
 Number of Nodes with overlaps = 1088
 Number of Nodes with overlaps = 631
 Number of Nodes with overlaps = 307
 Number of Nodes with overlaps = 173
 Number of Nodes with overlaps = 73
 Number of Nodes with overlaps = 23
 Number of Nodes with overlaps = 8
 Number of Nodes with overlaps = 4
 Number of Nodes with overlaps = 1
 Number of Nodes with overlaps = 2
 Number of Nodes with overlaps = 0
INFO: [Route 35-416] Intermediate Timing Summary | WNS=-0.759 | TNS=-86.341| WHS=N/A    | THS=N/A    |

Phase 4.1 Global Iteration 0 | Checksum: 2b55a5524

Time (s): cpu = 00:01:27 ; elapsed = 00:00:37 . Memory (MB): peak = 3203.051 ; gain = 24.234 ; free physical = 11358 ; free virtual = 26893

Phase 4.2 Global Iteration 1
 Number of Nodes with overlaps = 487
 Number of Nodes with overlaps = 241
 Number of Nodes with overlaps = 207
 Number of Nodes with overlaps = 117
 Number of Nodes with overlaps = 66
 Number of Nodes with overlaps = 20
 Number of Nodes with overlaps = 8
 Number of Nodes with overlaps = 3
 Number of Nodes with overlaps = 0
INFO: [Route 35-416] Intermediate Timing Summary | WNS=-0.854 | TNS=-100.770| WHS=N/A    | THS=N/A    |

Phase 4.2 Global Iteration 1 | Checksum: 24067a722

Time (s): cpu = 00:01:49 ; elapsed = 00:00:46 . Memory (MB): peak = 3203.051 ; gain = 24.234 ; free physical = 11364 ; free virtual = 26899
Phase 4 Rip-up And Reroute | Checksum: 24067a722

Time (s): cpu = 00:01:49 ; elapsed = 00:00:46 . Memory (MB): peak = 3203.051 ; gain = 24.234 ; free physical = 11364 ; free virtual = 26899

Phase 5 Delay and Skew Optimization

Phase 5.1 Delay CleanUp

Phase 5.1.1 Update Timing
Phase 5.1.1 Update Timing | Checksum: 2655b490b

Time (s): cpu = 00:01:50 ; elapsed = 00:00:46 . Memory (MB): peak = 3203.051 ; gain = 24.234 ; free physical = 11354 ; free virtual = 26890
INFO: [Route 35-416] Intermediate Timing Summary | WNS=-0.662 | TNS=-55.235| WHS=N/A    | THS=N/A    |

 Number of Nodes with overlaps = 0
Phase 5.1 Delay CleanUp | Checksum: 3164bf601

Time (s): cpu = 00:01:51 ; elapsed = 00:00:47 . Memory (MB): peak = 3203.051 ; gain = 24.234 ; free physical = 11360 ; free virtual = 26895

Phase 5.2 Clock Skew Optimization
Phase 5.2 Clock Skew Optimization | Checksum: 3164bf601

Time (s): cpu = 00:01:52 ; elapsed = 00:00:47 . Memory (MB): peak = 3203.051 ; gain = 24.234 ; free physical = 11360 ; free virtual = 26895
Phase 5 Delay and Skew Optimization | Checksum: 3164bf601

Time (s): cpu = 00:01:52 ; elapsed = 00:00:47 . Memory (MB): peak = 3203.051 ; gain = 24.234 ; free physical = 11360 ; free virtual = 26895

Phase 6 Post Hold Fix

Phase 6.1 Hold Fix Iter

Phase 6.1.1 Update Timing
Phase 6.1.1 Update Timing | Checksum: 24bfbb7d2

Time (s): cpu = 00:01:53 ; elapsed = 00:00:47 . Memory (MB): peak = 3203.051 ; gain = 24.234 ; free physical = 11359 ; free virtual = 26895
INFO: [Route 35-416] Intermediate Timing Summary | WNS=-0.614 | TNS=-43.461| WHS=0.100  | THS=0.000  |

Phase 6.1 Hold Fix Iter | Checksum: 24bfbb7d2

Time (s): cpu = 00:01:53 ; elapsed = 00:00:47 . Memory (MB): peak = 3203.051 ; gain = 24.234 ; free physical = 11359 ; free virtual = 26895
Phase 6 Post Hold Fix | Checksum: 24bfbb7d2

Time (s): cpu = 00:01:53 ; elapsed = 00:00:47 . Memory (MB): peak = 3203.051 ; gain = 24.234 ; free physical = 11359 ; free virtual = 26895

Phase 7 Timing Verification

Phase 7.1 Update Timing
Phase 7.1 Update Timing | Checksum: 2eaaa71b7

Time (s): cpu = 00:01:54 ; elapsed = 00:00:47 . Memory (MB): peak = 3203.051 ; gain = 24.234 ; free physical = 11359 ; free virtual = 26895
INFO: [Route 35-416] Intermediate Timing Summary | WNS=-0.614 | TNS=-43.461| WHS=N/A    | THS=N/A    |

Phase 7 Timing Verification | Checksum: 2eaaa71b7

Time (s): cpu = 00:01:54 ; elapsed = 00:00:47 . Memory (MB): peak = 3203.051 ; gain = 24.234 ; free physical = 11359 ; free virtual = 26895

Phase 8 Route finalize

Router Utilization Summary
  Global Vertical Routing Utilization    = 1.69592 %
  Global Horizontal Routing Utilization  = 2.35091 %
  Routable Net Status*
  *Does not include unroutable nets such as driverless and loadless.
  Run report_route_status for detailed report.
  Number of Failed Nets               = 0
    (Failed Nets is the sum of unrouted and partially routed nets)
  Number of Unrouted Nets             = 0
  Number of Partially Routed Nets     = 0
  Number of Node Overlaps             = 0


--GLOBAL Congestion:
Utilization threshold used for congestion level computation: 0.85
Congestion Report
North Dir 1x1 Area, Max Cong = 60.3604%, No Congested Regions.
South Dir 1x1 Area, Max Cong = 64.8649%, No Congested Regions.
East Dir 1x1 Area, Max Cong = 89.7059%, Congestion bounded by tiles (Lower Left Tile -> Upper Right Tile):
   INT_R_X19Y33 -> INT_R_X19Y33
   INT_L_X20Y32 -> INT_L_X20Y32
   INT_L_X20Y31 -> INT_L_X20Y31
West Dir 1x1 Area, Max Cong = 79.4118%, No Congested Regions.

------------------------------
Reporting congestion hotspots
------------------------------
Direction: North
----------------
Congested clusters found at Level 0
Effective congestion level: 0 Aspect Ratio: 1 Sparse Ratio: 0
Direction: South
----------------
Congested clusters found at Level 0
Effective congestion level: 0 Aspect Ratio: 1 Sparse Ratio: 0
Direction: East
----------------
Congested clusters found at Level 0
Effective congestion level: 1 Aspect Ratio: 0.5 Sparse Ratio: 0.5
Direction: West
----------------
Congested clusters found at Level 0
Effective congestion level: 0 Aspect Ratio: 1 Sparse Ratio: 0

Phase 8 Route finalize | Checksum: 2eaaa71b7

Time (s): cpu = 00:01:55 ; elapsed = 00:00:47 . Memory (MB): peak = 3203.051 ; gain = 24.234 ; free physical = 11359 ; free virtual = 26895

Phase 9 Verifying routed nets

 Verification completed successfully
Phase 9 Verifying routed nets | Checksum: 2eaaa71b7

Time (s): cpu = 00:01:55 ; elapsed = 00:00:47 . Memory (MB): peak = 3203.051 ; gain = 24.234 ; free physical = 11359 ; free virtual = 26895

Phase 10 Depositing Routes
Phase 10 Depositing Routes | Checksum: 29f83c558

Time (s): cpu = 00:01:55 ; elapsed = 00:00:48 . Memory (MB): peak = 3203.051 ; gain = 24.234 ; free physical = 11363 ; free virtual = 26898

Phase 11 Incr Placement Change
Netlist sorting complete. Time (s): cpu = 00:00:00 ; elapsed = 00:00:00 . Memory (MB): peak = 3203.051 ; gain = 0.000 ; free physical = 11363 ; free virtual = 26898
INFO: [Place 30-746] Post Placement Timing Summary WNS=-0.311. For the most accurate timing information please run report_timing.
Ending IncrPlace Task | Checksum: 10ec16302

Time (s): cpu = 00:00:22 ; elapsed = 00:00:17 . Memory (MB): peak = 3203.051 ; gain = 0.000 ; free physical = 11353 ; free virtual = 26888
Phase 11 Incr Placement Change | Checksum: 10ec16302

Time (s): cpu = 00:02:17 ; elapsed = 00:01:05 . Memory (MB): peak = 3203.051 ; gain = 24.234 ; free physical = 11353 ; free virtual = 26888

Phase 12 Build RT Design
Checksum: PlaceDB: 29a06a39 ConstDB: 0 ShapeSum: 8a0f883b RouteDB: 5b11708e
Post Restoration Checksum: NetGraph: ca9e171c | NumContArr: 77a9541a | Constraints: c2a8fa9d | Timing: c2a8fa9d
Phase 12 Build RT Design | Checksum: 2c7996070

Time (s): cpu = 00:02:20 ; elapsed = 00:01:06 . Memory (MB): peak = 3203.051 ; gain = 24.234 ; free physical = 11352 ; free virtual = 26888

Phase 13 Router Initialization

Phase 13.1 Fix Topology Constraints
Phase 13.1 Fix Topology Constraints | Checksum: 2c7996070

Time (s): cpu = 00:02:20 ; elapsed = 00:01:06 . Memory (MB): peak = 3203.051 ; gain = 24.234 ; free physical = 11352 ; free virtual = 26888

Phase 13.2 Pre Route Cleanup
Phase 13.2 Pre Route Cleanup | Checksum: 245ad4137

Time (s): cpu = 00:02:20 ; elapsed = 00:01:06 . Memory (MB): peak = 3203.051 ; gain = 24.234 ; free physical = 11352 ; free virtual = 26888
 Number of Nodes with overlaps = 0

Phase 13.3 Update Timing
Phase 13.3 Update Timing | Checksum: 2201f6691

Time (s): cpu = 00:02:25 ; elapsed = 00:01:07 . Memory (MB): peak = 3203.051 ; gain = 24.234 ; free physical = 11360 ; free virtual = 26896
INFO: [Route 35-416] Intermediate Timing Summary | WNS=-0.258 | TNS=-3.265 | WHS=-0.208 | THS=-95.001|


Router Utilization Summary
  Global Vertical Routing Utilization    = 1.62939 %
  Global Horizontal Routing Utilization  = 2.28465 %
  Routable Net Status*
  *Does not include unroutable nets such as driverless and loadless.
  Run report_route_status for detailed report.
  Number of Failed Nets               = 419
    (Failed Nets is the sum of unrouted and partially routed nets)
  Number of Unrouted Nets             = 82
  Number of Partially Routed Nets     = 337
  Number of Node Overlaps             = 0

Phase 13 Router Initialization | Checksum: 1b8e1fc6c

Time (s): cpu = 00:02:28 ; elapsed = 00:01:07 . Memory (MB): peak = 3203.051 ; gain = 24.234 ; free physical = 11360 ; free virtual = 26896

Phase 14 Initial Routing

Phase 14.1 Global Routing
Phase 14.1 Global Routing | Checksum: 1b8e1fc6c

Time (s): cpu = 00:02:28 ; elapsed = 00:01:08 . Memory (MB): peak = 3203.051 ; gain = 24.234 ; free physical = 11360 ; free virtual = 26896

Phase 14.2 Initial Net Routing
Phase 14.2 Initial Net Routing | Checksum: 183fbc8da

Time (s): cpu = 00:02:30 ; elapsed = 00:01:09 . Memory (MB): peak = 3203.051 ; gain = 24.234 ; free physical = 11360 ; free virtual = 26896
Phase 14 Initial Routing | Checksum: 183fbc8da

Time (s): cpu = 00:02:30 ; elapsed = 00:01:09 . Memory (MB): peak = 3203.051 ; gain = 24.234 ; free physical = 11360 ; free virtual = 26896
INFO: [Route 35-580] Design has 2 pins with tight setup and hold constraints.

The top 5 pins with tight setup and hold constraints:

+====================+===================+====================+
| Launch Setup Clock | Launch Hold Clock | Pin                |
+====================+===================+====================+
| soc_clk            | soc_clk           | CPU/FD_nop_reg/D   |
| soc_clk            | soc_clk           | CPU/FB_valid_reg/D |
+--------------------+-------------------+--------------------+

File with complete list of pins: tight_setup_hold_pins.txt


Phase 15 Rip-up And Reroute

Phase 15.1 Global Iteration 0
 Number of Nodes with overlaps = 693
 Number of Nodes with overlaps = 394
 Number of Nodes with overlaps = 242
 Number of Nodes with overlaps = 116
 Number of Nodes with overlaps = 111
 Number of Nodes with overlaps = 64
 Number of Nodes with overlaps = 36
 Number of Nodes with overlaps = 31
 Number of Nodes with overlaps = 17
 Number of Nodes with overlaps = 12
 Number of Nodes with overlaps = 8
 Number of Nodes with overlaps = 2
 Number of Nodes with overlaps = 0
INFO: [Route 35-416] Intermediate Timing Summary | WNS=-0.623 | TNS=-51.571| WHS=N/A    | THS=N/A    |

Phase 15.1 Global Iteration 0 | Checksum: 2c2254f50

Time (s): cpu = 00:02:56 ; elapsed = 00:01:22 . Memory (MB): peak = 3203.051 ; gain = 24.234 ; free physical = 11357 ; free virtual = 26893

Phase 15.2 Global Iteration 1
 Number of Nodes with overlaps = 779
 Number of Nodes with overlaps = 584
 Number of Nodes with overlaps = 367
 Number of Nodes with overlaps = 206
 Number of Nodes with overlaps = 123
 Number of Nodes with overlaps = 65
 Number of Nodes with overlaps = 37
 Number of Nodes with overlaps = 15
 Number of Nodes with overlaps = 11
 Number of Nodes with overlaps = 2
 Number of Nodes with overlaps = 0
INFO: [Route 35-416] Intermediate Timing Summary | WNS=-0.919 | TNS=-136.503| WHS=N/A    | THS=N/A    |

Phase 15.2 Global Iteration 1 | Checksum: 2a90adaa2

Time (s): cpu = 00:03:30 ; elapsed = 00:01:35 . Memory (MB): peak = 3203.051 ; gain = 24.234 ; free physical = 11356 ; free virtual = 26892
Phase 15 Rip-up And Reroute | Checksum: 2a90adaa2

Time (s): cpu = 00:03:30 ; elapsed = 00:01:35 . Memory (MB): peak = 3203.051 ; gain = 24.234 ; free physical = 11356 ; free virtual = 26892

Phase 16 Delay and Skew Optimization

Phase 16.1 Delay CleanUp

Phase 16.1.1 Update Timing
Phase 16.1.1 Update Timing | Checksum: 2521f29d5

Time (s): cpu = 00:03:31 ; elapsed = 00:01:35 . Memory (MB): peak = 3203.051 ; gain = 24.234 ; free physical = 11355 ; free virtual = 26891
INFO: [Route 35-416] Intermediate Timing Summary | WNS=-0.493 | TNS=-30.467| WHS=N/A    | THS=N/A    |

 Number of Nodes with overlaps = 0
Phase 16.1 Delay CleanUp | Checksum: 171b26173

Time (s): cpu = 00:03:33 ; elapsed = 00:01:35 . Memory (MB): peak = 3203.051 ; gain = 24.234 ; free physical = 11355 ; free virtual = 26891

Phase 16.2 Clock Skew Optimization
Phase 16.2 Clock Skew Optimization | Checksum: 171b26173

Time (s): cpu = 00:03:33 ; elapsed = 00:01:35 . Memory (MB): peak = 3203.051 ; gain = 24.234 ; free physical = 11355 ; free virtual = 26891
Phase 16 Delay and Skew Optimization | Checksum: 171b26173

Time (s): cpu = 00:03:33 ; elapsed = 00:01:35 . Memory (MB): peak = 3203.051 ; gain = 24.234 ; free physical = 11355 ; free virtual = 26891

Phase 17 Post Hold Fix

Phase 17.1 Hold Fix Iter

Phase 17.1.1 Update Timing
Phase 17.1.1 Update Timing | Checksum: 242b44ab5

Time (s): cpu = 00:03:34 ; elapsed = 00:01:36 . Memory (MB): peak = 3203.051 ; gain = 24.234 ; free physical = 11355 ; free virtual = 26891
INFO: [Route 35-416] Intermediate Timing Summary | WNS=-0.442 | TNS=-21.368| WHS=0.100  | THS=0.000  |

Phase 17.1 Hold Fix Iter | Checksum: 242b44ab5

Time (s): cpu = 00:03:34 ; elapsed = 00:01:36 . Memory (MB): peak = 3203.051 ; gain = 24.234 ; free physical = 11355 ; free virtual = 26891
Phase 17 Post Hold Fix | Checksum: 242b44ab5

Time (s): cpu = 00:03:34 ; elapsed = 00:01:36 . Memory (MB): peak = 3203.051 ; gain = 24.234 ; free physical = 11355 ; free virtual = 26891

Phase 18 Timing Verification

Phase 18.1 Update Timing
Phase 18.1 Update Timing | Checksum: 242b44ab5

Time (s): cpu = 00:03:36 ; elapsed = 00:01:36 . Memory (MB): peak = 3203.051 ; gain = 24.234 ; free physical = 11353 ; free virtual = 26889
INFO: [Route 35-416] Intermediate Timing Summary | WNS=-0.442 | TNS=-21.368| WHS=N/A    | THS=N/A    |

Phase 18 Timing Verification | Checksum: 242b44ab5

Time (s): cpu = 00:03:36 ; elapsed = 00:01:36 . Memory (MB): peak = 3203.051 ; gain = 24.234 ; free physical = 11352 ; free virtual = 26888

Phase 19 Route finalize

Router Utilization Summary
  Global Vertical Routing Utilization    = 1.69028 %
  Global Horizontal Routing Utilization  = 2.3499 %
  Routable Net Status*
  *Does not include unroutable nets such as driverless and loadless.
  Run report_route_status for detailed report.
  Number of Failed Nets               = 0
    (Failed Nets is the sum of unrouted and partially routed nets)
  Number of Unrouted Nets             = 0
  Number of Partially Routed Nets     = 0
  Number of Node Overlaps             = 0


--GLOBAL Congestion:
Utilization threshold used for congestion level computation: 0.85
Congestion Report
North Dir 1x1 Area, Max Cong = 69.3694%, No Congested Regions.
South Dir 1x1 Area, Max Cong = 63.964%, No Congested Regions.
East Dir 1x1 Area, Max Cong = 94.1176%, Congestion bounded by tiles (Lower Left Tile -> Upper Right Tile):
   INT_R_X19Y33 -> INT_R_X19Y33
   INT_L_X20Y32 -> INT_L_X20Y32
   INT_L_X20Y31 -> INT_L_X20Y31
   INT_L_X18Y29 -> INT_L_X18Y29
West Dir 1x1 Area, Max Cong = 76.4706%, No Congested Regions.

------------------------------
Reporting congestion hotspots
------------------------------
Direction: North
----------------
Congested clusters found at Level 0
Effective congestion level: 0 Aspect Ratio: 1 Sparse Ratio: 0
Direction: South
----------------
Congested clusters found at Level 0
Effective congestion level: 0 Aspect Ratio: 1 Sparse Ratio: 0
Direction: East
----------------
Congested clusters found at Level 0
Effective congestion level: 1 Aspect Ratio: 0.5 Sparse Ratio: 0.5
Direction: West
----------------
Congested clusters found at Level 0
Effective congestion level: 0 Aspect Ratio: 1 Sparse Ratio: 0

Phase 19 Route finalize | Checksum: 242b44ab5

Time (s): cpu = 00:03:36 ; elapsed = 00:01:36 . Memory (MB): peak = 3203.051 ; gain = 24.234 ; free physical = 11351 ; free virtual = 26887

Phase 20 Verifying routed nets

 Verification completed successfully
Phase 20 Verifying routed nets | Checksum: 242b44ab5

Time (s): cpu = 00:03:36 ; elapsed = 00:01:36 . Memory (MB): peak = 3203.051 ; gain = 24.234 ; free physical = 11349 ; free virtual = 26885

Phase 21 Depositing Routes
Phase 21 Depositing Routes | Checksum: 2371d4f02

Time (s): cpu = 00:03:37 ; elapsed = 00:01:36 . Memory (MB): peak = 3203.051 ; gain = 24.234 ; free physical = 11353 ; free virtual = 26888

Phase 22 Post Router Timing
INFO: [Route 35-20] Post Routing Timing Summary | WNS=-0.445 | TNS=-21.684| WHS=0.100  | THS=0.000  |

Phase 22 Post Router Timing | Checksum: 1d9c5af56

Time (s): cpu = 00:03:40 ; elapsed = 00:01:37 . Memory (MB): peak = 3203.051 ; gain = 24.234 ; free physical = 11352 ; free virtual = 26888
CRITICAL WARNING: [Route 35-39] The design did not meet timing requirements. Please run report_timing_summary for detailed reports.
Resolution: Verify that the timing was met or had small violations at all previous steps (synthesis, placement, power_opt, and phys_opt). Run report_timing_summary and analyze individual timing paths.
INFO: [Route 35-253] TNS is the sum of the worst slack violation on every endpoint in the design. Review the paths with the biggest WNS violations in the timing reports and modify your constraints or your design to improve both WNS and TNS.
INFO: [Route 35-16] Router Completed Successfully

Phase 23 Post-Route Event Processing
Phase 23 Post-Route Event Processing | Checksum: 144d8ebe4

Time (s): cpu = 00:03:40 ; elapsed = 00:01:37 . Memory (MB): peak = 3203.051 ; gain = 24.234 ; free physical = 11355 ; free virtual = 26891
Ending Routing Task | Checksum: 144d8ebe4

Time (s): cpu = 00:03:40 ; elapsed = 00:01:37 . Memory (MB): peak = 3203.051 ; gain = 24.234 ; free physical = 11355 ; free virtual = 26891

Routing Is Done.
INFO: [Common 17-83] Releasing license: Implementation
25 Infos, 0 Warnings, 1 Critical Warnings and 0 Errors encountered.
route_design completed successfully
route_design: Time (s): cpu = 00:03:42 ; elapsed = 00:01:38 . Memory (MB): peak = 3203.051 ; gain = 107.312 ; free physical = 11355 ; free virtual = 26891
# set post_route_physopt_status skipped
# if {$enable_post_route_physopt} {
#     phys_opt_design -directive AggressiveExplore
#     set post_route_physopt_status complete
# }
# report_timing_summary -delay_type max -max_paths 20 -input_pins -file [file join $reports_dir post_route_timing_summary.rpt]
INFO: [Timing 38-91] UpdateTimingParams: Speed grade: -2, Delay Type: max.
INFO: [Timing 38-191] Multithreading enabled for timing update using a maximum of 12 CPUs
# report_utilization -hierarchical -file [file join $reports_dir post_route_utilization_hier.rpt]
# report_utilization -file [file join $reports_dir post_route_utilization.rpt]
# report_high_fanout_nets -max_nets 50 -fanout_greater_than 16 -file [file join $reports_dir post_route_high_fanout.rpt]
report_high_fanout_nets: Time (s): cpu = 00:00:00.06 ; elapsed = 00:00:00.16 . Memory (MB): peak = 3203.051 ; gain = 0.000 ; free physical = 11297 ; free virtual = 26833
# report_clock_utilization -file [file join $reports_dir post_route_clock_utilization.rpt]
# report_route_status -file [file join $reports_dir post_route_route_status.rpt]
# report_design_analysis -congestion -file [file join $reports_dir post_route_congestion.rpt]
# report_drc -file [file join $reports_dir post_route_drc.rpt]
Command: report_drc -file /home/zshuhansan/git_project/learn_fpga/FemtoRV/TUTORIALS/FROM_BLINKER_TO_RISCV/Soc/vivado/reports_zynq7020_clg400_2_mulpipe_fanout32_redirectsplit_clean_predfan32/post_route_drc.rpt
INFO: [IP_Flow 19-234] Refreshing IP repositories
INFO: [IP_Flow 19-1704] No user IP repositories specified
INFO: [IP_Flow 19-2313] Loaded Vivado IP repository '/home/zshuhansan/Xilinx/Vivado/2023.2/data/ip'.
INFO: [DRC 23-27] Running DRC with 12 threads
INFO: [Vivado_Tcl 2-168] The results of DRC are in file /home/zshuhansan/git_project/learn_fpga/FemtoRV/TUTORIALS/FROM_BLINKER_TO_RISCV/Soc/vivado/reports_zynq7020_clg400_2_mulpipe_fanout32_redirectsplit_clean_predfan32/post_route_drc.rpt.
report_drc completed successfully
# write_checkpoint -force [file join $reports_dir [format "%s_post_route.dcp" $project_name]]
INFO: [Timing 38-480] Writing timing data to binary archive.
Write ShapeDB Complete: Time (s): cpu = 00:00:00.06 ; elapsed = 00:00:00.01 . Memory (MB): peak = 3269.156 ; gain = 0.000 ; free physical = 11287 ; free virtual = 26823
Wrote PlaceDB: Time (s): cpu = 00:00:00.63 ; elapsed = 00:00:00.24 . Memory (MB): peak = 3269.156 ; gain = 0.000 ; free physical = 11294 ; free virtual = 26836
Wrote PulsedLatchDB: Time (s): cpu = 00:00:00 ; elapsed = 00:00:00 . Memory (MB): peak = 3269.156 ; gain = 0.000 ; free physical = 11294 ; free virtual = 26836
Writing XDEF routing.
Writing XDEF routing logical nets.
Writing XDEF routing special nets.
Wrote RouteStorage: Time (s): cpu = 00:00:00.1 ; elapsed = 00:00:00.1 . Memory (MB): peak = 3269.156 ; gain = 0.000 ; free physical = 11294 ; free virtual = 26838
Wrote Netlist Cache: Time (s): cpu = 00:00:00 ; elapsed = 00:00:00.01 . Memory (MB): peak = 3269.156 ; gain = 0.000 ; free physical = 11294 ; free virtual = 26838
Wrote Device Cache: Time (s): cpu = 00:00:00.01 ; elapsed = 00:00:00.01 . Memory (MB): peak = 3269.156 ; gain = 0.000 ; free physical = 11294 ; free virtual = 26839
Write Physdb Complete: Time (s): cpu = 00:00:00.74 ; elapsed = 00:00:00.36 . Memory (MB): peak = 3269.156 ; gain = 0.000 ; free physical = 11294 ; free virtual = 26839
INFO: [Common 17-1381] The checkpoint '/home/zshuhansan/git_project/learn_fpga/FemtoRV/TUTORIALS/FROM_BLINKER_TO_RISCV/Soc/vivado/reports_zynq7020_clg400_2_mulpipe_fanout32_redirectsplit_clean_predfan32/soc_zynq7020_clg400_2_mulpipe_fanout32_redirectsplit_clean_predfan32_post_route.dcp' has been generated.
# set worst_setup_path [lindex [get_timing_paths -max_paths 1 -setup] 0]
# set worst_hold_path [lindex [get_timing_paths -max_paths 1 -hold] 0]
# set wns [expr {$worst_setup_path eq "" ? "" : [get_property SLACK $worst_setup_path]}]
# set whs [expr {$worst_hold_path eq "" ? "" : [get_property SLACK $worst_hold_path]}]
# puts "IMPL_STATUS=complete"
IMPL_STATUS=complete
# puts "VIVADO_JOBS=$jobs"
VIVADO_JOBS=12
# puts "VIVADO_VARIANT=$variant_name"
VIVADO_VARIANT=mulpipe_fanout32_redirectsplit_clean_predfan32
# puts "POST_ROUTE_PHYSOPT_STATUS=$post_route_physopt_status"
POST_ROUTE_PHYSOPT_STATUS=skipped
# puts "IMPL_WNS=$wns"
IMPL_WNS=-0.445
# puts "IMPL_WHS=$whs"
IMPL_WHS=0.1
# puts "REPORT_DIR=$reports_dir"
REPORT_DIR=/home/zshuhansan/git_project/learn_fpga/FemtoRV/TUTORIALS/FROM_BLINKER_TO_RISCV/Soc/vivado/reports_zynq7020_clg400_2_mulpipe_fanout32_redirectsplit_clean_predfan32
# close_design
# exit
INFO: [Common 17-206] Exiting Vivado at Sat Apr 11 18:38:43 2026...
