#-----------------------------------------------------------
# Vivado v2023.2 (64-bit)
# SW Build 4029153 on Fri Oct 13 20:13:54 MDT 2023
# IP Build 4028589 on Sat Oct 14 00:45:43 MDT 2023
# SharedData Build 4025554 on Tue Oct 10 17:18:54 MDT 2023
# Start of session at: Sat Apr 11 19:08:20 2026
# Process ID: 566558
# Current directory: /home/zshuhansan/git_project/learn_fpga/FemtoRV/TUTORIALS/FROM_BLINKER_TO_RISCV/Soc/vivado
# Command line: vivado -mode batch -source /home/zshuhansan/git_project/learn_fpga/FemtoRV/TUTORIALS/FROM_BLINKER_TO_RISCV/Soc/vivado/run_soc_zynq7020_synth.tcl
# Log file: /home/zshuhansan/git_project/learn_fpga/FemtoRV/TUTORIALS/FROM_BLINKER_TO_RISCV/Soc/vivado/vivado.log
# Journal file: /home/zshuhansan/git_project/learn_fpga/FemtoRV/TUTORIALS/FROM_BLINKER_TO_RISCV/Soc/vivado/vivado.jou
# Running On: zshuhansan-ubuntu-pc, OS: Linux, CPU Frequency: 2200.000 MHz, CPU Physical cores: 12, Host memory: 33564 MB
#-----------------------------------------------------------
source /home/zshuhansan/git_project/learn_fpga/FemtoRV/TUTORIALS/FROM_BLINKER_TO_RISCV/Soc/vivado/run_soc_zynq7020_synth.tcl
# set script_dir [file normalize [file dirname [info script]]]
# set soc_dir [file normalize [file join $script_dir ..]]
# set repo_dir [file normalize [file join $soc_dir ..]]
# set src_dir [file normalize [file join $soc_dir src]]
# set tb_dir [file normalize [file join $soc_dir tb]]
# set variant_name [expr {[info exists ::env(VIVADO_VARIANT)] && $::env(VIVADO_VARIANT) ne "" ? $::env(VIVADO_VARIANT) : ""}]
# set variant_suffix [expr {$variant_name eq "" ? "" : "_$variant_name"}]
# set project_name [format "soc_zynq7020_clg400_2%s" $variant_suffix]
# set reports_dir [file normalize [file join $script_dir [format "reports_zynq7020_clg400_2%s" $variant_suffix]]]
# set xdc_file [file normalize [file join $script_dir zynq7020_clg400_2_synth_only.xdc]]
# set progrom_mem [file normalize [file join $repo_dir PROGROM.mem]]
# set dataram_mem [file normalize [file join $repo_dir DATARAM.mem]]
# set jobs [expr {[info exists ::env(VIVADO_JOBS)] ? $::env(VIVADO_JOBS) : 8}]
# set enable_rv32m [expr {![info exists ::env(ENABLE_RV32M)] || $::env(ENABLE_RV32M) ne "0"}]
# set_param general.maxThreads $jobs
# file mkdir $reports_dir
# set source_files [list \
#     [file join $src_dir alu.v] \
#     [file join $src_dir branch_predictor.v] \
#     [file join $src_dir csr_unit.v] \
#     [file join $src_dir decoder.v] \
#     [file join $src_dir div_unit.v] \
#     [file join $src_dir hazard_unit.v] \
#     [file join $src_dir imm_gen.v] \
#     [file join $src_dir lsu_align.v] \
#     [file join $src_dir regfile.v] \
#     [file join $src_dir Soc.v]]
# set verilog_defines [list \
#     BYPASS_ICACHE \
#     VIVADO_XPM_MEMORY \
#     CONFIG_PC_PREDICT \
#     CONFIG_RAS \
#     CONFIG_GSHARE \
#     CONFIG_INITIALIZE \
#     FAST_UART_STATUS \
#     CPU_FREQ=100]
# if {$enable_rv32m} {
#     lappend verilog_defines CONFIG_RV32M
# } else {
#     lappend verilog_defines DISABLE_RV32M
# }
# create_project -in_memory -part xc7z020clg400-2
create_project: Time (s): cpu = 00:00:06 ; elapsed = 00:00:06 . Memory (MB): peak = 1334.723 ; gain = 0.023 ; free physical = 12656 ; free virtual = 28210
# set_property target_language Verilog [current_project]
# set_property default_lib xil_defaultlib [current_project]
# set_property XPM_LIBRARIES {XPM_MEMORY} [current_project]
# set_property include_dirs [list $src_dir $repo_dir $tb_dir] [current_fileset]
# set_property verilog_define $verilog_defines [current_fileset]
# set mem_files [list]
# if {[file exists $progrom_mem]} {
#     lappend mem_files $progrom_mem
# }
# if {[file exists $dataram_mem]} {
#     lappend mem_files $dataram_mem
# }
# if {[llength $mem_files] > 0} {
#     read_mem $mem_files
# }
# cd $script_dir
# read_verilog -library xil_defaultlib $source_files
# read_xdc $xdc_file
# set_param ips.enableIPCacheLiteLoad 1
# synth_design -top Soc -part xc7z020clg400-2 -directive PerformanceOptimized -fsm_extraction one_hot -keep_equivalent_registers -resource_sharing off -no_lc -shreg_min_size 5
Command: synth_design -top Soc -part xc7z020clg400-2 -directive PerformanceOptimized -fsm_extraction one_hot -keep_equivalent_registers -resource_sharing off -no_lc -shreg_min_size 5
Starting synth_design
Attempting to get a license for feature 'Synthesis' and/or device 'xc7z020'
INFO: [Common 17-349] Got license for feature 'Synthesis' and/or device 'xc7z020'
INFO: [Device 21-403] Loading part xc7z020clg400-2
INFO: [Synth 8-7079] Multithreading enabled for synth_design using a maximum of 4 processes.
INFO: [Synth 8-7078] Launching helper process for spawning children vivado processes
INFO: [Synth 8-7075] Helper process launched with PID 567115
---------------------------------------------------------------------------------
Starting RTL Elaboration : Time (s): cpu = 00:00:03 ; elapsed = 00:00:03 . Memory (MB): peak = 2097.855 ; gain = 394.625 ; free physical = 11676 ; free virtual = 27229
---------------------------------------------------------------------------------
WARNING: [Synth 8-6901] identifier 'F_pendingValid' is used before its declaration [/home/zshuhansan/git_project/learn_fpga/FemtoRV/TUTORIALS/FROM_BLINKER_TO_RISCV/Soc/src/processor.v:48]
INFO: [Synth 8-6157] synthesizing module 'Soc' [/home/zshuhansan/git_project/learn_fpga/FemtoRV/TUTORIALS/FROM_BLINKER_TO_RISCV/Soc/src/Soc.v:27]
INFO: [Synth 8-6157] synthesizing module 'processor' [/home/zshuhansan/git_project/learn_fpga/FemtoRV/TUTORIALS/FROM_BLINKER_TO_RISCV/Soc/src/processor.v:1]
INFO: [Synth 8-6157] synthesizing module 'csr_unit' [/home/zshuhansan/git_project/learn_fpga/FemtoRV/TUTORIALS/FROM_BLINKER_TO_RISCV/Soc/src/csr_unit.v:1]
INFO: [Synth 8-6155] done synthesizing module 'csr_unit' (0#1) [/home/zshuhansan/git_project/learn_fpga/FemtoRV/TUTORIALS/FROM_BLINKER_TO_RISCV/Soc/src/csr_unit.v:1]
INFO: [Synth 8-6157] synthesizing module 'hazard_unit' [/home/zshuhansan/git_project/learn_fpga/FemtoRV/TUTORIALS/FROM_BLINKER_TO_RISCV/Soc/src/hazard_unit.v:1]
INFO: [Synth 8-6155] done synthesizing module 'hazard_unit' (0#1) [/home/zshuhansan/git_project/learn_fpga/FemtoRV/TUTORIALS/FROM_BLINKER_TO_RISCV/Soc/src/hazard_unit.v:1]
INFO: [Synth 8-6157] synthesizing module 'decoder' [/home/zshuhansan/git_project/learn_fpga/FemtoRV/TUTORIALS/FROM_BLINKER_TO_RISCV/Soc/src/decoder.v:1]
INFO: [Synth 8-6155] done synthesizing module 'decoder' (0#1) [/home/zshuhansan/git_project/learn_fpga/FemtoRV/TUTORIALS/FROM_BLINKER_TO_RISCV/Soc/src/decoder.v:1]
INFO: [Synth 8-6157] synthesizing module 'imm_gen' [/home/zshuhansan/git_project/learn_fpga/FemtoRV/TUTORIALS/FROM_BLINKER_TO_RISCV/Soc/src/imm_gen.v:1]
INFO: [Synth 8-6155] done synthesizing module 'imm_gen' (0#1) [/home/zshuhansan/git_project/learn_fpga/FemtoRV/TUTORIALS/FROM_BLINKER_TO_RISCV/Soc/src/imm_gen.v:1]
INFO: [Synth 8-6157] synthesizing module 'branch_predictor' [/home/zshuhansan/git_project/learn_fpga/FemtoRV/TUTORIALS/FROM_BLINKER_TO_RISCV/Soc/src/branch_predictor.v:1]
	Parameter BHT_ADDR_BITS bound to: 12 - type: integer 
	Parameter BHT_HISTO_BITS bound to: 9 - type: integer 
	Parameter WITH_GSHARE bound to: 1 - type: integer 
	Parameter WITH_RAS bound to: 1 - type: integer 
INFO: [Synth 8-6155] done synthesizing module 'branch_predictor' (0#1) [/home/zshuhansan/git_project/learn_fpga/FemtoRV/TUTORIALS/FROM_BLINKER_TO_RISCV/Soc/src/branch_predictor.v:1]
INFO: [Synth 8-6157] synthesizing module 'regfile' [/home/zshuhansan/git_project/learn_fpga/FemtoRV/TUTORIALS/FROM_BLINKER_TO_RISCV/Soc/src/regfile.v:1]
INFO: [Synth 8-6155] done synthesizing module 'regfile' (0#1) [/home/zshuhansan/git_project/learn_fpga/FemtoRV/TUTORIALS/FROM_BLINKER_TO_RISCV/Soc/src/regfile.v:1]
INFO: [Synth 8-6157] synthesizing module 'mul_unit' [/home/zshuhansan/git_project/learn_fpga/FemtoRV/TUTORIALS/FROM_BLINKER_TO_RISCV/Soc/src/processor.v:1334]
INFO: [Synth 8-6155] done synthesizing module 'mul_unit' (0#1) [/home/zshuhansan/git_project/learn_fpga/FemtoRV/TUTORIALS/FROM_BLINKER_TO_RISCV/Soc/src/processor.v:1334]
INFO: [Synth 8-6157] synthesizing module 'div_unit' [/home/zshuhansan/git_project/learn_fpga/FemtoRV/TUTORIALS/FROM_BLINKER_TO_RISCV/Soc/src/div_unit.v:1]
INFO: [Synth 8-6155] done synthesizing module 'div_unit' (0#1) [/home/zshuhansan/git_project/learn_fpga/FemtoRV/TUTORIALS/FROM_BLINKER_TO_RISCV/Soc/src/div_unit.v:1]
INFO: [Synth 8-6157] synthesizing module 'alu' [/home/zshuhansan/git_project/learn_fpga/FemtoRV/TUTORIALS/FROM_BLINKER_TO_RISCV/Soc/src/alu.v:1]
	Parameter WITH_RV32M bound to: 1 - type: integer 
INFO: [Synth 8-6155] done synthesizing module 'alu' (0#1) [/home/zshuhansan/git_project/learn_fpga/FemtoRV/TUTORIALS/FROM_BLINKER_TO_RISCV/Soc/src/alu.v:1]
INFO: [Synth 8-6157] synthesizing module 'lsu_align' [/home/zshuhansan/git_project/learn_fpga/FemtoRV/TUTORIALS/FROM_BLINKER_TO_RISCV/Soc/src/lsu_align.v:1]
INFO: [Synth 8-6155] done synthesizing module 'lsu_align' (0#1) [/home/zshuhansan/git_project/learn_fpga/FemtoRV/TUTORIALS/FROM_BLINKER_TO_RISCV/Soc/src/lsu_align.v:1]
INFO: [Synth 8-6155] done synthesizing module 'processor' (0#1) [/home/zshuhansan/git_project/learn_fpga/FemtoRV/TUTORIALS/FROM_BLINKER_TO_RISCV/Soc/src/processor.v:1]
INFO: [Synth 8-6157] synthesizing module 'progrom_ip_model' [/home/zshuhansan/git_project/learn_fpga/FemtoRV/TUTORIALS/FROM_BLINKER_TO_RISCV/Soc/src/progrom_ip_model.v:1]
	Parameter ADDR_WIDTH bound to: 14 - type: integer 
	Parameter INIT_FILE bound to: PROGROM.mem - type: string 
INFO: [Synth 8-6157] synthesizing module 'xpm_memory_sprom' [/home/zshuhansan/Xilinx/Vivado/2023.2/data/ip/xpm/xpm_memory/hdl/xpm_memory.sv:8889]
	Parameter MEMORY_SIZE bound to: 524288 - type: integer 
	Parameter MEMORY_PRIMITIVE bound to: block - type: string 
	Parameter ECC_MODE bound to: no_ecc - type: string 
	Parameter MEMORY_INIT_FILE bound to: PROGROM.mem - type: string 
	Parameter MEMORY_INIT_PARAM bound to: 0 - type: string 
	Parameter USE_MEM_INIT bound to: 1 - type: integer 
	Parameter WAKEUP_TIME bound to: disable_sleep - type: string 
	Parameter AUTO_SLEEP_TIME bound to: 0 - type: integer 
	Parameter MESSAGE_CONTROL bound to: 0 - type: integer 
	Parameter MEMORY_OPTIMIZATION bound to: true - type: string 
	Parameter CASCADE_HEIGHT bound to: 0 - type: integer 
	Parameter SIM_ASSERT_CHK bound to: 0 - type: integer 
	Parameter READ_DATA_WIDTH_A bound to: 32 - type: integer 
	Parameter ADDR_WIDTH_A bound to: 14 - type: integer 
	Parameter READ_RESET_VALUE_A bound to: 0 - type: string 
	Parameter READ_LATENCY_A bound to: 1 - type: integer 
	Parameter RST_MODE_A bound to: SYNC - type: string 
INFO: [Synth 8-6157] synthesizing module 'xpm_memory_base' [/home/zshuhansan/Xilinx/Vivado/2023.2/data/ip/xpm/xpm_memory/hdl/xpm_memory.sv:54]
INFO: [Synth 8-3876] $readmem data file 'PROGROM.mem' is read successfully [/home/zshuhansan/Xilinx/Vivado/2023.2/data/ip/xpm/xpm_memory/hdl/xpm_memory.sv:1193]
INFO: [Synth 8-6155] done synthesizing module 'xpm_memory_base' (0#1) [/home/zshuhansan/Xilinx/Vivado/2023.2/data/ip/xpm/xpm_memory/hdl/xpm_memory.sv:54]
INFO: [Synth 8-6155] done synthesizing module 'xpm_memory_sprom' (0#1) [/home/zshuhansan/Xilinx/Vivado/2023.2/data/ip/xpm/xpm_memory/hdl/xpm_memory.sv:8889]
INFO: [Synth 8-6155] done synthesizing module 'progrom_ip_model' (0#1) [/home/zshuhansan/git_project/learn_fpga/FemtoRV/TUTORIALS/FROM_BLINKER_TO_RISCV/Soc/src/progrom_ip_model.v:1]
INFO: [Synth 8-6157] synthesizing module 'dataram_ip_model' [/home/zshuhansan/git_project/learn_fpga/FemtoRV/TUTORIALS/FROM_BLINKER_TO_RISCV/Soc/src/dataram_ip_model.v:1]
	Parameter ADDR_WIDTH bound to: 14 - type: integer 
	Parameter INIT_FILE bound to: DATARAM.mem - type: string 
INFO: [Synth 8-6157] synthesizing module 'xpm_memory_sdpram' [/home/zshuhansan/Xilinx/Vivado/2023.2/data/ip/xpm/xpm_memory/hdl/xpm_memory.sv:8548]
	Parameter MEMORY_SIZE bound to: 524288 - type: integer 
	Parameter MEMORY_PRIMITIVE bound to: block - type: string 
	Parameter CLOCKING_MODE bound to: common_clock - type: string 
	Parameter ECC_MODE bound to: no_ecc - type: string 
	Parameter MEMORY_INIT_FILE bound to: DATARAM.mem - type: string 
	Parameter MEMORY_INIT_PARAM bound to: 0 - type: string 
	Parameter USE_MEM_INIT bound to: 1 - type: integer 
	Parameter WAKEUP_TIME bound to: disable_sleep - type: string 
	Parameter AUTO_SLEEP_TIME bound to: 0 - type: integer 
	Parameter MESSAGE_CONTROL bound to: 0 - type: integer 
	Parameter MEMORY_OPTIMIZATION bound to: true - type: string 
	Parameter CASCADE_HEIGHT bound to: 0 - type: integer 
	Parameter SIM_ASSERT_CHK bound to: 0 - type: integer 
	Parameter WRITE_DATA_WIDTH_A bound to: 32 - type: integer 
	Parameter BYTE_WRITE_WIDTH_A bound to: 8 - type: integer 
	Parameter ADDR_WIDTH_A bound to: 14 - type: integer 
	Parameter RST_MODE_A bound to: SYNC - type: string 
	Parameter READ_DATA_WIDTH_B bound to: 32 - type: integer 
	Parameter ADDR_WIDTH_B bound to: 14 - type: integer 
	Parameter READ_RESET_VALUE_B bound to: 0 - type: string 
	Parameter READ_LATENCY_B bound to: 1 - type: integer 
	Parameter WRITE_MODE_B bound to: read_first - type: string 
	Parameter RST_MODE_B bound to: SYNC - type: string 
INFO: [Synth 8-6157] synthesizing module 'xpm_memory_base__parameterized0' [/home/zshuhansan/Xilinx/Vivado/2023.2/data/ip/xpm/xpm_memory/hdl/xpm_memory.sv:54]
INFO: [Synth 8-3876] $readmem data file 'DATARAM.mem' is read successfully [/home/zshuhansan/Xilinx/Vivado/2023.2/data/ip/xpm/xpm_memory/hdl/xpm_memory.sv:1193]
INFO: [Synth 8-6155] done synthesizing module 'xpm_memory_base__parameterized0' (0#1) [/home/zshuhansan/Xilinx/Vivado/2023.2/data/ip/xpm/xpm_memory/hdl/xpm_memory.sv:54]
INFO: [Synth 8-6155] done synthesizing module 'xpm_memory_sdpram' (0#1) [/home/zshuhansan/Xilinx/Vivado/2023.2/data/ip/xpm/xpm_memory/hdl/xpm_memory.sv:8548]
INFO: [Synth 8-6155] done synthesizing module 'dataram_ip_model' (0#1) [/home/zshuhansan/git_project/learn_fpga/FemtoRV/TUTORIALS/FROM_BLINKER_TO_RISCV/Soc/src/dataram_ip_model.v:1]
INFO: [Synth 8-6157] synthesizing module 'emitter_uart' [/home/zshuhansan/git_project/learn_fpga/FemtoRV/TUTORIALS/FROM_BLINKER_TO_RISCV/Soc/src/emitter_uart.v:1]
	Parameter clk_freq_hz bound to: 100000000 - type: integer 
INFO: [Synth 8-6155] done synthesizing module 'emitter_uart' (0#1) [/home/zshuhansan/git_project/learn_fpga/FemtoRV/TUTORIALS/FROM_BLINKER_TO_RISCV/Soc/src/emitter_uart.v:1]
INFO: [Synth 8-6155] done synthesizing module 'Soc' (0#1) [/home/zshuhansan/git_project/learn_fpga/FemtoRV/TUTORIALS/FROM_BLINKER_TO_RISCV/Soc/src/Soc.v:27]
WARNING: [Synth 8-6014] Unused sequential element DE_isALUimm_reg was removed.  [/home/zshuhansan/git_project/learn_fpga/FemtoRV/TUTORIALS/FROM_BLINKER_TO_RISCV/Soc/src/processor.v:572]
WARNING: [Synth 8-6014] Unused sequential element DE_isAUIPC_reg was removed.  [/home/zshuhansan/git_project/learn_fpga/FemtoRV/TUTORIALS/FROM_BLINKER_TO_RISCV/Soc/src/processor.v:576]
WARNING: [Synth 8-6014] Unused sequential element DE_isLUI_reg was removed.  [/home/zshuhansan/git_project/learn_fpga/FemtoRV/TUTORIALS/FROM_BLINKER_TO_RISCV/Soc/src/processor.v:577]
WARNING: [Synth 8-6014] Unused sequential element EM_rs1Id_reg was removed.  [/home/zshuhansan/git_project/learn_fpga/FemtoRV/TUTORIALS/FROM_BLINKER_TO_RISCV/Soc/src/processor.v:749]
WARNING: [Synth 8-6014] Unused sequential element EM_rs2Id_reg was removed.  [/home/zshuhansan/git_project/learn_fpga/FemtoRV/TUTORIALS/FROM_BLINKER_TO_RISCV/Soc/src/processor.v:750]
WARNING: [Synth 8-6014] Unused sequential element EM_correctPC_reg was removed.  [/home/zshuhansan/git_project/learn_fpga/FemtoRV/TUTORIALS/FROM_BLINKER_TO_RISCV/Soc/src/processor.v:760]
WARNING: [Synth 8-6014] Unused sequential element EM_PCcorrection_reg was removed.  [/home/zshuhansan/git_project/learn_fpga/FemtoRV/TUTORIALS/FROM_BLINKER_TO_RISCV/Soc/src/processor.v:761]
WARNING: [Synth 8-7129] Port sleep in module xpm_memory_base__parameterized0 is either unconnected or has no load
WARNING: [Synth 8-7129] Port rsta in module xpm_memory_base__parameterized0 is either unconnected or has no load
WARNING: [Synth 8-7129] Port regcea in module xpm_memory_base__parameterized0 is either unconnected or has no load
WARNING: [Synth 8-7129] Port injectsbiterra in module xpm_memory_base__parameterized0 is either unconnected or has no load
WARNING: [Synth 8-7129] Port injectdbiterra in module xpm_memory_base__parameterized0 is either unconnected or has no load
WARNING: [Synth 8-7129] Port clkb in module xpm_memory_base__parameterized0 is either unconnected or has no load
WARNING: [Synth 8-7129] Port regceb in module xpm_memory_base__parameterized0 is either unconnected or has no load
WARNING: [Synth 8-7129] Port web[0] in module xpm_memory_base__parameterized0 is either unconnected or has no load
WARNING: [Synth 8-7129] Port dinb[31] in module xpm_memory_base__parameterized0 is either unconnected or has no load
WARNING: [Synth 8-7129] Port dinb[30] in module xpm_memory_base__parameterized0 is either unconnected or has no load
WARNING: [Synth 8-7129] Port dinb[29] in module xpm_memory_base__parameterized0 is either unconnected or has no load
WARNING: [Synth 8-7129] Port dinb[28] in module xpm_memory_base__parameterized0 is either unconnected or has no load
WARNING: [Synth 8-7129] Port dinb[27] in module xpm_memory_base__parameterized0 is either unconnected or has no load
WARNING: [Synth 8-7129] Port dinb[26] in module xpm_memory_base__parameterized0 is either unconnected or has no load
WARNING: [Synth 8-7129] Port dinb[25] in module xpm_memory_base__parameterized0 is either unconnected or has no load
WARNING: [Synth 8-7129] Port dinb[24] in module xpm_memory_base__parameterized0 is either unconnected or has no load
WARNING: [Synth 8-7129] Port dinb[23] in module xpm_memory_base__parameterized0 is either unconnected or has no load
WARNING: [Synth 8-7129] Port dinb[22] in module xpm_memory_base__parameterized0 is either unconnected or has no load
WARNING: [Synth 8-7129] Port dinb[21] in module xpm_memory_base__parameterized0 is either unconnected or has no load
WARNING: [Synth 8-7129] Port dinb[20] in module xpm_memory_base__parameterized0 is either unconnected or has no load
WARNING: [Synth 8-7129] Port dinb[19] in module xpm_memory_base__parameterized0 is either unconnected or has no load
WARNING: [Synth 8-7129] Port dinb[18] in module xpm_memory_base__parameterized0 is either unconnected or has no load
WARNING: [Synth 8-7129] Port dinb[17] in module xpm_memory_base__parameterized0 is either unconnected or has no load
WARNING: [Synth 8-7129] Port dinb[16] in module xpm_memory_base__parameterized0 is either unconnected or has no load
WARNING: [Synth 8-7129] Port dinb[15] in module xpm_memory_base__parameterized0 is either unconnected or has no load
WARNING: [Synth 8-7129] Port dinb[14] in module xpm_memory_base__parameterized0 is either unconnected or has no load
WARNING: [Synth 8-7129] Port dinb[13] in module xpm_memory_base__parameterized0 is either unconnected or has no load
WARNING: [Synth 8-7129] Port dinb[12] in module xpm_memory_base__parameterized0 is either unconnected or has no load
WARNING: [Synth 8-7129] Port dinb[11] in module xpm_memory_base__parameterized0 is either unconnected or has no load
WARNING: [Synth 8-7129] Port dinb[10] in module xpm_memory_base__parameterized0 is either unconnected or has no load
WARNING: [Synth 8-7129] Port dinb[9] in module xpm_memory_base__parameterized0 is either unconnected or has no load
WARNING: [Synth 8-7129] Port dinb[8] in module xpm_memory_base__parameterized0 is either unconnected or has no load
WARNING: [Synth 8-7129] Port dinb[7] in module xpm_memory_base__parameterized0 is either unconnected or has no load
WARNING: [Synth 8-7129] Port dinb[6] in module xpm_memory_base__parameterized0 is either unconnected or has no load
WARNING: [Synth 8-7129] Port dinb[5] in module xpm_memory_base__parameterized0 is either unconnected or has no load
WARNING: [Synth 8-7129] Port dinb[4] in module xpm_memory_base__parameterized0 is either unconnected or has no load
WARNING: [Synth 8-7129] Port dinb[3] in module xpm_memory_base__parameterized0 is either unconnected or has no load
WARNING: [Synth 8-7129] Port dinb[2] in module xpm_memory_base__parameterized0 is either unconnected or has no load
WARNING: [Synth 8-7129] Port dinb[1] in module xpm_memory_base__parameterized0 is either unconnected or has no load
WARNING: [Synth 8-7129] Port dinb[0] in module xpm_memory_base__parameterized0 is either unconnected or has no load
WARNING: [Synth 8-7129] Port injectsbiterrb in module xpm_memory_base__parameterized0 is either unconnected or has no load
WARNING: [Synth 8-7129] Port injectdbiterrb in module xpm_memory_base__parameterized0 is either unconnected or has no load
WARNING: [Synth 8-7129] Port sleep in module xpm_memory_base is either unconnected or has no load
WARNING: [Synth 8-7129] Port regcea in module xpm_memory_base is either unconnected or has no load
WARNING: [Synth 8-7129] Port wea[0] in module xpm_memory_base is either unconnected or has no load
WARNING: [Synth 8-7129] Port dina[31] in module xpm_memory_base is either unconnected or has no load
WARNING: [Synth 8-7129] Port dina[30] in module xpm_memory_base is either unconnected or has no load
WARNING: [Synth 8-7129] Port dina[29] in module xpm_memory_base is either unconnected or has no load
WARNING: [Synth 8-7129] Port dina[28] in module xpm_memory_base is either unconnected or has no load
WARNING: [Synth 8-7129] Port dina[27] in module xpm_memory_base is either unconnected or has no load
WARNING: [Synth 8-7129] Port dina[26] in module xpm_memory_base is either unconnected or has no load
WARNING: [Synth 8-7129] Port dina[25] in module xpm_memory_base is either unconnected or has no load
WARNING: [Synth 8-7129] Port dina[24] in module xpm_memory_base is either unconnected or has no load
WARNING: [Synth 8-7129] Port dina[23] in module xpm_memory_base is either unconnected or has no load
WARNING: [Synth 8-7129] Port dina[22] in module xpm_memory_base is either unconnected or has no load
WARNING: [Synth 8-7129] Port dina[21] in module xpm_memory_base is either unconnected or has no load
WARNING: [Synth 8-7129] Port dina[20] in module xpm_memory_base is either unconnected or has no load
WARNING: [Synth 8-7129] Port dina[19] in module xpm_memory_base is either unconnected or has no load
WARNING: [Synth 8-7129] Port dina[18] in module xpm_memory_base is either unconnected or has no load
WARNING: [Synth 8-7129] Port dina[17] in module xpm_memory_base is either unconnected or has no load
WARNING: [Synth 8-7129] Port dina[16] in module xpm_memory_base is either unconnected or has no load
WARNING: [Synth 8-7129] Port dina[15] in module xpm_memory_base is either unconnected or has no load
WARNING: [Synth 8-7129] Port dina[14] in module xpm_memory_base is either unconnected or has no load
WARNING: [Synth 8-7129] Port dina[13] in module xpm_memory_base is either unconnected or has no load
WARNING: [Synth 8-7129] Port dina[12] in module xpm_memory_base is either unconnected or has no load
WARNING: [Synth 8-7129] Port dina[11] in module xpm_memory_base is either unconnected or has no load
WARNING: [Synth 8-7129] Port dina[10] in module xpm_memory_base is either unconnected or has no load
WARNING: [Synth 8-7129] Port dina[9] in module xpm_memory_base is either unconnected or has no load
WARNING: [Synth 8-7129] Port dina[8] in module xpm_memory_base is either unconnected or has no load
WARNING: [Synth 8-7129] Port dina[7] in module xpm_memory_base is either unconnected or has no load
WARNING: [Synth 8-7129] Port dina[6] in module xpm_memory_base is either unconnected or has no load
WARNING: [Synth 8-7129] Port dina[5] in module xpm_memory_base is either unconnected or has no load
WARNING: [Synth 8-7129] Port dina[4] in module xpm_memory_base is either unconnected or has no load
WARNING: [Synth 8-7129] Port dina[3] in module xpm_memory_base is either unconnected or has no load
WARNING: [Synth 8-7129] Port dina[2] in module xpm_memory_base is either unconnected or has no load
WARNING: [Synth 8-7129] Port dina[1] in module xpm_memory_base is either unconnected or has no load
WARNING: [Synth 8-7129] Port dina[0] in module xpm_memory_base is either unconnected or has no load
WARNING: [Synth 8-7129] Port injectsbiterra in module xpm_memory_base is either unconnected or has no load
WARNING: [Synth 8-7129] Port injectdbiterra in module xpm_memory_base is either unconnected or has no load
WARNING: [Synth 8-7129] Port clkb in module xpm_memory_base is either unconnected or has no load
WARNING: [Synth 8-7129] Port rstb in module xpm_memory_base is either unconnected or has no load
WARNING: [Synth 8-7129] Port enb in module xpm_memory_base is either unconnected or has no load
WARNING: [Synth 8-7129] Port regceb in module xpm_memory_base is either unconnected or has no load
WARNING: [Synth 8-7129] Port web[0] in module xpm_memory_base is either unconnected or has no load
WARNING: [Synth 8-7129] Port addrb[13] in module xpm_memory_base is either unconnected or has no load
WARNING: [Synth 8-7129] Port addrb[12] in module xpm_memory_base is either unconnected or has no load
WARNING: [Synth 8-7129] Port addrb[11] in module xpm_memory_base is either unconnected or has no load
WARNING: [Synth 8-7129] Port addrb[10] in module xpm_memory_base is either unconnected or has no load
WARNING: [Synth 8-7129] Port addrb[9] in module xpm_memory_base is either unconnected or has no load
WARNING: [Synth 8-7129] Port addrb[8] in module xpm_memory_base is either unconnected or has no load
WARNING: [Synth 8-7129] Port addrb[7] in module xpm_memory_base is either unconnected or has no load
WARNING: [Synth 8-7129] Port addrb[6] in module xpm_memory_base is either unconnected or has no load
WARNING: [Synth 8-7129] Port addrb[5] in module xpm_memory_base is either unconnected or has no load
WARNING: [Synth 8-7129] Port addrb[4] in module xpm_memory_base is either unconnected or has no load
WARNING: [Synth 8-7129] Port addrb[3] in module xpm_memory_base is either unconnected or has no load
WARNING: [Synth 8-7129] Port addrb[2] in module xpm_memory_base is either unconnected or has no load
WARNING: [Synth 8-7129] Port addrb[1] in module xpm_memory_base is either unconnected or has no load
WARNING: [Synth 8-7129] Port addrb[0] in module xpm_memory_base is either unconnected or has no load
WARNING: [Synth 8-7129] Port dinb[31] in module xpm_memory_base is either unconnected or has no load
WARNING: [Synth 8-7129] Port dinb[30] in module xpm_memory_base is either unconnected or has no load
INFO: [Common 17-14] Message 'Synth 8-7129' appears 100 times and further instances of the messages will be disabled. Use the Tcl command set_msg_config to change the current settings.
---------------------------------------------------------------------------------
Finished RTL Elaboration : Time (s): cpu = 00:00:05 ; elapsed = 00:00:05 . Memory (MB): peak = 2219.145 ; gain = 515.914 ; free physical = 11521 ; free virtual = 27076
---------------------------------------------------------------------------------
---------------------------------------------------------------------------------
Start Handling Custom Attributes
---------------------------------------------------------------------------------
---------------------------------------------------------------------------------
Finished Handling Custom Attributes : Time (s): cpu = 00:00:05 ; elapsed = 00:00:06 . Memory (MB): peak = 2236.957 ; gain = 533.727 ; free physical = 11521 ; free virtual = 27076
---------------------------------------------------------------------------------
---------------------------------------------------------------------------------
Finished RTL Optimization Phase 1 : Time (s): cpu = 00:00:05 ; elapsed = 00:00:06 . Memory (MB): peak = 2236.957 ; gain = 533.727 ; free physical = 11521 ; free virtual = 27076
---------------------------------------------------------------------------------
Netlist sorting complete. Time (s): cpu = 00:00:00.03 ; elapsed = 00:00:00.03 . Memory (MB): peak = 2239.926 ; gain = 0.000 ; free physical = 11521 ; free virtual = 27076
INFO: [Project 1-570] Preparing netlist for logic optimization

Processing XDC Constraints
Initializing timing engine
Parsing XDC File [/home/zshuhansan/git_project/learn_fpga/FemtoRV/TUTORIALS/FROM_BLINKER_TO_RISCV/Soc/vivado/zynq7020_clg400_2_synth_only.xdc]
Finished Parsing XDC File [/home/zshuhansan/git_project/learn_fpga/FemtoRV/TUTORIALS/FROM_BLINKER_TO_RISCV/Soc/vivado/zynq7020_clg400_2_synth_only.xdc]
INFO: [Project 1-236] Implementation specific constraints were found while reading constraint file [/home/zshuhansan/Xilinx/Vivado/2023.2/data/ip/xpm/xpm_memory/tcl/xpm_memory_xdc.tcl]. These constraints will be ignored for synthesis but will be used in implementation. Impacted constraints are listed in the file [.Xil/Soc_propImpl.xdc].
Resolution: To avoid this warning, move constraints listed in [.Xil/Soc_propImpl.xdc] to another XDC file and exclude this new file from synthesis with the used_in_synthesis property (File Properties dialog in GUI) and re-run elaboration/synthesis.
INFO: [Project 1-1714] 1 XPM XDC files have been applied to the design.
Completed Processing XDC Constraints

Netlist sorting complete. Time (s): cpu = 00:00:00 ; elapsed = 00:00:00 . Memory (MB): peak = 2401.750 ; gain = 0.000 ; free physical = 11511 ; free virtual = 27066
INFO: [Project 1-111] Unisim Transformation Summary:
No Unisim elements were transformed.

Constraint Validation Runtime : Time (s): cpu = 00:00:00.01 ; elapsed = 00:00:00.01 . Memory (MB): peak = 2401.785 ; gain = 0.000 ; free physical = 11511 ; free virtual = 27066
---------------------------------------------------------------------------------
Finished Constraint Validation : Time (s): cpu = 00:00:11 ; elapsed = 00:00:11 . Memory (MB): peak = 2401.785 ; gain = 698.555 ; free physical = 11502 ; free virtual = 27057
---------------------------------------------------------------------------------
---------------------------------------------------------------------------------
Start Loading Part and Timing Information
---------------------------------------------------------------------------------
Loading part: xc7z020clg400-2
---------------------------------------------------------------------------------
Finished Loading Part and Timing Information : Time (s): cpu = 00:00:11 ; elapsed = 00:00:11 . Memory (MB): peak = 2401.785 ; gain = 698.555 ; free physical = 11502 ; free virtual = 27057
---------------------------------------------------------------------------------
---------------------------------------------------------------------------------
Start Applying 'set_property' XDC Constraints
---------------------------------------------------------------------------------
Applied set_property KEEP_HIERARCHY = SOFT for DATARAM/XPM_DATARAM. (constraint file  auto generated constraint).
---------------------------------------------------------------------------------
Finished applying 'set_property' XDC Constraints : Time (s): cpu = 00:00:11 ; elapsed = 00:00:11 . Memory (MB): peak = 2401.785 ; gain = 698.555 ; free physical = 11502 ; free virtual = 27057
---------------------------------------------------------------------------------
WARNING: [Synth 8-6841] Block RAM (gen_wr_a.gen_byte_narrow.for_mem_cols[1].mem_reg) originally specified as a Byte Wide Write Enable RAM cannot take advantage of ByteWide feature and is implemented with single write enable per RAM due to following reason.
(address width (14) is more than optimal threshold of 12. Implementing using BWWE will require more logic and timing would be suboptimal. Please use attribute ram_decomp = power if BWWE is desired.)
---------------------------------------------------------------------------------
Finished RTL Optimization Phase 2 : Time (s): cpu = 00:00:12 ; elapsed = 00:00:12 . Memory (MB): peak = 2401.785 ; gain = 698.555 ; free physical = 11499 ; free virtual = 27056
---------------------------------------------------------------------------------
---------------------------------------------------------------------------------
Start RTL Component Statistics 
---------------------------------------------------------------------------------
Detailed RTL Component Info : 
+---Adders : 
	   2 Input   64 Bit       Adders := 2     
	   3 Input   33 Bit       Adders := 1     
	   2 Input   32 Bit       Adders := 7     
	   3 Input   32 Bit       Adders := 1     
	   2 Input   11 Bit       Adders := 1     
	   2 Input    2 Bit       Adders := 1     
+---XORs : 
	   2 Input     32 Bit         XORs := 1     
	   2 Input     12 Bit         XORs := 1     
	   2 Input      1 Bit         XORs := 2     
+---Registers : 
	               64 Bit    Registers := 3     
	               63 Bit    Registers := 1     
	               32 Bit    Registers := 62    
	               12 Bit    Registers := 1     
	               11 Bit    Registers := 1     
	               10 Bit    Registers := 1     
	                9 Bit    Registers := 1     
	                8 Bit    Registers := 1     
	                5 Bit    Registers := 6     
	                4 Bit    Registers := 1     
	                3 Bit    Registers := 3     
	                2 Bit    Registers := 4     
	                1 Bit    Registers := 34    
+---Multipliers : 
	              33x33  Multipliers := 1     
+---RAMs : 
	             512K Bit	(16384 X 32 bit)          RAMs := 1     
	               8K Bit	(4096 X 2 bit)          RAMs := 1     
+---ROMs : 
	                    ROMs := 1     
+---Muxes : 
	   2 Input   63 Bit        Muxes := 1     
	   2 Input   32 Bit        Muxes := 64    
	  33 Input   32 Bit        Muxes := 2     
	   3 Input   32 Bit        Muxes := 1     
	   4 Input   32 Bit        Muxes := 1     
	   2 Input   31 Bit        Muxes := 2     
	   2 Input   16 Bit        Muxes := 1     
	   2 Input   10 Bit        Muxes := 2     
	   2 Input    8 Bit        Muxes := 6     
	   4 Input    4 Bit        Muxes := 1     
	   3 Input    4 Bit        Muxes := 1     
	   2 Input    4 Bit        Muxes := 1     
	   7 Input    2 Bit        Muxes := 1     
	   2 Input    2 Bit        Muxes := 1     
	   2 Input    1 Bit        Muxes := 78    
---------------------------------------------------------------------------------
Finished RTL Component Statistics 
---------------------------------------------------------------------------------
---------------------------------------------------------------------------------
Start Part Resource Summary
---------------------------------------------------------------------------------
Part Resources:
DSPs: 220 (col length:60)
BRAMs: 280 (col length: RAMB18 60 RAMB36 30)
---------------------------------------------------------------------------------
Finished Part Resource Summary
---------------------------------------------------------------------------------
---------------------------------------------------------------------------------
Start Cross Boundary and Area Optimization
---------------------------------------------------------------------------------
WARNING: [Synth 8-7080] Parallel synthesis criteria is not met
DSP Report: Generating DSP multiply, operation Mode is: A*B.
DSP Report: operator multiply is absorbed into DSP multiply.
DSP Report: operator multiply is absorbed into DSP multiply.
DSP Report: Generating DSP product_r_reg, operation Mode is: (PCIN>>17)+A*B.
DSP Report: register product_r_reg is absorbed into DSP product_r_reg.
DSP Report: operator multiply is absorbed into DSP product_r_reg.
DSP Report: operator multiply is absorbed into DSP product_r_reg.
DSP Report: Generating DSP multiply, operation Mode is: A*B.
DSP Report: operator multiply is absorbed into DSP multiply.
DSP Report: operator multiply is absorbed into DSP multiply.
DSP Report: Generating DSP product_r_reg, operation Mode is: (PCIN>>17)+A*B.
DSP Report: register product_r_reg is absorbed into DSP product_r_reg.
DSP Report: operator multiply is absorbed into DSP product_r_reg.
DSP Report: operator multiply is absorbed into DSP product_r_reg.
WARNING: [Synth 8-3332] Sequential element (product_r_reg[47]) is unused and will be removed from module mul_unit.
WARNING: [Synth 8-3332] Sequential element (product_r_reg[46]) is unused and will be removed from module mul_unit.
WARNING: [Synth 8-3332] Sequential element (product_r_reg[45]) is unused and will be removed from module mul_unit.
WARNING: [Synth 8-3332] Sequential element (product_r_reg[44]) is unused and will be removed from module mul_unit.
WARNING: [Synth 8-3332] Sequential element (product_r_reg[43]) is unused and will be removed from module mul_unit.
WARNING: [Synth 8-3332] Sequential element (product_r_reg[42]) is unused and will be removed from module mul_unit.
WARNING: [Synth 8-3332] Sequential element (product_r_reg[41]) is unused and will be removed from module mul_unit.
WARNING: [Synth 8-3332] Sequential element (product_r_reg[40]) is unused and will be removed from module mul_unit.
WARNING: [Synth 8-3332] Sequential element (product_r_reg[39]) is unused and will be removed from module mul_unit.
WARNING: [Synth 8-3332] Sequential element (product_r_reg[38]) is unused and will be removed from module mul_unit.
WARNING: [Synth 8-3332] Sequential element (product_r_reg[37]) is unused and will be removed from module mul_unit.
WARNING: [Synth 8-3332] Sequential element (product_r_reg[36]) is unused and will be removed from module mul_unit.
WARNING: [Synth 8-3332] Sequential element (product_r_reg[35]) is unused and will be removed from module mul_unit.
WARNING: [Synth 8-3332] Sequential element (product_r_reg[34]) is unused and will be removed from module mul_unit.
WARNING: [Synth 8-3332] Sequential element (product_r_reg[33]) is unused and will be removed from module mul_unit.
WARNING: [Synth 8-3332] Sequential element (product_r_reg[32]) is unused and will be removed from module mul_unit.
WARNING: [Synth 8-3332] Sequential element (product_r_reg[31]) is unused and will be removed from module mul_unit.
WARNING: [Synth 8-3332] Sequential element (product_r_reg[30]) is unused and will be removed from module mul_unit.
WARNING: [Synth 8-3332] Sequential element (product_r_reg[29]) is unused and will be removed from module mul_unit.
WARNING: [Synth 8-3332] Sequential element (product_r_reg[28]) is unused and will be removed from module mul_unit.
WARNING: [Synth 8-3332] Sequential element (product_r_reg[27]) is unused and will be removed from module mul_unit.
WARNING: [Synth 8-3332] Sequential element (product_r_reg[26]) is unused and will be removed from module mul_unit.
WARNING: [Synth 8-3332] Sequential element (product_r_reg[25]) is unused and will be removed from module mul_unit.
WARNING: [Synth 8-3332] Sequential element (product_r_reg[24]) is unused and will be removed from module mul_unit.
WARNING: [Synth 8-3332] Sequential element (product_r_reg[23]) is unused and will be removed from module mul_unit.
WARNING: [Synth 8-3332] Sequential element (product_r_reg[22]) is unused and will be removed from module mul_unit.
WARNING: [Synth 8-3332] Sequential element (product_r_reg[21]) is unused and will be removed from module mul_unit.
WARNING: [Synth 8-3332] Sequential element (product_r_reg[20]) is unused and will be removed from module mul_unit.
WARNING: [Synth 8-3332] Sequential element (product_r_reg[19]) is unused and will be removed from module mul_unit.
WARNING: [Synth 8-3332] Sequential element (product_r_reg[18]) is unused and will be removed from module mul_unit.
WARNING: [Synth 8-3332] Sequential element (product_r_reg[17]) is unused and will be removed from module mul_unit.
WARNING: [Synth 8-3332] Sequential element (product_r_reg[47]__0) is unused and will be removed from module mul_unit.
WARNING: [Synth 8-3332] Sequential element (product_r_reg[46]__0) is unused and will be removed from module mul_unit.
WARNING: [Synth 8-3332] Sequential element (product_r_reg[45]__0) is unused and will be removed from module mul_unit.
WARNING: [Synth 8-3332] Sequential element (product_r_reg[44]__0) is unused and will be removed from module mul_unit.
WARNING: [Synth 8-3332] Sequential element (product_r_reg[43]__0) is unused and will be removed from module mul_unit.
WARNING: [Synth 8-3332] Sequential element (product_r_reg[42]__0) is unused and will be removed from module mul_unit.
WARNING: [Synth 8-3332] Sequential element (product_r_reg[41]__0) is unused and will be removed from module mul_unit.
WARNING: [Synth 8-3332] Sequential element (product_r_reg[40]__0) is unused and will be removed from module mul_unit.
WARNING: [Synth 8-3332] Sequential element (product_r_reg[39]__0) is unused and will be removed from module mul_unit.
WARNING: [Synth 8-3332] Sequential element (product_r_reg[38]__0) is unused and will be removed from module mul_unit.
WARNING: [Synth 8-3332] Sequential element (product_r_reg[37]__0) is unused and will be removed from module mul_unit.
WARNING: [Synth 8-3332] Sequential element (product_r_reg[36]__0) is unused and will be removed from module mul_unit.
WARNING: [Synth 8-3332] Sequential element (product_r_reg[35]__0) is unused and will be removed from module mul_unit.
WARNING: [Synth 8-3332] Sequential element (product_r_reg[34]__0) is unused and will be removed from module mul_unit.
WARNING: [Synth 8-3332] Sequential element (product_r_reg[33]__0) is unused and will be removed from module mul_unit.
WARNING: [Synth 8-3332] Sequential element (product_r_reg[32]__0) is unused and will be removed from module mul_unit.
WARNING: [Synth 8-3332] Sequential element (product_r_reg[31]__0) is unused and will be removed from module mul_unit.
WARNING: [Synth 8-3332] Sequential element (product_r_reg[30]__0) is unused and will be removed from module mul_unit.
WARNING: [Synth 8-3332] Sequential element (product_r_reg[29]__0) is unused and will be removed from module mul_unit.
WARNING: [Synth 8-3332] Sequential element (product_r_reg[28]__0) is unused and will be removed from module mul_unit.
WARNING: [Synth 8-3332] Sequential element (product_r_reg[27]__0) is unused and will be removed from module mul_unit.
WARNING: [Synth 8-3332] Sequential element (product_r_reg[26]__0) is unused and will be removed from module mul_unit.
WARNING: [Synth 8-3332] Sequential element (product_r_reg[25]__0) is unused and will be removed from module mul_unit.
WARNING: [Synth 8-3332] Sequential element (product_r_reg[24]__0) is unused and will be removed from module mul_unit.
WARNING: [Synth 8-3332] Sequential element (product_r_reg[23]__0) is unused and will be removed from module mul_unit.
WARNING: [Synth 8-3332] Sequential element (product_r_reg[22]__0) is unused and will be removed from module mul_unit.
WARNING: [Synth 8-3332] Sequential element (product_r_reg[21]__0) is unused and will be removed from module mul_unit.
WARNING: [Synth 8-3332] Sequential element (product_r_reg[20]__0) is unused and will be removed from module mul_unit.
WARNING: [Synth 8-3332] Sequential element (product_r_reg[19]__0) is unused and will be removed from module mul_unit.
WARNING: [Synth 8-3332] Sequential element (product_r_reg[18]__0) is unused and will be removed from module mul_unit.
WARNING: [Synth 8-3332] Sequential element (product_r_reg[17]__0) is unused and will be removed from module mul_unit.
---------------------------------------------------------------------------------
Finished Cross Boundary and Area Optimization : Time (s): cpu = 00:00:22 ; elapsed = 00:00:22 . Memory (MB): peak = 2401.785 ; gain = 698.555 ; free physical = 11456 ; free virtual = 27022
---------------------------------------------------------------------------------
 Sort Area is  multiply_0 : 0 0 : 2701 5059 : Used 1 time 0
 Sort Area is  multiply_0 : 0 1 : 2358 5059 : Used 1 time 0
 Sort Area is  multiply_3 : 0 0 : 2304 4435 : Used 1 time 0
 Sort Area is  multiply_3 : 0 1 : 2131 4435 : Used 1 time 0
---------------------------------------------------------------------------------
Start ROM, RAM, DSP, Shift Register and Retiming Reporting
---------------------------------------------------------------------------------

Block RAM: Preliminary Mapping Report (see note below)
+---------------------------------+--------------------------------------------------+------------------------+---+---+------------------------+---+---+------------------+--------+--------+
|Module Name                      | RTL Object                                       | PORT A (Depth x Width) | W | R | PORT B (Depth x Width) | W | R | Ports driving FF | RAMB18 | RAMB36 | 
+---------------------------------+--------------------------------------------------+------------------------+---+---+------------------------+---+---+------------------+--------+--------+
|xpm_memory_base__parameterized0: | gen_wr_a.gen_byte_narrow.for_mem_cols[1].mem_reg | 16 K x 32(READ_FIRST)  | W |   | 16 K x 32(WRITE_FIRST) |   | R | Port A and B     | 0      | 16     | 
+---------------------------------+--------------------------------------------------+------------------------+---+---+------------------------+---+---+------------------+--------+--------+

Note: The table above is a preliminary report that shows the Block RAMs at the current stage of the synthesis flow. Some Block RAMs may be reimplemented as non Block RAM primitives later in the synthesis flow. Multiple instantiated Block RAMs are reported only once. 

Distributed RAM: Preliminary Mapping Report (see note below)
+------------+------------+-----------+----------------------+-----------------+
|Module Name | RTL Object | Inference | Size (Depth x Width) | Primitives      | 
+------------+------------+-----------+----------------------+-----------------+
|CPU/BP      | BHT_reg    | Implied   | 4 K x 2              | RAM128X1D x 64  | 
+------------+------------+-----------+----------------------+-----------------+

Note: The table above is a preliminary report that shows the Distributed RAMs at the current stage of the synthesis flow. Some Distributed RAMs may be reimplemented as non Distributed RAM primitives later in the synthesis flow. Multiple instantiated RAMs are reported only once.

DSP: Preliminary Mapping Report (see note below. The ' indicates corresponding REG is set)
+------------+----------------+--------+--------+--------+--------+--------+------+------+------+------+-------+------+------+
|Module Name | DSP Mapping    | A Size | B Size | C Size | D Size | P Size | AREG | BREG | CREG | DREG | ADREG | MREG | PREG | 
+------------+----------------+--------+--------+--------+--------+--------+------+------+------+------+-------+------+------+
|mul_unit    | A*B            | 18     | 16     | -      | -      | 48     | 0    | 0    | -    | -    | -     | 0    | 0    | 
|mul_unit    | (PCIN>>17)+A*B | 16     | 16     | -      | -      | 48     | 0    | 0    | -    | -    | -     | 0    | 1    | 
|mul_unit    | A*B            | 18     | 18     | -      | -      | 48     | 0    | 0    | -    | -    | -     | 0    | 0    | 
|mul_unit    | (PCIN>>17)+A*B | 18     | 16     | -      | -      | 48     | 0    | 0    | -    | -    | -     | 0    | 1    | 
+------------+----------------+--------+--------+--------+--------+--------+------+------+------+------+-------+------+------+

Note: The table above is a preliminary report that shows the DSPs inferred at the current stage of the synthesis flow. Some DSP may be reimplemented as non DSP primitives later in the synthesis flow. Multiple instantiated DSPs are reported only once.
---------------------------------------------------------------------------------
Finished ROM, RAM, DSP, Shift Register and Retiming Reporting
---------------------------------------------------------------------------------
---------------------------------------------------------------------------------
Start Applying XDC Timing Constraints
---------------------------------------------------------------------------------
---------------------------------------------------------------------------------
Finished Applying XDC Timing Constraints : Time (s): cpu = 00:00:27 ; elapsed = 00:00:28 . Memory (MB): peak = 2401.785 ; gain = 698.555 ; free physical = 11467 ; free virtual = 27033
---------------------------------------------------------------------------------
---------------------------------------------------------------------------------
Start Timing Optimization
---------------------------------------------------------------------------------
---------------------------------------------------------------------------------
Finished Timing Optimization : Time (s): cpu = 00:00:31 ; elapsed = 00:00:32 . Memory (MB): peak = 2401.785 ; gain = 698.555 ; free physical = 11417 ; free virtual = 26983
---------------------------------------------------------------------------------
---------------------------------------------------------------------------------
Start ROM, RAM, DSP, Shift Register and Retiming Reporting
---------------------------------------------------------------------------------

Block RAM: Final Mapping Report
+---------------------------------+--------------------------------------------------+------------------------+---+---+------------------------+---+---+------------------+--------+--------+
|Module Name                      | RTL Object                                       | PORT A (Depth x Width) | W | R | PORT B (Depth x Width) | W | R | Ports driving FF | RAMB18 | RAMB36 | 
+---------------------------------+--------------------------------------------------+------------------------+---+---+------------------------+---+---+------------------+--------+--------+
|xpm_memory_base__parameterized0: | gen_wr_a.gen_byte_narrow.for_mem_cols[1].mem_reg | 16 K x 32(READ_FIRST)  | W |   | 16 K x 32(WRITE_FIRST) |   | R | Port A and B     | 0      | 16     | 
+---------------------------------+--------------------------------------------------+------------------------+---+---+------------------------+---+---+------------------+--------+--------+


Distributed RAM: Final Mapping Report
+------------+------------+-----------+----------------------+-----------------+
|Module Name | RTL Object | Inference | Size (Depth x Width) | Primitives      | 
+------------+------------+-----------+----------------------+-----------------+
|CPU/BP      | BHT_reg    | Implied   | 4 K x 2              | RAM128X1D x 64  | 
+------------+------------+-----------+----------------------+-----------------+

---------------------------------------------------------------------------------
Finished ROM, RAM, DSP, Shift Register and Retiming Reporting
---------------------------------------------------------------------------------
---------------------------------------------------------------------------------
Start Technology Mapping
---------------------------------------------------------------------------------
INFO: [Synth 8-7052] The timing for the instance PROGROM/XPM_PROGROM/xpm_memory_base_inst/gen_rd_a.gen_rd_a_synth_template.gen_rf_narrow_reg.douta_reg_reg_1 (implemented as a Block RAM) might be sub-optimal as no optional output register could be merged into the ram block. Providing additional output register may help in improving timing.
INFO: [Synth 8-7052] The timing for the instance PROGROM/XPM_PROGROM/xpm_memory_base_inst/gen_rd_a.gen_rd_a_synth_template.gen_rf_narrow_reg.douta_reg_reg_2 (implemented as a Block RAM) might be sub-optimal as no optional output register could be merged into the ram block. Providing additional output register may help in improving timing.
INFO: [Synth 8-7052] The timing for the instance PROGROM/XPM_PROGROM/xpm_memory_base_inst/gen_rd_a.gen_rd_a_synth_template.gen_rf_narrow_reg.douta_reg_reg_3 (implemented as a Block RAM) might be sub-optimal as no optional output register could be merged into the ram block. Providing additional output register may help in improving timing.
INFO: [Synth 8-7052] The timing for the instance PROGROM/XPM_PROGROM/xpm_memory_base_inst/gen_rd_a.gen_rd_a_synth_template.gen_rf_narrow_reg.douta_reg_reg_4 (implemented as a Block RAM) might be sub-optimal as no optional output register could be merged into the ram block. Providing additional output register may help in improving timing.
INFO: [Synth 8-7052] The timing for the instance PROGROM/XPM_PROGROM/xpm_memory_base_inst/gen_rd_a.gen_rd_a_synth_template.gen_rf_narrow_reg.douta_reg_reg_5 (implemented as a Block RAM) might be sub-optimal as no optional output register could be merged into the ram block. Providing additional output register may help in improving timing.
INFO: [Synth 8-7052] The timing for the instance PROGROM/XPM_PROGROM/xpm_memory_base_inst/gen_rd_a.gen_rd_a_synth_template.gen_rf_narrow_reg.douta_reg_reg_6 (implemented as a Block RAM) might be sub-optimal as no optional output register could be merged into the ram block. Providing additional output register may help in improving timing.
INFO: [Synth 8-7052] The timing for the instance PROGROM/XPM_PROGROM/xpm_memory_base_inst/gen_rd_a.gen_rd_a_synth_template.gen_rf_narrow_reg.douta_reg_reg_7 (implemented as a Block RAM) might be sub-optimal as no optional output register could be merged into the ram block. Providing additional output register may help in improving timing.
INFO: [Synth 8-7052] The timing for the instance PROGROM/XPM_PROGROM/xpm_memory_base_inst/gen_rd_a.gen_rd_a_synth_template.gen_rf_narrow_reg.douta_reg_reg_8 (implemented as a Block RAM) might be sub-optimal as no optional output register could be merged into the ram block. Providing additional output register may help in improving timing.
INFO: [Synth 8-7052] The timing for the instance PROGROM/XPM_PROGROM/xpm_memory_base_inst/gen_rd_a.gen_rd_a_synth_template.gen_rf_narrow_reg.douta_reg_reg_9 (implemented as a Block RAM) might be sub-optimal as no optional output register could be merged into the ram block. Providing additional output register may help in improving timing.
INFO: [Synth 8-7052] The timing for the instance PROGROM/XPM_PROGROM/xpm_memory_base_inst/gen_rd_a.gen_rd_a_synth_template.gen_rf_narrow_reg.douta_reg_reg_10 (implemented as a Block RAM) might be sub-optimal as no optional output register could be merged into the ram block. Providing additional output register may help in improving timing.
INFO: [Synth 8-7052] The timing for the instance PROGROM/XPM_PROGROM/xpm_memory_base_inst/gen_rd_a.gen_rd_a_synth_template.gen_rf_narrow_reg.douta_reg_reg_11 (implemented as a Block RAM) might be sub-optimal as no optional output register could be merged into the ram block. Providing additional output register may help in improving timing.
INFO: [Synth 8-7052] The timing for the instance PROGROM/XPM_PROGROM/xpm_memory_base_inst/gen_rd_a.gen_rd_a_synth_template.gen_rf_narrow_reg.douta_reg_reg_12 (implemented as a Block RAM) might be sub-optimal as no optional output register could be merged into the ram block. Providing additional output register may help in improving timing.
INFO: [Synth 8-7052] The timing for the instance PROGROM/XPM_PROGROM/xpm_memory_base_inst/gen_rd_a.gen_rd_a_synth_template.gen_rf_narrow_reg.douta_reg_reg_13 (implemented as a Block RAM) might be sub-optimal as no optional output register could be merged into the ram block. Providing additional output register may help in improving timing.
INFO: [Synth 8-7052] The timing for the instance PROGROM/XPM_PROGROM/xpm_memory_base_inst/gen_rd_a.gen_rd_a_synth_template.gen_rf_narrow_reg.douta_reg_reg_14 (implemented as a Block RAM) might be sub-optimal as no optional output register could be merged into the ram block. Providing additional output register may help in improving timing.
INFO: [Synth 8-7052] The timing for the instance PROGROM/XPM_PROGROM/xpm_memory_base_inst/gen_rd_a.gen_rd_a_synth_template.gen_rf_narrow_reg.douta_reg_reg_15 (implemented as a Block RAM) might be sub-optimal as no optional output register could be merged into the ram block. Providing additional output register may help in improving timing.
INFO: [Synth 8-7052] The timing for the instance DATARAM/XPM_DATARAM/xpm_memory_base_inst/gen_wr_a.gen_byte_narrow.for_mem_cols[1].mem_reg_0_0 (implemented as a Block RAM) might be sub-optimal as no optional output register could be merged into the ram block. Providing additional output register may help in improving timing.
INFO: [Synth 8-7052] The timing for the instance DATARAM/XPM_DATARAM/xpm_memory_base_inst/gen_wr_a.gen_byte_narrow.for_mem_cols[1].mem_reg_0_1 (implemented as a Block RAM) might be sub-optimal as no optional output register could be merged into the ram block. Providing additional output register may help in improving timing.
INFO: [Synth 8-7052] The timing for the instance DATARAM/XPM_DATARAM/xpm_memory_base_inst/gen_wr_a.gen_byte_narrow.for_mem_cols[1].mem_reg_0_2 (implemented as a Block RAM) might be sub-optimal as no optional output register could be merged into the ram block. Providing additional output register may help in improving timing.
INFO: [Synth 8-7052] The timing for the instance DATARAM/XPM_DATARAM/xpm_memory_base_inst/gen_wr_a.gen_byte_narrow.for_mem_cols[1].mem_reg_0_3 (implemented as a Block RAM) might be sub-optimal as no optional output register could be merged into the ram block. Providing additional output register may help in improving timing.
INFO: [Synth 8-7052] The timing for the instance DATARAM/XPM_DATARAM/xpm_memory_base_inst/gen_wr_a.gen_byte_narrow.for_mem_cols[1].mem_reg_1_0 (implemented as a Block RAM) might be sub-optimal as no optional output register could be merged into the ram block. Providing additional output register may help in improving timing.
INFO: [Synth 8-7052] The timing for the instance DATARAM/XPM_DATARAM/xpm_memory_base_inst/gen_wr_a.gen_byte_narrow.for_mem_cols[1].mem_reg_1_1 (implemented as a Block RAM) might be sub-optimal as no optional output register could be merged into the ram block. Providing additional output register may help in improving timing.
INFO: [Synth 8-7052] The timing for the instance DATARAM/XPM_DATARAM/xpm_memory_base_inst/gen_wr_a.gen_byte_narrow.for_mem_cols[1].mem_reg_1_2 (implemented as a Block RAM) might be sub-optimal as no optional output register could be merged into the ram block. Providing additional output register may help in improving timing.
INFO: [Synth 8-7052] The timing for the instance DATARAM/XPM_DATARAM/xpm_memory_base_inst/gen_wr_a.gen_byte_narrow.for_mem_cols[1].mem_reg_1_3 (implemented as a Block RAM) might be sub-optimal as no optional output register could be merged into the ram block. Providing additional output register may help in improving timing.
INFO: [Synth 8-7052] The timing for the instance DATARAM/XPM_DATARAM/xpm_memory_base_inst/gen_wr_a.gen_byte_narrow.for_mem_cols[1].mem_reg_2_0 (implemented as a Block RAM) might be sub-optimal as no optional output register could be merged into the ram block. Providing additional output register may help in improving timing.
INFO: [Synth 8-7052] The timing for the instance DATARAM/XPM_DATARAM/xpm_memory_base_inst/gen_wr_a.gen_byte_narrow.for_mem_cols[1].mem_reg_2_1 (implemented as a Block RAM) might be sub-optimal as no optional output register could be merged into the ram block. Providing additional output register may help in improving timing.
INFO: [Synth 8-7052] The timing for the instance DATARAM/XPM_DATARAM/xpm_memory_base_inst/gen_wr_a.gen_byte_narrow.for_mem_cols[1].mem_reg_2_2 (implemented as a Block RAM) might be sub-optimal as no optional output register could be merged into the ram block. Providing additional output register may help in improving timing.
INFO: [Synth 8-7052] The timing for the instance DATARAM/XPM_DATARAM/xpm_memory_base_inst/gen_wr_a.gen_byte_narrow.for_mem_cols[1].mem_reg_2_3 (implemented as a Block RAM) might be sub-optimal as no optional output register could be merged into the ram block. Providing additional output register may help in improving timing.
INFO: [Synth 8-7052] The timing for the instance DATARAM/XPM_DATARAM/xpm_memory_base_inst/gen_wr_a.gen_byte_narrow.for_mem_cols[1].mem_reg_3_0 (implemented as a Block RAM) might be sub-optimal as no optional output register could be merged into the ram block. Providing additional output register may help in improving timing.
INFO: [Synth 8-7052] The timing for the instance DATARAM/XPM_DATARAM/xpm_memory_base_inst/gen_wr_a.gen_byte_narrow.for_mem_cols[1].mem_reg_3_1 (implemented as a Block RAM) might be sub-optimal as no optional output register could be merged into the ram block. Providing additional output register may help in improving timing.
INFO: [Synth 8-7052] The timing for the instance DATARAM/XPM_DATARAM/xpm_memory_base_inst/gen_wr_a.gen_byte_narrow.for_mem_cols[1].mem_reg_3_2 (implemented as a Block RAM) might be sub-optimal as no optional output register could be merged into the ram block. Providing additional output register may help in improving timing.
INFO: [Synth 8-7052] The timing for the instance DATARAM/XPM_DATARAM/xpm_memory_base_inst/gen_wr_a.gen_byte_narrow.for_mem_cols[1].mem_reg_3_3 (implemented as a Block RAM) might be sub-optimal as no optional output register could be merged into the ram block. Providing additional output register may help in improving timing.
---------------------------------------------------------------------------------
Finished Technology Mapping : Time (s): cpu = 00:00:32 ; elapsed = 00:00:33 . Memory (MB): peak = 2401.785 ; gain = 698.555 ; free physical = 11414 ; free virtual = 26980
---------------------------------------------------------------------------------
---------------------------------------------------------------------------------
Start IO Insertion
---------------------------------------------------------------------------------
---------------------------------------------------------------------------------
Start Flattening Before IO Insertion
---------------------------------------------------------------------------------
---------------------------------------------------------------------------------
Finished Flattening Before IO Insertion
---------------------------------------------------------------------------------
---------------------------------------------------------------------------------
Start Final Netlist Cleanup
---------------------------------------------------------------------------------
---------------------------------------------------------------------------------
Finished Final Netlist Cleanup
---------------------------------------------------------------------------------
---------------------------------------------------------------------------------
Finished IO Insertion : Time (s): cpu = 00:00:36 ; elapsed = 00:00:36 . Memory (MB): peak = 2401.785 ; gain = 698.555 ; free physical = 11303 ; free virtual = 26869
---------------------------------------------------------------------------------
---------------------------------------------------------------------------------
Start Renaming Generated Instances
---------------------------------------------------------------------------------
---------------------------------------------------------------------------------
Finished Renaming Generated Instances : Time (s): cpu = 00:00:36 ; elapsed = 00:00:36 . Memory (MB): peak = 2401.785 ; gain = 698.555 ; free physical = 11299 ; free virtual = 26865
---------------------------------------------------------------------------------
---------------------------------------------------------------------------------
Start Rebuilding User Hierarchy
---------------------------------------------------------------------------------
---------------------------------------------------------------------------------
Finished Rebuilding User Hierarchy : Time (s): cpu = 00:00:36 ; elapsed = 00:00:36 . Memory (MB): peak = 2401.785 ; gain = 698.555 ; free physical = 11264 ; free virtual = 26830
---------------------------------------------------------------------------------
---------------------------------------------------------------------------------
Start Renaming Generated Ports
---------------------------------------------------------------------------------
---------------------------------------------------------------------------------
Finished Renaming Generated Ports : Time (s): cpu = 00:00:36 ; elapsed = 00:00:36 . Memory (MB): peak = 2401.785 ; gain = 698.555 ; free physical = 11260 ; free virtual = 26827
---------------------------------------------------------------------------------
---------------------------------------------------------------------------------
Start Handling Custom Attributes
---------------------------------------------------------------------------------
---------------------------------------------------------------------------------
Finished Handling Custom Attributes : Time (s): cpu = 00:00:36 ; elapsed = 00:00:37 . Memory (MB): peak = 2401.785 ; gain = 698.555 ; free physical = 11248 ; free virtual = 26814
---------------------------------------------------------------------------------
---------------------------------------------------------------------------------
Start Renaming Generated Nets
---------------------------------------------------------------------------------
---------------------------------------------------------------------------------
Finished Renaming Generated Nets : Time (s): cpu = 00:00:36 ; elapsed = 00:00:37 . Memory (MB): peak = 2401.785 ; gain = 698.555 ; free physical = 11244 ; free virtual = 26810
---------------------------------------------------------------------------------
---------------------------------------------------------------------------------
Start Writing Synthesis Report
---------------------------------------------------------------------------------

DSP Final Report (the ' indicates corresponding REG is set)
+------------+------------------+--------+--------+--------+--------+--------+------+------+------+------+-------+------+------+
|Module Name | DSP Mapping      | A Size | B Size | C Size | D Size | P Size | AREG | BREG | CREG | DREG | ADREG | MREG | PREG | 
+------------+------------------+--------+--------+--------+--------+--------+------+------+------+------+-------+------+------+
|mul_unit    | A'*B             | 17     | 18     | -      | -      | 48     | 1    | 0    | -    | -    | -     | 0    | 0    | 
|mul_unit    | (PCIN>>17+A*B)'  | 30     | 18     | -      | -      | 48     | 0    | 0    | -    | -    | -     | 0    | 1    | 
|mul_unit    | A'*B'            | 17     | 17     | -      | -      | 48     | 1    | 1    | -    | -    | -     | 0    | 0    | 
|mul_unit    | (PCIN>>17+A'*B)' | 17     | 18     | -      | -      | 48     | 1    | 0    | -    | -    | -     | 0    | 1    | 
+------------+------------------+--------+--------+--------+--------+--------+------+------+------+------+-------+------+------+


Report BlackBoxes: 
+-+--------------+----------+
| |BlackBox name |Instances |
+-+--------------+----------+
+-+--------------+----------+

Report Cell Usage: 
+------+----------+------+
|      |Cell      |Count |
+------+----------+------+
|1     |BUFG      |     1|
|2     |CARRY4    |   161|
|3     |DSP48E1   |     4|
|7     |LUT1      |   175|
|8     |LUT2      |   252|
|9     |LUT3      |   269|
|10    |LUT4      |   266|
|11    |LUT5      |   687|
|12    |LUT6      |  1043|
|13    |MUXF7     |   268|
|14    |RAM128X1D |    64|
|15    |RAMB36E1  |    31|
|46    |FDRE      |  2253|
|47    |FDSE      |    11|
|48    |IBUF      |     2|
|49    |OBUF      |     7|
+------+----------+------+
---------------------------------------------------------------------------------
Finished Writing Synthesis Report : Time (s): cpu = 00:00:36 ; elapsed = 00:00:37 . Memory (MB): peak = 2401.785 ; gain = 698.555 ; free physical = 11243 ; free virtual = 26809
---------------------------------------------------------------------------------
Synthesis finished with 0 errors, 0 critical warnings and 259 warnings.
Synthesis Optimization Runtime : Time (s): cpu = 00:00:34 ; elapsed = 00:00:35 . Memory (MB): peak = 2401.785 ; gain = 533.727 ; free physical = 11221 ; free virtual = 26788
Synthesis Optimization Complete : Time (s): cpu = 00:00:36 ; elapsed = 00:00:37 . Memory (MB): peak = 2401.785 ; gain = 698.555 ; free physical = 11221 ; free virtual = 26788
INFO: [Project 1-571] Translating synthesized netlist
Netlist sorting complete. Time (s): cpu = 00:00:00.04 ; elapsed = 00:00:00.03 . Memory (MB): peak = 2401.785 ; gain = 0.000 ; free physical = 11519 ; free virtual = 27085
INFO: [Netlist 29-17] Analyzing 528 Unisim elements for replacement
INFO: [Netlist 29-28] Unisim Transformation completed in 0 CPU seconds
INFO: [Project 1-570] Preparing netlist for logic optimization
Parsing XDC File [/home/zshuhansan/git_project/learn_fpga/FemtoRV/TUTORIALS/FROM_BLINKER_TO_RISCV/Soc/vivado/zynq7020_clg400_2_synth_only.xdc]
Finished Parsing XDC File [/home/zshuhansan/git_project/learn_fpga/FemtoRV/TUTORIALS/FROM_BLINKER_TO_RISCV/Soc/vivado/zynq7020_clg400_2_synth_only.xdc]
INFO: [Project 1-1714] 1 XPM XDC files have been applied to the design.
INFO: [Opt 31-138] Pushed 0 inverter(s) to 0 load pin(s).
Netlist sorting complete. Time (s): cpu = 00:00:00.01 ; elapsed = 00:00:00 . Memory (MB): peak = 2798.066 ; gain = 0.000 ; free physical = 11266 ; free virtual = 26833
INFO: [Project 1-111] Unisim Transformation Summary:
  A total of 64 instances were transformed.
  RAM128X1D => RAM128X1D (MUXF7(x2), RAMD64E(x4)): 64 instances

Synth Design complete | Checksum: b8a50eb8
INFO: [Common 17-83] Releasing license: Synthesis
89 Infos, 172 Warnings, 0 Critical Warnings and 0 Errors encountered.
synth_design completed successfully
synth_design: Time (s): cpu = 00:00:46 ; elapsed = 00:00:44 . Memory (MB): peak = 2798.102 ; gain = 1463.379 ; free physical = 11266 ; free virtual = 26832
INFO: [Common 17-2834] synth_design peak Physical Memory [PSS] (MB): overall = 2213.224; main = 2213.224; forked = 428.362
INFO: [Common 17-2834] synth_design peak Virtual Memory [VSS] (MB): overall = 3351.996; main = 2798.070; forked = 998.266
# report_timing_summary -delay_type max -max_paths 20 -input_pins -file [file join $reports_dir post_synth_timing_summary.rpt]
INFO: [Timing 38-91] UpdateTimingParams: Speed grade: -2, Delay Type: max.
INFO: [Timing 38-191] Multithreading enabled for timing update using a maximum of 12 CPUs
INFO: [Timing 38-35] Done setting XDC timing constraints.
# report_utilization -hierarchical -file [file join $reports_dir post_synth_utilization_hier.rpt]
# report_utilization -file [file join $reports_dir post_synth_utilization.rpt]
# report_high_fanout_nets -max_nets 50 -fanout_greater_than 16 -file [file join $reports_dir post_synth_high_fanout.rpt]
report_high_fanout_nets: Time (s): cpu = 00:00:00.06 ; elapsed = 00:00:00.16 . Memory (MB): peak = 2809.109 ; gain = 0.000 ; free physical = 11241 ; free virtual = 26807
# report_control_sets -verbose -file [file join $reports_dir post_synth_control_sets.rpt]
report_control_sets: Time (s): cpu = 00:00:00.04 ; elapsed = 00:00:00.14 . Memory (MB): peak = 2809.109 ; gain = 0.000 ; free physical = 11240 ; free virtual = 26807
# write_checkpoint -force [file join $reports_dir [format "%s_post_synth.dcp" $project_name]]
INFO: [Timing 38-480] Writing timing data to binary archive.
Write ShapeDB Complete: Time (s): cpu = 00:00:00.02 ; elapsed = 00:00:00.01 . Memory (MB): peak = 2841.125 ; gain = 0.000 ; free physical = 11240 ; free virtual = 26807
INFO: [Common 17-1381] The checkpoint '/home/zshuhansan/git_project/learn_fpga/FemtoRV/TUTORIALS/FROM_BLINKER_TO_RISCV/Soc/vivado/reports_zynq7020_clg400_2_mulpipe_fanout32_redirectsplit_clean_postphys/soc_zynq7020_clg400_2_mulpipe_fanout32_redirectsplit_clean_postphys_post_synth.dcp' has been generated.
# set worst_setup_path [lindex [get_timing_paths -max_paths 1 -setup] 0]
# set worst_hold_path [lindex [get_timing_paths -max_paths 1 -hold] 0]
# set wns [expr {$worst_setup_path eq "" ? "" : [get_property SLACK $worst_setup_path]}]
# set whs [expr {$worst_hold_path eq "" ? "" : [get_property SLACK $worst_hold_path]}]
# puts "SYNTH_STATUS=complete"
SYNTH_STATUS=complete
# puts "VIVADO_JOBS=$jobs"
VIVADO_JOBS=12
# puts "VIVADO_VARIANT=$variant_name"
VIVADO_VARIANT=mulpipe_fanout32_redirectsplit_clean_postphys
# puts "ENABLE_RV32M=$enable_rv32m"
ENABLE_RV32M=1
# puts "SYNTH_WNS=$wns"
SYNTH_WNS=-0.193
# puts "SYNTH_WHS=$whs"
SYNTH_WHS=0.12
# puts "REPORT_DIR=$reports_dir"
REPORT_DIR=/home/zshuhansan/git_project/learn_fpga/FemtoRV/TUTORIALS/FROM_BLINKER_TO_RISCV/Soc/vivado/reports_zynq7020_clg400_2_mulpipe_fanout32_redirectsplit_clean_postphys
# close_project
# exit
INFO: [Common 17-206] Exiting Vivado at Sat Apr 11 19:09:15 2026...
