
*** Running vivado
    with args -log Soc.vdi -applog -m64 -product Vivado -messageDb vivado.pb -mode batch -source Soc.tcl -notrace


****** Vivado v2023.2 (64-bit)
  **** SW Build 4029153 on Fri Oct 13 20:13:54 MDT 2023
  **** IP Build 4028589 on Sat Oct 14 00:45:43 MDT 2023
  **** SharedData Build 4025554 on Tue Oct 10 17:18:54 MDT 2023
    ** Copyright 1986-2022 Xilinx, Inc. All Rights Reserved.
    ** Copyright 2022-2023 Advanced Micro Devices, Inc. All Rights Reserved.

source Soc.tcl -notrace
create_project: Time (s): cpu = 00:00:06 ; elapsed = 00:00:06 . Memory (MB): peak = 1338.801 ; gain = 0.023 ; free physical = 13175 ; free virtual = 28563
Command: link_design -top Soc -part xc7z020clg400-2
Design is defaulting to srcset: sources_1
Design is defaulting to constrset: constrs_1
INFO: [Device 21-403] Loading part xc7z020clg400-2
Netlist sorting complete. Time (s): cpu = 00:00:00.02 ; elapsed = 00:00:00.02 . Memory (MB): peak = 1689.332 ; gain = 0.000 ; free physical = 12838 ; free virtual = 28226
INFO: [Netlist 29-17] Analyzing 525 Unisim elements for replacement
INFO: [Netlist 29-28] Unisim Transformation completed in 0 CPU seconds
INFO: [Project 1-479] Netlist was created with Vivado 2023.2
INFO: [Project 1-570] Preparing netlist for logic optimization
Parsing XDC File [/home/zshuhansan/git_project/learn_fpga/FemtoRV/TUTORIALS/FROM_BLINKER_TO_RISCV/Soc/vivado/zynq7020_clg400_2_synth_only.xdc]
Finished Parsing XDC File [/home/zshuhansan/git_project/learn_fpga/FemtoRV/TUTORIALS/FROM_BLINKER_TO_RISCV/Soc/vivado/zynq7020_clg400_2_synth_only.xdc]
INFO: [Project 1-1714] 1 XPM XDC files have been applied to the design.
INFO: [Opt 31-138] Pushed 0 inverter(s) to 0 load pin(s).
Netlist sorting complete. Time (s): cpu = 00:00:00 ; elapsed = 00:00:00 . Memory (MB): peak = 2380.645 ; gain = 0.000 ; free physical = 12292 ; free virtual = 27680
INFO: [Project 1-111] Unisim Transformation Summary:
  A total of 64 instances were transformed.
  RAM128X1D => RAM128X1D (MUXF7(x2), RAMD64E(x4)): 64 instances

8 Infos, 0 Warnings, 0 Critical Warnings and 0 Errors encountered.
link_design completed successfully
link_design: Time (s): cpu = 00:00:10 ; elapsed = 00:00:11 . Memory (MB): peak = 2380.680 ; gain = 1041.879 ; free physical = 12291 ; free virtual = 27679
Command: opt_design
Attempting to get a license for feature 'Implementation' and/or device 'xc7z020'
INFO: [Common 17-349] Got license for feature 'Implementation' and/or device 'xc7z020'
Running DRC as a precondition to command opt_design

Starting DRC Task
INFO: [DRC 23-27] Running DRC with 12 threads
INFO: [Project 1-461] DRC finished with 0 Errors
INFO: [Project 1-462] Please refer to the DRC report (report_drc) for more information.

Time (s): cpu = 00:00:01 ; elapsed = 00:00:00.61 . Memory (MB): peak = 2476.691 ; gain = 96.012 ; free physical = 12288 ; free virtual = 27676

Starting Cache Timing Information Task
INFO: [Timing 38-35] Done setting XDC timing constraints.
Ending Cache Timing Information Task | Checksum: b86d0443

Time (s): cpu = 00:00:00.51 ; elapsed = 00:00:00.21 . Memory (MB): peak = 2476.691 ; gain = 0.000 ; free physical = 12287 ; free virtual = 27676

Starting Logic Optimization Task

Phase 1 Initialization

Phase 1.1 Core Generation And Design Setup
Phase 1.1 Core Generation And Design Setup | Checksum: b86d0443

Time (s): cpu = 00:00:00 ; elapsed = 00:00:00 . Memory (MB): peak = 2691.559 ; gain = 0.000 ; free physical = 11973 ; free virtual = 27362

Phase 1.2 Setup Constraints And Sort Netlist
Phase 1.2 Setup Constraints And Sort Netlist | Checksum: b86d0443

Time (s): cpu = 00:00:00 ; elapsed = 00:00:00 . Memory (MB): peak = 2691.559 ; gain = 0.000 ; free physical = 11973 ; free virtual = 27362
Phase 1 Initialization | Checksum: b86d0443

Time (s): cpu = 00:00:00 ; elapsed = 00:00:00 . Memory (MB): peak = 2691.559 ; gain = 0.000 ; free physical = 11973 ; free virtual = 27362

Phase 2 Timer Update And Timing Data Collection

Phase 2.1 Timer Update
Phase 2.1 Timer Update | Checksum: b86d0443

Time (s): cpu = 00:00:00.5 ; elapsed = 00:00:00.08 . Memory (MB): peak = 2691.559 ; gain = 0.000 ; free physical = 11973 ; free virtual = 27362

Phase 2.2 Timing Data Collection
Phase 2.2 Timing Data Collection | Checksum: b86d0443

Time (s): cpu = 00:00:00.51 ; elapsed = 00:00:00.08 . Memory (MB): peak = 2691.559 ; gain = 0.000 ; free physical = 11973 ; free virtual = 27362
Phase 2 Timer Update And Timing Data Collection | Checksum: b86d0443

Time (s): cpu = 00:00:00.51 ; elapsed = 00:00:00.08 . Memory (MB): peak = 2691.559 ; gain = 0.000 ; free physical = 11973 ; free virtual = 27362

Phase 3 Retarget
INFO: [Opt 31-1566] Pulled 2 inverters resulting in an inversion of 18 pins
INFO: [Opt 31-138] Pushed 0 inverter(s) to 0 load pin(s).
INFO: [Opt 31-49] Retargeted 0 cell(s).
Phase 3 Retarget | Checksum: 18bd9658c

Time (s): cpu = 00:00:00.57 ; elapsed = 00:00:00.15 . Memory (MB): peak = 2691.559 ; gain = 0.000 ; free physical = 11973 ; free virtual = 27362
Retarget | Checksum: 18bd9658c
INFO: [Opt 31-389] Phase Retarget created 0 cells and removed 2 cells

Phase 4 Constant propagation
INFO: [Opt 31-138] Pushed 0 inverter(s) to 0 load pin(s).
Phase 4 Constant propagation | Checksum: 1dc126c5d

Time (s): cpu = 00:00:00.6 ; elapsed = 00:00:00.18 . Memory (MB): peak = 2691.559 ; gain = 0.000 ; free physical = 11973 ; free virtual = 27362
Constant propagation | Checksum: 1dc126c5d
INFO: [Opt 31-389] Phase Constant propagation created 0 cells and removed 0 cells

Phase 5 Sweep
Phase 5 Sweep | Checksum: 12a316ec2

Time (s): cpu = 00:00:00.64 ; elapsed = 00:00:00.22 . Memory (MB): peak = 2691.559 ; gain = 0.000 ; free physical = 11973 ; free virtual = 27362
Sweep | Checksum: 12a316ec2
INFO: [Opt 31-389] Phase Sweep created 0 cells and removed 0 cells

Phase 6 BUFG optimization
Phase 6 BUFG optimization | Checksum: 12a316ec2

Time (s): cpu = 00:00:00.72 ; elapsed = 00:00:00.26 . Memory (MB): peak = 2691.559 ; gain = 0.000 ; free physical = 11973 ; free virtual = 27362
BUFG optimization | Checksum: 12a316ec2
INFO: [Opt 31-662] Phase BUFG optimization created 0 cells of which 0 are BUFGs and removed 0 cells.

Phase 7 Shift Register Optimization
INFO: [Opt 31-1064] SRL Remap converted 0 SRLs to 0 registers and converted 0 registers of register chains to 0 SRLs
Phase 7 Shift Register Optimization | Checksum: 12a316ec2

Time (s): cpu = 00:00:00.72 ; elapsed = 00:00:00.26 . Memory (MB): peak = 2691.559 ; gain = 0.000 ; free physical = 11973 ; free virtual = 27362
Shift Register Optimization | Checksum: 12a316ec2
INFO: [Opt 31-389] Phase Shift Register Optimization created 0 cells and removed 0 cells

Phase 8 Post Processing Netlist
Phase 8 Post Processing Netlist | Checksum: 12a316ec2

Time (s): cpu = 00:00:00.73 ; elapsed = 00:00:00.27 . Memory (MB): peak = 2691.559 ; gain = 0.000 ; free physical = 11973 ; free virtual = 27362
Post Processing Netlist | Checksum: 12a316ec2
INFO: [Opt 31-389] Phase Post Processing Netlist created 0 cells and removed 0 cells

Phase 9 Finalization

Phase 9.1 Finalizing Design Cores and Updating Shapes
Phase 9.1 Finalizing Design Cores and Updating Shapes | Checksum: 156ee4aae

Time (s): cpu = 00:00:00.79 ; elapsed = 00:00:00.32 . Memory (MB): peak = 2691.559 ; gain = 0.000 ; free physical = 11973 ; free virtual = 27362

Phase 9.2 Verifying Netlist Connectivity

Starting Connectivity Check Task

Time (s): cpu = 00:00:00 ; elapsed = 00:00:00.01 . Memory (MB): peak = 2691.559 ; gain = 0.000 ; free physical = 11973 ; free virtual = 27362
Phase 9.2 Verifying Netlist Connectivity | Checksum: 156ee4aae

Time (s): cpu = 00:00:00.79 ; elapsed = 00:00:00.33 . Memory (MB): peak = 2691.559 ; gain = 0.000 ; free physical = 11973 ; free virtual = 27362
Phase 9 Finalization | Checksum: 156ee4aae

Time (s): cpu = 00:00:00.79 ; elapsed = 00:00:00.33 . Memory (MB): peak = 2691.559 ; gain = 0.000 ; free physical = 11973 ; free virtual = 27362
Opt_design Change Summary
=========================


-------------------------------------------------------------------------------------------------------------------------
|  Phase                        |  #Cells created  |  #Cells Removed  |  #Constrained objects preventing optimizations  |
-------------------------------------------------------------------------------------------------------------------------
|  Retarget                     |               0  |               2  |                                              0  |
|  Constant propagation         |               0  |               0  |                                              0  |
|  Sweep                        |               0  |               0  |                                              0  |
|  BUFG optimization            |               0  |               0  |                                              0  |
|  Shift Register Optimization  |               0  |               0  |                                              0  |
|  Post Processing Netlist      |               0  |               0  |                                              0  |
-------------------------------------------------------------------------------------------------------------------------


Ending Logic Optimization Task | Checksum: 156ee4aae

Time (s): cpu = 00:00:00.79 ; elapsed = 00:00:00.33 . Memory (MB): peak = 2691.559 ; gain = 0.000 ; free physical = 11973 ; free virtual = 27362
INFO: [Constraints 18-11670] Building netlist checker database with flags, 0x8
Done building netlist checker database: Time (s): cpu = 00:00:00 ; elapsed = 00:00:00 . Memory (MB): peak = 2691.559 ; gain = 0.000 ; free physical = 11973 ; free virtual = 27362

Starting Power Optimization Task
INFO: [Pwropt 34-132] Skipping clock gating for clocks with a period < 2.00 ns.
INFO: [Timing 38-35] Done setting XDC timing constraints.
Running Vector-less Activity Propagation...

Finished Running Vector-less Activity Propagation
INFO: [Pwropt 34-9] Applying IDT optimizations ...
INFO: [Pwropt 34-10] Applying ODC optimizations ...


Starting PowerOpt Patch Enables Task
INFO: [Pwropt 34-162] WRITE_MODE attribute of 0 BRAM(s) out of a total of 31 has been updated to save power. Run report_power_opt to get a complete listing of the BRAMs updated.
INFO: [Pwropt 34-201] Structural ODC has moved 16 WE to EN ports
Number of BRAM Ports augmented: 0 newly gated: 16 Total Ports: 62
Ending PowerOpt Patch Enables Task | Checksum: 146b2c266

Time (s): cpu = 00:00:00.09 ; elapsed = 00:00:00.09 . Memory (MB): peak = 3100.645 ; gain = 0.000 ; free physical = 11805 ; free virtual = 27193
Ending Power Optimization Task | Checksum: 146b2c266

Time (s): cpu = 00:00:05 ; elapsed = 00:00:03 . Memory (MB): peak = 3100.645 ; gain = 409.086 ; free physical = 11805 ; free virtual = 27193

Starting Final Cleanup Task
Ending Final Cleanup Task | Checksum: 146b2c266

Time (s): cpu = 00:00:00 ; elapsed = 00:00:00 . Memory (MB): peak = 3100.645 ; gain = 0.000 ; free physical = 11805 ; free virtual = 27193

Starting Netlist Obfuscation Task
Netlist sorting complete. Time (s): cpu = 00:00:00 ; elapsed = 00:00:00 . Memory (MB): peak = 3100.645 ; gain = 0.000 ; free physical = 11805 ; free virtual = 27193
Ending Netlist Obfuscation Task | Checksum: 18da25756

Time (s): cpu = 00:00:00 ; elapsed = 00:00:00 . Memory (MB): peak = 3100.645 ; gain = 0.000 ; free physical = 11805 ; free virtual = 27193
INFO: [Common 17-83] Releasing license: Implementation
32 Infos, 0 Warnings, 0 Critical Warnings and 0 Errors encountered.
opt_design completed successfully
opt_design: Time (s): cpu = 00:00:09 ; elapsed = 00:00:06 . Memory (MB): peak = 3100.645 ; gain = 719.965 ; free physical = 11805 ; free virtual = 27193
INFO: [runtcl-4] Executing : report_drc -file Soc_drc_opted.rpt -pb Soc_drc_opted.pb -rpx Soc_drc_opted.rpx
Command: report_drc -file Soc_drc_opted.rpt -pb Soc_drc_opted.pb -rpx Soc_drc_opted.rpx
INFO: [IP_Flow 19-234] Refreshing IP repositories
INFO: [IP_Flow 19-1704] No user IP repositories specified
INFO: [IP_Flow 19-2313] Loaded Vivado IP repository '/home/zshuhansan/Xilinx/Vivado/2023.2/data/ip'.
INFO: [DRC 23-27] Running DRC with 12 threads
INFO: [Vivado_Tcl 2-168] The results of DRC are in file /home/zshuhansan/git_project/learn_fpga/FemtoRV/TUTORIALS/FROM_BLINKER_TO_RISCV/Soc/vivado/project_zynq7020_clg400_2/soc_zynq7020_clg400_2.runs/impl_1/Soc_drc_opted.rpt.
report_drc completed successfully
INFO: [Timing 38-480] Writing timing data to binary archive.
Write ShapeDB Complete: Time (s): cpu = 00:00:00.03 ; elapsed = 00:00:00.01 . Memory (MB): peak = 3100.645 ; gain = 0.000 ; free physical = 11787 ; free virtual = 27175
INFO: [Common 17-1381] The checkpoint '/home/zshuhansan/git_project/learn_fpga/FemtoRV/TUTORIALS/FROM_BLINKER_TO_RISCV/Soc/vivado/project_zynq7020_clg400_2/soc_zynq7020_clg400_2.runs/impl_1/Soc_opt.dcp' has been generated.
Command: place_design
Attempting to get a license for feature 'Implementation' and/or device 'xc7z020'
INFO: [Common 17-349] Got license for feature 'Implementation' and/or device 'xc7z020'
INFO: [Common 17-83] Releasing license: Implementation
INFO: [DRC 23-27] Running DRC with 12 threads
INFO: [Vivado_Tcl 4-198] DRC finished with 0 Errors
INFO: [Vivado_Tcl 4-199] Please refer to the DRC report (report_drc) for more information.
Running DRC as a precondition to command place_design
INFO: [DRC 23-27] Running DRC with 12 threads
INFO: [Vivado_Tcl 4-198] DRC finished with 0 Errors
INFO: [Vivado_Tcl 4-199] Please refer to the DRC report (report_drc) for more information.
INFO: [Place 30-611] Multithreading enabled for place_design using a maximum of 12 CPUs

Starting Placer Task

Phase 1 Placer Initialization

Phase 1.1 Placer Initialization Netlist Sorting
Netlist sorting complete. Time (s): cpu = 00:00:00 ; elapsed = 00:00:00 . Memory (MB): peak = 3100.645 ; gain = 0.000 ; free physical = 11762 ; free virtual = 27151
Phase 1.1 Placer Initialization Netlist Sorting | Checksum: 942875e6

Time (s): cpu = 00:00:00 ; elapsed = 00:00:00 . Memory (MB): peak = 3100.645 ; gain = 0.000 ; free physical = 11762 ; free virtual = 27151
Netlist sorting complete. Time (s): cpu = 00:00:00 ; elapsed = 00:00:00 . Memory (MB): peak = 3100.645 ; gain = 0.000 ; free physical = 11762 ; free virtual = 27151

Phase 1.2 IO Placement/ Clock Placement/ Build Placer Device
INFO: [Timing 38-35] Done setting XDC timing constraints.
Phase 1.2 IO Placement/ Clock Placement/ Build Placer Device | Checksum: 4054e322

Time (s): cpu = 00:00:01 ; elapsed = 00:00:00.36 . Memory (MB): peak = 3100.645 ; gain = 0.000 ; free physical = 11749 ; free virtual = 27138

Phase 1.3 Build Placer Netlist Model
Phase 1.3 Build Placer Netlist Model | Checksum: c5b0796f

Time (s): cpu = 00:00:04 ; elapsed = 00:00:01 . Memory (MB): peak = 3100.645 ; gain = 0.000 ; free physical = 11748 ; free virtual = 27137

Phase 1.4 Constrain Clocks/Macros
Phase 1.4 Constrain Clocks/Macros | Checksum: c5b0796f

Time (s): cpu = 00:00:04 ; elapsed = 00:00:01 . Memory (MB): peak = 3100.645 ; gain = 0.000 ; free physical = 11748 ; free virtual = 27137
Phase 1 Placer Initialization | Checksum: c5b0796f

Time (s): cpu = 00:00:04 ; elapsed = 00:00:01 . Memory (MB): peak = 3100.645 ; gain = 0.000 ; free physical = 11748 ; free virtual = 27137

Phase 2 Global Placement

Phase 2.1 Floorplanning
Phase 2.1 Floorplanning | Checksum: 4a36d974

Time (s): cpu = 00:00:05 ; elapsed = 00:00:01 . Memory (MB): peak = 3100.645 ; gain = 0.000 ; free physical = 11840 ; free virtual = 27229

Phase 2.2 Update Timing before SLR Path Opt
Phase 2.2 Update Timing before SLR Path Opt | Checksum: e555fe92

Time (s): cpu = 00:00:06 ; elapsed = 00:00:02 . Memory (MB): peak = 3100.645 ; gain = 0.000 ; free physical = 11841 ; free virtual = 27230

Phase 2.3 Post-Processing in Floorplanning
Phase 2.3 Post-Processing in Floorplanning | Checksum: e555fe92

Time (s): cpu = 00:00:06 ; elapsed = 00:00:02 . Memory (MB): peak = 3100.645 ; gain = 0.000 ; free physical = 11841 ; free virtual = 27230

Phase 2.4 Global Placement Core

Phase 2.4.1 UpdateTiming Before Physical Synthesis
Phase 2.4.1 UpdateTiming Before Physical Synthesis | Checksum: 155c2798d

Time (s): cpu = 00:00:21 ; elapsed = 00:00:06 . Memory (MB): peak = 3100.645 ; gain = 0.000 ; free physical = 11839 ; free virtual = 27228

Phase 2.4.2 Physical Synthesis In Placer
INFO: [Physopt 32-1035] Found 0 LUTNM shape to break, 165 LUT instances to create LUTNM shape
INFO: [Physopt 32-1044] Break lutnm for timing: one critical 0, two critical 0, total 0, new lutff created 0
INFO: [Physopt 32-1138] End 1 Pass. Optimized 59 nets or LUTs. Breaked 0 LUT, combined 59 existing LUTs and moved 0 existing LUT
INFO: [Physopt 32-65] No nets found for high-fanout optimization.
INFO: [Physopt 32-232] Optimized 0 net. Created 0 new instance.
INFO: [Physopt 32-775] End 1 Pass. Optimized 0 net or cell. Created 0 new cell, deleted 0 existing cell and moved 0 existing cell
INFO: [Physopt 32-456] No candidate cells for DSP register optimization found in the design.
INFO: [Physopt 32-775] End 2 Pass. Optimized 0 net or cell. Created 0 new cell, deleted 0 existing cell and moved 0 existing cell
INFO: [Physopt 32-1123] No candidate cells found for Shift Register to Pipeline optimization
INFO: [Physopt 32-775] End 2 Pass. Optimized 0 net or cell. Created 0 new cell, deleted 0 existing cell and moved 0 existing cell
INFO: [Physopt 32-1401] No candidate cells found for Shift Register optimization.
INFO: [Physopt 32-677] No candidate cells for Shift Register optimization found in the design
INFO: [Physopt 32-775] End 1 Pass. Optimized 0 net or cell. Created 0 new cell, deleted 0 existing cell and moved 0 existing cell
INFO: [Physopt 32-526] No candidate cells for BRAM register optimization found in the design
INFO: [Physopt 32-775] End 1 Pass. Optimized 0 net or cell. Created 0 new cell, deleted 0 existing cell and moved 0 existing cell
INFO: [Physopt 32-846] No candidate cells for URAM register optimization found in the design
INFO: [Physopt 32-775] End 1 Pass. Optimized 0 net or cell. Created 0 new cell, deleted 0 existing cell and moved 0 existing cell
INFO: [Physopt 32-846] No candidate cells for URAM register optimization found in the design
INFO: [Physopt 32-775] End 1 Pass. Optimized 0 net or cell. Created 0 new cell, deleted 0 existing cell and moved 0 existing cell
INFO: [Physopt 32-949] No candidate nets found for dynamic/static region interface net replication
INFO: [Physopt 32-775] End 1 Pass. Optimized 0 net or cell. Created 0 new cell, deleted 0 existing cell and moved 0 existing cell
Netlist sorting complete. Time (s): cpu = 00:00:00 ; elapsed = 00:00:00 . Memory (MB): peak = 3100.645 ; gain = 0.000 ; free physical = 11839 ; free virtual = 27228

Summary of Physical Synthesis Optimizations
============================================


-----------------------------------------------------------------------------------------------------------------------------------------------------------
|  Optimization                                     |  Added Cells  |  Removed Cells  |  Optimized Cells/Nets  |  Dont Touch  |  Iterations  |  Elapsed   |
-----------------------------------------------------------------------------------------------------------------------------------------------------------
|  LUT Combining                                    |            0  |             59  |                    59  |           0  |           1  |  00:00:00  |
|  Retime                                           |            0  |              0  |                     0  |           0  |           1  |  00:00:00  |
|  Very High Fanout                                 |            0  |              0  |                     0  |           0  |           1  |  00:00:00  |
|  DSP Register                                     |            0  |              0  |                     0  |           0  |           1  |  00:00:00  |
|  Shift Register to Pipeline                       |            0  |              0  |                     0  |           0  |           1  |  00:00:00  |
|  Shift Register                                   |            0  |              0  |                     0  |           0  |           1  |  00:00:00  |
|  BRAM Register                                    |            0  |              0  |                     0  |           0  |           1  |  00:00:00  |
|  URAM Register                                    |            0  |              0  |                     0  |           0  |           1  |  00:00:00  |
|  Dynamic/Static Region Interface Net Replication  |            0  |              0  |                     0  |           0  |           1  |  00:00:00  |
|  Total                                            |            0  |             59  |                    59  |           0  |           9  |  00:00:00  |
-----------------------------------------------------------------------------------------------------------------------------------------------------------


Phase 2.4.2 Physical Synthesis In Placer | Checksum: c81893b6

Time (s): cpu = 00:00:22 ; elapsed = 00:00:06 . Memory (MB): peak = 3100.645 ; gain = 0.000 ; free physical = 11839 ; free virtual = 27228
Phase 2.4 Global Placement Core | Checksum: 1586e6e57

Time (s): cpu = 00:00:23 ; elapsed = 00:00:06 . Memory (MB): peak = 3100.645 ; gain = 0.000 ; free physical = 11839 ; free virtual = 27228
Phase 2 Global Placement | Checksum: 1586e6e57

Time (s): cpu = 00:00:23 ; elapsed = 00:00:06 . Memory (MB): peak = 3100.645 ; gain = 0.000 ; free physical = 11839 ; free virtual = 27228

Phase 3 Detail Placement

Phase 3.1 Commit Multi Column Macros
Phase 3.1 Commit Multi Column Macros | Checksum: 1c281a24e

Time (s): cpu = 00:00:24 ; elapsed = 00:00:07 . Memory (MB): peak = 3100.645 ; gain = 0.000 ; free physical = 11839 ; free virtual = 27228

Phase 3.2 Commit Most Macros & LUTRAMs
Phase 3.2 Commit Most Macros & LUTRAMs | Checksum: 6410435a

Time (s): cpu = 00:00:26 ; elapsed = 00:00:07 . Memory (MB): peak = 3100.645 ; gain = 0.000 ; free physical = 11828 ; free virtual = 27217

Phase 3.3 Area Swap Optimization
Phase 3.3 Area Swap Optimization | Checksum: f8acbdbb

Time (s): cpu = 00:00:26 ; elapsed = 00:00:07 . Memory (MB): peak = 3100.645 ; gain = 0.000 ; free physical = 11823 ; free virtual = 27212

Phase 3.4 Pipeline Register Optimization
Phase 3.4 Pipeline Register Optimization | Checksum: 94bebe6c

Time (s): cpu = 00:00:26 ; elapsed = 00:00:07 . Memory (MB): peak = 3100.645 ; gain = 0.000 ; free physical = 11822 ; free virtual = 27211

Phase 3.5 Fast Optimization
Phase 3.5 Fast Optimization | Checksum: 114427ddb

Time (s): cpu = 00:00:30 ; elapsed = 00:00:10 . Memory (MB): peak = 3100.645 ; gain = 0.000 ; free physical = 11827 ; free virtual = 27216

Phase 3.6 Small Shape Detail Placement
Phase 3.6 Small Shape Detail Placement | Checksum: 81125cd5

Time (s): cpu = 00:00:32 ; elapsed = 00:00:11 . Memory (MB): peak = 3100.645 ; gain = 0.000 ; free physical = 11830 ; free virtual = 27219

Phase 3.7 Re-assign LUT pins
Phase 3.7 Re-assign LUT pins | Checksum: 6e0d138b

Time (s): cpu = 00:00:32 ; elapsed = 00:00:11 . Memory (MB): peak = 3100.645 ; gain = 0.000 ; free physical = 11830 ; free virtual = 27219

Phase 3.8 Pipeline Register Optimization
Phase 3.8 Pipeline Register Optimization | Checksum: f066768d

Time (s): cpu = 00:00:32 ; elapsed = 00:00:11 . Memory (MB): peak = 3100.645 ; gain = 0.000 ; free physical = 11830 ; free virtual = 27219

Phase 3.9 Fast Optimization
Phase 3.9 Fast Optimization | Checksum: a600b6a9

Time (s): cpu = 00:00:45 ; elapsed = 00:00:20 . Memory (MB): peak = 3100.645 ; gain = 0.000 ; free physical = 11830 ; free virtual = 27219
Phase 3 Detail Placement | Checksum: a600b6a9

Time (s): cpu = 00:00:45 ; elapsed = 00:00:20 . Memory (MB): peak = 3100.645 ; gain = 0.000 ; free physical = 11830 ; free virtual = 27219

Phase 4 Post Placement Optimization and Clean-Up

Phase 4.1 Post Commit Optimization
INFO: [Timing 38-35] Done setting XDC timing constraints.

Phase 4.1.1 Post Placement Optimization
Post Placement Optimization Initialization | Checksum: ac894473

Phase 4.1.1.1 BUFG Insertion

Starting Physical Synthesis Task

Phase 1 Physical Synthesis Initialization
INFO: [Physopt 32-721] Multithreading enabled for phys_opt_design using a maximum of 12 CPUs
INFO: [Physopt 32-619] Estimated Timing Summary | WNS=-2.541 | TNS=-432.049 |
Phase 1 Physical Synthesis Initialization | Checksum: 14585f603

Time (s): cpu = 00:00:00.9 ; elapsed = 00:00:00.23 . Memory (MB): peak = 3100.645 ; gain = 0.000 ; free physical = 11825 ; free virtual = 27214
INFO: [Place 46-56] BUFG insertion identified 0 candidate nets. Inserted BUFG: 0, Replicated BUFG Driver: 0, Skipped due to Placement/Routing Conflicts: 0, Skipped due to Timing Degradation: 0, Skipped due to netlist editing failed: 0.
Ending Physical Synthesis Task | Checksum: 14585f603

Time (s): cpu = 00:00:00.95 ; elapsed = 00:00:00.27 . Memory (MB): peak = 3100.645 ; gain = 0.000 ; free physical = 11825 ; free virtual = 27214
Phase 4.1.1.1 BUFG Insertion | Checksum: ac894473

Time (s): cpu = 00:00:49 ; elapsed = 00:00:21 . Memory (MB): peak = 3100.645 ; gain = 0.000 ; free physical = 11825 ; free virtual = 27214

Phase 4.1.1.2 Post Placement Timing Optimization
INFO: [Place 30-746] Post Placement Timing Summary WNS=-1.828. For the most accurate timing information please run report_timing.
Phase 4.1.1.2 Post Placement Timing Optimization | Checksum: 18807bd89

Time (s): cpu = 00:01:30 ; elapsed = 00:00:53 . Memory (MB): peak = 3100.645 ; gain = 0.000 ; free physical = 11811 ; free virtual = 27201

Time (s): cpu = 00:01:30 ; elapsed = 00:00:53 . Memory (MB): peak = 3100.645 ; gain = 0.000 ; free physical = 11811 ; free virtual = 27201
Phase 4.1 Post Commit Optimization | Checksum: 18807bd89

Time (s): cpu = 00:01:30 ; elapsed = 00:00:53 . Memory (MB): peak = 3100.645 ; gain = 0.000 ; free physical = 11811 ; free virtual = 27201

Phase 4.2 Post Placement Cleanup
Phase 4.2 Post Placement Cleanup | Checksum: 18807bd89

Time (s): cpu = 00:01:31 ; elapsed = 00:00:53 . Memory (MB): peak = 3100.645 ; gain = 0.000 ; free physical = 11811 ; free virtual = 27201

Phase 4.3 Placer Reporting

Phase 4.3.1 Print Estimated Congestion
INFO: [Place 30-612] Post-Placement Estimated Congestion 
 ____________________________________________________
|           | Global Congestion | Short Congestion  |
| Direction | Region Size       | Region Size       |
|___________|___________________|___________________|
|      North|                1x1|                2x2|
|___________|___________________|___________________|
|      South|                1x1|                2x2|
|___________|___________________|___________________|
|       East|                1x1|                4x4|
|___________|___________________|___________________|
|       West|                1x1|                1x1|
|___________|___________________|___________________|

Phase 4.3.1 Print Estimated Congestion | Checksum: 18807bd89

Time (s): cpu = 00:01:31 ; elapsed = 00:00:53 . Memory (MB): peak = 3100.645 ; gain = 0.000 ; free physical = 11811 ; free virtual = 27201
Phase 4.3 Placer Reporting | Checksum: 18807bd89

Time (s): cpu = 00:01:31 ; elapsed = 00:00:53 . Memory (MB): peak = 3100.645 ; gain = 0.000 ; free physical = 11811 ; free virtual = 27201

Phase 4.4 Final Placement Cleanup
Netlist sorting complete. Time (s): cpu = 00:00:00 ; elapsed = 00:00:00 . Memory (MB): peak = 3100.645 ; gain = 0.000 ; free physical = 11811 ; free virtual = 27201

Time (s): cpu = 00:01:31 ; elapsed = 00:00:53 . Memory (MB): peak = 3100.645 ; gain = 0.000 ; free physical = 11811 ; free virtual = 27201
Phase 4 Post Placement Optimization and Clean-Up | Checksum: 1e7463500

Time (s): cpu = 00:01:31 ; elapsed = 00:00:53 . Memory (MB): peak = 3100.645 ; gain = 0.000 ; free physical = 11811 ; free virtual = 27201
Ending Placer Task | Checksum: 1227e49fe

Time (s): cpu = 00:01:31 ; elapsed = 00:00:53 . Memory (MB): peak = 3100.645 ; gain = 0.000 ; free physical = 11811 ; free virtual = 27201
77 Infos, 0 Warnings, 0 Critical Warnings and 0 Errors encountered.
place_design completed successfully
place_design: Time (s): cpu = 00:01:32 ; elapsed = 00:00:54 . Memory (MB): peak = 3100.645 ; gain = 0.000 ; free physical = 11811 ; free virtual = 27201
INFO: [runtcl-4] Executing : report_io -file Soc_io_placed.rpt
report_io: Time (s): cpu = 00:00:00.11 ; elapsed = 00:00:00.2 . Memory (MB): peak = 3100.645 ; gain = 0.000 ; free physical = 11799 ; free virtual = 27189
INFO: [runtcl-4] Executing : report_utilization -file Soc_utilization_placed.rpt -pb Soc_utilization_placed.pb
INFO: [runtcl-4] Executing : report_control_sets -verbose -file Soc_control_sets_placed.rpt
report_control_sets: Time (s): cpu = 00:00:00.05 ; elapsed = 00:00:00.13 . Memory (MB): peak = 3100.645 ; gain = 0.000 ; free physical = 11769 ; free virtual = 27158
INFO: [Timing 38-480] Writing timing data to binary archive.
Write ShapeDB Complete: Time (s): cpu = 00:00:00.05 ; elapsed = 00:00:00.01 . Memory (MB): peak = 3100.645 ; gain = 0.000 ; free physical = 11769 ; free virtual = 27158
Wrote PlaceDB: Time (s): cpu = 00:00:00.61 ; elapsed = 00:00:00.24 . Memory (MB): peak = 3100.645 ; gain = 0.000 ; free physical = 11763 ; free virtual = 27159
Wrote PulsedLatchDB: Time (s): cpu = 00:00:00 ; elapsed = 00:00:00 . Memory (MB): peak = 3100.645 ; gain = 0.000 ; free physical = 11763 ; free virtual = 27159
Writing XDEF routing.
Writing XDEF routing logical nets.
Writing XDEF routing special nets.
Wrote RouteStorage: Time (s): cpu = 00:00:00.02 ; elapsed = 00:00:00.02 . Memory (MB): peak = 3100.645 ; gain = 0.000 ; free physical = 11763 ; free virtual = 27159
Wrote Netlist Cache: Time (s): cpu = 00:00:00 ; elapsed = 00:00:00.01 . Memory (MB): peak = 3100.645 ; gain = 0.000 ; free physical = 11761 ; free virtual = 27157
Wrote Device Cache: Time (s): cpu = 00:00:00.01 ; elapsed = 00:00:00.01 . Memory (MB): peak = 3100.645 ; gain = 0.000 ; free physical = 11761 ; free virtual = 27158
Write Physdb Complete: Time (s): cpu = 00:00:00.64 ; elapsed = 00:00:00.28 . Memory (MB): peak = 3100.645 ; gain = 0.000 ; free physical = 11761 ; free virtual = 27158
INFO: [Common 17-1381] The checkpoint '/home/zshuhansan/git_project/learn_fpga/FemtoRV/TUTORIALS/FROM_BLINKER_TO_RISCV/Soc/vivado/project_zynq7020_clg400_2/soc_zynq7020_clg400_2.runs/impl_1/Soc_placed.dcp' has been generated.
Command: phys_opt_design
Attempting to get a license for feature 'Implementation' and/or device 'xc7z020'
INFO: [Common 17-349] Got license for feature 'Implementation' and/or device 'xc7z020'

Starting Initial Update Timing Task

Time (s): cpu = 00:00:03 ; elapsed = 00:00:00.54 . Memory (MB): peak = 3151.707 ; gain = 0.000 ; free physical = 11743 ; free virtual = 27135
INFO: [Vivado_Tcl 4-1435] PhysOpt_Tcl_Interface Runtime Before Starting Physical Synthesis Task | CPU: 2.74s |  WALL: 0.57s
Netlist sorting complete. Time (s): cpu = 00:00:00 ; elapsed = 00:00:00 . Memory (MB): peak = 3151.707 ; gain = 0.000 ; free physical = 11743 ; free virtual = 27135

Starting Physical Synthesis Task

Phase 1 Physical Synthesis Initialization
INFO: [Physopt 32-721] Multithreading enabled for phys_opt_design using a maximum of 12 CPUs
INFO: [Physopt 32-619] Estimated Timing Summary | WNS=-1.828 | TNS=-128.667 |
Phase 1 Physical Synthesis Initialization | Checksum: 1bbe2cf46

Time (s): cpu = 00:00:01 ; elapsed = 00:00:00.43 . Memory (MB): peak = 3151.707 ; gain = 0.000 ; free physical = 11744 ; free virtual = 27135
INFO: [Physopt 32-619] Estimated Timing Summary | WNS=-1.828 | TNS=-128.667 |

Phase 2 DSP Register Optimization
INFO: [Physopt 32-456] No candidate cells for DSP register optimization found in the design.
INFO: [Physopt 32-775] End 2 Pass. Optimized 0 net or cell. Created 0 new cell, deleted 0 existing cell and moved 0 existing cell
Phase 2 DSP Register Optimization | Checksum: 1bbe2cf46

Time (s): cpu = 00:00:01 ; elapsed = 00:00:00.46 . Memory (MB): peak = 3151.707 ; gain = 0.000 ; free physical = 11744 ; free virtual = 27135

Phase 3 Critical Path Optimization
INFO: [Physopt 32-619] Estimated Timing Summary | WNS=-1.828 | TNS=-128.667 |
INFO: [Physopt 32-702] Processed net CPU/EM_Eresult[31]. Optimizations did not improve timing on the net.
INFO: [Physopt 32-81] Processed net CPU/RF/regs_reg[27]_26[5]. Replicated 1 times.
INFO: [Physopt 32-735] Processed net CPU/RF/regs_reg[27]_26[5]. Optimization improves timing on the net.
INFO: [Physopt 32-619] Estimated Timing Summary | WNS=-1.817 | TNS=-128.315 |
INFO: [Physopt 32-702] Processed net CPU/RF/regs_reg[27]_26[5]. Optimizations did not improve timing on the net.
INFO: [Physopt 32-663] Processed net CPU/DIVU/DE_isRV32M_reg_23.  Re-placed instance CPU/DIVU/EM_Eresult[31]_i_4
INFO: [Physopt 32-735] Processed net CPU/DIVU/DE_isRV32M_reg_23. Optimization improves timing on the net.
INFO: [Physopt 32-619] Estimated Timing Summary | WNS=-1.811 | TNS=-128.300 |
INFO: [Physopt 32-702] Processed net CPU/EM_Eresult[29]. Optimizations did not improve timing on the net.
INFO: [Physopt 32-710] Processed net CPU/E_result[29]. Critical path length was reduced through logic transformation on cell CPU/EM_Eresult[29]_i_1_comp.
INFO: [Physopt 32-735] Processed net CPU/DIVU/DE_isRV32M_reg_21. Optimization improves timing on the net.
INFO: [Physopt 32-619] Estimated Timing Summary | WNS=-1.802 | TNS=-127.870 |
INFO: [Physopt 32-702] Processed net CPU/DIVU/DE_isRV32M_reg_23. Optimizations did not improve timing on the net.
INFO: [Physopt 32-702] Processed net CPU/ALU/multiply__2_10[3]. Optimizations did not improve timing on the net.
INFO: [Physopt 32-702] Processed net CPU/ALU/EM_Eresult_reg[27]_i_2_n_0. Optimizations did not improve timing on the net.
INFO: [Physopt 32-702] Processed net CPU/ALU/EM_Eresult_reg[23]_i_2_n_0. Optimizations did not improve timing on the net.
INFO: [Physopt 32-702] Processed net CPU/ALU/EM_Eresult_reg[19]_i_2_n_0. Optimizations did not improve timing on the net.
INFO: [Physopt 32-702] Processed net CPU/ALU/EM_Eresult_reg[14]_i_2_n_0. Optimizations did not improve timing on the net.
INFO: [Physopt 32-702] Processed net CPU/ALU/EM_Eresult_reg[10]_i_2_n_0. Optimizations did not improve timing on the net.
INFO: [Physopt 32-702] Processed net CPU/ALU/EM_Eresult_reg[7]_i_2_n_0. Optimizations did not improve timing on the net.
INFO: [Physopt 32-702] Processed net CPU/ALU/EM_Eresult_reg[3]_i_2_n_0. Optimizations did not improve timing on the net.
INFO: [Physopt 32-702] Processed net CPU/ALU/EM_Eresult_reg[31]_i_2_n_0. Optimizations did not improve timing on the net.
INFO: [Physopt 32-702] Processed net CPU/ALU/EM_Eresult_reg[25]_i_2_n_0. Optimizations did not improve timing on the net.
INFO: [Physopt 32-702] Processed net CPU/ALU/EM_Eresult_reg[25]_i_5_n_0. Optimizations did not improve timing on the net.
INFO: [Physopt 32-702] Processed net CPU/ALU/EM_Eresult_reg[16]_i_2_n_0. Optimizations did not improve timing on the net.
INFO: [Physopt 32-608] Optimized 1 net.  Swapped 13 pins.
INFO: [Physopt 32-735] Processed net CPU/ALU/EM_Eresult[16]_i_7_n_0. Optimization improves timing on the net.
INFO: [Physopt 32-619] Estimated Timing Summary | WNS=-1.704 | TNS=-124.667 |
INFO: [Physopt 32-608] Optimized 1 net.  Swapped 12 pins.
INFO: [Physopt 32-735] Processed net CPU/ALU/EM_Eresult[25]_i_17_n_0. Optimization improves timing on the net.
INFO: [Physopt 32-619] Estimated Timing Summary | WNS=-1.699 | TNS=-124.517 |
INFO: [Physopt 32-608] Optimized 1 net.  Swapped 12 pins.
INFO: [Physopt 32-735] Processed net CPU/ALU/EM_Eresult[25]_i_18_n_0. Optimization improves timing on the net.
INFO: [Physopt 32-619] Estimated Timing Summary | WNS=-1.686 | TNS=-124.046 |
INFO: [Physopt 32-81] Processed net CPU/DE_rs1Id_reg[3]_rep__0_n_0. Replicated 3 times.
INFO: [Physopt 32-735] Processed net CPU/DE_rs1Id_reg[3]_rep__0_n_0. Optimization improves timing on the net.
INFO: [Physopt 32-619] Estimated Timing Summary | WNS=-1.677 | TNS=-123.865 |
INFO: [Physopt 32-608] Optimized 1 net.  Swapped 13 pins.
INFO: [Physopt 32-735] Processed net CPU/ALU/EM_Eresult[16]_i_6_n_0. Optimization improves timing on the net.
INFO: [Physopt 32-619] Estimated Timing Summary | WNS=-1.672 | TNS=-123.710 |
INFO: [Physopt 32-702] Processed net CPU/ALU/EM_Eresult[16]_i_7_n_0. Optimizations did not improve timing on the net.
INFO: [Physopt 32-702] Processed net CPU/E_result[31]. Optimizations did not improve timing on the net.
INFO: [Physopt 32-702] Processed net CPU/ALU/multiply__2_n_105. Optimizations did not improve timing on the net.
INFO: [Physopt 32-81] Processed net CPU/RF/in2[5]. Replicated 1 times.
INFO: [Physopt 32-735] Processed net CPU/RF/in2[5]. Optimization improves timing on the net.
INFO: [Physopt 32-619] Estimated Timing Summary | WNS=-1.668 | TNS=-123.582 |
INFO: [Physopt 32-702] Processed net CPU/RF/in2[5]. Optimizations did not improve timing on the net.
INFO: [Physopt 32-710] Processed net CPU/RF/in2[5]. Critical path length was reduced through logic transformation on cell CPU/RF/multiply_i_28_comp.
INFO: [Physopt 32-735] Processed net CPU/RF/E_rs2[5]. Optimization improves timing on the net.
INFO: [Physopt 32-619] Estimated Timing Summary | WNS=-1.619 | TNS=-121.996 |
INFO: [Physopt 32-81] Processed net CPU/DE_rs2Id[3]. Replicated 9 times.
INFO: [Physopt 32-735] Processed net CPU/DE_rs2Id[3]. Optimization improves timing on the net.
INFO: [Physopt 32-619] Estimated Timing Summary | WNS=-1.610 | TNS=-121.726 |
INFO: [Physopt 32-663] Processed net CPU/RF/regs_reg[30]_29[16].  Re-placed instance CPU/RF/regs_reg[30][16]
INFO: [Physopt 32-735] Processed net CPU/RF/regs_reg[30]_29[16]. Optimization improves timing on the net.
INFO: [Physopt 32-619] Estimated Timing Summary | WNS=-1.605 | TNS=-121.566 |
INFO: [Physopt 32-81] Processed net CPU/RF/regs_reg[10]_9[16]. Replicated 1 times.
INFO: [Physopt 32-735] Processed net CPU/RF/regs_reg[10]_9[16]. Optimization improves timing on the net.
INFO: [Physopt 32-619] Estimated Timing Summary | WNS=-1.603 | TNS=-121.466 |
INFO: [Physopt 32-81] Processed net CPU/DE_rs1Id[2]. Replicated 7 times.
INFO: [Physopt 32-735] Processed net CPU/DE_rs1Id[2]. Optimization improves timing on the net.
INFO: [Physopt 32-619] Estimated Timing Summary | WNS=-1.600 | TNS=-121.406 |
INFO: [Physopt 32-81] Processed net CPU/RF/regs_reg[30]_29[16]. Replicated 1 times.
INFO: [Physopt 32-735] Processed net CPU/RF/regs_reg[30]_29[16]. Optimization improves timing on the net.
INFO: [Physopt 32-619] Estimated Timing Summary | WNS=-1.594 | TNS=-121.222 |
INFO: [Physopt 32-702] Processed net CPU/RF/regs_reg[10]_9[16]. Optimizations did not improve timing on the net.
INFO: [Physopt 32-702] Processed net CPU/RF/in2[16]. Optimizations did not improve timing on the net.
INFO: [Physopt 32-571] Net CPU/RF/E_rs2[16] was not replicated.
INFO: [Physopt 32-702] Processed net CPU/RF/E_rs2[16]. Optimizations did not improve timing on the net.
INFO: [Physopt 32-702] Processed net CPU/RF/rdata2_int[16]. Optimizations did not improve timing on the net.
INFO: [Physopt 32-702] Processed net CPU/RF/EM_rs2_reg[16]_i_5_n_0. Optimizations did not improve timing on the net.
INFO: [Physopt 32-608] Optimized 1 net.  Swapped 24 pins.
INFO: [Physopt 32-735] Processed net CPU/RF/EM_rs2[16]_i_11_n_0. Optimization improves timing on the net.
INFO: [Physopt 32-619] Estimated Timing Summary | WNS=-1.594 | TNS=-121.222 |
INFO: [Physopt 32-81] Processed net CPU/DE_rs2Id[3]. Replicated 2 times.
INFO: [Physopt 32-735] Processed net CPU/DE_rs2Id[3]. Optimization improves timing on the net.
INFO: [Physopt 32-619] Estimated Timing Summary | WNS=-1.593 | TNS=-121.198 |
INFO: [Physopt 32-663] Processed net CPU/RF/regs_reg[15]_14[12].  Re-placed instance CPU/RF/regs_reg[15][12]
INFO: [Physopt 32-735] Processed net CPU/RF/regs_reg[15]_14[12]. Optimization improves timing on the net.
INFO: [Physopt 32-619] Estimated Timing Summary | WNS=-1.591 | TNS=-121.150 |
INFO: [Physopt 32-81] Processed net CPU/DE_rs2Id[3]. Replicated 2 times.
INFO: [Physopt 32-735] Processed net CPU/DE_rs2Id[3]. Optimization improves timing on the net.
INFO: [Physopt 32-619] Estimated Timing Summary | WNS=-1.589 | TNS=-121.102 |
INFO: [Physopt 32-702] Processed net CPU/RF/regs_reg[30]_29[16]. Optimizations did not improve timing on the net.
INFO: [Physopt 32-702] Processed net CPU/RF/EM_rs2[16]_i_12_n_0. Optimizations did not improve timing on the net.
INFO: [Physopt 32-702] Processed net CPU/ALU/multiply__1_n_106. Optimizations did not improve timing on the net.
INFO: [Physopt 32-702] Processed net CLK_IBUF. Optimizations did not improve timing on the net.
INFO: [Physopt 32-702] Processed net CLK. Optimizations did not improve timing on the net.
INFO: [Physopt 32-702] Processed net CPU/EM_Eresult[31]. Optimizations did not improve timing on the net.
INFO: [Physopt 32-702] Processed net CPU/RF/regs_reg[30]_29[16]. Optimizations did not improve timing on the net.
INFO: [Physopt 32-702] Processed net CPU/DIVU/DE_isRV32M_reg_23. Optimizations did not improve timing on the net.
INFO: [Physopt 32-702] Processed net CPU/ALU/multiply__2_10[3]. Optimizations did not improve timing on the net.
INFO: [Physopt 32-702] Processed net CPU/ALU/EM_Eresult[16]_i_7_n_0. Optimizations did not improve timing on the net.
INFO: [Physopt 32-702] Processed net CPU/E_result[31]. Optimizations did not improve timing on the net.
INFO: [Physopt 32-702] Processed net CPU/ALU/multiply__2_n_105. Optimizations did not improve timing on the net.
INFO: [Physopt 32-702] Processed net CPU/RF/in2[16]. Optimizations did not improve timing on the net.
INFO: [Physopt 32-702] Processed net CPU/RF/E_rs2[16]. Optimizations did not improve timing on the net.
INFO: [Physopt 32-702] Processed net CPU/RF/rdata2_int[16]. Optimizations did not improve timing on the net.
INFO: [Physopt 32-702] Processed net CPU/RF/EM_rs2_reg[16]_i_5_n_0. Optimizations did not improve timing on the net.
INFO: [Physopt 32-702] Processed net CPU/RF/EM_rs2[16]_i_12_n_0. Optimizations did not improve timing on the net.
INFO: [Physopt 32-702] Processed net CLK_IBUF. Optimizations did not improve timing on the net.
INFO: [Physopt 32-702] Processed net CLK. Optimizations did not improve timing on the net.
INFO: [Physopt 32-619] Estimated Timing Summary | WNS=-1.589 | TNS=-121.102 |
Netlist sorting complete. Time (s): cpu = 00:00:00.02 ; elapsed = 00:00:00.02 . Memory (MB): peak = 3151.707 ; gain = 0.000 ; free physical = 11786 ; free virtual = 27177
Phase 3 Critical Path Optimization | Checksum: 1bbe2cf46

Time (s): cpu = 00:00:55 ; elapsed = 00:00:10 . Memory (MB): peak = 3151.707 ; gain = 0.000 ; free physical = 11786 ; free virtual = 27177

Phase 4 Critical Path Optimization
INFO: [Physopt 32-619] Estimated Timing Summary | WNS=-1.589 | TNS=-121.102 |
INFO: [Physopt 32-702] Processed net CPU/EM_Eresult[31]. Optimizations did not improve timing on the net.
INFO: [Physopt 32-702] Processed net CPU/RF/regs_reg[30]_29[16]. Optimizations did not improve timing on the net.
INFO: [Physopt 32-702] Processed net CPU/DIVU/DE_isRV32M_reg_23. Optimizations did not improve timing on the net.
INFO: [Physopt 32-702] Processed net CPU/ALU/multiply__2_10[3]. Optimizations did not improve timing on the net.
INFO: [Physopt 32-702] Processed net CPU/ALU/EM_Eresult_reg[27]_i_2_n_0. Optimizations did not improve timing on the net.
INFO: [Physopt 32-702] Processed net CPU/ALU/EM_Eresult_reg[23]_i_2_n_0. Optimizations did not improve timing on the net.
INFO: [Physopt 32-702] Processed net CPU/ALU/EM_Eresult_reg[19]_i_2_n_0. Optimizations did not improve timing on the net.
INFO: [Physopt 32-702] Processed net CPU/ALU/EM_Eresult_reg[14]_i_2_n_0. Optimizations did not improve timing on the net.
INFO: [Physopt 32-702] Processed net CPU/ALU/EM_Eresult_reg[10]_i_2_n_0. Optimizations did not improve timing on the net.
INFO: [Physopt 32-702] Processed net CPU/ALU/EM_Eresult_reg[7]_i_2_n_0. Optimizations did not improve timing on the net.
INFO: [Physopt 32-702] Processed net CPU/ALU/EM_Eresult_reg[3]_i_2_n_0. Optimizations did not improve timing on the net.
INFO: [Physopt 32-702] Processed net CPU/ALU/EM_Eresult_reg[31]_i_2_n_0. Optimizations did not improve timing on the net.
INFO: [Physopt 32-702] Processed net CPU/ALU/EM_Eresult_reg[25]_i_2_n_0. Optimizations did not improve timing on the net.
INFO: [Physopt 32-702] Processed net CPU/ALU/EM_Eresult_reg[25]_i_5_n_0. Optimizations did not improve timing on the net.
INFO: [Physopt 32-702] Processed net CPU/ALU/EM_Eresult_reg[16]_i_2_n_0. Optimizations did not improve timing on the net.
INFO: [Physopt 32-702] Processed net CPU/ALU/EM_Eresult[16]_i_7_n_0. Optimizations did not improve timing on the net.
INFO: [Physopt 32-702] Processed net CPU/E_result[31]. Optimizations did not improve timing on the net.
INFO: [Physopt 32-702] Processed net CPU/ALU/multiply__2_n_105. Optimizations did not improve timing on the net.
INFO: [Physopt 32-702] Processed net CPU/RF/in2[16]. Optimizations did not improve timing on the net.
INFO: [Physopt 32-571] Net CPU/RF/E_rs2[16] was not replicated.
INFO: [Physopt 32-702] Processed net CPU/RF/E_rs2[16]. Optimizations did not improve timing on the net.
INFO: [Physopt 32-702] Processed net CPU/RF/rdata2_int[16]. Optimizations did not improve timing on the net.
INFO: [Physopt 32-702] Processed net CPU/RF/EM_rs2_reg[16]_i_5_n_0. Optimizations did not improve timing on the net.
INFO: [Physopt 32-702] Processed net CPU/RF/EM_rs2[16]_i_12_n_0. Optimizations did not improve timing on the net.
INFO: [Physopt 32-702] Processed net CPU/ALU/multiply__1_n_106. Optimizations did not improve timing on the net.
INFO: [Physopt 32-702] Processed net CLK_IBUF. Optimizations did not improve timing on the net.
INFO: [Physopt 32-702] Processed net CLK. Optimizations did not improve timing on the net.
INFO: [Physopt 32-702] Processed net CPU/EM_Eresult[31]. Optimizations did not improve timing on the net.
INFO: [Physopt 32-702] Processed net CPU/RF/regs_reg[30]_29[16]. Optimizations did not improve timing on the net.
INFO: [Physopt 32-702] Processed net CPU/DIVU/DE_isRV32M_reg_23. Optimizations did not improve timing on the net.
INFO: [Physopt 32-702] Processed net CPU/ALU/multiply__2_10[3]. Optimizations did not improve timing on the net.
INFO: [Physopt 32-702] Processed net CPU/ALU/EM_Eresult[16]_i_7_n_0. Optimizations did not improve timing on the net.
INFO: [Physopt 32-702] Processed net CPU/E_result[31]. Optimizations did not improve timing on the net.
INFO: [Physopt 32-702] Processed net CPU/ALU/multiply__2_n_105. Optimizations did not improve timing on the net.
INFO: [Physopt 32-702] Processed net CPU/RF/in2[16]. Optimizations did not improve timing on the net.
INFO: [Physopt 32-702] Processed net CPU/RF/E_rs2[16]. Optimizations did not improve timing on the net.
INFO: [Physopt 32-702] Processed net CPU/RF/rdata2_int[16]. Optimizations did not improve timing on the net.
INFO: [Physopt 32-702] Processed net CPU/RF/EM_rs2_reg[16]_i_5_n_0. Optimizations did not improve timing on the net.
INFO: [Physopt 32-702] Processed net CPU/RF/EM_rs2[16]_i_12_n_0. Optimizations did not improve timing on the net.
INFO: [Physopt 32-702] Processed net CLK_IBUF. Optimizations did not improve timing on the net.
INFO: [Physopt 32-702] Processed net CLK. Optimizations did not improve timing on the net.
INFO: [Physopt 32-619] Estimated Timing Summary | WNS=-1.589 | TNS=-121.102 |
Netlist sorting complete. Time (s): cpu = 00:00:00.01 ; elapsed = 00:00:00 . Memory (MB): peak = 3151.707 ; gain = 0.000 ; free physical = 11794 ; free virtual = 27185
Phase 4 Critical Path Optimization | Checksum: 1bbe2cf46

Time (s): cpu = 00:01:02 ; elapsed = 00:00:12 . Memory (MB): peak = 3151.707 ; gain = 0.000 ; free physical = 11794 ; free virtual = 27185
Netlist sorting complete. Time (s): cpu = 00:00:00 ; elapsed = 00:00:00 . Memory (MB): peak = 3151.707 ; gain = 0.000 ; free physical = 11794 ; free virtual = 27185
INFO: [Physopt 32-603] Post Physical Optimization Timing Summary | WNS=-1.589 | TNS=-121.102 |

Summary of Physical Synthesis Optimizations
============================================


-------------------------------------------------------------------------------------------------------------------------------------------------------------
|  Optimization   |  WNS Gain (ns)  |  TNS Gain (ns)  |  Added Cells  |  Removed Cells  |  Optimized Cells/Nets  |  Dont Touch  |  Iterations  |  Elapsed   |
-------------------------------------------------------------------------------------------------------------------------------------------------------------
|  DSP Register   |          0.000  |          0.000  |            0  |              0  |                     0  |           0  |           1  |  00:00:00  |
|  Critical Path  |          0.239  |          7.565  |           27  |              0  |                    19  |           0  |           2  |  00:00:12  |
|  Total          |          0.239  |          7.565  |           27  |              0  |                    19  |           0  |           3  |  00:00:12  |
-------------------------------------------------------------------------------------------------------------------------------------------------------------


Netlist sorting complete. Time (s): cpu = 00:00:00 ; elapsed = 00:00:00 . Memory (MB): peak = 3151.707 ; gain = 0.000 ; free physical = 11794 ; free virtual = 27185
Ending Physical Synthesis Task | Checksum: 11cae451a

Time (s): cpu = 00:01:03 ; elapsed = 00:00:12 . Memory (MB): peak = 3151.707 ; gain = 0.000 ; free physical = 11794 ; free virtual = 27185
INFO: [Common 17-83] Releasing license: Implementation
238 Infos, 0 Warnings, 0 Critical Warnings and 0 Errors encountered.
phys_opt_design completed successfully
phys_opt_design: Time (s): cpu = 00:01:05 ; elapsed = 00:00:13 . Memory (MB): peak = 3151.707 ; gain = 0.000 ; free physical = 11794 ; free virtual = 27185
INFO: [Timing 38-480] Writing timing data to binary archive.
Write ShapeDB Complete: Time (s): cpu = 00:00:00.03 ; elapsed = 00:00:00.01 . Memory (MB): peak = 3151.707 ; gain = 0.000 ; free physical = 11794 ; free virtual = 27185
Wrote PlaceDB: Time (s): cpu = 00:00:00.61 ; elapsed = 00:00:00.25 . Memory (MB): peak = 3151.707 ; gain = 0.000 ; free physical = 11787 ; free virtual = 27184
Wrote PulsedLatchDB: Time (s): cpu = 00:00:00 ; elapsed = 00:00:00 . Memory (MB): peak = 3151.707 ; gain = 0.000 ; free physical = 11787 ; free virtual = 27184
Writing XDEF routing.
Writing XDEF routing logical nets.
Writing XDEF routing special nets.
Wrote RouteStorage: Time (s): cpu = 00:00:00.02 ; elapsed = 00:00:00.01 . Memory (MB): peak = 3151.707 ; gain = 0.000 ; free physical = 11787 ; free virtual = 27185
Wrote Netlist Cache: Time (s): cpu = 00:00:00 ; elapsed = 00:00:00.01 . Memory (MB): peak = 3151.707 ; gain = 0.000 ; free physical = 11787 ; free virtual = 27185
Wrote Device Cache: Time (s): cpu = 00:00:00.01 ; elapsed = 00:00:00.01 . Memory (MB): peak = 3151.707 ; gain = 0.000 ; free physical = 11787 ; free virtual = 27186
Write Physdb Complete: Time (s): cpu = 00:00:00.64 ; elapsed = 00:00:00.28 . Memory (MB): peak = 3151.707 ; gain = 0.000 ; free physical = 11787 ; free virtual = 27186
INFO: [Common 17-1381] The checkpoint '/home/zshuhansan/git_project/learn_fpga/FemtoRV/TUTORIALS/FROM_BLINKER_TO_RISCV/Soc/vivado/project_zynq7020_clg400_2/soc_zynq7020_clg400_2.runs/impl_1/Soc_physopt.dcp' has been generated.
Command: route_design
Attempting to get a license for feature 'Implementation' and/or device 'xc7z020'
INFO: [Common 17-349] Got license for feature 'Implementation' and/or device 'xc7z020'
INFO: [DRC 23-27] Running DRC with 12 threads
INFO: [Vivado_Tcl 4-198] DRC finished with 0 Errors
INFO: [Vivado_Tcl 4-199] Please refer to the DRC report (report_drc) for more information.
Running DRC as a precondition to command route_design
INFO: [DRC 23-27] Running DRC with 12 threads
INFO: [Vivado_Tcl 4-198] DRC finished with 0 Errors
INFO: [Vivado_Tcl 4-199] Please refer to the DRC report (report_drc) for more information.


Starting Routing Task
INFO: [Route 35-254] Multithreading enabled for route_design using a maximum of 12 CPUs

Phase 1 Build RT Design
Checksum: PlaceDB: 9ff3038a ConstDB: 0 ShapeSum: 341319be RouteDB: 0
Post Restoration Checksum: NetGraph: b4a2f912 | NumContArr: 85b89099 | Constraints: c2a8fa9d | Timing: c2a8fa9d
Phase 1 Build RT Design | Checksum: 2bfad7ee5

Time (s): cpu = 00:00:22 ; elapsed = 00:00:18 . Memory (MB): peak = 3183.723 ; gain = 0.000 ; free physical = 11744 ; free virtual = 27137

Phase 2 Router Initialization

Phase 2.1 Fix Topology Constraints
Phase 2.1 Fix Topology Constraints | Checksum: 2bfad7ee5

Time (s): cpu = 00:00:22 ; elapsed = 00:00:18 . Memory (MB): peak = 3183.723 ; gain = 0.000 ; free physical = 11744 ; free virtual = 27137

Phase 2.2 Pre Route Cleanup
Phase 2.2 Pre Route Cleanup | Checksum: 2bfad7ee5

Time (s): cpu = 00:00:22 ; elapsed = 00:00:18 . Memory (MB): peak = 3183.723 ; gain = 0.000 ; free physical = 11744 ; free virtual = 27137
 Number of Nodes with overlaps = 0

Phase 2.3 Update Timing
Phase 2.3 Update Timing | Checksum: 1fdf4c749

Time (s): cpu = 00:00:27 ; elapsed = 00:00:19 . Memory (MB): peak = 3183.723 ; gain = 0.000 ; free physical = 11712 ; free virtual = 27105
INFO: [Route 35-416] Intermediate Timing Summary | WNS=-1.611 | TNS=-61.644| WHS=-0.224 | THS=-205.475|


Router Utilization Summary
  Global Vertical Routing Utilization    = 0 %
  Global Horizontal Routing Utilization  = 0 %
  Routable Net Status*
  *Does not include unroutable nets such as driverless and loadless.
  Run report_route_status for detailed report.
  Number of Failed Nets               = 4190
    (Failed Nets is the sum of unrouted and partially routed nets)
  Number of Unrouted Nets             = 4190
  Number of Partially Routed Nets     = 0
  Number of Node Overlaps             = 0

Phase 2 Router Initialization | Checksum: 2b7a2ed7c

Time (s): cpu = 00:00:29 ; elapsed = 00:00:19 . Memory (MB): peak = 3183.723 ; gain = 0.000 ; free physical = 11704 ; free virtual = 27097

Phase 3 Initial Routing

Phase 3.1 Global Routing
Phase 3.1 Global Routing | Checksum: 2b7a2ed7c

Time (s): cpu = 00:00:29 ; elapsed = 00:00:19 . Memory (MB): peak = 3183.723 ; gain = 0.000 ; free physical = 11704 ; free virtual = 27097

Phase 3.2 Initial Net Routing
Phase 3.2 Initial Net Routing | Checksum: 19173a298

Time (s): cpu = 00:00:40 ; elapsed = 00:00:22 . Memory (MB): peak = 3262.840 ; gain = 79.117 ; free physical = 11579 ; free virtual = 26972
Phase 3 Initial Routing | Checksum: 19173a298

Time (s): cpu = 00:00:40 ; elapsed = 00:00:22 . Memory (MB): peak = 3262.840 ; gain = 79.117 ; free physical = 11579 ; free virtual = 26972
INFO: [Route 35-580] Design has 2 pins with tight setup and hold constraints.

The top 5 pins with tight setup and hold constraints:

+====================+===================+====================+
| Launch Setup Clock | Launch Hold Clock | Pin                |
+====================+===================+====================+
| soc_clk            | soc_clk           | CPU/FD_nop_reg/D   |
| soc_clk            | soc_clk           | CPU/FB_valid_reg/D |
+--------------------+-------------------+--------------------+

File with complete list of pins: tight_setup_hold_pins.txt


Phase 4 Rip-up And Reroute

Phase 4.1 Global Iteration 0
 Number of Nodes with overlaps = 1611
 Number of Nodes with overlaps = 946
 Number of Nodes with overlaps = 491
 Number of Nodes with overlaps = 242
 Number of Nodes with overlaps = 105
 Number of Nodes with overlaps = 36
 Number of Nodes with overlaps = 15
 Number of Nodes with overlaps = 4
 Number of Nodes with overlaps = 0
INFO: [Route 35-416] Intermediate Timing Summary | WNS=-2.270 | TNS=-609.398| WHS=N/A    | THS=N/A    |

Phase 4.1 Global Iteration 0 | Checksum: 1f452103b

Time (s): cpu = 00:01:24 ; elapsed = 00:00:37 . Memory (MB): peak = 3262.840 ; gain = 79.117 ; free physical = 11592 ; free virtual = 26986

Phase 4.2 Global Iteration 1
 Number of Nodes with overlaps = 1046
 Number of Nodes with overlaps = 478
 Number of Nodes with overlaps = 224
 Number of Nodes with overlaps = 86
 Number of Nodes with overlaps = 49
 Number of Nodes with overlaps = 30
 Number of Nodes with overlaps = 29
 Number of Nodes with overlaps = 14
 Number of Nodes with overlaps = 7
 Number of Nodes with overlaps = 4
 Number of Nodes with overlaps = 0
INFO: [Route 35-416] Intermediate Timing Summary | WNS=-2.264 | TNS=-537.805| WHS=N/A    | THS=N/A    |

Phase 4.2 Global Iteration 1 | Checksum: 29f58acbe

Time (s): cpu = 00:01:57 ; elapsed = 00:00:51 . Memory (MB): peak = 3262.840 ; gain = 79.117 ; free physical = 11602 ; free virtual = 26995
Phase 4 Rip-up And Reroute | Checksum: 29f58acbe

Time (s): cpu = 00:01:57 ; elapsed = 00:00:51 . Memory (MB): peak = 3262.840 ; gain = 79.117 ; free physical = 11602 ; free virtual = 26995

Phase 5 Delay and Skew Optimization

Phase 5.1 Delay CleanUp

Phase 5.1.1 Update Timing
Phase 5.1.1 Update Timing | Checksum: 2425cfc1f

Time (s): cpu = 00:01:58 ; elapsed = 00:00:51 . Memory (MB): peak = 3262.840 ; gain = 79.117 ; free physical = 11607 ; free virtual = 27000
INFO: [Route 35-416] Intermediate Timing Summary | WNS=-2.167 | TNS=-464.413| WHS=N/A    | THS=N/A    |

 Number of Nodes with overlaps = 0
Phase 5.1 Delay CleanUp | Checksum: 36817ff34

Time (s): cpu = 00:02:02 ; elapsed = 00:00:52 . Memory (MB): peak = 3262.840 ; gain = 79.117 ; free physical = 11606 ; free virtual = 27000

Phase 5.2 Clock Skew Optimization
Phase 5.2 Clock Skew Optimization | Checksum: 36817ff34

Time (s): cpu = 00:02:02 ; elapsed = 00:00:52 . Memory (MB): peak = 3262.840 ; gain = 79.117 ; free physical = 11606 ; free virtual = 27000
Phase 5 Delay and Skew Optimization | Checksum: 36817ff34

Time (s): cpu = 00:02:02 ; elapsed = 00:00:52 . Memory (MB): peak = 3262.840 ; gain = 79.117 ; free physical = 11606 ; free virtual = 27000

Phase 6 Post Hold Fix

Phase 6.1 Hold Fix Iter

Phase 6.1.1 Update Timing
Phase 6.1.1 Update Timing | Checksum: 33b0f8584

Time (s): cpu = 00:02:03 ; elapsed = 00:00:52 . Memory (MB): peak = 3262.840 ; gain = 79.117 ; free physical = 11606 ; free virtual = 26999
INFO: [Route 35-416] Intermediate Timing Summary | WNS=-2.151 | TNS=-450.858| WHS=0.070  | THS=0.000  |

Phase 6.1 Hold Fix Iter | Checksum: 33b0f8584

Time (s): cpu = 00:02:03 ; elapsed = 00:00:52 . Memory (MB): peak = 3262.840 ; gain = 79.117 ; free physical = 11606 ; free virtual = 26999
Phase 6 Post Hold Fix | Checksum: 33b0f8584

Time (s): cpu = 00:02:03 ; elapsed = 00:00:52 . Memory (MB): peak = 3262.840 ; gain = 79.117 ; free physical = 11606 ; free virtual = 26999

Phase 7 Route finalize

Router Utilization Summary
  Global Vertical Routing Utilization    = 1.51486 %
  Global Horizontal Routing Utilization  = 2.03727 %
  Routable Net Status*
  *Does not include unroutable nets such as driverless and loadless.
  Run report_route_status for detailed report.
  Number of Failed Nets               = 0
    (Failed Nets is the sum of unrouted and partially routed nets)
  Number of Unrouted Nets             = 0
  Number of Partially Routed Nets     = 0
  Number of Node Overlaps             = 0


--GLOBAL Congestion:
Utilization threshold used for congestion level computation: 0.85
Congestion Report
North Dir 1x1 Area, Max Cong = 61.2613%, No Congested Regions.
South Dir 1x1 Area, Max Cong = 66.6667%, No Congested Regions.
East Dir 1x1 Area, Max Cong = 86.7647%, Congestion bounded by tiles (Lower Left Tile -> Upper Right Tile):
   INT_R_X7Y34 -> INT_R_X7Y34
   INT_R_X21Y33 -> INT_R_X21Y33
   INT_R_X11Y32 -> INT_R_X11Y32
West Dir 1x1 Area, Max Cong = 79.4118%, No Congested Regions.

------------------------------
Reporting congestion hotspots
------------------------------
Direction: North
----------------
Congested clusters found at Level 0
Effective congestion level: 0 Aspect Ratio: 1 Sparse Ratio: 0
Direction: South
----------------
Congested clusters found at Level 0
Effective congestion level: 0 Aspect Ratio: 1 Sparse Ratio: 0
Direction: East
----------------
Congested clusters found at Level 0
Effective congestion level: 0 Aspect Ratio: 1 Sparse Ratio: 1
Direction: West
----------------
Congested clusters found at Level 0
Effective congestion level: 0 Aspect Ratio: 1 Sparse Ratio: 0

Phase 7 Route finalize | Checksum: 33b0f8584

Time (s): cpu = 00:02:04 ; elapsed = 00:00:52 . Memory (MB): peak = 3262.840 ; gain = 79.117 ; free physical = 11606 ; free virtual = 26999

Phase 8 Verifying routed nets

 Verification completed successfully
Phase 8 Verifying routed nets | Checksum: 33b0f8584

Time (s): cpu = 00:02:04 ; elapsed = 00:00:52 . Memory (MB): peak = 3262.840 ; gain = 79.117 ; free physical = 11606 ; free virtual = 26999

Phase 9 Depositing Routes
Phase 9 Depositing Routes | Checksum: 280f78dda

Time (s): cpu = 00:02:04 ; elapsed = 00:00:52 . Memory (MB): peak = 3262.840 ; gain = 79.117 ; free physical = 11606 ; free virtual = 26999

Phase 10 Post Router Timing
INFO: [Route 35-57] Estimated Timing Summary | WNS=-2.151 | TNS=-450.858| WHS=0.070  | THS=0.000  |

WARNING: [Route 35-328] Router estimated timing not met.
Resolution: For a complete and accurate timing signoff, report_timing_summary must be run after route_design. Alternatively, route_design can be run with the -timing_summary option to enable a complete timing signoff at the end of route_design.
Phase 10 Post Router Timing | Checksum: 280f78dda

Time (s): cpu = 00:02:05 ; elapsed = 00:00:53 . Memory (MB): peak = 3262.840 ; gain = 79.117 ; free physical = 11606 ; free virtual = 26999
INFO: [Route 35-16] Router Completed Successfully

Phase 11 Post-Route Event Processing
Phase 11 Post-Route Event Processing | Checksum: ef800c7e

Time (s): cpu = 00:02:06 ; elapsed = 00:00:53 . Memory (MB): peak = 3262.840 ; gain = 79.117 ; free physical = 11606 ; free virtual = 26999
Ending Routing Task | Checksum: ef800c7e

Time (s): cpu = 00:02:06 ; elapsed = 00:00:53 . Memory (MB): peak = 3262.840 ; gain = 79.117 ; free physical = 11606 ; free virtual = 26999

Routing Is Done.
INFO: [Common 17-83] Releasing license: Implementation
257 Infos, 1 Warnings, 0 Critical Warnings and 0 Errors encountered.
route_design completed successfully
route_design: Time (s): cpu = 00:02:07 ; elapsed = 00:00:53 . Memory (MB): peak = 3262.840 ; gain = 87.121 ; free physical = 11606 ; free virtual = 26999
INFO: [runtcl-4] Executing : report_drc -file Soc_drc_routed.rpt -pb Soc_drc_routed.pb -rpx Soc_drc_routed.rpx
Command: report_drc -file Soc_drc_routed.rpt -pb Soc_drc_routed.pb -rpx Soc_drc_routed.rpx
INFO: [IP_Flow 19-1839] IP Catalog is up to date.
INFO: [DRC 23-27] Running DRC with 12 threads
INFO: [Vivado_Tcl 2-168] The results of DRC are in file /home/zshuhansan/git_project/learn_fpga/FemtoRV/TUTORIALS/FROM_BLINKER_TO_RISCV/Soc/vivado/project_zynq7020_clg400_2/soc_zynq7020_clg400_2.runs/impl_1/Soc_drc_routed.rpt.
report_drc completed successfully
INFO: [runtcl-4] Executing : report_methodology -file Soc_methodology_drc_routed.rpt -pb Soc_methodology_drc_routed.pb -rpx Soc_methodology_drc_routed.rpx
Command: report_methodology -file Soc_methodology_drc_routed.rpt -pb Soc_methodology_drc_routed.pb -rpx Soc_methodology_drc_routed.rpx
INFO: [Timing 38-35] Done setting XDC timing constraints.
INFO: [DRC 23-133] Running Methodology with 12 threads
INFO: [Vivado_Tcl 2-1520] The results of Report Methodology are in file /home/zshuhansan/git_project/learn_fpga/FemtoRV/TUTORIALS/FROM_BLINKER_TO_RISCV/Soc/vivado/project_zynq7020_clg400_2/soc_zynq7020_clg400_2.runs/impl_1/Soc_methodology_drc_routed.rpt.
report_methodology completed successfully
INFO: [runtcl-4] Executing : report_power -file Soc_power_routed.rpt -pb Soc_power_summary_routed.pb -rpx Soc_power_routed.rpx
Command: report_power -file Soc_power_routed.rpt -pb Soc_power_summary_routed.pb -rpx Soc_power_routed.rpx
INFO: [Timing 38-35] Done setting XDC timing constraints.
Running Vector-less Activity Propagation...

Finished Running Vector-less Activity Propagation
267 Infos, 1 Warnings, 0 Critical Warnings and 0 Errors encountered.
report_power completed successfully
INFO: [runtcl-4] Executing : report_route_status -file Soc_route_status.rpt -pb Soc_route_status.pb
INFO: [runtcl-4] Executing : report_timing_summary -max_paths 10 -report_unconstrained -file Soc_timing_summary_routed.rpt -pb Soc_timing_summary_routed.pb -rpx Soc_timing_summary_routed.rpx -warn_on_violation 
INFO: [Timing 38-91] UpdateTimingParams: Speed grade: -2, Delay Type: min_max.
INFO: [Timing 38-191] Multithreading enabled for timing update using a maximum of 12 CPUs
CRITICAL WARNING: [Timing 38-282] The design failed to meet the timing requirements. Please see the timing summary report for details on the timing violations.
INFO: [runtcl-4] Executing : report_incremental_reuse -file Soc_incremental_reuse_routed.rpt
INFO: [Vivado_Tcl 4-1062] Incremental flow is disabled. No incremental reuse Info to report.
INFO: [runtcl-4] Executing : report_clock_utilization -file Soc_clock_utilization_routed.rpt
INFO: [runtcl-4] Executing : report_bus_skew -warn_on_violation -file Soc_bus_skew_routed.rpt -pb Soc_bus_skew_routed.pb -rpx Soc_bus_skew_routed.rpx
INFO: [Timing 38-91] UpdateTimingParams: Speed grade: -2, Delay Type: min_max.
INFO: [Timing 38-191] Multithreading enabled for timing update using a maximum of 12 CPUs
INFO: [Timing 38-480] Writing timing data to binary archive.
Write ShapeDB Complete: Time (s): cpu = 00:00:00.04 ; elapsed = 00:00:00.01 . Memory (MB): peak = 3414.914 ; gain = 0.000 ; free physical = 11498 ; free virtual = 26893
Wrote PlaceDB: Time (s): cpu = 00:00:00.59 ; elapsed = 00:00:00.24 . Memory (MB): peak = 3414.914 ; gain = 0.000 ; free physical = 11498 ; free virtual = 26899
Wrote PulsedLatchDB: Time (s): cpu = 00:00:00 ; elapsed = 00:00:00 . Memory (MB): peak = 3414.914 ; gain = 0.000 ; free physical = 11498 ; free virtual = 26899
Writing XDEF routing.
Writing XDEF routing logical nets.
Writing XDEF routing special nets.
Wrote RouteStorage: Time (s): cpu = 00:00:00.06 ; elapsed = 00:00:00.06 . Memory (MB): peak = 3414.914 ; gain = 0.000 ; free physical = 11496 ; free virtual = 26898
Wrote Netlist Cache: Time (s): cpu = 00:00:00.01 ; elapsed = 00:00:00.01 . Memory (MB): peak = 3414.914 ; gain = 0.000 ; free physical = 11496 ; free virtual = 26899
Wrote Device Cache: Time (s): cpu = 00:00:00 ; elapsed = 00:00:00.01 . Memory (MB): peak = 3414.914 ; gain = 0.000 ; free physical = 11495 ; free virtual = 26899
Write Physdb Complete: Time (s): cpu = 00:00:00.68 ; elapsed = 00:00:00.33 . Memory (MB): peak = 3414.914 ; gain = 0.000 ; free physical = 11495 ; free virtual = 26898
INFO: [Common 17-1381] The checkpoint '/home/zshuhansan/git_project/learn_fpga/FemtoRV/TUTORIALS/FROM_BLINKER_TO_RISCV/Soc/vivado/project_zynq7020_clg400_2/soc_zynq7020_clg400_2.runs/impl_1/Soc_routed.dcp' has been generated.
INFO: [Common 17-206] Exiting Vivado at Sat Apr 11 15:53:13 2026...
