
*** Running vivado
    with args -log Soc.vds -m64 -product Vivado -mode batch -messageDb vivado.pb -notrace -source Soc.tcl


****** Vivado v2023.2 (64-bit)
  **** SW Build 4029153 on Fri Oct 13 20:13:54 MDT 2023
  **** IP Build 4028589 on Sat Oct 14 00:45:43 MDT 2023
  **** SharedData Build 4025554 on Tue Oct 10 17:18:54 MDT 2023
    ** Copyright 1986-2022 Xilinx, Inc. All Rights Reserved.
    ** Copyright 2022-2023 Advanced Micro Devices, Inc. All Rights Reserved.

source Soc.tcl -notrace
create_project: Time (s): cpu = 00:00:06 ; elapsed = 00:00:06 . Memory (MB): peak = 1333.828 ; gain = 0.023 ; free physical = 13143 ; free virtual = 28545
Command: synth_design -top Soc -part xc7z020clg400-2 -directive PerformanceOptimized -fsm_extraction one_hot -keep_equivalent_registers -resource_sharing off -no_lc -shreg_min_size 5
Starting synth_design
Attempting to get a license for feature 'Synthesis' and/or device 'xc7z020'
INFO: [Common 17-349] Got license for feature 'Synthesis' and/or device 'xc7z020'
INFO: [Device 21-403] Loading part xc7z020clg400-2
INFO: [Synth 8-7079] Multithreading enabled for synth_design using a maximum of 4 processes.
INFO: [Synth 8-7078] Launching helper process for spawning children vivado processes
INFO: [Synth 8-7075] Helper process launched with PID 4044675
---------------------------------------------------------------------------------
Starting RTL Elaboration : Time (s): cpu = 00:00:03 ; elapsed = 00:00:03 . Memory (MB): peak = 2089.957 ; gain = 402.629 ; free physical = 12100 ; free virtual = 27502
---------------------------------------------------------------------------------
WARNING: [Synth 8-6901] identifier 'F_pendingValid' is used before its declaration [/home/zshuhansan/git_project/learn_fpga/FemtoRV/TUTORIALS/FROM_BLINKER_TO_RISCV/Soc/src/processor.v:44]
WARNING: [Synth 8-6901] identifier 'EM_wbEnable' is used before its declaration [/home/zshuhansan/git_project/learn_fpga/FemtoRV/TUTORIALS/FROM_BLINKER_TO_RISCV/Soc/src/processor.v:152]
WARNING: [Synth 8-6901] identifier 'EM_rdId' is used before its declaration [/home/zshuhansan/git_project/learn_fpga/FemtoRV/TUTORIALS/FROM_BLINKER_TO_RISCV/Soc/src/processor.v:152]
WARNING: [Synth 8-6901] identifier 'MW_wbEnable' is used before its declaration [/home/zshuhansan/git_project/learn_fpga/FemtoRV/TUTORIALS/FROM_BLINKER_TO_RISCV/Soc/src/processor.v:153]
WARNING: [Synth 8-6901] identifier 'MW_rdId' is used before its declaration [/home/zshuhansan/git_project/learn_fpga/FemtoRV/TUTORIALS/FROM_BLINKER_TO_RISCV/Soc/src/processor.v:153]
WARNING: [Synth 8-6901] identifier 'EM_wbEnable' is used before its declaration [/home/zshuhansan/git_project/learn_fpga/FemtoRV/TUTORIALS/FROM_BLINKER_TO_RISCV/Soc/src/processor.v:154]
WARNING: [Synth 8-6901] identifier 'EM_rdId' is used before its declaration [/home/zshuhansan/git_project/learn_fpga/FemtoRV/TUTORIALS/FROM_BLINKER_TO_RISCV/Soc/src/processor.v:154]
WARNING: [Synth 8-6901] identifier 'MW_wbEnable' is used before its declaration [/home/zshuhansan/git_project/learn_fpga/FemtoRV/TUTORIALS/FROM_BLINKER_TO_RISCV/Soc/src/processor.v:155]
WARNING: [Synth 8-6901] identifier 'MW_rdId' is used before its declaration [/home/zshuhansan/git_project/learn_fpga/FemtoRV/TUTORIALS/FROM_BLINKER_TO_RISCV/Soc/src/processor.v:155]
WARNING: [Synth 8-6901] identifier 'EM_Eresult' is used before its declaration [/home/zshuhansan/git_project/learn_fpga/FemtoRV/TUTORIALS/FROM_BLINKER_TO_RISCV/Soc/src/processor.v:157]
WARNING: [Synth 8-6901] identifier 'EM_Eresult' is used before its declaration [/home/zshuhansan/git_project/learn_fpga/FemtoRV/TUTORIALS/FROM_BLINKER_TO_RISCV/Soc/src/processor.v:161]
INFO: [Synth 8-6157] synthesizing module 'Soc' [/home/zshuhansan/git_project/learn_fpga/FemtoRV/TUTORIALS/FROM_BLINKER_TO_RISCV/Soc/src/Soc.v:27]
INFO: [Synth 8-6157] synthesizing module 'processor' [/home/zshuhansan/git_project/learn_fpga/FemtoRV/TUTORIALS/FROM_BLINKER_TO_RISCV/Soc/src/processor.v:1]
INFO: [Synth 8-6157] synthesizing module 'csr_unit' [/home/zshuhansan/git_project/learn_fpga/FemtoRV/TUTORIALS/FROM_BLINKER_TO_RISCV/Soc/src/csr_unit.v:1]
INFO: [Synth 8-6155] done synthesizing module 'csr_unit' (0#1) [/home/zshuhansan/git_project/learn_fpga/FemtoRV/TUTORIALS/FROM_BLINKER_TO_RISCV/Soc/src/csr_unit.v:1]
INFO: [Synth 8-6157] synthesizing module 'hazard_unit' [/home/zshuhansan/git_project/learn_fpga/FemtoRV/TUTORIALS/FROM_BLINKER_TO_RISCV/Soc/src/hazard_unit.v:1]
INFO: [Synth 8-6155] done synthesizing module 'hazard_unit' (0#1) [/home/zshuhansan/git_project/learn_fpga/FemtoRV/TUTORIALS/FROM_BLINKER_TO_RISCV/Soc/src/hazard_unit.v:1]
INFO: [Synth 8-6157] synthesizing module 'decoder' [/home/zshuhansan/git_project/learn_fpga/FemtoRV/TUTORIALS/FROM_BLINKER_TO_RISCV/Soc/src/decoder.v:1]
INFO: [Synth 8-6155] done synthesizing module 'decoder' (0#1) [/home/zshuhansan/git_project/learn_fpga/FemtoRV/TUTORIALS/FROM_BLINKER_TO_RISCV/Soc/src/decoder.v:1]
INFO: [Synth 8-6157] synthesizing module 'imm_gen' [/home/zshuhansan/git_project/learn_fpga/FemtoRV/TUTORIALS/FROM_BLINKER_TO_RISCV/Soc/src/imm_gen.v:1]
INFO: [Synth 8-6155] done synthesizing module 'imm_gen' (0#1) [/home/zshuhansan/git_project/learn_fpga/FemtoRV/TUTORIALS/FROM_BLINKER_TO_RISCV/Soc/src/imm_gen.v:1]
INFO: [Synth 8-6157] synthesizing module 'branch_predictor' [/home/zshuhansan/git_project/learn_fpga/FemtoRV/TUTORIALS/FROM_BLINKER_TO_RISCV/Soc/src/branch_predictor.v:1]
	Parameter BHT_ADDR_BITS bound to: 12 - type: integer 
	Parameter BHT_HISTO_BITS bound to: 9 - type: integer 
	Parameter WITH_GSHARE bound to: 1 - type: integer 
	Parameter WITH_RAS bound to: 1 - type: integer 
INFO: [Synth 8-6155] done synthesizing module 'branch_predictor' (0#1) [/home/zshuhansan/git_project/learn_fpga/FemtoRV/TUTORIALS/FROM_BLINKER_TO_RISCV/Soc/src/branch_predictor.v:1]
INFO: [Synth 8-6157] synthesizing module 'regfile' [/home/zshuhansan/git_project/learn_fpga/FemtoRV/TUTORIALS/FROM_BLINKER_TO_RISCV/Soc/src/regfile.v:1]
INFO: [Synth 8-6155] done synthesizing module 'regfile' (0#1) [/home/zshuhansan/git_project/learn_fpga/FemtoRV/TUTORIALS/FROM_BLINKER_TO_RISCV/Soc/src/regfile.v:1]
INFO: [Synth 8-6157] synthesizing module 'alu' [/home/zshuhansan/git_project/learn_fpga/FemtoRV/TUTORIALS/FROM_BLINKER_TO_RISCV/Soc/src/alu.v:1]
	Parameter WITH_RV32M bound to: 0 - type: integer 
INFO: [Synth 8-6155] done synthesizing module 'alu' (0#1) [/home/zshuhansan/git_project/learn_fpga/FemtoRV/TUTORIALS/FROM_BLINKER_TO_RISCV/Soc/src/alu.v:1]
INFO: [Synth 8-6157] synthesizing module 'lsu_align' [/home/zshuhansan/git_project/learn_fpga/FemtoRV/TUTORIALS/FROM_BLINKER_TO_RISCV/Soc/src/lsu_align.v:1]
INFO: [Synth 8-6155] done synthesizing module 'lsu_align' (0#1) [/home/zshuhansan/git_project/learn_fpga/FemtoRV/TUTORIALS/FROM_BLINKER_TO_RISCV/Soc/src/lsu_align.v:1]
INFO: [Synth 8-6155] done synthesizing module 'processor' (0#1) [/home/zshuhansan/git_project/learn_fpga/FemtoRV/TUTORIALS/FROM_BLINKER_TO_RISCV/Soc/src/processor.v:1]
INFO: [Synth 8-6157] synthesizing module 'progrom_ip_model' [/home/zshuhansan/git_project/learn_fpga/FemtoRV/TUTORIALS/FROM_BLINKER_TO_RISCV/Soc/src/progrom_ip_model.v:1]
	Parameter ADDR_WIDTH bound to: 14 - type: integer 
	Parameter INIT_FILE bound to: PROGROM.mem - type: string 
INFO: [Synth 8-6157] synthesizing module 'xpm_memory_sprom' [/home/zshuhansan/Xilinx/Vivado/2023.2/data/ip/xpm/xpm_memory/hdl/xpm_memory.sv:8889]
	Parameter MEMORY_SIZE bound to: 524288 - type: integer 
	Parameter MEMORY_PRIMITIVE bound to: block - type: string 
	Parameter ECC_MODE bound to: no_ecc - type: string 
	Parameter MEMORY_INIT_FILE bound to: PROGROM.mem - type: string 
	Parameter MEMORY_INIT_PARAM bound to: 0 - type: string 
	Parameter USE_MEM_INIT bound to: 1 - type: integer 
	Parameter WAKEUP_TIME bound to: disable_sleep - type: string 
	Parameter AUTO_SLEEP_TIME bound to: 0 - type: integer 
	Parameter MESSAGE_CONTROL bound to: 0 - type: integer 
	Parameter MEMORY_OPTIMIZATION bound to: true - type: string 
	Parameter CASCADE_HEIGHT bound to: 0 - type: integer 
	Parameter SIM_ASSERT_CHK bound to: 0 - type: integer 
	Parameter READ_DATA_WIDTH_A bound to: 32 - type: integer 
	Parameter ADDR_WIDTH_A bound to: 14 - type: integer 
	Parameter READ_RESET_VALUE_A bound to: 0 - type: string 
	Parameter READ_LATENCY_A bound to: 1 - type: integer 
	Parameter RST_MODE_A bound to: SYNC - type: string 
INFO: [Synth 8-6157] synthesizing module 'xpm_memory_base' [/home/zshuhansan/Xilinx/Vivado/2023.2/data/ip/xpm/xpm_memory/hdl/xpm_memory.sv:54]
INFO: [Synth 8-3876] $readmem data file 'PROGROM.mem' is read successfully [/home/zshuhansan/Xilinx/Vivado/2023.2/data/ip/xpm/xpm_memory/hdl/xpm_memory.sv:1193]
INFO: [Synth 8-6155] done synthesizing module 'xpm_memory_base' (0#1) [/home/zshuhansan/Xilinx/Vivado/2023.2/data/ip/xpm/xpm_memory/hdl/xpm_memory.sv:54]
INFO: [Synth 8-6155] done synthesizing module 'xpm_memory_sprom' (0#1) [/home/zshuhansan/Xilinx/Vivado/2023.2/data/ip/xpm/xpm_memory/hdl/xpm_memory.sv:8889]
INFO: [Synth 8-6155] done synthesizing module 'progrom_ip_model' (0#1) [/home/zshuhansan/git_project/learn_fpga/FemtoRV/TUTORIALS/FROM_BLINKER_TO_RISCV/Soc/src/progrom_ip_model.v:1]
INFO: [Synth 8-6157] synthesizing module 'dataram_ip_model' [/home/zshuhansan/git_project/learn_fpga/FemtoRV/TUTORIALS/FROM_BLINKER_TO_RISCV/Soc/src/dataram_ip_model.v:1]
	Parameter ADDR_WIDTH bound to: 14 - type: integer 
	Parameter INIT_FILE bound to: DATARAM.mem - type: string 
INFO: [Synth 8-6157] synthesizing module 'xpm_memory_sdpram' [/home/zshuhansan/Xilinx/Vivado/2023.2/data/ip/xpm/xpm_memory/hdl/xpm_memory.sv:8548]
	Parameter MEMORY_SIZE bound to: 524288 - type: integer 
	Parameter MEMORY_PRIMITIVE bound to: block - type: string 
	Parameter CLOCKING_MODE bound to: common_clock - type: string 
	Parameter ECC_MODE bound to: no_ecc - type: string 
	Parameter MEMORY_INIT_FILE bound to: DATARAM.mem - type: string 
	Parameter MEMORY_INIT_PARAM bound to: 0 - type: string 
	Parameter USE_MEM_INIT bound to: 1 - type: integer 
	Parameter WAKEUP_TIME bound to: disable_sleep - type: string 
	Parameter AUTO_SLEEP_TIME bound to: 0 - type: integer 
	Parameter MESSAGE_CONTROL bound to: 0 - type: integer 
	Parameter MEMORY_OPTIMIZATION bound to: true - type: string 
	Parameter CASCADE_HEIGHT bound to: 0 - type: integer 
	Parameter SIM_ASSERT_CHK bound to: 0 - type: integer 
	Parameter WRITE_DATA_WIDTH_A bound to: 32 - type: integer 
	Parameter BYTE_WRITE_WIDTH_A bound to: 8 - type: integer 
	Parameter ADDR_WIDTH_A bound to: 14 - type: integer 
	Parameter RST_MODE_A bound to: SYNC - type: string 
	Parameter READ_DATA_WIDTH_B bound to: 32 - type: integer 
	Parameter ADDR_WIDTH_B bound to: 14 - type: integer 
	Parameter READ_RESET_VALUE_B bound to: 0 - type: string 
	Parameter READ_LATENCY_B bound to: 1 - type: integer 
	Parameter WRITE_MODE_B bound to: read_first - type: string 
	Parameter RST_MODE_B bound to: SYNC - type: string 
INFO: [Synth 8-6157] synthesizing module 'xpm_memory_base__parameterized0' [/home/zshuhansan/Xilinx/Vivado/2023.2/data/ip/xpm/xpm_memory/hdl/xpm_memory.sv:54]
INFO: [Synth 8-3876] $readmem data file 'DATARAM.mem' is read successfully [/home/zshuhansan/Xilinx/Vivado/2023.2/data/ip/xpm/xpm_memory/hdl/xpm_memory.sv:1193]
INFO: [Synth 8-6155] done synthesizing module 'xpm_memory_base__parameterized0' (0#1) [/home/zshuhansan/Xilinx/Vivado/2023.2/data/ip/xpm/xpm_memory/hdl/xpm_memory.sv:54]
INFO: [Synth 8-6155] done synthesizing module 'xpm_memory_sdpram' (0#1) [/home/zshuhansan/Xilinx/Vivado/2023.2/data/ip/xpm/xpm_memory/hdl/xpm_memory.sv:8548]
INFO: [Synth 8-6155] done synthesizing module 'dataram_ip_model' (0#1) [/home/zshuhansan/git_project/learn_fpga/FemtoRV/TUTORIALS/FROM_BLINKER_TO_RISCV/Soc/src/dataram_ip_model.v:1]
INFO: [Synth 8-6157] synthesizing module 'emitter_uart' [/home/zshuhansan/git_project/learn_fpga/FemtoRV/TUTORIALS/FROM_BLINKER_TO_RISCV/Soc/src/emitter_uart.v:1]
	Parameter clk_freq_hz bound to: 100000000 - type: integer 
INFO: [Synth 8-6155] done synthesizing module 'emitter_uart' (0#1) [/home/zshuhansan/git_project/learn_fpga/FemtoRV/TUTORIALS/FROM_BLINKER_TO_RISCV/Soc/src/emitter_uart.v:1]
INFO: [Synth 8-6155] done synthesizing module 'Soc' (0#1) [/home/zshuhansan/git_project/learn_fpga/FemtoRV/TUTORIALS/FROM_BLINKER_TO_RISCV/Soc/src/Soc.v:27]
WARNING: [Synth 8-6014] Unused sequential element DE_isALUimm_reg was removed.  [/home/zshuhansan/git_project/learn_fpga/FemtoRV/TUTORIALS/FROM_BLINKER_TO_RISCV/Soc/src/processor.v:537]
WARNING: [Synth 8-6014] Unused sequential element DE_isAUIPC_reg was removed.  [/home/zshuhansan/git_project/learn_fpga/FemtoRV/TUTORIALS/FROM_BLINKER_TO_RISCV/Soc/src/processor.v:541]
WARNING: [Synth 8-6014] Unused sequential element DE_isLUI_reg was removed.  [/home/zshuhansan/git_project/learn_fpga/FemtoRV/TUTORIALS/FROM_BLINKER_TO_RISCV/Soc/src/processor.v:542]
WARNING: [Synth 8-6014] Unused sequential element EM_rs1Id_reg was removed.  [/home/zshuhansan/git_project/learn_fpga/FemtoRV/TUTORIALS/FROM_BLINKER_TO_RISCV/Soc/src/processor.v:718]
WARNING: [Synth 8-6014] Unused sequential element EM_rs2Id_reg was removed.  [/home/zshuhansan/git_project/learn_fpga/FemtoRV/TUTORIALS/FROM_BLINKER_TO_RISCV/Soc/src/processor.v:719]
WARNING: [Synth 8-6014] Unused sequential element EM_correctPC_reg was removed.  [/home/zshuhansan/git_project/learn_fpga/FemtoRV/TUTORIALS/FROM_BLINKER_TO_RISCV/Soc/src/processor.v:729]
WARNING: [Synth 8-6014] Unused sequential element EM_PCcorrection_reg was removed.  [/home/zshuhansan/git_project/learn_fpga/FemtoRV/TUTORIALS/FROM_BLINKER_TO_RISCV/Soc/src/processor.v:730]
WARNING: [Synth 8-7129] Port sleep in module xpm_memory_base__parameterized0 is either unconnected or has no load
WARNING: [Synth 8-7129] Port rsta in module xpm_memory_base__parameterized0 is either unconnected or has no load
WARNING: [Synth 8-7129] Port regcea in module xpm_memory_base__parameterized0 is either unconnected or has no load
WARNING: [Synth 8-7129] Port injectsbiterra in module xpm_memory_base__parameterized0 is either unconnected or has no load
WARNING: [Synth 8-7129] Port injectdbiterra in module xpm_memory_base__parameterized0 is either unconnected or has no load
WARNING: [Synth 8-7129] Port clkb in module xpm_memory_base__parameterized0 is either unconnected or has no load
WARNING: [Synth 8-7129] Port regceb in module xpm_memory_base__parameterized0 is either unconnected or has no load
WARNING: [Synth 8-7129] Port web[0] in module xpm_memory_base__parameterized0 is either unconnected or has no load
WARNING: [Synth 8-7129] Port dinb[31] in module xpm_memory_base__parameterized0 is either unconnected or has no load
WARNING: [Synth 8-7129] Port dinb[30] in module xpm_memory_base__parameterized0 is either unconnected or has no load
WARNING: [Synth 8-7129] Port dinb[29] in module xpm_memory_base__parameterized0 is either unconnected or has no load
WARNING: [Synth 8-7129] Port dinb[28] in module xpm_memory_base__parameterized0 is either unconnected or has no load
WARNING: [Synth 8-7129] Port dinb[27] in module xpm_memory_base__parameterized0 is either unconnected or has no load
WARNING: [Synth 8-7129] Port dinb[26] in module xpm_memory_base__parameterized0 is either unconnected or has no load
WARNING: [Synth 8-7129] Port dinb[25] in module xpm_memory_base__parameterized0 is either unconnected or has no load
WARNING: [Synth 8-7129] Port dinb[24] in module xpm_memory_base__parameterized0 is either unconnected or has no load
WARNING: [Synth 8-7129] Port dinb[23] in module xpm_memory_base__parameterized0 is either unconnected or has no load
WARNING: [Synth 8-7129] Port dinb[22] in module xpm_memory_base__parameterized0 is either unconnected or has no load
WARNING: [Synth 8-7129] Port dinb[21] in module xpm_memory_base__parameterized0 is either unconnected or has no load
WARNING: [Synth 8-7129] Port dinb[20] in module xpm_memory_base__parameterized0 is either unconnected or has no load
WARNING: [Synth 8-7129] Port dinb[19] in module xpm_memory_base__parameterized0 is either unconnected or has no load
WARNING: [Synth 8-7129] Port dinb[18] in module xpm_memory_base__parameterized0 is either unconnected or has no load
WARNING: [Synth 8-7129] Port dinb[17] in module xpm_memory_base__parameterized0 is either unconnected or has no load
WARNING: [Synth 8-7129] Port dinb[16] in module xpm_memory_base__parameterized0 is either unconnected or has no load
WARNING: [Synth 8-7129] Port dinb[15] in module xpm_memory_base__parameterized0 is either unconnected or has no load
WARNING: [Synth 8-7129] Port dinb[14] in module xpm_memory_base__parameterized0 is either unconnected or has no load
WARNING: [Synth 8-7129] Port dinb[13] in module xpm_memory_base__parameterized0 is either unconnected or has no load
WARNING: [Synth 8-7129] Port dinb[12] in module xpm_memory_base__parameterized0 is either unconnected or has no load
WARNING: [Synth 8-7129] Port dinb[11] in module xpm_memory_base__parameterized0 is either unconnected or has no load
WARNING: [Synth 8-7129] Port dinb[10] in module xpm_memory_base__parameterized0 is either unconnected or has no load
WARNING: [Synth 8-7129] Port dinb[9] in module xpm_memory_base__parameterized0 is either unconnected or has no load
WARNING: [Synth 8-7129] Port dinb[8] in module xpm_memory_base__parameterized0 is either unconnected or has no load
WARNING: [Synth 8-7129] Port dinb[7] in module xpm_memory_base__parameterized0 is either unconnected or has no load
WARNING: [Synth 8-7129] Port dinb[6] in module xpm_memory_base__parameterized0 is either unconnected or has no load
WARNING: [Synth 8-7129] Port dinb[5] in module xpm_memory_base__parameterized0 is either unconnected or has no load
WARNING: [Synth 8-7129] Port dinb[4] in module xpm_memory_base__parameterized0 is either unconnected or has no load
WARNING: [Synth 8-7129] Port dinb[3] in module xpm_memory_base__parameterized0 is either unconnected or has no load
WARNING: [Synth 8-7129] Port dinb[2] in module xpm_memory_base__parameterized0 is either unconnected or has no load
WARNING: [Synth 8-7129] Port dinb[1] in module xpm_memory_base__parameterized0 is either unconnected or has no load
WARNING: [Synth 8-7129] Port dinb[0] in module xpm_memory_base__parameterized0 is either unconnected or has no load
WARNING: [Synth 8-7129] Port injectsbiterrb in module xpm_memory_base__parameterized0 is either unconnected or has no load
WARNING: [Synth 8-7129] Port injectdbiterrb in module xpm_memory_base__parameterized0 is either unconnected or has no load
WARNING: [Synth 8-7129] Port sleep in module xpm_memory_base is either unconnected or has no load
WARNING: [Synth 8-7129] Port regcea in module xpm_memory_base is either unconnected or has no load
WARNING: [Synth 8-7129] Port wea[0] in module xpm_memory_base is either unconnected or has no load
WARNING: [Synth 8-7129] Port dina[31] in module xpm_memory_base is either unconnected or has no load
WARNING: [Synth 8-7129] Port dina[30] in module xpm_memory_base is either unconnected or has no load
WARNING: [Synth 8-7129] Port dina[29] in module xpm_memory_base is either unconnected or has no load
WARNING: [Synth 8-7129] Port dina[28] in module xpm_memory_base is either unconnected or has no load
WARNING: [Synth 8-7129] Port dina[27] in module xpm_memory_base is either unconnected or has no load
WARNING: [Synth 8-7129] Port dina[26] in module xpm_memory_base is either unconnected or has no load
WARNING: [Synth 8-7129] Port dina[25] in module xpm_memory_base is either unconnected or has no load
WARNING: [Synth 8-7129] Port dina[24] in module xpm_memory_base is either unconnected or has no load
WARNING: [Synth 8-7129] Port dina[23] in module xpm_memory_base is either unconnected or has no load
WARNING: [Synth 8-7129] Port dina[22] in module xpm_memory_base is either unconnected or has no load
WARNING: [Synth 8-7129] Port dina[21] in module xpm_memory_base is either unconnected or has no load
WARNING: [Synth 8-7129] Port dina[20] in module xpm_memory_base is either unconnected or has no load
WARNING: [Synth 8-7129] Port dina[19] in module xpm_memory_base is either unconnected or has no load
WARNING: [Synth 8-7129] Port dina[18] in module xpm_memory_base is either unconnected or has no load
WARNING: [Synth 8-7129] Port dina[17] in module xpm_memory_base is either unconnected or has no load
WARNING: [Synth 8-7129] Port dina[16] in module xpm_memory_base is either unconnected or has no load
WARNING: [Synth 8-7129] Port dina[15] in module xpm_memory_base is either unconnected or has no load
WARNING: [Synth 8-7129] Port dina[14] in module xpm_memory_base is either unconnected or has no load
WARNING: [Synth 8-7129] Port dina[13] in module xpm_memory_base is either unconnected or has no load
WARNING: [Synth 8-7129] Port dina[12] in module xpm_memory_base is either unconnected or has no load
WARNING: [Synth 8-7129] Port dina[11] in module xpm_memory_base is either unconnected or has no load
WARNING: [Synth 8-7129] Port dina[10] in module xpm_memory_base is either unconnected or has no load
WARNING: [Synth 8-7129] Port dina[9] in module xpm_memory_base is either unconnected or has no load
WARNING: [Synth 8-7129] Port dina[8] in module xpm_memory_base is either unconnected or has no load
WARNING: [Synth 8-7129] Port dina[7] in module xpm_memory_base is either unconnected or has no load
WARNING: [Synth 8-7129] Port dina[6] in module xpm_memory_base is either unconnected or has no load
WARNING: [Synth 8-7129] Port dina[5] in module xpm_memory_base is either unconnected or has no load
WARNING: [Synth 8-7129] Port dina[4] in module xpm_memory_base is either unconnected or has no load
WARNING: [Synth 8-7129] Port dina[3] in module xpm_memory_base is either unconnected or has no load
WARNING: [Synth 8-7129] Port dina[2] in module xpm_memory_base is either unconnected or has no load
WARNING: [Synth 8-7129] Port dina[1] in module xpm_memory_base is either unconnected or has no load
WARNING: [Synth 8-7129] Port dina[0] in module xpm_memory_base is either unconnected or has no load
WARNING: [Synth 8-7129] Port injectsbiterra in module xpm_memory_base is either unconnected or has no load
WARNING: [Synth 8-7129] Port injectdbiterra in module xpm_memory_base is either unconnected or has no load
WARNING: [Synth 8-7129] Port clkb in module xpm_memory_base is either unconnected or has no load
WARNING: [Synth 8-7129] Port rstb in module xpm_memory_base is either unconnected or has no load
WARNING: [Synth 8-7129] Port enb in module xpm_memory_base is either unconnected or has no load
WARNING: [Synth 8-7129] Port regceb in module xpm_memory_base is either unconnected or has no load
WARNING: [Synth 8-7129] Port web[0] in module xpm_memory_base is either unconnected or has no load
WARNING: [Synth 8-7129] Port addrb[13] in module xpm_memory_base is either unconnected or has no load
WARNING: [Synth 8-7129] Port addrb[12] in module xpm_memory_base is either unconnected or has no load
WARNING: [Synth 8-7129] Port addrb[11] in module xpm_memory_base is either unconnected or has no load
WARNING: [Synth 8-7129] Port addrb[10] in module xpm_memory_base is either unconnected or has no load
WARNING: [Synth 8-7129] Port addrb[9] in module xpm_memory_base is either unconnected or has no load
WARNING: [Synth 8-7129] Port addrb[8] in module xpm_memory_base is either unconnected or has no load
WARNING: [Synth 8-7129] Port addrb[7] in module xpm_memory_base is either unconnected or has no load
WARNING: [Synth 8-7129] Port addrb[6] in module xpm_memory_base is either unconnected or has no load
WARNING: [Synth 8-7129] Port addrb[5] in module xpm_memory_base is either unconnected or has no load
WARNING: [Synth 8-7129] Port addrb[4] in module xpm_memory_base is either unconnected or has no load
WARNING: [Synth 8-7129] Port addrb[3] in module xpm_memory_base is either unconnected or has no load
WARNING: [Synth 8-7129] Port addrb[2] in module xpm_memory_base is either unconnected or has no load
WARNING: [Synth 8-7129] Port addrb[1] in module xpm_memory_base is either unconnected or has no load
WARNING: [Synth 8-7129] Port addrb[0] in module xpm_memory_base is either unconnected or has no load
WARNING: [Synth 8-7129] Port dinb[31] in module xpm_memory_base is either unconnected or has no load
WARNING: [Synth 8-7129] Port dinb[30] in module xpm_memory_base is either unconnected or has no load
INFO: [Common 17-14] Message 'Synth 8-7129' appears 100 times and further instances of the messages will be disabled. Use the Tcl command set_msg_config to change the current settings.
---------------------------------------------------------------------------------
Finished RTL Elaboration : Time (s): cpu = 00:00:05 ; elapsed = 00:00:05 . Memory (MB): peak = 2208.246 ; gain = 520.918 ; free physical = 11955 ; free virtual = 27358
---------------------------------------------------------------------------------
---------------------------------------------------------------------------------
Start Handling Custom Attributes
---------------------------------------------------------------------------------
---------------------------------------------------------------------------------
Finished Handling Custom Attributes : Time (s): cpu = 00:00:05 ; elapsed = 00:00:05 . Memory (MB): peak = 2223.090 ; gain = 535.762 ; free physical = 11956 ; free virtual = 27359
---------------------------------------------------------------------------------
---------------------------------------------------------------------------------
Finished RTL Optimization Phase 1 : Time (s): cpu = 00:00:05 ; elapsed = 00:00:05 . Memory (MB): peak = 2223.090 ; gain = 535.762 ; free physical = 11956 ; free virtual = 27359
---------------------------------------------------------------------------------
Netlist sorting complete. Time (s): cpu = 00:00:00.03 ; elapsed = 00:00:00.02 . Memory (MB): peak = 2223.090 ; gain = 0.000 ; free physical = 11956 ; free virtual = 27359
INFO: [Project 1-570] Preparing netlist for logic optimization

Processing XDC Constraints
Initializing timing engine
Parsing XDC File [/home/zshuhansan/git_project/learn_fpga/FemtoRV/TUTORIALS/FROM_BLINKER_TO_RISCV/Soc/vivado/zynq7020_clg400_2_synth_only.xdc]
Finished Parsing XDC File [/home/zshuhansan/git_project/learn_fpga/FemtoRV/TUTORIALS/FROM_BLINKER_TO_RISCV/Soc/vivado/zynq7020_clg400_2_synth_only.xdc]
INFO: [Project 1-236] Implementation specific constraints were found while reading constraint file [/home/zshuhansan/Xilinx/Vivado/2023.2/data/ip/xpm/xpm_memory/tcl/xpm_memory_xdc.tcl]. These constraints will be ignored for synthesis but will be used in implementation. Impacted constraints are listed in the file [.Xil/Soc_propImpl.xdc].
Resolution: To avoid this warning, move constraints listed in [.Xil/Soc_propImpl.xdc] to another XDC file and exclude this new file from synthesis with the used_in_synthesis property (File Properties dialog in GUI) and re-run elaboration/synthesis.
INFO: [Project 1-1714] 1 XPM XDC files have been applied to the design.
Completed Processing XDC Constraints

Netlist sorting complete. Time (s): cpu = 00:00:00 ; elapsed = 00:00:00 . Memory (MB): peak = 2391.949 ; gain = 0.000 ; free physical = 11947 ; free virtual = 27350
INFO: [Project 1-111] Unisim Transformation Summary:
No Unisim elements were transformed.

Constraint Validation Runtime : Time (s): cpu = 00:00:00 ; elapsed = 00:00:00.01 . Memory (MB): peak = 2391.984 ; gain = 0.000 ; free physical = 11946 ; free virtual = 27349
---------------------------------------------------------------------------------
Finished Constraint Validation : Time (s): cpu = 00:00:11 ; elapsed = 00:00:11 . Memory (MB): peak = 2391.984 ; gain = 704.656 ; free physical = 11927 ; free virtual = 27330
---------------------------------------------------------------------------------
---------------------------------------------------------------------------------
Start Loading Part and Timing Information
---------------------------------------------------------------------------------
Loading part: xc7z020clg400-2
---------------------------------------------------------------------------------
Finished Loading Part and Timing Information : Time (s): cpu = 00:00:11 ; elapsed = 00:00:11 . Memory (MB): peak = 2391.984 ; gain = 704.656 ; free physical = 11927 ; free virtual = 27330
---------------------------------------------------------------------------------
---------------------------------------------------------------------------------
Start Applying 'set_property' XDC Constraints
---------------------------------------------------------------------------------
Applied set_property KEEP_HIERARCHY = SOFT for DATARAM/XPM_DATARAM. (constraint file  auto generated constraint).
---------------------------------------------------------------------------------
Finished applying 'set_property' XDC Constraints : Time (s): cpu = 00:00:11 ; elapsed = 00:00:11 . Memory (MB): peak = 2391.984 ; gain = 704.656 ; free physical = 11927 ; free virtual = 27330
---------------------------------------------------------------------------------
WARNING: [Synth 8-6841] Block RAM (gen_wr_a.gen_byte_narrow.for_mem_cols[1].mem_reg) originally specified as a Byte Wide Write Enable RAM cannot take advantage of ByteWide feature and is implemented with single write enable per RAM due to following reason.
(address width (14) is more than optimal threshold of 12. Implementing using BWWE will require more logic and timing would be suboptimal. Please use attribute ram_decomp = power if BWWE is desired.)
---------------------------------------------------------------------------------
Finished RTL Optimization Phase 2 : Time (s): cpu = 00:00:12 ; elapsed = 00:00:12 . Memory (MB): peak = 2391.984 ; gain = 704.656 ; free physical = 11926 ; free virtual = 27330
---------------------------------------------------------------------------------
---------------------------------------------------------------------------------
Start RTL Component Statistics 
---------------------------------------------------------------------------------
Detailed RTL Component Info : 
+---Adders : 
	   2 Input   64 Bit       Adders := 2     
	   3 Input   33 Bit       Adders := 1     
	   2 Input   32 Bit       Adders := 7     
	   2 Input   11 Bit       Adders := 1     
	   2 Input    2 Bit       Adders := 1     
+---XORs : 
	   2 Input     32 Bit         XORs := 1     
	   2 Input     12 Bit         XORs := 1     
	   2 Input      1 Bit         XORs := 2     
+---Registers : 
	               64 Bit    Registers := 2     
	               32 Bit    Registers := 56    
	               12 Bit    Registers := 1     
	               11 Bit    Registers := 1     
	               10 Bit    Registers := 1     
	                9 Bit    Registers := 1     
	                8 Bit    Registers := 1     
	                5 Bit    Registers := 6     
	                4 Bit    Registers := 1     
	                3 Bit    Registers := 2     
	                2 Bit    Registers := 4     
	                1 Bit    Registers := 25    
+---RAMs : 
	             512K Bit	(16384 X 32 bit)          RAMs := 1     
	               8K Bit	(4096 X 2 bit)          RAMs := 1     
+---ROMs : 
	                    ROMs := 1     
+---Muxes : 
	   2 Input   32 Bit        Muxes := 52    
	  33 Input   32 Bit        Muxes := 2     
	   2 Input   16 Bit        Muxes := 1     
	   2 Input   10 Bit        Muxes := 2     
	   2 Input    8 Bit        Muxes := 6     
	   4 Input    4 Bit        Muxes := 1     
	   3 Input    4 Bit        Muxes := 1     
	   2 Input    4 Bit        Muxes := 1     
	   7 Input    2 Bit        Muxes := 1     
	   2 Input    2 Bit        Muxes := 1     
	   2 Input    1 Bit        Muxes := 66    
---------------------------------------------------------------------------------
Finished RTL Component Statistics 
---------------------------------------------------------------------------------
---------------------------------------------------------------------------------
Start Part Resource Summary
---------------------------------------------------------------------------------
Part Resources:
DSPs: 220 (col length:60)
BRAMs: 280 (col length: RAMB18 60 RAMB36 30)
---------------------------------------------------------------------------------
Finished Part Resource Summary
---------------------------------------------------------------------------------
---------------------------------------------------------------------------------
Start Cross Boundary and Area Optimization
---------------------------------------------------------------------------------
WARNING: [Synth 8-7080] Parallel synthesis criteria is not met
---------------------------------------------------------------------------------
Finished Cross Boundary and Area Optimization : Time (s): cpu = 00:00:19 ; elapsed = 00:00:19 . Memory (MB): peak = 2391.984 ; gain = 704.656 ; free physical = 11938 ; free virtual = 27351
---------------------------------------------------------------------------------
---------------------------------------------------------------------------------
Start ROM, RAM, DSP, Shift Register and Retiming Reporting
---------------------------------------------------------------------------------

Block RAM: Preliminary Mapping Report (see note below)
+---------------------------------+--------------------------------------------------+------------------------+---+---+------------------------+---+---+------------------+--------+--------+
|Module Name                      | RTL Object                                       | PORT A (Depth x Width) | W | R | PORT B (Depth x Width) | W | R | Ports driving FF | RAMB18 | RAMB36 | 
+---------------------------------+--------------------------------------------------+------------------------+---+---+------------------------+---+---+------------------+--------+--------+
|xpm_memory_base__parameterized0: | gen_wr_a.gen_byte_narrow.for_mem_cols[1].mem_reg | 16 K x 32(READ_FIRST)  | W |   | 16 K x 32(WRITE_FIRST) |   | R | Port A and B     | 0      | 16     | 
+---------------------------------+--------------------------------------------------+------------------------+---+---+------------------------+---+---+------------------+--------+--------+

Note: The table above is a preliminary report that shows the Block RAMs at the current stage of the synthesis flow. Some Block RAMs may be reimplemented as non Block RAM primitives later in the synthesis flow. Multiple instantiated Block RAMs are reported only once. 

Distributed RAM: Preliminary Mapping Report (see note below)
+------------+----------------+-----------+----------------------+-----------------+
|Module Name | RTL Object     | Inference | Size (Depth x Width) | Primitives      | 
+------------+----------------+-----------+----------------------+-----------------+
|Soc         | CPU/BP/BHT_reg | Implied   | 4 K x 2              | RAM128X1D x 64  | 
+------------+----------------+-----------+----------------------+-----------------+

Note: The table above is a preliminary report that shows the Distributed RAMs at the current stage of the synthesis flow. Some Distributed RAMs may be reimplemented as non Distributed RAM primitives later in the synthesis flow. Multiple instantiated RAMs are reported only once.
---------------------------------------------------------------------------------
Finished ROM, RAM, DSP, Shift Register and Retiming Reporting
---------------------------------------------------------------------------------
---------------------------------------------------------------------------------
Start Applying XDC Timing Constraints
---------------------------------------------------------------------------------
---------------------------------------------------------------------------------
Finished Applying XDC Timing Constraints : Time (s): cpu = 00:00:23 ; elapsed = 00:00:23 . Memory (MB): peak = 2391.984 ; gain = 704.656 ; free physical = 11938 ; free virtual = 27351
---------------------------------------------------------------------------------
---------------------------------------------------------------------------------
Start Timing Optimization
---------------------------------------------------------------------------------
---------------------------------------------------------------------------------
Finished Timing Optimization : Time (s): cpu = 00:00:37 ; elapsed = 00:00:38 . Memory (MB): peak = 2401.098 ; gain = 713.770 ; free physical = 11814 ; free virtual = 27227
---------------------------------------------------------------------------------
---------------------------------------------------------------------------------
Start ROM, RAM, DSP, Shift Register and Retiming Reporting
---------------------------------------------------------------------------------

Block RAM: Final Mapping Report
+---------------------------------+--------------------------------------------------+------------------------+---+---+------------------------+---+---+------------------+--------+--------+
|Module Name                      | RTL Object                                       | PORT A (Depth x Width) | W | R | PORT B (Depth x Width) | W | R | Ports driving FF | RAMB18 | RAMB36 | 
+---------------------------------+--------------------------------------------------+------------------------+---+---+------------------------+---+---+------------------+--------+--------+
|xpm_memory_base__parameterized0: | gen_wr_a.gen_byte_narrow.for_mem_cols[1].mem_reg | 16 K x 32(READ_FIRST)  | W |   | 16 K x 32(WRITE_FIRST) |   | R | Port A and B     | 0      | 16     | 
+---------------------------------+--------------------------------------------------+------------------------+---+---+------------------------+---+---+------------------+--------+--------+


Distributed RAM: Final Mapping Report
+------------+----------------+-----------+----------------------+-----------------+
|Module Name | RTL Object     | Inference | Size (Depth x Width) | Primitives      | 
+------------+----------------+-----------+----------------------+-----------------+
|Soc         | CPU/BP/BHT_reg | Implied   | 4 K x 2              | RAM128X1D x 64  | 
+------------+----------------+-----------+----------------------+-----------------+

---------------------------------------------------------------------------------
Finished ROM, RAM, DSP, Shift Register and Retiming Reporting
---------------------------------------------------------------------------------
---------------------------------------------------------------------------------
Start Technology Mapping
---------------------------------------------------------------------------------
INFO: [Synth 8-7052] The timing for the instance PROGROM/XPM_PROGROM/xpm_memory_base_inst/gen_rd_a.gen_rd_a_synth_template.gen_rf_narrow_reg.douta_reg_reg_1 (implemented as a Block RAM) might be sub-optimal as no optional output register could be merged into the ram block. Providing additional output register may help in improving timing.
INFO: [Synth 8-7052] The timing for the instance PROGROM/XPM_PROGROM/xpm_memory_base_inst/gen_rd_a.gen_rd_a_synth_template.gen_rf_narrow_reg.douta_reg_reg_2 (implemented as a Block RAM) might be sub-optimal as no optional output register could be merged into the ram block. Providing additional output register may help in improving timing.
INFO: [Synth 8-7052] The timing for the instance PROGROM/XPM_PROGROM/xpm_memory_base_inst/gen_rd_a.gen_rd_a_synth_template.gen_rf_narrow_reg.douta_reg_reg_3 (implemented as a Block RAM) might be sub-optimal as no optional output register could be merged into the ram block. Providing additional output register may help in improving timing.
INFO: [Synth 8-7052] The timing for the instance PROGROM/XPM_PROGROM/xpm_memory_base_inst/gen_rd_a.gen_rd_a_synth_template.gen_rf_narrow_reg.douta_reg_reg_4 (implemented as a Block RAM) might be sub-optimal as no optional output register could be merged into the ram block. Providing additional output register may help in improving timing.
INFO: [Synth 8-7052] The timing for the instance PROGROM/XPM_PROGROM/xpm_memory_base_inst/gen_rd_a.gen_rd_a_synth_template.gen_rf_narrow_reg.douta_reg_reg_5 (implemented as a Block RAM) might be sub-optimal as no optional output register could be merged into the ram block. Providing additional output register may help in improving timing.
INFO: [Synth 8-7052] The timing for the instance PROGROM/XPM_PROGROM/xpm_memory_base_inst/gen_rd_a.gen_rd_a_synth_template.gen_rf_narrow_reg.douta_reg_reg_6 (implemented as a Block RAM) might be sub-optimal as no optional output register could be merged into the ram block. Providing additional output register may help in improving timing.
INFO: [Synth 8-7052] The timing for the instance PROGROM/XPM_PROGROM/xpm_memory_base_inst/gen_rd_a.gen_rd_a_synth_template.gen_rf_narrow_reg.douta_reg_reg_7 (implemented as a Block RAM) might be sub-optimal as no optional output register could be merged into the ram block. Providing additional output register may help in improving timing.
INFO: [Synth 8-7052] The timing for the instance PROGROM/XPM_PROGROM/xpm_memory_base_inst/gen_rd_a.gen_rd_a_synth_template.gen_rf_narrow_reg.douta_reg_reg_8 (implemented as a Block RAM) might be sub-optimal as no optional output register could be merged into the ram block. Providing additional output register may help in improving timing.
INFO: [Synth 8-7052] The timing for the instance PROGROM/XPM_PROGROM/xpm_memory_base_inst/gen_rd_a.gen_rd_a_synth_template.gen_rf_narrow_reg.douta_reg_reg_9 (implemented as a Block RAM) might be sub-optimal as no optional output register could be merged into the ram block. Providing additional output register may help in improving timing.
INFO: [Synth 8-7052] The timing for the instance PROGROM/XPM_PROGROM/xpm_memory_base_inst/gen_rd_a.gen_rd_a_synth_template.gen_rf_narrow_reg.douta_reg_reg_10 (implemented as a Block RAM) might be sub-optimal as no optional output register could be merged into the ram block. Providing additional output register may help in improving timing.
INFO: [Synth 8-7052] The timing for the instance PROGROM/XPM_PROGROM/xpm_memory_base_inst/gen_rd_a.gen_rd_a_synth_template.gen_rf_narrow_reg.douta_reg_reg_11 (implemented as a Block RAM) might be sub-optimal as no optional output register could be merged into the ram block. Providing additional output register may help in improving timing.
INFO: [Synth 8-7052] The timing for the instance PROGROM/XPM_PROGROM/xpm_memory_base_inst/gen_rd_a.gen_rd_a_synth_template.gen_rf_narrow_reg.douta_reg_reg_12 (implemented as a Block RAM) might be sub-optimal as no optional output register could be merged into the ram block. Providing additional output register may help in improving timing.
INFO: [Synth 8-7052] The timing for the instance PROGROM/XPM_PROGROM/xpm_memory_base_inst/gen_rd_a.gen_rd_a_synth_template.gen_rf_narrow_reg.douta_reg_reg_13 (implemented as a Block RAM) might be sub-optimal as no optional output register could be merged into the ram block. Providing additional output register may help in improving timing.
INFO: [Synth 8-7052] The timing for the instance PROGROM/XPM_PROGROM/xpm_memory_base_inst/gen_rd_a.gen_rd_a_synth_template.gen_rf_narrow_reg.douta_reg_reg_14 (implemented as a Block RAM) might be sub-optimal as no optional output register could be merged into the ram block. Providing additional output register may help in improving timing.
INFO: [Synth 8-7052] The timing for the instance PROGROM/XPM_PROGROM/xpm_memory_base_inst/gen_rd_a.gen_rd_a_synth_template.gen_rf_narrow_reg.douta_reg_reg_15 (implemented as a Block RAM) might be sub-optimal as no optional output register could be merged into the ram block. Providing additional output register may help in improving timing.
INFO: [Synth 8-7052] The timing for the instance DATARAM/XPM_DATARAM/xpm_memory_base_inst/gen_wr_a.gen_byte_narrow.for_mem_cols[1].mem_reg_0_0 (implemented as a Block RAM) might be sub-optimal as no optional output register could be merged into the ram block. Providing additional output register may help in improving timing.
INFO: [Synth 8-7052] The timing for the instance DATARAM/XPM_DATARAM/xpm_memory_base_inst/gen_wr_a.gen_byte_narrow.for_mem_cols[1].mem_reg_0_1 (implemented as a Block RAM) might be sub-optimal as no optional output register could be merged into the ram block. Providing additional output register may help in improving timing.
INFO: [Synth 8-7052] The timing for the instance DATARAM/XPM_DATARAM/xpm_memory_base_inst/gen_wr_a.gen_byte_narrow.for_mem_cols[1].mem_reg_0_2 (implemented as a Block RAM) might be sub-optimal as no optional output register could be merged into the ram block. Providing additional output register may help in improving timing.
INFO: [Synth 8-7052] The timing for the instance DATARAM/XPM_DATARAM/xpm_memory_base_inst/gen_wr_a.gen_byte_narrow.for_mem_cols[1].mem_reg_0_3 (implemented as a Block RAM) might be sub-optimal as no optional output register could be merged into the ram block. Providing additional output register may help in improving timing.
INFO: [Synth 8-7052] The timing for the instance DATARAM/XPM_DATARAM/xpm_memory_base_inst/gen_wr_a.gen_byte_narrow.for_mem_cols[1].mem_reg_1_0 (implemented as a Block RAM) might be sub-optimal as no optional output register could be merged into the ram block. Providing additional output register may help in improving timing.
INFO: [Synth 8-7052] The timing for the instance DATARAM/XPM_DATARAM/xpm_memory_base_inst/gen_wr_a.gen_byte_narrow.for_mem_cols[1].mem_reg_1_1 (implemented as a Block RAM) might be sub-optimal as no optional output register could be merged into the ram block. Providing additional output register may help in improving timing.
INFO: [Synth 8-7052] The timing for the instance DATARAM/XPM_DATARAM/xpm_memory_base_inst/gen_wr_a.gen_byte_narrow.for_mem_cols[1].mem_reg_1_2 (implemented as a Block RAM) might be sub-optimal as no optional output register could be merged into the ram block. Providing additional output register may help in improving timing.
INFO: [Synth 8-7052] The timing for the instance DATARAM/XPM_DATARAM/xpm_memory_base_inst/gen_wr_a.gen_byte_narrow.for_mem_cols[1].mem_reg_1_3 (implemented as a Block RAM) might be sub-optimal as no optional output register could be merged into the ram block. Providing additional output register may help in improving timing.
INFO: [Synth 8-7052] The timing for the instance DATARAM/XPM_DATARAM/xpm_memory_base_inst/gen_wr_a.gen_byte_narrow.for_mem_cols[1].mem_reg_2_0 (implemented as a Block RAM) might be sub-optimal as no optional output register could be merged into the ram block. Providing additional output register may help in improving timing.
INFO: [Synth 8-7052] The timing for the instance DATARAM/XPM_DATARAM/xpm_memory_base_inst/gen_wr_a.gen_byte_narrow.for_mem_cols[1].mem_reg_2_1 (implemented as a Block RAM) might be sub-optimal as no optional output register could be merged into the ram block. Providing additional output register may help in improving timing.
INFO: [Synth 8-7052] The timing for the instance DATARAM/XPM_DATARAM/xpm_memory_base_inst/gen_wr_a.gen_byte_narrow.for_mem_cols[1].mem_reg_2_2 (implemented as a Block RAM) might be sub-optimal as no optional output register could be merged into the ram block. Providing additional output register may help in improving timing.
INFO: [Synth 8-7052] The timing for the instance DATARAM/XPM_DATARAM/xpm_memory_base_inst/gen_wr_a.gen_byte_narrow.for_mem_cols[1].mem_reg_2_3 (implemented as a Block RAM) might be sub-optimal as no optional output register could be merged into the ram block. Providing additional output register may help in improving timing.
INFO: [Synth 8-7052] The timing for the instance DATARAM/XPM_DATARAM/xpm_memory_base_inst/gen_wr_a.gen_byte_narrow.for_mem_cols[1].mem_reg_3_0 (implemented as a Block RAM) might be sub-optimal as no optional output register could be merged into the ram block. Providing additional output register may help in improving timing.
INFO: [Synth 8-7052] The timing for the instance DATARAM/XPM_DATARAM/xpm_memory_base_inst/gen_wr_a.gen_byte_narrow.for_mem_cols[1].mem_reg_3_1 (implemented as a Block RAM) might be sub-optimal as no optional output register could be merged into the ram block. Providing additional output register may help in improving timing.
INFO: [Synth 8-7052] The timing for the instance DATARAM/XPM_DATARAM/xpm_memory_base_inst/gen_wr_a.gen_byte_narrow.for_mem_cols[1].mem_reg_3_2 (implemented as a Block RAM) might be sub-optimal as no optional output register could be merged into the ram block. Providing additional output register may help in improving timing.
INFO: [Synth 8-7052] The timing for the instance DATARAM/XPM_DATARAM/xpm_memory_base_inst/gen_wr_a.gen_byte_narrow.for_mem_cols[1].mem_reg_3_3 (implemented as a Block RAM) might be sub-optimal as no optional output register could be merged into the ram block. Providing additional output register may help in improving timing.
---------------------------------------------------------------------------------
Finished Technology Mapping : Time (s): cpu = 00:00:38 ; elapsed = 00:00:39 . Memory (MB): peak = 2417.113 ; gain = 729.785 ; free physical = 11807 ; free virtual = 27221
---------------------------------------------------------------------------------
---------------------------------------------------------------------------------
Start IO Insertion
---------------------------------------------------------------------------------
---------------------------------------------------------------------------------
Start Flattening Before IO Insertion
---------------------------------------------------------------------------------
---------------------------------------------------------------------------------
Finished Flattening Before IO Insertion
---------------------------------------------------------------------------------
---------------------------------------------------------------------------------
Start Final Netlist Cleanup
---------------------------------------------------------------------------------
---------------------------------------------------------------------------------
Finished Final Netlist Cleanup
---------------------------------------------------------------------------------
---------------------------------------------------------------------------------
Finished IO Insertion : Time (s): cpu = 00:00:41 ; elapsed = 00:00:42 . Memory (MB): peak = 2417.113 ; gain = 729.785 ; free physical = 11813 ; free virtual = 27227
---------------------------------------------------------------------------------
---------------------------------------------------------------------------------
Start Renaming Generated Instances
---------------------------------------------------------------------------------
---------------------------------------------------------------------------------
Finished Renaming Generated Instances : Time (s): cpu = 00:00:41 ; elapsed = 00:00:42 . Memory (MB): peak = 2417.113 ; gain = 729.785 ; free physical = 11813 ; free virtual = 27227
---------------------------------------------------------------------------------
---------------------------------------------------------------------------------
Start Rebuilding User Hierarchy
---------------------------------------------------------------------------------
---------------------------------------------------------------------------------
Finished Rebuilding User Hierarchy : Time (s): cpu = 00:00:41 ; elapsed = 00:00:42 . Memory (MB): peak = 2417.113 ; gain = 729.785 ; free physical = 11813 ; free virtual = 27227
---------------------------------------------------------------------------------
---------------------------------------------------------------------------------
Start Renaming Generated Ports
---------------------------------------------------------------------------------
---------------------------------------------------------------------------------
Finished Renaming Generated Ports : Time (s): cpu = 00:00:41 ; elapsed = 00:00:42 . Memory (MB): peak = 2417.113 ; gain = 729.785 ; free physical = 11813 ; free virtual = 27227
---------------------------------------------------------------------------------
---------------------------------------------------------------------------------
Start Handling Custom Attributes
---------------------------------------------------------------------------------
---------------------------------------------------------------------------------
Finished Handling Custom Attributes : Time (s): cpu = 00:00:42 ; elapsed = 00:00:42 . Memory (MB): peak = 2417.113 ; gain = 729.785 ; free physical = 11813 ; free virtual = 27227
---------------------------------------------------------------------------------
---------------------------------------------------------------------------------
Start Renaming Generated Nets
---------------------------------------------------------------------------------
---------------------------------------------------------------------------------
Finished Renaming Generated Nets : Time (s): cpu = 00:00:42 ; elapsed = 00:00:42 . Memory (MB): peak = 2417.113 ; gain = 729.785 ; free physical = 11813 ; free virtual = 27227
---------------------------------------------------------------------------------
---------------------------------------------------------------------------------
Start Writing Synthesis Report
---------------------------------------------------------------------------------

Report BlackBoxes: 
+-+--------------+----------+
| |BlackBox name |Instances |
+-+--------------+----------+
+-+--------------+----------+

Report Cell Usage: 
+------+----------+------+
|      |Cell      |Count |
+------+----------+------+
|1     |BUFG      |     1|
|2     |CARRY4    |   101|
|3     |LUT1      |    12|
|4     |LUT2      |    71|
|5     |LUT3      |   312|
|6     |LUT4      |   210|
|7     |LUT5      |   464|
|8     |LUT6      |   981|
|9     |MUXF7     |   265|
|10    |RAM128X1D |    64|
|11    |RAMB36E1  |    31|
|42    |FDRE      |  1932|
|43    |FDSE      |    11|
|44    |IBUF      |     2|
|45    |OBUF      |     7|
+------+----------+------+
---------------------------------------------------------------------------------
Finished Writing Synthesis Report : Time (s): cpu = 00:00:42 ; elapsed = 00:00:42 . Memory (MB): peak = 2417.113 ; gain = 729.785 ; free physical = 11813 ; free virtual = 27227
---------------------------------------------------------------------------------
Synthesis finished with 0 errors, 0 critical warnings and 263 warnings.
Synthesis Optimization Runtime : Time (s): cpu = 00:00:39 ; elapsed = 00:00:40 . Memory (MB): peak = 2417.113 ; gain = 560.891 ; free physical = 11813 ; free virtual = 27227
Synthesis Optimization Complete : Time (s): cpu = 00:00:42 ; elapsed = 00:00:42 . Memory (MB): peak = 2417.121 ; gain = 729.785 ; free physical = 11813 ; free virtual = 27227
INFO: [Project 1-571] Translating synthesized netlist
Netlist sorting complete. Time (s): cpu = 00:00:00.03 ; elapsed = 00:00:00.03 . Memory (MB): peak = 2417.121 ; gain = 0.000 ; free physical = 12100 ; free virtual = 27513
INFO: [Netlist 29-17] Analyzing 461 Unisim elements for replacement
INFO: [Netlist 29-28] Unisim Transformation completed in 0 CPU seconds
INFO: [Project 1-570] Preparing netlist for logic optimization
INFO: [Opt 31-138] Pushed 0 inverter(s) to 0 load pin(s).
Netlist sorting complete. Time (s): cpu = 00:00:00 ; elapsed = 00:00:00 . Memory (MB): peak = 2417.121 ; gain = 0.000 ; free physical = 12101 ; free virtual = 27514
INFO: [Project 1-111] Unisim Transformation Summary:
  A total of 64 instances were transformed.
  RAM128X1D => RAM128X1D (MUXF7(x2), RAMD64E(x4)): 64 instances

Synth Design complete | Checksum: c95458d7
INFO: [Common 17-83] Releasing license: Synthesis
84 Infos, 120 Warnings, 0 Critical Warnings and 0 Errors encountered.
synth_design completed successfully
synth_design: Time (s): cpu = 00:00:48 ; elapsed = 00:00:46 . Memory (MB): peak = 2417.148 ; gain = 1083.320 ; free physical = 12104 ; free virtual = 27517
INFO: [Common 17-2834] synth_design peak Physical Memory [PSS] (MB): overall = 2064.758; main = 1734.856; forked = 377.777
INFO: [Common 17-2834] synth_design peak Virtual Memory [VSS] (MB): overall = 3415.383; main = 2417.117; forked = 998.266
Write ShapeDB Complete: Time (s): cpu = 00:00:00.02 ; elapsed = 00:00:00.01 . Memory (MB): peak = 2417.148 ; gain = 0.000 ; free physical = 12104 ; free virtual = 27517
INFO: [Common 17-1381] The checkpoint '/home/zshuhansan/git_project/learn_fpga/FemtoRV/TUTORIALS/FROM_BLINKER_TO_RISCV/Soc/vivado/project_zynq7020_clg400_2_nom/soc_zynq7020_clg400_2_nom.runs/synth_1/Soc.dcp' has been generated.
INFO: [runtcl-4] Executing : report_utilization -file Soc_utilization_synth.rpt -pb Soc_utilization_synth.pb
INFO: [Common 17-206] Exiting Vivado at Sat Apr 11 16:07:55 2026...
