#! /usr/bin/vvp
:ivl_version "11.0 (stable)";
:ivl_delay_selection "TYPICAL";
:vpi_time_precision + 0;
:vpi_module "/usr/lib/x86_64-linux-gnu/ivl/system.vpi";
:vpi_module "/usr/lib/x86_64-linux-gnu/ivl/vhdl_sys.vpi";
:vpi_module "/usr/lib/x86_64-linux-gnu/ivl/vhdl_textio.vpi";
:vpi_module "/usr/lib/x86_64-linux-gnu/ivl/v2005_math.vpi";
:vpi_module "/usr/lib/x86_64-linux-gnu/ivl/va_math.vpi";
S_0x6157dfe70960 .scope module, "bench" "bench" 2 1;
 .timescale 0 0;
v0x6157dfea1830_0 .var "CLK", 0 0;
v0x6157dfea18f0_0 .net "LEDS", 4 0, v0x6157dfea0220_0;  1 drivers
L_0x7910150d0018 .functor BUFT 1, C4<0>, C4<0>, C4<0>, C4<0>;
v0x6157dfea19b0_0 .net "RESET", 0 0, L_0x7910150d0018;  1 drivers
v0x6157dfea1ad0_0 .var "RXD", 0 0;
v0x6157dfea1b70_0 .net "TXD", 0 0, L_0x6157dfec7080;  1 drivers
v0x6157dfea1cb0_0 .var "prev_LEDS", 4 0;
S_0x6157dfe78f70 .scope module, "uut" "SOC" 2 8, 3 313 0, S_0x6157dfe70960;
 .timescale 0 0;
    .port_info 0 /INPUT 1 "CLK";
    .port_info 1 /INPUT 1 "RESET";
    .port_info 2 /OUTPUT 5 "LEDS";
    .port_info 3 /INPUT 1 "RXD";
    .port_info 4 /OUTPUT 1 "TXD";
P_0x6157dfe6fbc0 .param/l "IO_LEDS_bit" 1 3 357, +C4<00000000000000000000000000000000>;
P_0x6157dfe6fc00 .param/l "IO_UART_CNTL_bit" 1 3 359, +C4<00000000000000000000000000000010>;
P_0x6157dfe6fc40 .param/l "IO_UART_DAT_bit" 1 3 358, +C4<00000000000000000000000000000001>;
L_0x6157dfec60e0 .functor AND 1, L_0x6157dfec5f00, L_0x6157dfec5850, C4<1>, C4<1>;
L_0x6157dfec6a40 .functor AND 4, L_0x6157dfec6910, L_0x6157dfec4c00, C4<1111>, C4<1111>;
L_0x6157dfec6b40 .functor AND 1, L_0x6157dfec5e60, L_0x6157dfec5fa0, C4<1>, C4<1>;
L_0x6157dfec6ca0 .functor AND 1, L_0x6157dfec6b40, L_0x6157dfec6bb0, C4<1>, C4<1>;
v0x6157dfea0080_0 .net "CLK", 0 0, v0x6157dfea1830_0;  1 drivers
v0x6157dfea0140_0 .net "IO_rdata", 31 0, L_0x6157dfec7690;  1 drivers
v0x6157dfea0220_0 .var "LEDS", 4 0;
v0x6157dfea02e0_0 .net "RAM_rdata", 31 0, v0x6157dfe9ec90_0;  1 drivers
v0x6157dfea03a0_0 .net "RESET", 0 0, L_0x7910150d0018;  alias, 1 drivers
v0x6157dfea0440_0 .net "RXD", 0 0, v0x6157dfea1ad0_0;  1 drivers
v0x6157dfea04e0_0 .net "TXD", 0 0, L_0x6157dfec7080;  alias, 1 drivers
v0x6157dfea05b0_0 .net *"_ivl_10", 3 0, L_0x6157dfec6910;  1 drivers
v0x6157dfea0650_0 .net *"_ivl_14", 0 0, L_0x6157dfec6b40;  1 drivers
v0x6157dfea07c0_0 .net *"_ivl_17", 0 0, L_0x6157dfec6bb0;  1 drivers
v0x6157dfea08a0_0 .net *"_ivl_25", 0 0, L_0x6157dfec73b0;  1 drivers
L_0x7910150d0c78 .functor BUFT 1, C4<0000000000000000000000>, C4<0>, C4<0>, C4<0>;
v0x6157dfea0980_0 .net/2u *"_ivl_26", 21 0, L_0x7910150d0c78;  1 drivers
v0x6157dfea0a60_0 .net *"_ivl_29", 0 0, L_0x6157dfec7450;  1 drivers
L_0x7910150d0cc0 .functor BUFT 1, C4<000000000>, C4<0>, C4<0>, C4<0>;
v0x6157dfea0b20_0 .net/2u *"_ivl_30", 8 0, L_0x7910150d0cc0;  1 drivers
v0x6157dfea0c00_0 .net *"_ivl_32", 31 0, L_0x6157dfec7550;  1 drivers
L_0x7910150d0d08 .functor BUFT 1, C4<00000000000000000000000000000000>, C4<0>, C4<0>, C4<0>;
v0x6157dfea0ce0_0 .net/2u *"_ivl_34", 31 0, L_0x7910150d0d08;  1 drivers
v0x6157dfea0dc0_0 .net "clk", 0 0, L_0x6157dfec79d0;  1 drivers
v0x6157dfea0e60_0 .net "isIO", 0 0, L_0x6157dfec5e60;  1 drivers
v0x6157dfea0f20_0 .net "isRAM", 0 0, L_0x6157dfec5f00;  1 drivers
v0x6157dfea0fe0_0 .net "mem_addr", 31 0, L_0x6157dfec51e0;  1 drivers
v0x6157dfea10a0_0 .net "mem_rdata", 31 0, L_0x6157dfec7890;  1 drivers
v0x6157dfea1160_0 .net "mem_rstrb", 0 0, L_0x6157dfec5850;  1 drivers
v0x6157dfea1230_0 .net "mem_wdata", 31 0, L_0x6157dfec27a0;  1 drivers
v0x6157dfea1320_0 .net "mem_wmask", 3 0, L_0x6157dfec4c00;  1 drivers
v0x6157dfea13c0_0 .net "mem_wordaddr", 29 0, L_0x6157dfec5d30;  1 drivers
v0x6157dfea1480_0 .net "mem_wstrb", 0 0, L_0x6157dfec5fa0;  1 drivers
v0x6157dfea1540_0 .net "resetn", 0 0, L_0x6157dfec7ad0;  1 drivers
v0x6157dfea1630_0 .net "uart_ready", 0 0, v0x6157dfe9fe00_0;  1 drivers
v0x6157dfea16d0_0 .net "uart_valid", 0 0, L_0x6157dfec6ca0;  1 drivers
L_0x6157dfec5d30 .part L_0x6157dfec51e0, 2, 30;
L_0x6157dfec5e60 .part L_0x6157dfec51e0, 22, 1;
L_0x6157dfec5f00 .reduce/nor L_0x6157dfec5e60;
L_0x6157dfec5fa0 .reduce/or L_0x6157dfec4c00;
L_0x6157dfec6910 .concat [ 1 1 1 1], L_0x6157dfec5f00, L_0x6157dfec5f00, L_0x6157dfec5f00, L_0x6157dfec5f00;
L_0x6157dfec6bb0 .part L_0x6157dfec5d30, 1, 1;
L_0x6157dfec7190 .reduce/nor L_0x6157dfec7ad0;
L_0x6157dfec7230 .part L_0x6157dfec27a0, 0, 8;
L_0x6157dfec73b0 .part L_0x6157dfec5d30, 2, 1;
L_0x6157dfec7450 .reduce/nor v0x6157dfe9fe00_0;
L_0x6157dfec7550 .concat [ 9 1 22 0], L_0x7910150d0cc0, L_0x6157dfec7450, L_0x7910150d0c78;
L_0x6157dfec7690 .functor MUXZ 32, L_0x7910150d0d08, L_0x6157dfec7550, L_0x6157dfec73b0, C4<>;
L_0x6157dfec7890 .functor MUXZ 32, L_0x6157dfec7690, v0x6157dfe9ec90_0, L_0x6157dfec5f00, C4<>;
S_0x6157dfe40f70 .scope module, "CPU" "Processor" 3 330, 3 38 0, S_0x6157dfe78f70;
 .timescale 0 0;
    .port_info 0 /INPUT 1 "clk";
    .port_info 1 /INPUT 1 "resetn";
    .port_info 2 /OUTPUT 32 "mem_addr";
    .port_info 3 /INPUT 32 "mem_rdata";
    .port_info 4 /OUTPUT 1 "mem_rstrb";
    .port_info 5 /OUTPUT 32 "mem_wdata";
    .port_info 6 /OUTPUT 4 "mem_wmask";
P_0x6157dfdaec40 .param/l "EXECUTE" 1 3 249, +C4<00000000000000000000000000000011>;
P_0x6157dfdaec80 .param/l "FETCH_INSTR" 1 3 246, +C4<00000000000000000000000000000000>;
P_0x6157dfdaecc0 .param/l "FETCH_REGS" 1 3 248, +C4<00000000000000000000000000000010>;
P_0x6157dfdaed00 .param/l "LOAD" 1 3 250, +C4<00000000000000000000000000000100>;
P_0x6157dfdaed40 .param/l "STORE" 1 3 252, +C4<00000000000000000000000000000110>;
P_0x6157dfdaed80 .param/l "WAIT_DATA" 1 3 251, +C4<00000000000000000000000000000101>;
P_0x6157dfdaedc0 .param/l "WAIT_INSTR" 1 3 247, +C4<00000000000000000000000000000001>;
L_0x6157dfe7ac30 .functor BUFZ 32, v0x6157dfe9d1a0_0, C4<00000000000000000000000000000000>, C4<00000000000000000000000000000000>, C4<00000000000000000000000000000000>;
L_0x6157dfe76690 .functor OR 1, L_0x6157dfea1e20, L_0x6157dfea22c0, C4<0>, C4<0>;
L_0x6157dfe723b0 .functor NOT 32, L_0x6157dfeb66c0, C4<00000000000000000000000000000000>, C4<00000000000000000000000000000000>, C4<00000000000000000000000000000000>;
L_0x6157dfdf2db0 .functor XOR 1, L_0x6157dfeb79b0, L_0x6157dfeb7a50, C4<0>, C4<0>;
L_0x6157dfeb9250 .functor AND 1, L_0x6157dfeb8ed0, L_0x6157dfeb91b0, C4<1>, C4<1>;
L_0x6157dfeba9c0 .functor OR 1, L_0x6157dfea2740, L_0x6157dfea2510, C4<0>, C4<0>;
L_0x6157dfebba00 .functor AND 1, L_0x6157dfea22c0, v0x6157dfe9d8a0_0, C4<1>, C4<1>;
L_0x6157dfebba70 .functor OR 1, L_0x6157dfebba00, L_0x6157dfea2740, C4<0>, C4<0>;
L_0x6157dfebc770 .functor AND 1, L_0x6157dfebea40, L_0x6157dfebf420, C4<1>, C4<1>;
L_0x6157dfec4670 .functor AND 1, L_0x6157dfec4490, L_0x6157dfec45d0, C4<1>, C4<1>;
L_0x6157dfec4830 .functor AND 1, L_0x6157dfec4670, L_0x6157dfec4790, C4<1>, C4<1>;
L_0x6157dfec4af0 .functor OR 1, L_0x6157dfec4830, L_0x6157dfec4f90, C4<0>, C4<0>;
L_0x6157dfec50d0 .functor OR 1, L_0x6157dfec4d60, L_0x6157dfec5620, C4<0>, C4<0>;
L_0x6157dfec5850 .functor OR 1, L_0x6157dfec53c0, L_0x6157dfec5710, C4<0>, C4<0>;
L_0x6157dfec4c00 .functor AND 4, L_0x6157dfec6230, L_0x6157dfec42b0, C4<1111>, C4<1111>;
v0x6157dfe7a6e0_0 .net "Bimm", 31 0, L_0x6157dfeb5270;  1 drivers
v0x6157dfe7add0_0 .net "EQ", 0 0, L_0x6157dfeb8640;  1 drivers
v0x6157dfe767f0_0 .net "Iimm", 31 0, L_0x6157dfeb3e90;  1 drivers
v0x6157dfe72510_0 .net "Jimm", 31 0, L_0x6157dfeb5be0;  1 drivers
v0x6157dfe90b80_0 .net "LOAD_byte", 7 0, L_0x6157dfebe4c0;  1 drivers
v0x6157dfe90cb0_0 .net "LOAD_data", 31 0, L_0x6157dfec0b00;  1 drivers
v0x6157dfe90d90_0 .net "LOAD_halfword", 15 0, L_0x6157dfebda90;  1 drivers
v0x6157dfe90e70_0 .net "LOAD_sign", 0 0, L_0x6157dfebc770;  1 drivers
v0x6157dfe90f30_0 .net "LT", 0 0, L_0x6157dfeb80d0;  1 drivers
v0x6157dfe90ff0_0 .net "LTU", 0 0, L_0x6157dfeb8260;  1 drivers
v0x6157dfe910b0_0 .var "PC", 31 0;
v0x6157dfe91190_0 .net "PCplus4", 31 0, L_0x6157dfebaa80;  1 drivers
v0x6157dfe91270_0 .net "PCplusImm", 31 0, L_0x6157dfeba920;  1 drivers
v0x6157dfe91350 .array "RegisterBank", 31 0, 31 0;
v0x6157dfe91410_0 .net "STORE_wmask", 3 0, L_0x6157dfec42b0;  1 drivers
v0x6157dfe914f0_0 .net "Simm", 31 0, L_0x6157dfeb4890;  1 drivers
v0x6157dfe915d0_0 .net "Uimm", 31 0, L_0x6157dfeb37e0;  1 drivers
v0x6157dfe916b0_0 .net *"_ivl_1", 6 0, L_0x6157dfea1d50;  1 drivers
v0x6157dfe91790_0 .net *"_ivl_101", 0 0, L_0x6157dfeb55c0;  1 drivers
v0x6157dfe91870_0 .net *"_ivl_102", 11 0, L_0x6157dfeb5660;  1 drivers
v0x6157dfe91950_0 .net *"_ivl_105", 7 0, L_0x6157dfeb58a0;  1 drivers
v0x6157dfe91a30_0 .net *"_ivl_107", 0 0, L_0x6157dfeb5940;  1 drivers
v0x6157dfe91b10_0 .net *"_ivl_109", 9 0, L_0x6157dfeb5b40;  1 drivers
L_0x7910150d03c0 .functor BUFT 1, C4<0>, C4<0>, C4<0>, C4<0>;
v0x6157dfe91bf0_0 .net/2u *"_ivl_110", 0 0, L_0x7910150d03c0;  1 drivers
v0x6157dfe91cd0_0 .net *"_ivl_126", 0 0, L_0x6157dfe76690;  1 drivers
v0x6157dfe91db0_0 .net *"_ivl_13", 6 0, L_0x6157dfea2220;  1 drivers
v0x6157dfe91e90_0 .net *"_ivl_131", 4 0, L_0x6157dfeb69a0;  1 drivers
v0x6157dfe91f70_0 .net *"_ivl_133", 4 0, L_0x6157dfeb6a90;  1 drivers
L_0x7910150d0408 .functor BUFT 1, C4<1>, C4<0>, C4<0>, C4<0>;
v0x6157dfe92050_0 .net/2u *"_ivl_138", 0 0, L_0x7910150d0408;  1 drivers
L_0x7910150d00f0 .functor BUFT 1, C4<1100011>, C4<0>, C4<0>, C4<0>;
v0x6157dfe92130_0 .net/2u *"_ivl_14", 6 0, L_0x7910150d00f0;  1 drivers
v0x6157dfe92210_0 .net *"_ivl_140", 31 0, L_0x6157dfe723b0;  1 drivers
v0x6157dfe922f0_0 .net *"_ivl_142", 32 0, L_0x6157dfeb7120;  1 drivers
L_0x7910150d0450 .functor BUFT 1, C4<0>, C4<0>, C4<0>, C4<0>;
v0x6157dfe923d0_0 .net/2u *"_ivl_144", 0 0, L_0x7910150d0450;  1 drivers
v0x6157dfe926c0_0 .net *"_ivl_146", 32 0, L_0x6157dfeb7260;  1 drivers
v0x6157dfe927a0_0 .net *"_ivl_148", 32 0, L_0x6157dfeb7520;  1 drivers
L_0x7910150d0498 .functor BUFT 1, C4<000000000000000000000000000000001>, C4<0>, C4<0>, C4<0>;
v0x6157dfe92880_0 .net/2u *"_ivl_150", 32 0, L_0x7910150d0498;  1 drivers
v0x6157dfe92960_0 .net *"_ivl_155", 0 0, L_0x6157dfeb79b0;  1 drivers
v0x6157dfe92a40_0 .net *"_ivl_157", 0 0, L_0x6157dfeb7a50;  1 drivers
v0x6157dfe92b20_0 .net *"_ivl_158", 0 0, L_0x6157dfdf2db0;  1 drivers
v0x6157dfe92c00_0 .net *"_ivl_161", 0 0, L_0x6157dfeb7d40;  1 drivers
v0x6157dfe92ce0_0 .net *"_ivl_163", 0 0, L_0x6157dfeb7de0;  1 drivers
v0x6157dfe92dc0_0 .net *"_ivl_169", 31 0, L_0x6157dfeb8510;  1 drivers
L_0x7910150d04e0 .functor BUFT 1, C4<00000000000000000000000000000000>, C4<0>, C4<0>, C4<0>;
v0x6157dfe92ea0_0 .net/2u *"_ivl_170", 31 0, L_0x7910150d04e0;  1 drivers
L_0x7910150d0528 .functor BUFT 1, C4<001>, C4<0>, C4<0>, C4<0>;
v0x6157dfe92f80_0 .net/2u *"_ivl_174", 2 0, L_0x7910150d0528;  1 drivers
v0x6157dfe93060_0 .net *"_ivl_176", 0 0, L_0x6157dfeb8980;  1 drivers
v0x6157dfe93120_0 .net *"_ivl_179", 31 0, L_0x6157dfeb8ac0;  1 drivers
v0x6157dfe93200_0 .net *"_ivl_183", 0 0, L_0x6157dfeb8ed0;  1 drivers
v0x6157dfe932e0_0 .net *"_ivl_185", 0 0, L_0x6157dfeb91b0;  1 drivers
v0x6157dfe933c0_0 .net *"_ivl_186", 0 0, L_0x6157dfeb9250;  1 drivers
v0x6157dfe934a0_0 .net *"_ivl_188", 32 0, L_0x6157dfeb9390;  1 drivers
v0x6157dfe93580_0 .net *"_ivl_19", 6 0, L_0x6157dfea2470;  1 drivers
v0x6157dfe93660_0 .net *"_ivl_191", 4 0, L_0x6157dfeb9720;  1 drivers
v0x6157dfe93740_0 .net *"_ivl_192", 32 0, L_0x6157dfeb97c0;  1 drivers
v0x6157dfe93820_0 .net *"_ivl_199", 0 0, L_0x6157dfeb9fb0;  1 drivers
L_0x7910150d0060 .functor BUFT 1, C4<0110011>, C4<0>, C4<0>, C4<0>;
v0x6157dfe93900_0 .net/2u *"_ivl_2", 6 0, L_0x7910150d0060;  1 drivers
L_0x7910150d0138 .functor BUFT 1, C4<1100111>, C4<0>, C4<0>, C4<0>;
v0x6157dfe939e0_0 .net/2u *"_ivl_20", 6 0, L_0x7910150d0138;  1 drivers
v0x6157dfe93ac0_0 .net *"_ivl_201", 0 0, L_0x6157dfeba050;  1 drivers
v0x6157dfe93ba0_0 .net *"_ivl_202", 31 0, L_0x6157dfeba370;  1 drivers
v0x6157dfe93c80_0 .net *"_ivl_204", 31 0, L_0x6157dfeba500;  1 drivers
L_0x7910150d0570 .functor BUFT 1, C4<00000000000000000000000000000100>, C4<0>, C4<0>, C4<0>;
v0x6157dfe93d60_0 .net/2u *"_ivl_208", 31 0, L_0x7910150d0570;  1 drivers
v0x6157dfe93e40_0 .net *"_ivl_213", 0 0, L_0x6157dfeba9c0;  1 drivers
v0x6157dfe93f00_0 .net *"_ivl_214", 31 0, L_0x6157dfebaf40;  1 drivers
v0x6157dfe93fe0_0 .net *"_ivl_216", 31 0, L_0x6157dfebb030;  1 drivers
v0x6157dfe940c0_0 .net *"_ivl_218", 31 0, L_0x6157dfebb470;  1 drivers
v0x6157dfe941a0_0 .net *"_ivl_223", 0 0, L_0x6157dfebba00;  1 drivers
v0x6157dfe94670_0 .net *"_ivl_225", 0 0, L_0x6157dfebba70;  1 drivers
v0x6157dfe94730_0 .net *"_ivl_227", 30 0, L_0x6157dfebbb80;  1 drivers
L_0x7910150d05b8 .functor BUFT 1, C4<0>, C4<0>, C4<0>, C4<0>;
v0x6157dfe94810_0 .net/2u *"_ivl_228", 0 0, L_0x7910150d05b8;  1 drivers
v0x6157dfe948f0_0 .net *"_ivl_230", 31 0, L_0x6157dfebbc70;  1 drivers
v0x6157dfe949d0_0 .net *"_ivl_232", 31 0, L_0x6157dfebc080;  1 drivers
v0x6157dfe94ab0_0 .net *"_ivl_236", 31 0, L_0x6157dfebc590;  1 drivers
v0x6157dfe94b90_0 .net *"_ivl_241", 1 0, L_0x6157dfebcb70;  1 drivers
L_0x7910150d0600 .functor BUFT 1, C4<00>, C4<0>, C4<0>, C4<0>;
v0x6157dfe94c70_0 .net/2u *"_ivl_242", 1 0, L_0x7910150d0600;  1 drivers
v0x6157dfe94d50_0 .net *"_ivl_247", 1 0, L_0x6157dfebd050;  1 drivers
L_0x7910150d0648 .functor BUFT 1, C4<01>, C4<0>, C4<0>, C4<0>;
v0x6157dfe94e30_0 .net/2u *"_ivl_248", 1 0, L_0x7910150d0648;  1 drivers
v0x6157dfe94f10_0 .net *"_ivl_25", 6 0, L_0x6157dfea26a0;  1 drivers
v0x6157dfe94ff0_0 .net *"_ivl_253", 0 0, L_0x6157dfebd4f0;  1 drivers
v0x6157dfe950d0_0 .net *"_ivl_255", 15 0, L_0x6157dfebd5e0;  1 drivers
v0x6157dfe951b0_0 .net *"_ivl_257", 15 0, L_0x6157dfebd9f0;  1 drivers
L_0x7910150d0180 .functor BUFT 1, C4<1101111>, C4<0>, C4<0>, C4<0>;
v0x6157dfe95290_0 .net/2u *"_ivl_26", 6 0, L_0x7910150d0180;  1 drivers
v0x6157dfe95370_0 .net *"_ivl_261", 0 0, L_0x6157dfebdf50;  1 drivers
v0x6157dfe95450_0 .net *"_ivl_263", 7 0, L_0x6157dfebdff0;  1 drivers
v0x6157dfe95530_0 .net *"_ivl_265", 7 0, L_0x6157dfebe420;  1 drivers
v0x6157dfe95610_0 .net *"_ivl_269", 0 0, L_0x6157dfebe9a0;  1 drivers
v0x6157dfe956f0_0 .net *"_ivl_271", 0 0, L_0x6157dfebea40;  1 drivers
v0x6157dfe957b0_0 .net *"_ivl_273", 0 0, L_0x6157dfebee90;  1 drivers
v0x6157dfe95890_0 .net *"_ivl_275", 0 0, L_0x6157dfebef80;  1 drivers
v0x6157dfe95970_0 .net *"_ivl_276", 0 0, L_0x6157dfebf420;  1 drivers
v0x6157dfe95a50_0 .net *"_ivl_280", 23 0, L_0x6157dfebf600;  1 drivers
v0x6157dfe95b30_0 .net *"_ivl_282", 31 0, L_0x6157dfebfc10;  1 drivers
v0x6157dfe95c10_0 .net *"_ivl_284", 15 0, L_0x6157dfebfcb0;  1 drivers
v0x6157dfe95cf0_0 .net *"_ivl_286", 31 0, L_0x6157dfec04f0;  1 drivers
v0x6157dfe95dd0_0 .net *"_ivl_288", 31 0, L_0x6157dfec05e0;  1 drivers
v0x6157dfe95eb0_0 .net *"_ivl_295", 7 0, L_0x6157dfec0c90;  1 drivers
v0x6157dfe95f90_0 .net *"_ivl_299", 0 0, L_0x6157dfec10e0;  1 drivers
v0x6157dfe96070_0 .net *"_ivl_301", 7 0, L_0x6157dfec1210;  1 drivers
v0x6157dfe96150_0 .net *"_ivl_303", 7 0, L_0x6157dfec1700;  1 drivers
v0x6157dfe96230_0 .net *"_ivl_304", 7 0, L_0x6157dfec17a0;  1 drivers
v0x6157dfe96310_0 .net *"_ivl_309", 0 0, L_0x6157dfec1c60;  1 drivers
v0x6157dfe963f0_0 .net *"_ivl_31", 6 0, L_0x6157dfea28e0;  1 drivers
v0x6157dfe964d0_0 .net *"_ivl_311", 7 0, L_0x6157dfec1d00;  1 drivers
v0x6157dfe965b0_0 .net *"_ivl_313", 7 0, L_0x6157dfec2180;  1 drivers
v0x6157dfe96690_0 .net *"_ivl_314", 7 0, L_0x6157dfec2220;  1 drivers
L_0x7910150d01c8 .functor BUFT 1, C4<0010111>, C4<0>, C4<0>, C4<0>;
v0x6157dfe96770_0 .net/2u *"_ivl_32", 6 0, L_0x7910150d01c8;  1 drivers
v0x6157dfe96850_0 .net *"_ivl_320", 0 0, L_0x6157dfec2930;  1 drivers
v0x6157dfe96930_0 .net *"_ivl_322", 7 0, L_0x6157dfec2dd0;  1 drivers
v0x6157dfe96a10_0 .net *"_ivl_324", 0 0, L_0x6157dfec2e70;  1 drivers
v0x6157dfe96af0_0 .net *"_ivl_326", 7 0, L_0x6157dfec3320;  1 drivers
v0x6157dfe96bd0_0 .net *"_ivl_328", 7 0, L_0x6157dfec33c0;  1 drivers
v0x6157dfe96cb0_0 .net *"_ivl_329", 7 0, L_0x6157dfec3880;  1 drivers
v0x6157dfe96d90_0 .net *"_ivl_331", 7 0, L_0x6157dfec3a10;  1 drivers
v0x6157dfe96e70_0 .net *"_ivl_334", 0 0, L_0x6157dfec35a0;  1 drivers
v0x6157dfe96f50_0 .net *"_ivl_336", 0 0, L_0x6157dfec3750;  1 drivers
L_0x7910150d0690 .functor BUFT 1, C4<1000>, C4<0>, C4<0>, C4<0>;
v0x6157dfe97030_0 .net/2u *"_ivl_337", 3 0, L_0x7910150d0690;  1 drivers
L_0x7910150d06d8 .functor BUFT 1, C4<0100>, C4<0>, C4<0>, C4<0>;
v0x6157dfe97110_0 .net/2u *"_ivl_339", 3 0, L_0x7910150d06d8;  1 drivers
v0x6157dfe971f0_0 .net *"_ivl_341", 3 0, L_0x6157dfec3ef0;  1 drivers
v0x6157dfe972d0_0 .net *"_ivl_344", 0 0, L_0x6157dfec4030;  1 drivers
L_0x7910150d0720 .functor BUFT 1, C4<0010>, C4<0>, C4<0>, C4<0>;
v0x6157dfe973b0_0 .net/2u *"_ivl_345", 3 0, L_0x7910150d0720;  1 drivers
L_0x7910150d0768 .functor BUFT 1, C4<0001>, C4<0>, C4<0>, C4<0>;
v0x6157dfe97490_0 .net/2u *"_ivl_347", 3 0, L_0x7910150d0768;  1 drivers
v0x6157dfe97570_0 .net *"_ivl_349", 3 0, L_0x6157dfec3ab0;  1 drivers
v0x6157dfe97650_0 .net *"_ivl_351", 3 0, L_0x6157dfec3c40;  1 drivers
v0x6157dfe97730_0 .net *"_ivl_354", 0 0, L_0x6157dfec3dd0;  1 drivers
L_0x7910150d07b0 .functor BUFT 1, C4<1100>, C4<0>, C4<0>, C4<0>;
v0x6157dfe97810_0 .net/2u *"_ivl_355", 3 0, L_0x7910150d07b0;  1 drivers
L_0x7910150d07f8 .functor BUFT 1, C4<0011>, C4<0>, C4<0>, C4<0>;
v0x6157dfe978f0_0 .net/2u *"_ivl_357", 3 0, L_0x7910150d07f8;  1 drivers
v0x6157dfe979d0_0 .net *"_ivl_359", 3 0, L_0x6157dfec4530;  1 drivers
L_0x7910150d0840 .functor BUFT 1, C4<1111>, C4<0>, C4<0>, C4<0>;
v0x6157dfe97ab0_0 .net/2u *"_ivl_361", 3 0, L_0x7910150d0840;  1 drivers
v0x6157dfe97b90_0 .net *"_ivl_363", 3 0, L_0x6157dfec4170;  1 drivers
v0x6157dfe97c70_0 .net *"_ivl_367", 31 0, L_0x6157dfec43a0;  1 drivers
v0x6157dfe97d50_0 .net *"_ivl_37", 6 0, L_0x6157dfea2b10;  1 drivers
L_0x7910150d0888 .functor BUFT 1, C4<00000000000000000000000000000>, C4<0>, C4<0>, C4<0>;
v0x6157dfe98640_0 .net *"_ivl_370", 28 0, L_0x7910150d0888;  1 drivers
L_0x7910150d08d0 .functor BUFT 1, C4<00000000000000000000000000000011>, C4<0>, C4<0>, C4<0>;
v0x6157dfe98720_0 .net/2u *"_ivl_371", 31 0, L_0x7910150d08d0;  1 drivers
v0x6157dfe98800_0 .net *"_ivl_373", 0 0, L_0x6157dfec4490;  1 drivers
v0x6157dfe988c0_0 .net *"_ivl_376", 0 0, L_0x6157dfec45d0;  1 drivers
v0x6157dfe98980_0 .net *"_ivl_378", 0 0, L_0x6157dfec4670;  1 drivers
L_0x7910150d0210 .functor BUFT 1, C4<0110111>, C4<0>, C4<0>, C4<0>;
v0x6157dfe98a40_0 .net/2u *"_ivl_38", 6 0, L_0x7910150d0210;  1 drivers
v0x6157dfe98b20_0 .net *"_ivl_380", 0 0, L_0x6157dfec4790;  1 drivers
v0x6157dfe98be0_0 .net *"_ivl_382", 0 0, L_0x6157dfec4830;  1 drivers
v0x6157dfe98ca0_0 .net *"_ivl_383", 31 0, L_0x6157dfec48f0;  1 drivers
L_0x7910150d0918 .functor BUFT 1, C4<00000000000000000000000000000>, C4<0>, C4<0>, C4<0>;
v0x6157dfe98d80_0 .net *"_ivl_386", 28 0, L_0x7910150d0918;  1 drivers
L_0x7910150d0960 .functor BUFT 1, C4<00000000000000000000000000000101>, C4<0>, C4<0>, C4<0>;
v0x6157dfe98e60_0 .net/2u *"_ivl_387", 31 0, L_0x7910150d0960;  1 drivers
v0x6157dfe98f40_0 .net *"_ivl_389", 0 0, L_0x6157dfec4f90;  1 drivers
v0x6157dfe99000_0 .net *"_ivl_393", 31 0, L_0x6157dfec4c70;  1 drivers
L_0x7910150d09a8 .functor BUFT 1, C4<00000000000000000000000000000>, C4<0>, C4<0>, C4<0>;
v0x6157dfe990e0_0 .net *"_ivl_396", 28 0, L_0x7910150d09a8;  1 drivers
L_0x7910150d09f0 .functor BUFT 1, C4<00000000000000000000000000000001>, C4<0>, C4<0>, C4<0>;
v0x6157dfe991c0_0 .net/2u *"_ivl_397", 31 0, L_0x7910150d09f0;  1 drivers
v0x6157dfe992a0_0 .net *"_ivl_399", 0 0, L_0x6157dfec4d60;  1 drivers
v0x6157dfe99360_0 .net *"_ivl_401", 31 0, L_0x6157dfec4ea0;  1 drivers
L_0x7910150d0a38 .functor BUFT 1, C4<00000000000000000000000000000>, C4<0>, C4<0>, C4<0>;
v0x6157dfe99440_0 .net *"_ivl_404", 28 0, L_0x7910150d0a38;  1 drivers
L_0x7910150d0a80 .functor BUFT 1, C4<00000000000000000000000000000000>, C4<0>, C4<0>, C4<0>;
v0x6157dfe99520_0 .net/2u *"_ivl_405", 31 0, L_0x7910150d0a80;  1 drivers
v0x6157dfe99600_0 .net *"_ivl_407", 0 0, L_0x6157dfec5620;  1 drivers
v0x6157dfe996c0_0 .net *"_ivl_410", 0 0, L_0x6157dfec50d0;  1 drivers
v0x6157dfe99780_0 .net *"_ivl_413", 31 0, L_0x6157dfec52d0;  1 drivers
L_0x7910150d0ac8 .functor BUFT 1, C4<00000000000000000000000000000>, C4<0>, C4<0>, C4<0>;
v0x6157dfe99860_0 .net *"_ivl_416", 28 0, L_0x7910150d0ac8;  1 drivers
L_0x7910150d0b10 .functor BUFT 1, C4<00000000000000000000000000000000>, C4<0>, C4<0>, C4<0>;
v0x6157dfe99940_0 .net/2u *"_ivl_417", 31 0, L_0x7910150d0b10;  1 drivers
v0x6157dfe99a20_0 .net *"_ivl_419", 0 0, L_0x6157dfec53c0;  1 drivers
v0x6157dfe99ae0_0 .net *"_ivl_421", 31 0, L_0x6157dfec5bf0;  1 drivers
L_0x7910150d0b58 .functor BUFT 1, C4<00000000000000000000000000000>, C4<0>, C4<0>, C4<0>;
v0x6157dfe99bc0_0 .net *"_ivl_424", 28 0, L_0x7910150d0b58;  1 drivers
L_0x7910150d0ba0 .functor BUFT 1, C4<00000000000000000000000000000100>, C4<0>, C4<0>, C4<0>;
v0x6157dfe99ca0_0 .net/2u *"_ivl_425", 31 0, L_0x7910150d0ba0;  1 drivers
v0x6157dfe99d80_0 .net *"_ivl_427", 0 0, L_0x6157dfec5710;  1 drivers
v0x6157dfe99e40_0 .net *"_ivl_43", 6 0, L_0x6157dfea2da0;  1 drivers
v0x6157dfe99f20_0 .net *"_ivl_431", 31 0, L_0x6157dfec5a30;  1 drivers
L_0x7910150d0be8 .functor BUFT 1, C4<00000000000000000000000000000>, C4<0>, C4<0>, C4<0>;
v0x6157dfe9a000_0 .net *"_ivl_434", 28 0, L_0x7910150d0be8;  1 drivers
L_0x7910150d0c30 .functor BUFT 1, C4<00000000000000000000000000000110>, C4<0>, C4<0>, C4<0>;
v0x6157dfe9a0e0_0 .net/2u *"_ivl_435", 31 0, L_0x7910150d0c30;  1 drivers
v0x6157dfe9a1c0_0 .net *"_ivl_437", 0 0, L_0x6157dfec5b20;  1 drivers
v0x6157dfe9a280_0 .net *"_ivl_439", 3 0, L_0x6157dfec6230;  1 drivers
L_0x7910150d0258 .functor BUFT 1, C4<0000011>, C4<0>, C4<0>, C4<0>;
v0x6157dfe9a360_0 .net/2u *"_ivl_44", 6 0, L_0x7910150d0258;  1 drivers
v0x6157dfe9a440_0 .net *"_ivl_49", 6 0, L_0x6157dfea3100;  1 drivers
L_0x7910150d02a0 .functor BUFT 1, C4<0100011>, C4<0>, C4<0>, C4<0>;
v0x6157dfe9a520_0 .net/2u *"_ivl_50", 6 0, L_0x7910150d02a0;  1 drivers
v0x6157dfe9a600_0 .net *"_ivl_55", 6 0, L_0x6157dfea33b0;  1 drivers
L_0x7910150d02e8 .functor BUFT 1, C4<1110011>, C4<0>, C4<0>, C4<0>;
v0x6157dfe9a6e0_0 .net/2u *"_ivl_56", 6 0, L_0x7910150d02e8;  1 drivers
v0x6157dfe9a7c0_0 .net *"_ivl_61", 0 0, L_0x6157dfea3310;  1 drivers
v0x6157dfe9a8a0_0 .net *"_ivl_63", 18 0, L_0x6157dfea3670;  1 drivers
L_0x7910150d0330 .functor BUFT 1, C4<000000000000>, C4<0>, C4<0>, C4<0>;
v0x6157dfe9a980_0 .net/2u *"_ivl_64", 11 0, L_0x7910150d0330;  1 drivers
v0x6157dfe9aa60_0 .net *"_ivl_69", 0 0, L_0x6157dfeb39a0;  1 drivers
v0x6157dfe9ab40_0 .net *"_ivl_7", 6 0, L_0x6157dfea1f90;  1 drivers
v0x6157dfe9ac20_0 .net *"_ivl_70", 20 0, L_0x6157dfeb3b10;  1 drivers
v0x6157dfe9ad00_0 .net *"_ivl_73", 10 0, L_0x6157dfeb3d10;  1 drivers
v0x6157dfe9ade0_0 .net *"_ivl_77", 0 0, L_0x6157dfeb3f80;  1 drivers
v0x6157dfe9aec0_0 .net *"_ivl_78", 20 0, L_0x6157dfeb4110;  1 drivers
L_0x7910150d00a8 .functor BUFT 1, C4<0010011>, C4<0>, C4<0>, C4<0>;
v0x6157dfe9afa0_0 .net/2u *"_ivl_8", 6 0, L_0x7910150d00a8;  1 drivers
v0x6157dfe9b080_0 .net *"_ivl_81", 5 0, L_0x6157dfeb4410;  1 drivers
v0x6157dfe9b160_0 .net *"_ivl_83", 4 0, L_0x6157dfeb47c0;  1 drivers
v0x6157dfe9b240_0 .net *"_ivl_87", 0 0, L_0x6157dfeb4b40;  1 drivers
v0x6157dfe9b320_0 .net *"_ivl_88", 19 0, L_0x6157dfeb4be0;  1 drivers
v0x6157dfe9b400_0 .net *"_ivl_91", 0 0, L_0x6157dfeb5000;  1 drivers
v0x6157dfe9b4e0_0 .net *"_ivl_93", 5 0, L_0x6157dfeb50a0;  1 drivers
v0x6157dfe9b5c0_0 .net *"_ivl_95", 3 0, L_0x6157dfeb4ee0;  1 drivers
L_0x7910150d0378 .functor BUFT 1, C4<0>, C4<0>, C4<0>, C4<0>;
v0x6157dfe9b6a0_0 .net/2u *"_ivl_96", 0 0, L_0x7910150d0378;  1 drivers
v0x6157dfe9b780_0 .net "aluIn1", 31 0, L_0x6157dfe7ac30;  1 drivers
v0x6157dfe9b860_0 .net "aluIn2", 31 0, L_0x6157dfeb66c0;  1 drivers
v0x6157dfe9b940_0 .net "aluMinus", 32 0, L_0x6157dfeb7690;  1 drivers
v0x6157dfe9ba20_0 .var "aluOut", 31 0;
v0x6157dfe9bb00_0 .net "aluPlus", 31 0, L_0x6157dfeb6e20;  1 drivers
v0x6157dfe9bbe0_0 .net "clk", 0 0, L_0x6157dfec79d0;  alias, 1 drivers
v0x6157dfe9bca0_0 .net "funct3", 2 0, L_0x6157dfeb62c0;  1 drivers
v0x6157dfe9bd80_0 .net "funct7", 6 0, L_0x6157dfeb64f0;  1 drivers
v0x6157dfe9be60_0 .var/i "i", 31 0;
v0x6157dfe9bf40_0 .var "instr", 31 0;
v0x6157dfe9c020_0 .net "isALUimm", 0 0, L_0x6157dfea2080;  1 drivers
v0x6157dfe9c0e0_0 .net "isALUreg", 0 0, L_0x6157dfea1e20;  1 drivers
v0x6157dfe9c1a0_0 .net "isAUIPC", 0 0, L_0x6157dfea2980;  1 drivers
v0x6157dfe9c260_0 .net "isBranch", 0 0, L_0x6157dfea22c0;  1 drivers
v0x6157dfe9c320_0 .net "isJAL", 0 0, L_0x6157dfea2740;  1 drivers
v0x6157dfe9c3e0_0 .net "isJALR", 0 0, L_0x6157dfea2510;  1 drivers
v0x6157dfe9c4a0_0 .net "isLUI", 0 0, L_0x6157dfea2bb0;  1 drivers
v0x6157dfe9c560_0 .net "isLoad", 0 0, L_0x6157dfea2f50;  1 drivers
v0x6157dfe9c620_0 .net "isSYSTEM", 0 0, L_0x6157dfea3450;  1 drivers
v0x6157dfe9c6e0_0 .net "isStore", 0 0, L_0x6157dfea31a0;  1 drivers
v0x6157dfe9c7a0_0 .net "leftshift", 31 0, L_0x6157dfeb9c50;  1 drivers
v0x6157dfe9c880_0 .net "loadstore_addr", 31 0, L_0x6157dfebc6d0;  1 drivers
v0x6157dfe9c960_0 .net "mem_addr", 31 0, L_0x6157dfec51e0;  alias, 1 drivers
v0x6157dfe9ca40_0 .net "mem_byteAccess", 0 0, L_0x6157dfebcc10;  1 drivers
v0x6157dfe9cb00_0 .net "mem_halfwordAccess", 0 0, L_0x6157dfebd0f0;  1 drivers
v0x6157dfe9cbc0_0 .net "mem_rdata", 31 0, L_0x6157dfec7890;  alias, 1 drivers
v0x6157dfe9cca0_0 .net "mem_rstrb", 0 0, L_0x6157dfec5850;  alias, 1 drivers
v0x6157dfe9cd60_0 .net "mem_wdata", 31 0, L_0x6157dfec27a0;  alias, 1 drivers
v0x6157dfe9ce40_0 .net "mem_wmask", 3 0, L_0x6157dfec4c00;  alias, 1 drivers
v0x6157dfe9cf20_0 .net "nextPC", 31 0, L_0x6157dfebc170;  1 drivers
v0x6157dfe9d000_0 .net "rdId", 4 0, L_0x6157dfeb6220;  1 drivers
v0x6157dfe9d0e0_0 .net "resetn", 0 0, L_0x6157dfec7ad0;  alias, 1 drivers
v0x6157dfe9d1a0_0 .var "rs1", 31 0;
v0x6157dfe9d280_0 .net "rs1Id", 4 0, L_0x6157dfeb5f60;  1 drivers
v0x6157dfe9d360_0 .var "rs2", 31 0;
v0x6157dfe9d440_0 .net "rs2Id", 4 0, L_0x6157dfeb6000;  1 drivers
v0x6157dfe9d520_0 .net "shamt", 4 0, L_0x6157dfeb6ce0;  1 drivers
v0x6157dfe9d600_0 .net "shifter", 31 0, L_0x6157dfeb9b60;  1 drivers
v0x6157dfe9d6e0_0 .net "shifter_in", 31 0, L_0x6157dfeb8d90;  1 drivers
v0x6157dfe9d7c0_0 .var "state", 2 0;
v0x6157dfe9d8a0_0 .var "takeBranch", 0 0;
v0x6157dfe9d960_0 .net "writeBackData", 31 0, L_0x6157dfebb5b0;  1 drivers
v0x6157dfe9da40_0 .net "writeBackEn", 0 0, L_0x6157dfec4af0;  1 drivers
E_0x6157dfde9760 .event posedge, v0x6157dfe9bbe0_0;
E_0x6157dfde99c0 .event edge, v0x6157dfe9bca0_0, v0x6157dfe7add0_0, v0x6157dfe90f30_0, v0x6157dfe90ff0_0;
E_0x6157dfdd1030/0 .event edge, v0x6157dfe9bca0_0, v0x6157dfe9bd80_0, v0x6157dfe9bf40_0, v0x6157dfe9b940_0;
E_0x6157dfdd1030/1 .event edge, v0x6157dfe9bb00_0, v0x6157dfe9c7a0_0, v0x6157dfe90f30_0, v0x6157dfe90ff0_0;
E_0x6157dfdd1030/2 .event edge, v0x6157dfe9b780_0, v0x6157dfe9b860_0, v0x6157dfe9d600_0;
E_0x6157dfdd1030 .event/or E_0x6157dfdd1030/0, E_0x6157dfdd1030/1, E_0x6157dfdd1030/2;
L_0x6157dfea1d50 .part v0x6157dfe9bf40_0, 0, 7;
L_0x6157dfea1e20 .cmp/eq 7, L_0x6157dfea1d50, L_0x7910150d0060;
L_0x6157dfea1f90 .part v0x6157dfe9bf40_0, 0, 7;
L_0x6157dfea2080 .cmp/eq 7, L_0x6157dfea1f90, L_0x7910150d00a8;
L_0x6157dfea2220 .part v0x6157dfe9bf40_0, 0, 7;
L_0x6157dfea22c0 .cmp/eq 7, L_0x6157dfea2220, L_0x7910150d00f0;
L_0x6157dfea2470 .part v0x6157dfe9bf40_0, 0, 7;
L_0x6157dfea2510 .cmp/eq 7, L_0x6157dfea2470, L_0x7910150d0138;
L_0x6157dfea26a0 .part v0x6157dfe9bf40_0, 0, 7;
L_0x6157dfea2740 .cmp/eq 7, L_0x6157dfea26a0, L_0x7910150d0180;
L_0x6157dfea28e0 .part v0x6157dfe9bf40_0, 0, 7;
L_0x6157dfea2980 .cmp/eq 7, L_0x6157dfea28e0, L_0x7910150d01c8;
L_0x6157dfea2b10 .part v0x6157dfe9bf40_0, 0, 7;
L_0x6157dfea2bb0 .cmp/eq 7, L_0x6157dfea2b10, L_0x7910150d0210;
L_0x6157dfea2da0 .part v0x6157dfe9bf40_0, 0, 7;
L_0x6157dfea2f50 .cmp/eq 7, L_0x6157dfea2da0, L_0x7910150d0258;
L_0x6157dfea3100 .part v0x6157dfe9bf40_0, 0, 7;
L_0x6157dfea31a0 .cmp/eq 7, L_0x6157dfea3100, L_0x7910150d02a0;
L_0x6157dfea33b0 .part v0x6157dfe9bf40_0, 0, 7;
L_0x6157dfea3450 .cmp/eq 7, L_0x6157dfea33b0, L_0x7910150d02e8;
L_0x6157dfea3310 .part v0x6157dfe9bf40_0, 31, 1;
L_0x6157dfea3670 .part v0x6157dfe9bf40_0, 12, 19;
L_0x6157dfeb37e0 .concat [ 12 19 1 0], L_0x7910150d0330, L_0x6157dfea3670, L_0x6157dfea3310;
L_0x6157dfeb39a0 .part v0x6157dfe9bf40_0, 31, 1;
LS_0x6157dfeb3b10_0_0 .concat [ 1 1 1 1], L_0x6157dfeb39a0, L_0x6157dfeb39a0, L_0x6157dfeb39a0, L_0x6157dfeb39a0;
LS_0x6157dfeb3b10_0_4 .concat [ 1 1 1 1], L_0x6157dfeb39a0, L_0x6157dfeb39a0, L_0x6157dfeb39a0, L_0x6157dfeb39a0;
LS_0x6157dfeb3b10_0_8 .concat [ 1 1 1 1], L_0x6157dfeb39a0, L_0x6157dfeb39a0, L_0x6157dfeb39a0, L_0x6157dfeb39a0;
LS_0x6157dfeb3b10_0_12 .concat [ 1 1 1 1], L_0x6157dfeb39a0, L_0x6157dfeb39a0, L_0x6157dfeb39a0, L_0x6157dfeb39a0;
LS_0x6157dfeb3b10_0_16 .concat [ 1 1 1 1], L_0x6157dfeb39a0, L_0x6157dfeb39a0, L_0x6157dfeb39a0, L_0x6157dfeb39a0;
LS_0x6157dfeb3b10_0_20 .concat [ 1 0 0 0], L_0x6157dfeb39a0;
LS_0x6157dfeb3b10_1_0 .concat [ 4 4 4 4], LS_0x6157dfeb3b10_0_0, LS_0x6157dfeb3b10_0_4, LS_0x6157dfeb3b10_0_8, LS_0x6157dfeb3b10_0_12;
LS_0x6157dfeb3b10_1_4 .concat [ 4 1 0 0], LS_0x6157dfeb3b10_0_16, LS_0x6157dfeb3b10_0_20;
L_0x6157dfeb3b10 .concat [ 16 5 0 0], LS_0x6157dfeb3b10_1_0, LS_0x6157dfeb3b10_1_4;
L_0x6157dfeb3d10 .part v0x6157dfe9bf40_0, 20, 11;
L_0x6157dfeb3e90 .concat [ 11 21 0 0], L_0x6157dfeb3d10, L_0x6157dfeb3b10;
L_0x6157dfeb3f80 .part v0x6157dfe9bf40_0, 31, 1;
LS_0x6157dfeb4110_0_0 .concat [ 1 1 1 1], L_0x6157dfeb3f80, L_0x6157dfeb3f80, L_0x6157dfeb3f80, L_0x6157dfeb3f80;
LS_0x6157dfeb4110_0_4 .concat [ 1 1 1 1], L_0x6157dfeb3f80, L_0x6157dfeb3f80, L_0x6157dfeb3f80, L_0x6157dfeb3f80;
LS_0x6157dfeb4110_0_8 .concat [ 1 1 1 1], L_0x6157dfeb3f80, L_0x6157dfeb3f80, L_0x6157dfeb3f80, L_0x6157dfeb3f80;
LS_0x6157dfeb4110_0_12 .concat [ 1 1 1 1], L_0x6157dfeb3f80, L_0x6157dfeb3f80, L_0x6157dfeb3f80, L_0x6157dfeb3f80;
LS_0x6157dfeb4110_0_16 .concat [ 1 1 1 1], L_0x6157dfeb3f80, L_0x6157dfeb3f80, L_0x6157dfeb3f80, L_0x6157dfeb3f80;
LS_0x6157dfeb4110_0_20 .concat [ 1 0 0 0], L_0x6157dfeb3f80;
LS_0x6157dfeb4110_1_0 .concat [ 4 4 4 4], LS_0x6157dfeb4110_0_0, LS_0x6157dfeb4110_0_4, LS_0x6157dfeb4110_0_8, LS_0x6157dfeb4110_0_12;
LS_0x6157dfeb4110_1_4 .concat [ 4 1 0 0], LS_0x6157dfeb4110_0_16, LS_0x6157dfeb4110_0_20;
L_0x6157dfeb4110 .concat [ 16 5 0 0], LS_0x6157dfeb4110_1_0, LS_0x6157dfeb4110_1_4;
L_0x6157dfeb4410 .part v0x6157dfe9bf40_0, 25, 6;
L_0x6157dfeb47c0 .part v0x6157dfe9bf40_0, 7, 5;
L_0x6157dfeb4890 .concat [ 5 6 21 0], L_0x6157dfeb47c0, L_0x6157dfeb4410, L_0x6157dfeb4110;
L_0x6157dfeb4b40 .part v0x6157dfe9bf40_0, 31, 1;
LS_0x6157dfeb4be0_0_0 .concat [ 1 1 1 1], L_0x6157dfeb4b40, L_0x6157dfeb4b40, L_0x6157dfeb4b40, L_0x6157dfeb4b40;
LS_0x6157dfeb4be0_0_4 .concat [ 1 1 1 1], L_0x6157dfeb4b40, L_0x6157dfeb4b40, L_0x6157dfeb4b40, L_0x6157dfeb4b40;
LS_0x6157dfeb4be0_0_8 .concat [ 1 1 1 1], L_0x6157dfeb4b40, L_0x6157dfeb4b40, L_0x6157dfeb4b40, L_0x6157dfeb4b40;
LS_0x6157dfeb4be0_0_12 .concat [ 1 1 1 1], L_0x6157dfeb4b40, L_0x6157dfeb4b40, L_0x6157dfeb4b40, L_0x6157dfeb4b40;
LS_0x6157dfeb4be0_0_16 .concat [ 1 1 1 1], L_0x6157dfeb4b40, L_0x6157dfeb4b40, L_0x6157dfeb4b40, L_0x6157dfeb4b40;
LS_0x6157dfeb4be0_1_0 .concat [ 4 4 4 4], LS_0x6157dfeb4be0_0_0, LS_0x6157dfeb4be0_0_4, LS_0x6157dfeb4be0_0_8, LS_0x6157dfeb4be0_0_12;
LS_0x6157dfeb4be0_1_4 .concat [ 4 0 0 0], LS_0x6157dfeb4be0_0_16;
L_0x6157dfeb4be0 .concat [ 16 4 0 0], LS_0x6157dfeb4be0_1_0, LS_0x6157dfeb4be0_1_4;
L_0x6157dfeb5000 .part v0x6157dfe9bf40_0, 7, 1;
L_0x6157dfeb50a0 .part v0x6157dfe9bf40_0, 25, 6;
L_0x6157dfeb4ee0 .part v0x6157dfe9bf40_0, 8, 4;
LS_0x6157dfeb5270_0_0 .concat [ 1 4 6 1], L_0x7910150d0378, L_0x6157dfeb4ee0, L_0x6157dfeb50a0, L_0x6157dfeb5000;
LS_0x6157dfeb5270_0_4 .concat [ 20 0 0 0], L_0x6157dfeb4be0;
L_0x6157dfeb5270 .concat [ 12 20 0 0], LS_0x6157dfeb5270_0_0, LS_0x6157dfeb5270_0_4;
L_0x6157dfeb55c0 .part v0x6157dfe9bf40_0, 31, 1;
LS_0x6157dfeb5660_0_0 .concat [ 1 1 1 1], L_0x6157dfeb55c0, L_0x6157dfeb55c0, L_0x6157dfeb55c0, L_0x6157dfeb55c0;
LS_0x6157dfeb5660_0_4 .concat [ 1 1 1 1], L_0x6157dfeb55c0, L_0x6157dfeb55c0, L_0x6157dfeb55c0, L_0x6157dfeb55c0;
LS_0x6157dfeb5660_0_8 .concat [ 1 1 1 1], L_0x6157dfeb55c0, L_0x6157dfeb55c0, L_0x6157dfeb55c0, L_0x6157dfeb55c0;
L_0x6157dfeb5660 .concat [ 4 4 4 0], LS_0x6157dfeb5660_0_0, LS_0x6157dfeb5660_0_4, LS_0x6157dfeb5660_0_8;
L_0x6157dfeb58a0 .part v0x6157dfe9bf40_0, 12, 8;
L_0x6157dfeb5940 .part v0x6157dfe9bf40_0, 20, 1;
L_0x6157dfeb5b40 .part v0x6157dfe9bf40_0, 21, 10;
LS_0x6157dfeb5be0_0_0 .concat [ 1 10 1 8], L_0x7910150d03c0, L_0x6157dfeb5b40, L_0x6157dfeb5940, L_0x6157dfeb58a0;
LS_0x6157dfeb5be0_0_4 .concat [ 12 0 0 0], L_0x6157dfeb5660;
L_0x6157dfeb5be0 .concat [ 20 12 0 0], LS_0x6157dfeb5be0_0_0, LS_0x6157dfeb5be0_0_4;
L_0x6157dfeb5f60 .part v0x6157dfe9bf40_0, 15, 5;
L_0x6157dfeb6000 .part v0x6157dfe9bf40_0, 20, 5;
L_0x6157dfeb6220 .part v0x6157dfe9bf40_0, 7, 5;
L_0x6157dfeb62c0 .part v0x6157dfe9bf40_0, 12, 3;
L_0x6157dfeb64f0 .part v0x6157dfe9bf40_0, 25, 7;
L_0x6157dfeb66c0 .functor MUXZ 32, L_0x6157dfeb3e90, v0x6157dfe9d360_0, L_0x6157dfe76690, C4<>;
L_0x6157dfeb69a0 .part v0x6157dfe9d360_0, 0, 5;
L_0x6157dfeb6a90 .part v0x6157dfe9bf40_0, 20, 5;
L_0x6157dfeb6ce0 .functor MUXZ 5, L_0x6157dfeb6a90, L_0x6157dfeb69a0, L_0x6157dfea1e20, C4<>;
L_0x6157dfeb6e20 .arith/sum 32, L_0x6157dfe7ac30, L_0x6157dfeb66c0;
L_0x6157dfeb7120 .concat [ 32 1 0 0], L_0x6157dfe723b0, L_0x7910150d0408;
L_0x6157dfeb7260 .concat [ 32 1 0 0], L_0x6157dfe7ac30, L_0x7910150d0450;
L_0x6157dfeb7520 .arith/sum 33, L_0x6157dfeb7120, L_0x6157dfeb7260;
L_0x6157dfeb7690 .arith/sum 33, L_0x6157dfeb7520, L_0x7910150d0498;
L_0x6157dfeb79b0 .part L_0x6157dfe7ac30, 31, 1;
L_0x6157dfeb7a50 .part L_0x6157dfeb66c0, 31, 1;
L_0x6157dfeb7d40 .part L_0x6157dfe7ac30, 31, 1;
L_0x6157dfeb7de0 .part L_0x6157dfeb7690, 32, 1;
L_0x6157dfeb80d0 .functor MUXZ 1, L_0x6157dfeb7de0, L_0x6157dfeb7d40, L_0x6157dfdf2db0, C4<>;
L_0x6157dfeb8260 .part L_0x6157dfeb7690, 32, 1;
L_0x6157dfeb8510 .part L_0x6157dfeb7690, 0, 32;
L_0x6157dfeb8640 .cmp/eq 32, L_0x6157dfeb8510, L_0x7910150d04e0;
L_0x6157dfeb8980 .cmp/eq 3, L_0x6157dfeb62c0, L_0x7910150d0528;
L_0x6157dfeb8ac0 .ufunc/vec4 TD_bench.uut.CPU.flip32, 32, L_0x6157dfe7ac30 (v0x6157dfdedf60_0) S_0x6157dfe427a0;
L_0x6157dfeb8d90 .functor MUXZ 32, L_0x6157dfe7ac30, L_0x6157dfeb8ac0, L_0x6157dfeb8980, C4<>;
L_0x6157dfeb8ed0 .part v0x6157dfe9bf40_0, 30, 1;
L_0x6157dfeb91b0 .part L_0x6157dfe7ac30, 31, 1;
L_0x6157dfeb9390 .concat [ 32 1 0 0], L_0x6157dfeb8d90, L_0x6157dfeb9250;
L_0x6157dfeb9720 .part L_0x6157dfeb66c0, 0, 5;
L_0x6157dfeb97c0 .shift/rs 33, L_0x6157dfeb9390, L_0x6157dfeb9720;
L_0x6157dfeb9b60 .part L_0x6157dfeb97c0, 0, 32;
L_0x6157dfeb9c50 .ufunc/vec4 TD_bench.uut.CPU.flip32, 32, L_0x6157dfeb9b60 (v0x6157dfdedf60_0) S_0x6157dfe427a0;
L_0x6157dfeb9fb0 .part v0x6157dfe9bf40_0, 3, 1;
L_0x6157dfeba050 .part v0x6157dfe9bf40_0, 4, 1;
L_0x6157dfeba370 .functor MUXZ 32, L_0x6157dfeb5270, L_0x6157dfeb37e0, L_0x6157dfeba050, C4<>;
L_0x6157dfeba500 .functor MUXZ 32, L_0x6157dfeba370, L_0x6157dfeb5be0, L_0x6157dfeb9fb0, C4<>;
L_0x6157dfeba920 .arith/sum 32, v0x6157dfe910b0_0, L_0x6157dfeba500;
L_0x6157dfebaa80 .arith/sum 32, v0x6157dfe910b0_0, L_0x7910150d0570;
L_0x6157dfebaf40 .functor MUXZ 32, v0x6157dfe9ba20_0, L_0x6157dfec0b00, L_0x6157dfea2f50, C4<>;
L_0x6157dfebb030 .functor MUXZ 32, L_0x6157dfebaf40, L_0x6157dfeba920, L_0x6157dfea2980, C4<>;
L_0x6157dfebb470 .functor MUXZ 32, L_0x6157dfebb030, L_0x6157dfeb37e0, L_0x6157dfea2bb0, C4<>;
L_0x6157dfebb5b0 .functor MUXZ 32, L_0x6157dfebb470, L_0x6157dfebaa80, L_0x6157dfeba9c0, C4<>;
L_0x6157dfebbb80 .part L_0x6157dfeb6e20, 1, 31;
L_0x6157dfebbc70 .concat [ 1 31 0 0], L_0x7910150d05b8, L_0x6157dfebbb80;
L_0x6157dfebc080 .functor MUXZ 32, L_0x6157dfebaa80, L_0x6157dfebbc70, L_0x6157dfea2510, C4<>;
L_0x6157dfebc170 .functor MUXZ 32, L_0x6157dfebc080, L_0x6157dfeba920, L_0x6157dfebba70, C4<>;
L_0x6157dfebc590 .functor MUXZ 32, L_0x6157dfeb3e90, L_0x6157dfeb4890, L_0x6157dfea31a0, C4<>;
L_0x6157dfebc6d0 .arith/sum 32, v0x6157dfe9d1a0_0, L_0x6157dfebc590;
L_0x6157dfebcb70 .part L_0x6157dfeb62c0, 0, 2;
L_0x6157dfebcc10 .cmp/eq 2, L_0x6157dfebcb70, L_0x7910150d0600;
L_0x6157dfebd050 .part L_0x6157dfeb62c0, 0, 2;
L_0x6157dfebd0f0 .cmp/eq 2, L_0x6157dfebd050, L_0x7910150d0648;
L_0x6157dfebd4f0 .part L_0x6157dfebc6d0, 1, 1;
L_0x6157dfebd5e0 .part L_0x6157dfec7890, 16, 16;
L_0x6157dfebd9f0 .part L_0x6157dfec7890, 0, 16;
L_0x6157dfebda90 .functor MUXZ 16, L_0x6157dfebd9f0, L_0x6157dfebd5e0, L_0x6157dfebd4f0, C4<>;
L_0x6157dfebdf50 .part L_0x6157dfebc6d0, 0, 1;
L_0x6157dfebdff0 .part L_0x6157dfebda90, 8, 8;
L_0x6157dfebe420 .part L_0x6157dfebda90, 0, 8;
L_0x6157dfebe4c0 .functor MUXZ 8, L_0x6157dfebe420, L_0x6157dfebdff0, L_0x6157dfebdf50, C4<>;
L_0x6157dfebe9a0 .part L_0x6157dfeb62c0, 2, 1;
L_0x6157dfebea40 .reduce/nor L_0x6157dfebe9a0;
L_0x6157dfebee90 .part L_0x6157dfebe4c0, 7, 1;
L_0x6157dfebef80 .part L_0x6157dfebda90, 15, 1;
L_0x6157dfebf420 .functor MUXZ 1, L_0x6157dfebef80, L_0x6157dfebee90, L_0x6157dfebcc10, C4<>;
LS_0x6157dfebf600_0_0 .concat [ 1 1 1 1], L_0x6157dfebc770, L_0x6157dfebc770, L_0x6157dfebc770, L_0x6157dfebc770;
LS_0x6157dfebf600_0_4 .concat [ 1 1 1 1], L_0x6157dfebc770, L_0x6157dfebc770, L_0x6157dfebc770, L_0x6157dfebc770;
LS_0x6157dfebf600_0_8 .concat [ 1 1 1 1], L_0x6157dfebc770, L_0x6157dfebc770, L_0x6157dfebc770, L_0x6157dfebc770;
LS_0x6157dfebf600_0_12 .concat [ 1 1 1 1], L_0x6157dfebc770, L_0x6157dfebc770, L_0x6157dfebc770, L_0x6157dfebc770;
LS_0x6157dfebf600_0_16 .concat [ 1 1 1 1], L_0x6157dfebc770, L_0x6157dfebc770, L_0x6157dfebc770, L_0x6157dfebc770;
LS_0x6157dfebf600_0_20 .concat [ 1 1 1 1], L_0x6157dfebc770, L_0x6157dfebc770, L_0x6157dfebc770, L_0x6157dfebc770;
LS_0x6157dfebf600_1_0 .concat [ 4 4 4 4], LS_0x6157dfebf600_0_0, LS_0x6157dfebf600_0_4, LS_0x6157dfebf600_0_8, LS_0x6157dfebf600_0_12;
LS_0x6157dfebf600_1_4 .concat [ 4 4 0 0], LS_0x6157dfebf600_0_16, LS_0x6157dfebf600_0_20;
L_0x6157dfebf600 .concat [ 16 8 0 0], LS_0x6157dfebf600_1_0, LS_0x6157dfebf600_1_4;
L_0x6157dfebfc10 .concat [ 8 24 0 0], L_0x6157dfebe4c0, L_0x6157dfebf600;
LS_0x6157dfebfcb0_0_0 .concat [ 1 1 1 1], L_0x6157dfebc770, L_0x6157dfebc770, L_0x6157dfebc770, L_0x6157dfebc770;
LS_0x6157dfebfcb0_0_4 .concat [ 1 1 1 1], L_0x6157dfebc770, L_0x6157dfebc770, L_0x6157dfebc770, L_0x6157dfebc770;
LS_0x6157dfebfcb0_0_8 .concat [ 1 1 1 1], L_0x6157dfebc770, L_0x6157dfebc770, L_0x6157dfebc770, L_0x6157dfebc770;
LS_0x6157dfebfcb0_0_12 .concat [ 1 1 1 1], L_0x6157dfebc770, L_0x6157dfebc770, L_0x6157dfebc770, L_0x6157dfebc770;
L_0x6157dfebfcb0 .concat [ 4 4 4 4], LS_0x6157dfebfcb0_0_0, LS_0x6157dfebfcb0_0_4, LS_0x6157dfebfcb0_0_8, LS_0x6157dfebfcb0_0_12;
L_0x6157dfec04f0 .concat [ 16 16 0 0], L_0x6157dfebda90, L_0x6157dfebfcb0;
L_0x6157dfec05e0 .functor MUXZ 32, L_0x6157dfec7890, L_0x6157dfec04f0, L_0x6157dfebd0f0, C4<>;
L_0x6157dfec0b00 .functor MUXZ 32, L_0x6157dfec05e0, L_0x6157dfebfc10, L_0x6157dfebcc10, C4<>;
L_0x6157dfec0c90 .part v0x6157dfe9d360_0, 0, 8;
L_0x6157dfec10e0 .part L_0x6157dfebc6d0, 0, 1;
L_0x6157dfec1210 .part v0x6157dfe9d360_0, 0, 8;
L_0x6157dfec1700 .part v0x6157dfe9d360_0, 8, 8;
L_0x6157dfec17a0 .functor MUXZ 8, L_0x6157dfec1700, L_0x6157dfec1210, L_0x6157dfec10e0, C4<>;
L_0x6157dfec1c60 .part L_0x6157dfebc6d0, 1, 1;
L_0x6157dfec1d00 .part v0x6157dfe9d360_0, 0, 8;
L_0x6157dfec2180 .part v0x6157dfe9d360_0, 16, 8;
L_0x6157dfec2220 .functor MUXZ 8, L_0x6157dfec2180, L_0x6157dfec1d00, L_0x6157dfec1c60, C4<>;
L_0x6157dfec27a0 .concat8 [ 8 8 8 8], L_0x6157dfec0c90, L_0x6157dfec17a0, L_0x6157dfec2220, L_0x6157dfec3a10;
L_0x6157dfec2930 .part L_0x6157dfebc6d0, 0, 1;
L_0x6157dfec2dd0 .part v0x6157dfe9d360_0, 0, 8;
L_0x6157dfec2e70 .part L_0x6157dfebc6d0, 1, 1;
L_0x6157dfec3320 .part v0x6157dfe9d360_0, 8, 8;
L_0x6157dfec33c0 .part v0x6157dfe9d360_0, 24, 8;
L_0x6157dfec3880 .functor MUXZ 8, L_0x6157dfec33c0, L_0x6157dfec3320, L_0x6157dfec2e70, C4<>;
L_0x6157dfec3a10 .functor MUXZ 8, L_0x6157dfec3880, L_0x6157dfec2dd0, L_0x6157dfec2930, C4<>;
L_0x6157dfec35a0 .part L_0x6157dfebc6d0, 1, 1;
L_0x6157dfec3750 .part L_0x6157dfebc6d0, 0, 1;
L_0x6157dfec3ef0 .functor MUXZ 4, L_0x7910150d06d8, L_0x7910150d0690, L_0x6157dfec3750, C4<>;
L_0x6157dfec4030 .part L_0x6157dfebc6d0, 0, 1;
L_0x6157dfec3ab0 .functor MUXZ 4, L_0x7910150d0768, L_0x7910150d0720, L_0x6157dfec4030, C4<>;
L_0x6157dfec3c40 .functor MUXZ 4, L_0x6157dfec3ab0, L_0x6157dfec3ef0, L_0x6157dfec35a0, C4<>;
L_0x6157dfec3dd0 .part L_0x6157dfebc6d0, 1, 1;
L_0x6157dfec4530 .functor MUXZ 4, L_0x7910150d07f8, L_0x7910150d07b0, L_0x6157dfec3dd0, C4<>;
L_0x6157dfec4170 .functor MUXZ 4, L_0x7910150d0840, L_0x6157dfec4530, L_0x6157dfebd0f0, C4<>;
L_0x6157dfec42b0 .functor MUXZ 4, L_0x6157dfec4170, L_0x6157dfec3c40, L_0x6157dfebcc10, C4<>;
L_0x6157dfec43a0 .concat [ 3 29 0 0], v0x6157dfe9d7c0_0, L_0x7910150d0888;
L_0x6157dfec4490 .cmp/eq 32, L_0x6157dfec43a0, L_0x7910150d08d0;
L_0x6157dfec45d0 .reduce/nor L_0x6157dfea22c0;
L_0x6157dfec4790 .reduce/nor L_0x6157dfea31a0;
L_0x6157dfec48f0 .concat [ 3 29 0 0], v0x6157dfe9d7c0_0, L_0x7910150d0918;
L_0x6157dfec4f90 .cmp/eq 32, L_0x6157dfec48f0, L_0x7910150d0960;
L_0x6157dfec4c70 .concat [ 3 29 0 0], v0x6157dfe9d7c0_0, L_0x7910150d09a8;
L_0x6157dfec4d60 .cmp/eq 32, L_0x6157dfec4c70, L_0x7910150d09f0;
L_0x6157dfec4ea0 .concat [ 3 29 0 0], v0x6157dfe9d7c0_0, L_0x7910150d0a38;
L_0x6157dfec5620 .cmp/eq 32, L_0x6157dfec4ea0, L_0x7910150d0a80;
L_0x6157dfec51e0 .functor MUXZ 32, L_0x6157dfebc6d0, v0x6157dfe910b0_0, L_0x6157dfec50d0, C4<>;
L_0x6157dfec52d0 .concat [ 3 29 0 0], v0x6157dfe9d7c0_0, L_0x7910150d0ac8;
L_0x6157dfec53c0 .cmp/eq 32, L_0x6157dfec52d0, L_0x7910150d0b10;
L_0x6157dfec5bf0 .concat [ 3 29 0 0], v0x6157dfe9d7c0_0, L_0x7910150d0b58;
L_0x6157dfec5710 .cmp/eq 32, L_0x6157dfec5bf0, L_0x7910150d0ba0;
L_0x6157dfec5a30 .concat [ 3 29 0 0], v0x6157dfe9d7c0_0, L_0x7910150d0be8;
L_0x6157dfec5b20 .cmp/eq 32, L_0x6157dfec5a30, L_0x7910150d0c30;
L_0x6157dfec6230 .concat [ 1 1 1 1], L_0x6157dfec5b20, L_0x6157dfec5b20, L_0x6157dfec5b20, L_0x6157dfec5b20;
S_0x6157dfe427a0 .scope function.vec4.s32, "flip32" "flip32" 3 115, 3 115 0, S_0x6157dfe40f70;
 .timescale 0 0;
; Variable flip32 is vec4 return value of scope S_0x6157dfe427a0
v0x6157dfdedf60_0 .var "x", 31 0;
TD_bench.uut.CPU.flip32 ;
    %load/vec4 v0x6157dfdedf60_0;
    %parti/s 1, 0, 2;
    %load/vec4 v0x6157dfdedf60_0;
    %parti/s 1, 1, 2;
    %concat/vec4; draw_concat_vec4
    %load/vec4 v0x6157dfdedf60_0;
    %parti/s 1, 2, 3;
    %concat/vec4; draw_concat_vec4
    %load/vec4 v0x6157dfdedf60_0;
    %parti/s 1, 3, 3;
    %concat/vec4; draw_concat_vec4
    %load/vec4 v0x6157dfdedf60_0;
    %parti/s 1, 4, 4;
    %concat/vec4; draw_concat_vec4
    %load/vec4 v0x6157dfdedf60_0;
    %parti/s 1, 5, 4;
    %concat/vec4; draw_concat_vec4
    %load/vec4 v0x6157dfdedf60_0;
    %parti/s 1, 6, 4;
    %concat/vec4; draw_concat_vec4
    %load/vec4 v0x6157dfdedf60_0;
    %parti/s 1, 7, 4;
    %concat/vec4; draw_concat_vec4
    %load/vec4 v0x6157dfdedf60_0;
    %parti/s 1, 8, 5;
    %concat/vec4; draw_concat_vec4
    %load/vec4 v0x6157dfdedf60_0;
    %parti/s 1, 9, 5;
    %concat/vec4; draw_concat_vec4
    %load/vec4 v0x6157dfdedf60_0;
    %parti/s 1, 10, 5;
    %concat/vec4; draw_concat_vec4
    %load/vec4 v0x6157dfdedf60_0;
    %parti/s 1, 11, 5;
    %concat/vec4; draw_concat_vec4
    %load/vec4 v0x6157dfdedf60_0;
    %parti/s 1, 12, 5;
    %concat/vec4; draw_concat_vec4
    %load/vec4 v0x6157dfdedf60_0;
    %parti/s 1, 13, 5;
    %concat/vec4; draw_concat_vec4
    %load/vec4 v0x6157dfdedf60_0;
    %parti/s 1, 14, 5;
    %concat/vec4; draw_concat_vec4
    %load/vec4 v0x6157dfdedf60_0;
    %parti/s 1, 15, 5;
    %concat/vec4; draw_concat_vec4
    %load/vec4 v0x6157dfdedf60_0;
    %parti/s 1, 16, 6;
    %concat/vec4; draw_concat_vec4
    %load/vec4 v0x6157dfdedf60_0;
    %parti/s 1, 17, 6;
    %concat/vec4; draw_concat_vec4
    %load/vec4 v0x6157dfdedf60_0;
    %parti/s 1, 18, 6;
    %concat/vec4; draw_concat_vec4
    %load/vec4 v0x6157dfdedf60_0;
    %parti/s 1, 19, 6;
    %concat/vec4; draw_concat_vec4
    %load/vec4 v0x6157dfdedf60_0;
    %parti/s 1, 20, 6;
    %concat/vec4; draw_concat_vec4
    %load/vec4 v0x6157dfdedf60_0;
    %parti/s 1, 21, 6;
    %concat/vec4; draw_concat_vec4
    %load/vec4 v0x6157dfdedf60_0;
    %parti/s 1, 22, 6;
    %concat/vec4; draw_concat_vec4
    %load/vec4 v0x6157dfdedf60_0;
    %parti/s 1, 23, 6;
    %concat/vec4; draw_concat_vec4
    %load/vec4 v0x6157dfdedf60_0;
    %parti/s 1, 24, 6;
    %concat/vec4; draw_concat_vec4
    %load/vec4 v0x6157dfdedf60_0;
    %parti/s 1, 25, 6;
    %concat/vec4; draw_concat_vec4
    %load/vec4 v0x6157dfdedf60_0;
    %parti/s 1, 26, 6;
    %concat/vec4; draw_concat_vec4
    %load/vec4 v0x6157dfdedf60_0;
    %parti/s 1, 27, 6;
    %concat/vec4; draw_concat_vec4
    %load/vec4 v0x6157dfdedf60_0;
    %parti/s 1, 28, 6;
    %concat/vec4; draw_concat_vec4
    %load/vec4 v0x6157dfdedf60_0;
    %parti/s 1, 29, 6;
    %concat/vec4; draw_concat_vec4
    %load/vec4 v0x6157dfdedf60_0;
    %parti/s 1, 30, 6;
    %concat/vec4; draw_concat_vec4
    %load/vec4 v0x6157dfdedf60_0;
    %parti/s 1, 31, 6;
    %concat/vec4; draw_concat_vec4
    %ret/vec4 0, 0, 32;  Assign to flip32 (store_vec4_to_lval)
    %end;
S_0x6157dfe4a890 .scope module, "CW" "Clockworks" 3 400, 4 38 0, S_0x6157dfe78f70;
 .timescale 0 0;
    .port_info 0 /INPUT 1 "CLK";
    .port_info 1 /INPUT 1 "RESET";
    .port_info 2 /OUTPUT 1 "clk";
    .port_info 3 /OUTPUT 1 "resetn";
P_0x6157dfe9dc00 .param/l "SLOW" 0 4 46, +C4<00000000000000000000000000000000>;
v0x6157dfe9e420_0 .net "CLK", 0 0, v0x6157dfea1830_0;  alias, 1 drivers
v0x6157dfe9e4e0_0 .net "RESET", 0 0, L_0x7910150d0018;  alias, 1 drivers
v0x6157dfe9e580_0 .net "clk", 0 0, L_0x6157dfec79d0;  alias, 1 drivers
v0x6157dfe9e670_0 .net "resetn", 0 0, L_0x6157dfec7ad0;  alias, 1 drivers
S_0x6157dfe9dca0 .scope generate, "genblk2" "genblk2" 4 57, 4 57 0, S_0x6157dfe4a890;
 .timescale 0 0;
v0x6157dfe9e340_0 .var "reset_cnt", 15 0;
E_0x6157dfde9510 .event posedge, v0x6157dfe9e4e0_0, v0x6157dfe9bbe0_0;
L_0x6157dfec7ad0 .reduce/and v0x6157dfe9e340_0;
S_0x6157dfe9dec0 .scope module, "pll" "femtoPLL" 4 95, 5 22 0, S_0x6157dfe9dca0;
 .timescale 0 0;
    .port_info 0 /INPUT 1 "pclk";
    .port_info 1 /OUTPUT 1 "clk";
P_0x6157dfe9e0c0 .param/l "freq" 0 5 23, +C4<00000000000000000000000000001010>;
L_0x6157dfec79d0 .functor BUFZ 1, v0x6157dfea1830_0, C4<0>, C4<0>, C4<0>;
v0x6157dfe9e180_0 .net "clk", 0 0, L_0x6157dfec79d0;  alias, 1 drivers
v0x6157dfe9e240_0 .net "pclk", 0 0, v0x6157dfea1830_0;  alias, 1 drivers
S_0x6157dfe9e750 .scope module, "RAM" "Memory" 3 346, 3 10 0, S_0x6157dfe78f70;
 .timescale 0 0;
    .port_info 0 /INPUT 1 "clk";
    .port_info 1 /INPUT 32 "mem_addr";
    .port_info 2 /OUTPUT 32 "mem_rdata";
    .port_info 3 /INPUT 1 "mem_rstrb";
    .port_info 4 /INPUT 32 "mem_wdata";
    .port_info 5 /INPUT 4 "mem_wmask";
v0x6157dfe9ea10 .array "MEM", 1535 0, 31 0;
v0x6157dfe9ead0_0 .net "clk", 0 0, L_0x6157dfec79d0;  alias, 1 drivers
v0x6157dfe9eb90_0 .net "mem_addr", 31 0, L_0x6157dfec51e0;  alias, 1 drivers
v0x6157dfe9ec90_0 .var "mem_rdata", 31 0;
v0x6157dfe9ed30_0 .net "mem_rstrb", 0 0, L_0x6157dfec60e0;  1 drivers
v0x6157dfe9ee40_0 .net "mem_wdata", 31 0, L_0x6157dfec27a0;  alias, 1 drivers
v0x6157dfe9ef00_0 .net "mem_wmask", 3 0, L_0x6157dfec6a40;  1 drivers
v0x6157dfe9efc0_0 .net "word_addr", 29 0, L_0x6157dfec6040;  1 drivers
L_0x6157dfec6040 .part L_0x6157dfec51e0, 2, 30;
S_0x6157dfe9f1a0 .scope module, "UART" "corescore_emitter_uart" 3 373, 6 1 0, S_0x6157dfe78f70;
 .timescale 0 0;
    .port_info 0 /INPUT 1 "i_clk";
    .port_info 1 /INPUT 1 "i_rst";
    .port_info 2 /INPUT 8 "i_data";
    .port_info 3 /INPUT 1 "i_valid";
    .port_info 4 /OUTPUT 1 "o_ready";
    .port_info 5 /OUTPUT 1 "o_uart_tx";
P_0x6157dfe7b510 .param/l "START_VALUE" 1 6 14, +C4<0000000000000000000000000000000000000000000000000000000001010110>;
P_0x6157dfe7b550 .param/l "WIDTH" 1 6 16, +C4<00000000000000000000000000000111>;
P_0x6157dfe7b590 .param/l "baud_rate" 0 6 4, +C4<00000000000000011100001000000000>;
P_0x6157dfe7b5d0 .param/l "clk_freq_hz" 0 6 3, +C4<0000000000000000000000000000000000000000100110001001011010000000>;
L_0x6157dfec7080 .functor OR 1, L_0x6157dfec6e00, L_0x6157dfec6f90, C4<0>, C4<0>;
v0x6157dfe9f660_0 .net *"_ivl_1", 0 0, L_0x6157dfec6e00;  1 drivers
v0x6157dfe9f760_0 .net *"_ivl_3", 0 0, L_0x6157dfec6ea0;  1 drivers
v0x6157dfe9f820_0 .net *"_ivl_5", 0 0, L_0x6157dfec6f90;  1 drivers
v0x6157dfe9f8f0_0 .var "cnt", 7 0;
v0x6157dfe9f9d0_0 .var "data", 9 0;
v0x6157dfe9fb00_0 .net "i_clk", 0 0, L_0x6157dfec79d0;  alias, 1 drivers
v0x6157dfe9fba0_0 .net "i_data", 7 0, L_0x6157dfec7230;  1 drivers
v0x6157dfe9fc80_0 .net "i_rst", 0 0, L_0x6157dfec7190;  1 drivers
v0x6157dfe9fd40_0 .net "i_valid", 0 0, L_0x6157dfec6ca0;  alias, 1 drivers
v0x6157dfe9fe00_0 .var "o_ready", 0 0;
v0x6157dfe9fec0_0 .net "o_uart_tx", 0 0, L_0x6157dfec7080;  alias, 1 drivers
L_0x6157dfec6e00 .part v0x6157dfe9f9d0_0, 0, 1;
L_0x6157dfec6ea0 .reduce/or v0x6157dfe9f9d0_0;
L_0x6157dfec6f90 .reduce/nor L_0x6157dfec6ea0;
    .scope S_0x6157dfe40f70;
T_1 ;
    %pushi/vec4 0, 0, 32;
    %store/vec4 v0x6157dfe910b0_0, 0, 32;
    %pushi/vec4 0, 0, 3;
    %store/vec4 v0x6157dfe9d7c0_0, 0, 3;
    %end;
    .thread T_1;
    .scope S_0x6157dfe40f70;
T_2 ;
    %pushi/vec4 0, 0, 32;
    %store/vec4 v0x6157dfe9be60_0, 0, 32;
T_2.0 ;
    %load/vec4 v0x6157dfe9be60_0;
    %cmpi/s 32, 0, 32;
    %jmp/0xz T_2.1, 5;
    %pushi/vec4 0, 0, 32;
    %ix/getv/s 4, v0x6157dfe9be60_0;
    %store/vec4a v0x6157dfe91350, 4, 0;
    ; show_stmt_assign_vector: Get l-value for compressed += operand
    %load/vec4 v0x6157dfe9be60_0;
    %pushi/vec4 1, 0, 32;
    %add;
    %store/vec4 v0x6157dfe9be60_0, 0, 32;
    %jmp T_2.0;
T_2.1 ;
    %end;
    .thread T_2;
    .scope S_0x6157dfe40f70;
T_3 ;
    %wait E_0x6157dfdd1030;
    %load/vec4 v0x6157dfe9bca0_0;
    %dup/vec4;
    %pushi/vec4 0, 0, 3;
    %cmp/u;
    %jmp/1 T_3.0, 6;
    %dup/vec4;
    %pushi/vec4 1, 0, 3;
    %cmp/u;
    %jmp/1 T_3.1, 6;
    %dup/vec4;
    %pushi/vec4 2, 0, 3;
    %cmp/u;
    %jmp/1 T_3.2, 6;
    %dup/vec4;
    %pushi/vec4 3, 0, 3;
    %cmp/u;
    %jmp/1 T_3.3, 6;
    %dup/vec4;
    %pushi/vec4 4, 0, 3;
    %cmp/u;
    %jmp/1 T_3.4, 6;
    %dup/vec4;
    %pushi/vec4 5, 0, 3;
    %cmp/u;
    %jmp/1 T_3.5, 6;
    %dup/vec4;
    %pushi/vec4 6, 0, 3;
    %cmp/u;
    %jmp/1 T_3.6, 6;
    %dup/vec4;
    %pushi/vec4 7, 0, 3;
    %cmp/u;
    %jmp/1 T_3.7, 6;
    %jmp T_3.8;
T_3.0 ;
    %load/vec4 v0x6157dfe9bd80_0;
    %parti/s 1, 5, 4;
    %load/vec4 v0x6157dfe9bf40_0;
    %parti/s 1, 5, 4;
    %and;
    %flag_set/vec4 8;
    %jmp/0 T_3.9, 8;
    %load/vec4 v0x6157dfe9b940_0;
    %parti/s 32, 0, 2;
    %jmp/1 T_3.10, 8;
T_3.9 ; End of true expr.
    %load/vec4 v0x6157dfe9bb00_0;
    %jmp/0 T_3.10, 8;
 ; End of false expr.
    %blend;
T_3.10;
    %store/vec4 v0x6157dfe9ba20_0, 0, 32;
    %jmp T_3.8;
T_3.1 ;
    %load/vec4 v0x6157dfe9c7a0_0;
    %store/vec4 v0x6157dfe9ba20_0, 0, 32;
    %jmp T_3.8;
T_3.2 ;
    %pushi/vec4 0, 0, 31;
    %load/vec4 v0x6157dfe90f30_0;
    %concat/vec4; draw_concat_vec4
    %store/vec4 v0x6157dfe9ba20_0, 0, 32;
    %jmp T_3.8;
T_3.3 ;
    %pushi/vec4 0, 0, 31;
    %load/vec4 v0x6157dfe90ff0_0;
    %concat/vec4; draw_concat_vec4
    %store/vec4 v0x6157dfe9ba20_0, 0, 32;
    %jmp T_3.8;
T_3.4 ;
    %load/vec4 v0x6157dfe9b780_0;
    %load/vec4 v0x6157dfe9b860_0;
    %xor;
    %store/vec4 v0x6157dfe9ba20_0, 0, 32;
    %jmp T_3.8;
T_3.5 ;
    %load/vec4 v0x6157dfe9d600_0;
    %store/vec4 v0x6157dfe9ba20_0, 0, 32;
    %jmp T_3.8;
T_3.6 ;
    %load/vec4 v0x6157dfe9b780_0;
    %load/vec4 v0x6157dfe9b860_0;
    %or;
    %store/vec4 v0x6157dfe9ba20_0, 0, 32;
    %jmp T_3.8;
T_3.7 ;
    %load/vec4 v0x6157dfe9b780_0;
    %load/vec4 v0x6157dfe9b860_0;
    %and;
    %store/vec4 v0x6157dfe9ba20_0, 0, 32;
    %jmp T_3.8;
T_3.8 ;
    %pop/vec4 1;
    %jmp T_3;
    .thread T_3, $push;
    .scope S_0x6157dfe40f70;
T_4 ;
    %wait E_0x6157dfde99c0;
    %load/vec4 v0x6157dfe9bca0_0;
    %dup/vec4;
    %pushi/vec4 0, 0, 3;
    %cmp/u;
    %jmp/1 T_4.0, 6;
    %dup/vec4;
    %pushi/vec4 1, 0, 3;
    %cmp/u;
    %jmp/1 T_4.1, 6;
    %dup/vec4;
    %pushi/vec4 4, 0, 3;
    %cmp/u;
    %jmp/1 T_4.2, 6;
    %dup/vec4;
    %pushi/vec4 5, 0, 3;
    %cmp/u;
    %jmp/1 T_4.3, 6;
    %dup/vec4;
    %pushi/vec4 6, 0, 3;
    %cmp/u;
    %jmp/1 T_4.4, 6;
    %dup/vec4;
    %pushi/vec4 7, 0, 3;
    %cmp/u;
    %jmp/1 T_4.5, 6;
    %pushi/vec4 0, 0, 1;
    %store/vec4 v0x6157dfe9d8a0_0, 0, 1;
    %jmp T_4.7;
T_4.0 ;
    %load/vec4 v0x6157dfe7add0_0;
    %store/vec4 v0x6157dfe9d8a0_0, 0, 1;
    %jmp T_4.7;
T_4.1 ;
    %load/vec4 v0x6157dfe7add0_0;
    %nor/r;
    %store/vec4 v0x6157dfe9d8a0_0, 0, 1;
    %jmp T_4.7;
T_4.2 ;
    %load/vec4 v0x6157dfe90f30_0;
    %store/vec4 v0x6157dfe9d8a0_0, 0, 1;
    %jmp T_4.7;
T_4.3 ;
    %load/vec4 v0x6157dfe90f30_0;
    %nor/r;
    %store/vec4 v0x6157dfe9d8a0_0, 0, 1;
    %jmp T_4.7;
T_4.4 ;
    %load/vec4 v0x6157dfe90ff0_0;
    %store/vec4 v0x6157dfe9d8a0_0, 0, 1;
    %jmp T_4.7;
T_4.5 ;
    %load/vec4 v0x6157dfe90ff0_0;
    %nor/r;
    %store/vec4 v0x6157dfe9d8a0_0, 0, 1;
    %jmp T_4.7;
T_4.7 ;
    %pop/vec4 1;
    %jmp T_4;
    .thread T_4, $push;
    .scope S_0x6157dfe40f70;
T_5 ;
    %wait E_0x6157dfde9760;
    %load/vec4 v0x6157dfe9d0e0_0;
    %nor/r;
    %flag_set/vec4 8;
    %jmp/0xz  T_5.0, 8;
    %pushi/vec4 0, 0, 32;
    %assign/vec4 v0x6157dfe910b0_0, 0;
    %pushi/vec4 0, 0, 3;
    %assign/vec4 v0x6157dfe9d7c0_0, 0;
    %jmp T_5.1;
T_5.0 ;
    %load/vec4 v0x6157dfe9da40_0;
    %load/vec4 v0x6157dfe9d000_0;
    %pad/u 32;
    %pushi/vec4 0, 0, 32;
    %cmp/ne;
    %flag_get/vec4 4;
    %and;
    %flag_set/vec4 8;
    %jmp/0xz  T_5.2, 8;
    %load/vec4 v0x6157dfe9d960_0;
    %load/vec4 v0x6157dfe9d000_0;
    %pad/u 7;
    %ix/vec4 3;
    %ix/load 4, 0, 0; Constant delay
    %assign/vec4/a/d v0x6157dfe91350, 0, 4;
T_5.2 ;
    %load/vec4 v0x6157dfe9d7c0_0;
    %dup/vec4;
    %pushi/vec4 0, 0, 3;
    %cmp/u;
    %jmp/1 T_5.4, 6;
    %dup/vec4;
    %pushi/vec4 1, 0, 3;
    %cmp/u;
    %jmp/1 T_5.5, 6;
    %dup/vec4;
    %pushi/vec4 2, 0, 3;
    %cmp/u;
    %jmp/1 T_5.6, 6;
    %dup/vec4;
    %pushi/vec4 3, 0, 3;
    %cmp/u;
    %jmp/1 T_5.7, 6;
    %dup/vec4;
    %pushi/vec4 4, 0, 3;
    %cmp/u;
    %jmp/1 T_5.8, 6;
    %dup/vec4;
    %pushi/vec4 5, 0, 3;
    %cmp/u;
    %jmp/1 T_5.9, 6;
    %dup/vec4;
    %pushi/vec4 6, 0, 3;
    %cmp/u;
    %jmp/1 T_5.10, 6;
    %jmp T_5.11;
T_5.4 ;
    %pushi/vec4 1, 0, 3;
    %assign/vec4 v0x6157dfe9d7c0_0, 0;
    %jmp T_5.11;
T_5.5 ;
    %load/vec4 v0x6157dfe9cbc0_0;
    %assign/vec4 v0x6157dfe9bf40_0, 0;
    %pushi/vec4 2, 0, 3;
    %assign/vec4 v0x6157dfe9d7c0_0, 0;
    %jmp T_5.11;
T_5.6 ;
    %load/vec4 v0x6157dfe9d280_0;
    %pad/u 7;
    %ix/vec4 4;
    %load/vec4a v0x6157dfe91350, 4;
    %assign/vec4 v0x6157dfe9d1a0_0, 0;
    %load/vec4 v0x6157dfe9d440_0;
    %pad/u 7;
    %ix/vec4 4;
    %load/vec4a v0x6157dfe91350, 4;
    %assign/vec4 v0x6157dfe9d360_0, 0;
    %pushi/vec4 3, 0, 3;
    %assign/vec4 v0x6157dfe9d7c0_0, 0;
    %jmp T_5.11;
T_5.7 ;
    %load/vec4 v0x6157dfe9c620_0;
    %nor/r;
    %flag_set/vec4 8;
    %jmp/0xz  T_5.12, 8;
    %load/vec4 v0x6157dfe9cf20_0;
    %assign/vec4 v0x6157dfe910b0_0, 0;
T_5.12 ;
    %load/vec4 v0x6157dfe9c560_0;
    %flag_set/vec4 8;
    %jmp/0 T_5.14, 8;
    %pushi/vec4 4, 0, 32;
    %jmp/1 T_5.15, 8;
T_5.14 ; End of true expr.
    %load/vec4 v0x6157dfe9c6e0_0;
    %flag_set/vec4 9;
    %jmp/0 T_5.16, 9;
    %pushi/vec4 6, 0, 32;
    %jmp/1 T_5.17, 9;
T_5.16 ; End of true expr.
    %pushi/vec4 0, 0, 32;
    %jmp/0 T_5.17, 9;
 ; End of false expr.
    %blend;
T_5.17;
    %jmp/0 T_5.15, 8;
 ; End of false expr.
    %blend;
T_5.15;
    %pad/s 3;
    %assign/vec4 v0x6157dfe9d7c0_0, 0;
    %load/vec4 v0x6157dfe9c620_0;
    %flag_set/vec4 8;
    %jmp/0xz  T_5.18, 8;
    %vpi_call 3 286 "$finish" {0 0 0};
T_5.18 ;
    %jmp T_5.11;
T_5.8 ;
    %pushi/vec4 5, 0, 3;
    %assign/vec4 v0x6157dfe9d7c0_0, 0;
    %jmp T_5.11;
T_5.9 ;
    %pushi/vec4 0, 0, 3;
    %assign/vec4 v0x6157dfe9d7c0_0, 0;
    %jmp T_5.11;
T_5.10 ;
    %pushi/vec4 0, 0, 3;
    %assign/vec4 v0x6157dfe9d7c0_0, 0;
    %jmp T_5.11;
T_5.11 ;
    %pop/vec4 1;
T_5.1 ;
    %jmp T_5;
    .thread T_5;
    .scope S_0x6157dfe9e750;
T_6 ;
    %vpi_call 3 22 "$readmemh", "firmware.hex", v0x6157dfe9ea10 {0 0 0};
    %end;
    .thread T_6;
    .scope S_0x6157dfe9e750;
T_7 ;
    %wait E_0x6157dfde9760;
    %load/vec4 v0x6157dfe9ed30_0;
    %flag_set/vec4 8;
    %jmp/0xz  T_7.0, 8;
    %ix/getv 4, v0x6157dfe9efc0_0;
    %load/vec4a v0x6157dfe9ea10, 4;
    %assign/vec4 v0x6157dfe9ec90_0, 0;
T_7.0 ;
    %load/vec4 v0x6157dfe9ef00_0;
    %parti/s 1, 0, 2;
    %flag_set/vec4 8;
    %jmp/0xz  T_7.2, 8;
    %load/vec4 v0x6157dfe9ee40_0;
    %parti/s 8, 0, 2;
    %ix/getv 3, v0x6157dfe9efc0_0;
    %ix/load 4, 0, 0; Constant delay
    %assign/vec4/a/d v0x6157dfe9ea10, 0, 4;
T_7.2 ;
    %load/vec4 v0x6157dfe9ef00_0;
    %parti/s 1, 1, 2;
    %flag_set/vec4 8;
    %jmp/0xz  T_7.4, 8;
    %load/vec4 v0x6157dfe9ee40_0;
    %parti/s 8, 8, 5;
    %ix/getv 3, v0x6157dfe9efc0_0;
    %ix/load 4, 8, 0; part off
    %ix/load 5, 0, 0; Constant delay
    %assign/vec4/a/d v0x6157dfe9ea10, 4, 5;
T_7.4 ;
    %load/vec4 v0x6157dfe9ef00_0;
    %parti/s 1, 2, 3;
    %flag_set/vec4 8;
    %jmp/0xz  T_7.6, 8;
    %load/vec4 v0x6157dfe9ee40_0;
    %parti/s 8, 16, 6;
    %ix/getv 3, v0x6157dfe9efc0_0;
    %ix/load 4, 16, 0; part off
    %ix/load 5, 0, 0; Constant delay
    %assign/vec4/a/d v0x6157dfe9ea10, 4, 5;
T_7.6 ;
    %load/vec4 v0x6157dfe9ef00_0;
    %parti/s 1, 3, 3;
    %flag_set/vec4 8;
    %jmp/0xz  T_7.8, 8;
    %load/vec4 v0x6157dfe9ee40_0;
    %parti/s 8, 24, 6;
    %ix/getv 3, v0x6157dfe9efc0_0;
    %ix/load 4, 24, 0; part off
    %ix/load 5, 0, 0; Constant delay
    %assign/vec4/a/d v0x6157dfe9ea10, 4, 5;
T_7.8 ;
    %jmp T_7;
    .thread T_7;
    .scope S_0x6157dfe9f1a0;
T_8 ;
    %pushi/vec4 0, 0, 8;
    %store/vec4 v0x6157dfe9f8f0_0, 0, 8;
    %end;
    .thread T_8;
    .scope S_0x6157dfe9f1a0;
T_9 ;
    %wait E_0x6157dfde9760;
    %load/vec4 v0x6157dfe9f8f0_0;
    %parti/s 1, 7, 4;
    %load/vec4 v0x6157dfe9f9d0_0;
    %or/r;
    %nor/r;
    %and;
    %flag_set/vec4 8;
    %jmp/0xz  T_9.0, 8;
    %pushi/vec4 1, 0, 1;
    %assign/vec4 v0x6157dfe9fe00_0, 0;
    %jmp T_9.1;
T_9.0 ;
    %load/vec4 v0x6157dfe9fd40_0;
    %load/vec4 v0x6157dfe9fe00_0;
    %and;
    %flag_set/vec4 8;
    %jmp/0xz  T_9.2, 8;
    %pushi/vec4 0, 0, 1;
    %assign/vec4 v0x6157dfe9fe00_0, 0;
T_9.2 ;
T_9.1 ;
    %load/vec4 v0x6157dfe9fe00_0;
    %load/vec4 v0x6157dfe9f8f0_0;
    %parti/s 1, 7, 4;
    %or;
    %flag_set/vec4 8;
    %jmp/0xz  T_9.4, 8;
    %pushi/vec4 86, 0, 8;
    %assign/vec4 v0x6157dfe9f8f0_0, 0;
    %jmp T_9.5;
T_9.4 ;
    %load/vec4 v0x6157dfe9f8f0_0;
    %subi 1, 0, 8;
    %assign/vec4 v0x6157dfe9f8f0_0, 0;
T_9.5 ;
    %load/vec4 v0x6157dfe9f8f0_0;
    %parti/s 1, 7, 4;
    %flag_set/vec4 8;
    %jmp/0xz  T_9.6, 8;
    %pushi/vec4 0, 0, 1;
    %load/vec4 v0x6157dfe9f9d0_0;
    %parti/s 9, 1, 2;
    %concat/vec4; draw_concat_vec4
    %assign/vec4 v0x6157dfe9f9d0_0, 0;
    %jmp T_9.7;
T_9.6 ;
    %load/vec4 v0x6157dfe9fd40_0;
    %load/vec4 v0x6157dfe9fe00_0;
    %and;
    %flag_set/vec4 8;
    %jmp/0xz  T_9.8, 8;
    %pushi/vec4 1, 0, 1;
    %load/vec4 v0x6157dfe9fba0_0;
    %concat/vec4; draw_concat_vec4
    %concati/vec4 0, 0, 1;
    %assign/vec4 v0x6157dfe9f9d0_0, 0;
T_9.8 ;
T_9.7 ;
    %jmp T_9;
    .thread T_9;
    .scope S_0x6157dfe9dca0;
T_10 ;
    %pushi/vec4 0, 0, 16;
    %store/vec4 v0x6157dfe9e340_0, 0, 16;
    %end;
    .thread T_10;
    .scope S_0x6157dfe9dca0;
T_11 ;
    %wait E_0x6157dfde9510;
    %load/vec4 v0x6157dfe9e4e0_0;
    %flag_set/vec4 8;
    %jmp/0xz  T_11.0, 8;
    %pushi/vec4 0, 0, 16;
    %assign/vec4 v0x6157dfe9e340_0, 0;
    %jmp T_11.1;
T_11.0 ;
    %load/vec4 v0x6157dfe9e340_0;
    %load/vec4 v0x6157dfe9e670_0;
    %nor/r;
    %pad/u 16;
    %add;
    %assign/vec4 v0x6157dfe9e340_0, 0;
T_11.1 ;
    %jmp T_11;
    .thread T_11;
    .scope S_0x6157dfe78f70;
T_12 ;
    %wait E_0x6157dfde9760;
    %load/vec4 v0x6157dfea0e60_0;
    %load/vec4 v0x6157dfea1480_0;
    %and;
    %load/vec4 v0x6157dfea13c0_0;
    %parti/s 1, 0, 2;
    %and;
    %flag_set/vec4 8;
    %jmp/0xz  T_12.0, 8;
    %load/vec4 v0x6157dfea1230_0;
    %pad/u 5;
    %assign/vec4 v0x6157dfea0220_0, 0;
T_12.0 ;
    %jmp T_12;
    .thread T_12;
    .scope S_0x6157dfe78f70;
T_13 ;
    %wait E_0x6157dfde9760;
    %load/vec4 v0x6157dfea16d0_0;
    %flag_set/vec4 8;
    %jmp/0xz  T_13.0, 8;
    %vpi_call 3 393 "$write", "%c", &PV<v0x6157dfea1230_0, 0, 8> {0 0 0};
    %vpi_call 3 394 "$fflush", 32'b10000000000000000000000000000001 {0 0 0};
T_13.0 ;
    %jmp T_13;
    .thread T_13;
    .scope S_0x6157dfe70960;
T_14 ;
    %pushi/vec4 0, 0, 1;
    %store/vec4 v0x6157dfea1ad0_0, 0, 1;
    %pushi/vec4 0, 0, 5;
    %store/vec4 v0x6157dfea1cb0_0, 0, 5;
    %end;
    .thread T_14;
    .scope S_0x6157dfe70960;
T_15 ;
    %pushi/vec4 0, 0, 1;
    %store/vec4 v0x6157dfea1830_0, 0, 1;
T_15.0 ;
    %delay 1, 0;
    %load/vec4 v0x6157dfea1830_0;
    %inv;
    %store/vec4 v0x6157dfea1830_0, 0, 1;
    %load/vec4 v0x6157dfea18f0_0;
    %load/vec4 v0x6157dfea1cb0_0;
    %cmp/ne;
    %jmp/0xz  T_15.1, 4;
    %vpi_call 2 22 "$display", "LEDS = %b", v0x6157dfea18f0_0 {0 0 0};
T_15.1 ;
    %load/vec4 v0x6157dfea18f0_0;
    %assign/vec4 v0x6157dfea1cb0_0, 0;
    %jmp T_15.0;
    %end;
    .thread T_15;
# The file index is used to find the file name in the following table.
:file_names 7;
    "N/A";
    "<interactive>";
    "bench_iverilog.v";
    "step20.v";
    "./clockworks.v";
    "./../../RTL/PLL/femtopll.v";
    "./emitter_uart.v";
