Stack:
/home/zshuhansan/Xilinx/Vivado/2023.2/lib/lnx64.o/librdi_route.so(+0x7c2ef6) [0x71f3599c2ef6]
/home/zshuhansan/Xilinx/Vivado/2023.2/lib/lnx64.o/librdi_route.so(+0x9d3502) [0x71f359bd3502]
/home/zshuhansan/Xilinx/Vivado/2023.2/lib/lnx64.o/librdi_route.so(rt::HARTLockTmpltRouting::lockUpwardsFromNetGraphNodes(rt::dntg::NetGraph*, HSTVector<unsigned int, std::allocator<unsigned int> > const&, HSTVector<bool, std::allocator<bool> >&, HSTVector<bool, std::allocator<bool> >&)+0x2bd) [0x71f35a2193cd]
/home/zshuhansan/Xilinx/Vivado/2023.2/lib/lnx64.o/librdi_route.so(rt::HARTLockTmpltRouting::setNumContForTmpltRoutedNodes(rt::dntl::Net const&, rt::HDRTNetGuide const*)+0x4f4) [0x71f35a21ac54]
/home/zshuhansan/Xilinx/Vivado/2023.2/lib/lnx64.o/librdi_route.so(rt::HARTLockTmpltRouting::lockNet(rt::dntl::Net const&, rt::HDRTNetGuide const*)+0x3c) [0x71f35a21b15c]
/home/zshuhansan/Xilinx/Vivado/2023.2/lib/lnx64.o/librdi_route.so(rt::mod::RouteUtils::lockRestoredNetguideNets()+0x137) [0x71f35a3c9357]
/home/zshuhansan/Xilinx/Vivado/2023.2/lib/lnx64.o/librdi_route.so(rt::HARTReEntrantRoute::reEntrantRoute(rt::HARTFlowParam const&, rt::HDRTReEntrantRouteTask const&, rt::HDRTUndoInfo*)+0x10c) [0x71f35a2c5c9c]
/home/zshuhansan/Xilinx/Vivado/2023.2/lib/lnx64.o/librdi_implflow.so(HARTReEntrantFlow::routePins(rt::HARTFlowParam&, HSTVector<rt::HDRTLHInstTermInfo, std::allocator<rt::HDRTLHInstTermInfo> > const&, rt::HDRTUndoInfo*)+0x8c3) [0x71f3710a3863]
/home/zshuhansan/Xilinx/Vivado/2023.2/lib/lnx64.o/librdi_implflow.so(HARTRouteApi::routePins(unsigned int, HSTVector<rt::HDRTLHInstTermInfo, std::allocator<rt::HDRTLHInstTermInfo> > const&, rt::HDRTUndoInfo*, bool, bool)+0x94) [0x71f3710b0e14]
/home/zshuhansan/Xilinx/Vivado/2023.2/lib/lnx64.o/librdi_physynth.so(HAPSRouteMgr::route(HAPLPlaceApi&, bool, HSTPtrHashMap<HDLHInstTerm const, std::pair<int, int> > const&)+0x3405) [0x71f35b6eb1c5]
/home/zshuhansan/Xilinx/Vivado/2023.2/lib/lnx64.o/librdi_physynth.so(HAPSPinSwap::optimByPinArrival(HDLHNet const*, unsigned int&, HDLHElement const*, int)+0x2b43) [0x71f35bacedf3]
/home/zshuhansan/Xilinx/Vivado/2023.2/lib/lnx64.o/librdi_physynth.so(HAPSPinSwap::optimizeSingleNet(HAPSNet*, HDLHElement const*&, bool*)+0xbc) [0x71f35bad140c]
/home/zshuhansan/Xilinx/Vivado/2023.2/lib/lnx64.o/librdi_physynth.so(HAPSFlow::performOptsOnOneNet(HAPSTimingPath&, HDLHNet*, HDLHElement const*&, std::__cxx11::basic_string<char, std::char_traits<char>, std::allocator<char> > const&)+0x709) [0x71f35b944899]
/home/zshuhansan/Xilinx/Vivado/2023.2/lib/lnx64.o/librdi_physynth.so(HAPSFlow::callPathBasedOpts(int)+0x1e1d) [0x71f35b94bdfd]
/home/zshuhansan/Xilinx/Vivado/2023.2/lib/lnx64.o/librdi_physynth.so(HAPSFlow::optimize()+0x3536) [0x71f35b95d986]
/home/zshuhansan/Xilinx/Vivado/2023.2/lib/lnx64.o/librdi_vivadotasks.so(PhysOptDesignTclTask::phys_opt_design::executeClient()+0x183c) [0x71f34f9a3d2c]
/home/zshuhansan/Xilinx/Vivado/2023.2/lib/lnx64.o/librdi_vivadotasks.so(PhysOptDesignTclTask::phys_opt_design::execute_()+0x705) [0x71f34f9a4755]
/home/zshuhansan/Xilinx/Vivado/2023.2/lib/lnx64.o/librdi_vivadotasks.so(PhysOptDesignTclTask::phys_opt_design::execute()+0xb6) [0x71f34f9a55d6]
/home/zshuhansan/Xilinx/Vivado/2023.2/lib/lnx64.o/librdi_common.so(+0xd7d9bf) [0x71f38d57d9bf]
/home/zshuhansan/Xilinx/Vivado/2023.2/lib/lnx64.o/libtcl8.5.so(+0x3356f) [0x71f38783356f]
/home/zshuhansan/Xilinx/Vivado/2023.2/lib/lnx64.o/libtcl8.5.so(+0x34bf8) [0x71f387834bf8]
/home/zshuhansan/Xilinx/Vivado/2023.2/lib/lnx64.o/libtcl8.5.so(Tcl_EvalEx+0x13) [0x71f387835163]
/home/zshuhansan/Xilinx/Vivado/2023.2/lib/lnx64.o/libtcl8.5.so(Tcl_FSEvalFileEx+0x1da) [0x71f387899d2a]
/home/zshuhansan/Xilinx/Vivado/2023.2/lib/lnx64.o/librdi_commontasks.so(+0x27e220) [0x71f38007e220]
/home/zshuhansan/Xilinx/Vivado/2023.2/lib/lnx64.o/librdi_common.so(+0xd7d9bf) [0x71f38d57d9bf]
/home/zshuhansan/Xilinx/Vivado/2023.2/lib/lnx64.o/libtcl8.5.so(+0x3356f) [0x71f38783356f]
/home/zshuhansan/Xilinx/Vivado/2023.2/lib/lnx64.o/libtcl8.5.so(Tcl_EvalObjv+0x32) [0x71f3878336a2]
/home/zshuhansan/Xilinx/Vivado/2023.2/lib/lnx64.o/libtcl8.5.so(TclEvalObjEx+0x322) [0x71f3878354c2]
/home/zshuhansan/Xilinx/Vivado/2023.2/lib/lnx64.o/librdi_commontasks.so(+0x2c5b6d) [0x71f3800c5b6d]
/home/zshuhansan/Xilinx/Vivado/2023.2/lib/lnx64.o/librdi_commontasks.so(+0x2c717f) [0x71f3800c717f]
