#
# An unexpected error has occurred (11)
#
Stack:
/lib/x86_64-linux-gnu/libc.so.6(+0x42520) [0x71f38bc42520]
/home/zshuhansan/Xilinx/Vivado/2023.2/lib/lnx64.o/librdi_route.so(rt::HDRTDeviceData::getNextNode(rt::nodegraph::Node const&, unsigned int) const+0x142) [0x71f3598fc652]
/home/zshuhansan/Xilinx/Vivado/2023.2/lib/lnx64.o/librdi_route.so(+0x6fce28) [0x71f3598fce28]
/home/zshuhansan/Xilinx/Vivado/2023.2/lib/lnx64.o/librdi_route.so(rt::HARTLockTmpltRouting::isPathFromChildToAncestorCongested(rt::dntl::Net const&, unsigned int, unsigned int)+0x1d7) [0x71f35a218a07]
/home/zshuhansan/Xilinx/Vivado/2023.2/lib/lnx64.o/librdi_route.so(rt::HARTLockTmpltRouting::setNumContForTmpltRoutedNodes(rt::dntl::Net const&, rt::HDRTNetGuide const*)+0x651) [0x71f35a21adb1]
/home/zshuhansan/Xilinx/Vivado/2023.2/lib/lnx64.o/librdi_route.so(rt::HARTLockTmpltRouting::lockNet(rt::dntl::Net const&, rt::HDRTNetGuide const*)+0x3c) [0x71f35a21b15c]
/home/zshuhansan/Xilinx/Vivado/2023.2/lib/lnx64.o/librdi_route.so(rt::mod::RouteUtils::lockRestoredNetguideNets()+0x137) [0x71f35a3c9357]
/home/zshuhansan/Xilinx/Vivado/2023.2/lib/lnx64.o/librdi_route.so(rt::HARTReEntrantRoute::reEntrantRoute(rt::HARTFlowParam const&, rt::HDRTReEntrantRouteTask const&, rt::HDRTUndoInfo*)+0x10c) [0x71f35a2c5c9c]
/home/zshuhansan/Xilinx/Vivado/2023.2/lib/lnx64.o/librdi_implflow.so(HARTReEntrantFlow::routePins(rt::HARTFlowParam&, HSTVector<rt::HDRTLHInstTermInfo, std::allocator<rt::HDRTLHInstTermInfo> > const&, rt::HDRTUndoInfo*)+0x8c3) [0x71f3710a3863]
/home/zshuhansan/Xilinx/Vivado/2023.2/lib/lnx64.o/librdi_implflow.so(HARTRouteApi::routePins(unsigned int, HSTVector<rt::HDRTLHInstTermInfo, std::allocator<rt::HDRTLHInstTermInfo> > const&, rt::HDRTUndoInfo*, bool, bool)+0x94) [0x71f3710b0e14]
/home/zshuhansan/Xilinx/Vivado/2023.2/lib/lnx64.o/librdi_physynth.so(HAPSRouteMgr::route(HAPLPlaceApi&, bool, HSTPtrHashMap<HDLHInstTerm const, std::pair<int, int> > const&)+0x3405) [0x71f35b6eb1c5]
/home/zshuhansan/Xilinx/Vivado/2023.2/lib/lnx64.o/librdi_physynth.so(HAPSPathLenReduct::optimizeSingleNet(HAPSTimingPath&, HDLHNet*, HDLHElement const*&, bool*, bool*, HDLHNet const*)+0x3092) [0x71f35bac02f2]
/home/zshuhansan/Xilinx/Vivado/2023.2/lib/lnx64.o/librdi_physynth.so(HAPSPathLenReduct::optimizeSingleNet(HAPSTimingPath&, HAPSNet*, HDLHElement const*&, bool*)+0x3b) [0x71f35bac2b9b]
/home/zshuhansan/Xilinx/Vivado/2023.2/lib/lnx64.o/librdi_physynth.so(HAPSFlow::performOptsOnOneNet(HAPSTimingPath&, HDLHNet*, HDLHElement const*&, std::__cxx11::basic_string<char, std::char_traits<char>, std::allocator<char> > const&)+0x709) [0x71f35b944899]
/home/zshuhansan/Xilinx/Vivado/2023.2/lib/lnx64.o/librdi_physynth.so(HAPSFlow::callPathBasedOpts(int)+0x1e1d) [0x71f35b94bdfd]
/home/zshuhansan/Xilinx/Vivado/2023.2/lib/lnx64.o/librdi_physynth.so(HAPSFlow::optimize()+0x3536) [0x71f35b95d986]
/home/zshuhansan/Xilinx/Vivado/2023.2/lib/lnx64.o/librdi_vivadotasks.so(PhysOptDesignTclTask::phys_opt_design::executeClient()+0x183c) [0x71f34f9a3d2c]
/home/zshuhansan/Xilinx/Vivado/2023.2/lib/lnx64.o/librdi_vivadotasks.so(PhysOptDesignTclTask::phys_opt_design::execute_()+0x705) [0x71f34f9a4755]
/home/zshuhansan/Xilinx/Vivado/2023.2/lib/lnx64.o/librdi_vivadotasks.so(PhysOptDesignTclTask::phys_opt_design::execute()+0xb6) [0x71f34f9a55d6]
/home/zshuhansan/Xilinx/Vivado/2023.2/lib/lnx64.o/librdi_common.so(+0xd7d9bf) [0x71f38d57d9bf]
/home/zshuhansan/Xilinx/Vivado/2023.2/lib/lnx64.o/libtcl8.5.so(+0x3356f) [0x71f38783356f]
/home/zshuhansan/Xilinx/Vivado/2023.2/lib/lnx64.o/libtcl8.5.so(+0x34bf8) [0x71f387834bf8]
/home/zshuhansan/Xilinx/Vivado/2023.2/lib/lnx64.o/libtcl8.5.so(Tcl_EvalEx+0x13) [0x71f387835163]
/home/zshuhansan/Xilinx/Vivado/2023.2/lib/lnx64.o/libtcl8.5.so(Tcl_FSEvalFileEx+0x1da) [0x71f387899d2a]
/home/zshuhansan/Xilinx/Vivado/2023.2/lib/lnx64.o/librdi_commontasks.so(+0x27e220) [0x71f38007e220]
/home/zshuhansan/Xilinx/Vivado/2023.2/lib/lnx64.o/librdi_common.so(+0xd7d9bf) [0x71f38d57d9bf]
/home/zshuhansan/Xilinx/Vivado/2023.2/lib/lnx64.o/libtcl8.5.so(+0x3356f) [0x71f38783356f]
/home/zshuhansan/Xilinx/Vivado/2023.2/lib/lnx64.o/libtcl8.5.so(Tcl_EvalObjv+0x32) [0x71f3878336a2]
/home/zshuhansan/Xilinx/Vivado/2023.2/lib/lnx64.o/libtcl8.5.so(TclEvalObjEx+0x322) [0x71f3878354c2]
/home/zshuhansan/Xilinx/Vivado/2023.2/lib/lnx64.o/librdi_commontasks.so(+0x2c5b6d) [0x71f3800c5b6d]
/home/zshuhansan/Xilinx/Vivado/2023.2/lib/lnx64.o/librdi_commontasks.so(+0x2c717f) [0x71f3800c717f]
/home/zshuhansan/Xilinx/Vivado/2023.2/lib/lnx64.o/librdi_common.so(+0xd7d9bf) [0x71f38d57d9bf]
/home/zshuhansan/Xilinx/Vivado/2023.2/lib/lnx64.o/libtcl8.5.so(+0x3356f) [0x71f38783356f]
/home/zshuhansan/Xilinx/Vivado/2023.2/lib/lnx64.o/libtcl8.5.so(Tcl_EvalObjv+0x32) [0x71f3878336a2]
/home/zshuhansan/Xilinx/Vivado/2023.2/lib/lnx64.o/libtcl8.5.so(TclEvalObjEx+0x322) [0x71f3878354c2]
/home/zshuhansan/Xilinx/Vivado/2023.2/lib/lnx64.o/librdi_commonmain.so(+0xe752) [0x71f38e28f752]
/home/zshuhansan/Xilinx/Vivado/2023.2/lib/lnx64.o/libtcl8.5.so(Tcl_Main+0x1d0) [0x71f3878a02f0]
/home/zshuhansan/Xilinx/Vivado/2023.2/lib/lnx64.o/librdi_common.so(+0xda6f7b) [0x71f38d5a6f7b]
/lib/x86_64-linux-gnu/libc.so.6(+0x94ac3) [0x71f38bc94ac3]
/lib/x86_64-linux-gnu/libc.so.6(+0x1268d0) [0x71f38bd268d0]
