#-----------------------------------------------------------
# Vivado v2023.2 (64-bit)
# SW Build 4029153 on Fri Oct 13 20:13:54 MDT 2023
# IP Build 4028589 on Sat Oct 14 00:45:43 MDT 2023
# SharedData Build 4025554 on Tue Oct 10 17:18:54 MDT 2023
# Start of session at: Sat Apr 11 17:52:54 2026
# Process ID: 188430
# Current directory: /home/zshuhansan/git_project/learn_fpga/FemtoRV/TUTORIALS/FROM_BLINKER_TO_RISCV
# Command line: vivado -mode batch -source /home/zshuhansan/git_project/learn_fpga/FemtoRV/TUTORIALS/FROM_BLINKER_TO_RISCV/Soc/vivado/run_soc_zynq7020_impl.tcl
# Log file: /home/zshuhansan/git_project/learn_fpga/FemtoRV/TUTORIALS/FROM_BLINKER_TO_RISCV/vivado.log
# Journal file: /home/zshuhansan/git_project/learn_fpga/FemtoRV/TUTORIALS/FROM_BLINKER_TO_RISCV/vivado.jou
# Running On: zshuhansan-ubuntu-pc, OS: Linux, CPU Frequency: 2199.858 MHz, CPU Physical cores: 12, Host memory: 33564 MB
#-----------------------------------------------------------
source /home/zshuhansan/git_project/learn_fpga/FemtoRV/TUTORIALS/FROM_BLINKER_TO_RISCV/Soc/vivado/run_soc_zynq7020_impl.tcl
# set script_dir [file normalize [file dirname [info script]]]
# set variant_name [expr {[info exists ::env(VIVADO_VARIANT)] && $::env(VIVADO_VARIANT) ne "" ? $::env(VIVADO_VARIANT) : ""}]
# set variant_suffix [expr {$variant_name eq "" ? "" : "_$variant_name"}]
# set project_name [format "soc_zynq7020_clg400_2%s" $variant_suffix]
# set reports_dir [file normalize [file join $script_dir [format "reports_zynq7020_clg400_2%s" $variant_suffix]]]
# set synth_dcp [file normalize [file join $reports_dir [format "%s_post_synth.dcp" $project_name]]]
# set jobs [expr {[info exists ::env(VIVADO_JOBS)] ? $::env(VIVADO_JOBS) : 8}]
# set enable_post_route_physopt [expr {[info exists ::env(ENABLE_POST_ROUTE_PHYSOPT)] && $::env(ENABLE_POST_ROUTE_PHYSOPT) ne "0"}]
# if {![file exists $synth_dcp]} {
#     puts stderr "Synthesized checkpoint not found: $synth_dcp"
#     exit 1
# }
# set_param general.maxThreads $jobs
# file mkdir $reports_dir
# open_checkpoint $synth_dcp
Command: open_checkpoint /home/zshuhansan/git_project/learn_fpga/FemtoRV/TUTORIALS/FROM_BLINKER_TO_RISCV/Soc/vivado/reports_zynq7020_clg400_2_mulpipe_fanout32/soc_zynq7020_clg400_2_mulpipe_fanout32_post_synth.dcp

Starting open_checkpoint Task

Time (s): cpu = 00:00:00.02 ; elapsed = 00:00:00.03 . Memory (MB): peak = 1334.703 ; gain = 0.000 ; free physical = 13019 ; free virtual = 28529
INFO: [Device 21-403] Loading part xc7z020clg400-2
Netlist sorting complete. Time (s): cpu = 00:00:00.02 ; elapsed = 00:00:00.02 . Memory (MB): peak = 1689.227 ; gain = 0.000 ; free physical = 12689 ; free virtual = 28200
INFO: [Netlist 29-17] Analyzing 528 Unisim elements for replacement
INFO: [Netlist 29-28] Unisim Transformation completed in 0 CPU seconds
INFO: [Project 1-479] Netlist was created with Vivado 2023.2
INFO: [Project 1-570] Preparing netlist for logic optimization
Read ShapeDB Complete: Time (s): cpu = 00:00:00 ; elapsed = 00:00:00 . Memory (MB): peak = 1763.945 ; gain = 0.000 ; free physical = 12605 ; free virtual = 28116
INFO: [Timing 38-478] Restoring timing data from binary archive.
INFO: [Timing 38-479] Binary timing data restore complete.
INFO: [Project 1-856] Restoring constraints from binary archive.
INFO: [Project 1-853] Binary constraint restore complete.
Netlist sorting complete. Time (s): cpu = 00:00:00 ; elapsed = 00:00:00 . Memory (MB): peak = 2370.531 ; gain = 0.000 ; free physical = 12098 ; free virtual = 27609
INFO: [Project 1-111] Unisim Transformation Summary:
  A total of 64 instances were transformed.
  RAM128X1D => RAM128X1D (MUXF7(x2), RAMD64E(x4)): 64 instances

INFO: [Project 1-604] Checkpoint was created with Vivado v2023.2 (64-bit) build 4029153
open_checkpoint: Time (s): cpu = 00:00:16 ; elapsed = 00:00:17 . Memory (MB): peak = 2370.566 ; gain = 1035.863 ; free physical = 12098 ; free virtual = 27609
# opt_design
Command: opt_design
Attempting to get a license for feature 'Implementation' and/or device 'xc7z020'
INFO: [Common 17-349] Got license for feature 'Implementation' and/or device 'xc7z020'
Running DRC as a precondition to command opt_design

Starting DRC Task
INFO: [DRC 23-27] Running DRC with 12 threads
INFO: [Project 1-461] DRC finished with 0 Errors
INFO: [Project 1-462] Please refer to the DRC report (report_drc) for more information.

Time (s): cpu = 00:00:01 ; elapsed = 00:00:00.57 . Memory (MB): peak = 2497.297 ; gain = 119.828 ; free physical = 12080 ; free virtual = 27590

Starting Cache Timing Information Task
Ending Cache Timing Information Task | Checksum: 148a5c13e

Time (s): cpu = 00:00:00.01 ; elapsed = 00:00:00 . Memory (MB): peak = 2497.297 ; gain = 0.000 ; free physical = 12080 ; free virtual = 27590

Starting Logic Optimization Task

Phase 1 Initialization

Phase 1.1 Core Generation And Design Setup
Phase 1.1 Core Generation And Design Setup | Checksum: 148a5c13e

Time (s): cpu = 00:00:00.01 ; elapsed = 00:00:00 . Memory (MB): peak = 2718.078 ; gain = 0.000 ; free physical = 11791 ; free virtual = 27302

Phase 1.2 Setup Constraints And Sort Netlist
Phase 1.2 Setup Constraints And Sort Netlist | Checksum: 148a5c13e

Time (s): cpu = 00:00:00.01 ; elapsed = 00:00:00 . Memory (MB): peak = 2718.078 ; gain = 0.000 ; free physical = 11791 ; free virtual = 27302
Phase 1 Initialization | Checksum: 148a5c13e

Time (s): cpu = 00:00:00.01 ; elapsed = 00:00:00 . Memory (MB): peak = 2718.078 ; gain = 0.000 ; free physical = 11791 ; free virtual = 27302

Phase 2 Timer Update And Timing Data Collection

Phase 2.1 Timer Update
Phase 2.1 Timer Update | Checksum: 148a5c13e

Time (s): cpu = 00:00:00.46 ; elapsed = 00:00:00.08 . Memory (MB): peak = 2718.078 ; gain = 0.000 ; free physical = 11791 ; free virtual = 27302

Phase 2.2 Timing Data Collection
Phase 2.2 Timing Data Collection | Checksum: 148a5c13e

Time (s): cpu = 00:00:00.47 ; elapsed = 00:00:00.08 . Memory (MB): peak = 2718.078 ; gain = 0.000 ; free physical = 11791 ; free virtual = 27302
Phase 2 Timer Update And Timing Data Collection | Checksum: 148a5c13e

Time (s): cpu = 00:00:00.47 ; elapsed = 00:00:00.08 . Memory (MB): peak = 2718.078 ; gain = 0.000 ; free physical = 11791 ; free virtual = 27302

Phase 3 Retarget
INFO: [Opt 31-1566] Pulled 7 inverters resulting in an inversion of 277 pins
INFO: [Opt 31-138] Pushed 0 inverter(s) to 0 load pin(s).
INFO: [Opt 31-49] Retargeted 0 cell(s).
Phase 3 Retarget | Checksum: e9615cfd

Time (s): cpu = 00:00:00.62 ; elapsed = 00:00:00.25 . Memory (MB): peak = 2718.078 ; gain = 0.000 ; free physical = 11789 ; free virtual = 27300
Retarget | Checksum: e9615cfd
INFO: [Opt 31-389] Phase Retarget created 0 cells and removed 92 cells

Phase 4 Constant propagation
INFO: [Opt 31-138] Pushed 0 inverter(s) to 0 load pin(s).
Phase 4 Constant propagation | Checksum: 10b49be94

Time (s): cpu = 00:00:00.66 ; elapsed = 00:00:00.28 . Memory (MB): peak = 2718.078 ; gain = 0.000 ; free physical = 11801 ; free virtual = 27312
Constant propagation | Checksum: 10b49be94
INFO: [Opt 31-389] Phase Constant propagation created 0 cells and removed 0 cells

Phase 5 Sweep
Phase 5 Sweep | Checksum: 12bf263da

Time (s): cpu = 00:00:00.7 ; elapsed = 00:00:00.33 . Memory (MB): peak = 2718.078 ; gain = 0.000 ; free physical = 11802 ; free virtual = 27312
Sweep | Checksum: 12bf263da
INFO: [Opt 31-389] Phase Sweep created 0 cells and removed 0 cells

Phase 6 BUFG optimization
Phase 6 BUFG optimization | Checksum: 12bf263da

Time (s): cpu = 00:00:00.77 ; elapsed = 00:00:00.36 . Memory (MB): peak = 2718.078 ; gain = 0.000 ; free physical = 11802 ; free virtual = 27312
BUFG optimization | Checksum: 12bf263da
INFO: [Opt 31-662] Phase BUFG optimization created 0 cells of which 0 are BUFGs and removed 0 cells.

Phase 7 Shift Register Optimization
INFO: [Opt 31-1064] SRL Remap converted 0 SRLs to 0 registers and converted 0 registers of register chains to 0 SRLs
Phase 7 Shift Register Optimization | Checksum: 12bf263da

Time (s): cpu = 00:00:00.77 ; elapsed = 00:00:00.37 . Memory (MB): peak = 2718.078 ; gain = 0.000 ; free physical = 11802 ; free virtual = 27312
Shift Register Optimization | Checksum: 12bf263da
INFO: [Opt 31-389] Phase Shift Register Optimization created 0 cells and removed 0 cells

Phase 8 Post Processing Netlist
Phase 8 Post Processing Netlist | Checksum: 12bf263da

Time (s): cpu = 00:00:00.79 ; elapsed = 00:00:00.38 . Memory (MB): peak = 2718.078 ; gain = 0.000 ; free physical = 11802 ; free virtual = 27312
Post Processing Netlist | Checksum: 12bf263da
INFO: [Opt 31-389] Phase Post Processing Netlist created 0 cells and removed 0 cells

Phase 9 Finalization

Phase 9.1 Finalizing Design Cores and Updating Shapes
Phase 9.1 Finalizing Design Cores and Updating Shapes | Checksum: 14806d42d

Time (s): cpu = 00:00:00.84 ; elapsed = 00:00:00.43 . Memory (MB): peak = 2718.078 ; gain = 0.000 ; free physical = 11802 ; free virtual = 27312

Phase 9.2 Verifying Netlist Connectivity

Starting Connectivity Check Task

Time (s): cpu = 00:00:00.01 ; elapsed = 00:00:00.01 . Memory (MB): peak = 2718.078 ; gain = 0.000 ; free physical = 11801 ; free virtual = 27312
Phase 9.2 Verifying Netlist Connectivity | Checksum: 14806d42d

Time (s): cpu = 00:00:00.85 ; elapsed = 00:00:00.44 . Memory (MB): peak = 2718.078 ; gain = 0.000 ; free physical = 11801 ; free virtual = 27312
Phase 9 Finalization | Checksum: 14806d42d

Time (s): cpu = 00:00:00.85 ; elapsed = 00:00:00.44 . Memory (MB): peak = 2718.078 ; gain = 0.000 ; free physical = 11801 ; free virtual = 27312
Opt_design Change Summary
=========================


-------------------------------------------------------------------------------------------------------------------------
|  Phase                        |  #Cells created  |  #Cells Removed  |  #Constrained objects preventing optimizations  |
-------------------------------------------------------------------------------------------------------------------------
|  Retarget                     |               0  |              92  |                                              0  |
|  Constant propagation         |               0  |               0  |                                              0  |
|  Sweep                        |               0  |               0  |                                              0  |
|  BUFG optimization            |               0  |               0  |                                              0  |
|  Shift Register Optimization  |               0  |               0  |                                              0  |
|  Post Processing Netlist      |               0  |               0  |                                              0  |
-------------------------------------------------------------------------------------------------------------------------


Ending Logic Optimization Task | Checksum: 14806d42d

Time (s): cpu = 00:00:00.85 ; elapsed = 00:00:00.44 . Memory (MB): peak = 2718.078 ; gain = 0.000 ; free physical = 11801 ; free virtual = 27312
INFO: [Constraints 18-11670] Building netlist checker database with flags, 0x8
Done building netlist checker database: Time (s): cpu = 00:00:00 ; elapsed = 00:00:00 . Memory (MB): peak = 2718.078 ; gain = 0.000 ; free physical = 11801 ; free virtual = 27312

Starting Power Optimization Task
INFO: [Pwropt 34-132] Skipping clock gating for clocks with a period < 2.00 ns.
INFO: [Timing 38-35] Done setting XDC timing constraints.
Running Vector-less Activity Propagation...

Finished Running Vector-less Activity Propagation
INFO: [Pwropt 34-9] Applying IDT optimizations ...
INFO: [Pwropt 34-10] Applying ODC optimizations ...


Starting PowerOpt Patch Enables Task
INFO: [Pwropt 34-162] WRITE_MODE attribute of 0 BRAM(s) out of a total of 31 has been updated to save power. Run report_power_opt to get a complete listing of the BRAMs updated.
INFO: [Pwropt 34-201] Structural ODC has moved 16 WE to EN ports
Number of BRAM Ports augmented: 0 newly gated: 16 Total Ports: 62
Ending PowerOpt Patch Enables Task | Checksum: d7bd4c75

Time (s): cpu = 00:00:00.09 ; elapsed = 00:00:00.09 . Memory (MB): peak = 3096.094 ; gain = 0.000 ; free physical = 11666 ; free virtual = 27177
Ending Power Optimization Task | Checksum: d7bd4c75

Time (s): cpu = 00:00:05 ; elapsed = 00:00:03 . Memory (MB): peak = 3096.094 ; gain = 378.016 ; free physical = 11666 ; free virtual = 27177

Starting Final Cleanup Task
Ending Final Cleanup Task | Checksum: d7bd4c75

Time (s): cpu = 00:00:00 ; elapsed = 00:00:00 . Memory (MB): peak = 3096.094 ; gain = 0.000 ; free physical = 11666 ; free virtual = 27177

Starting Netlist Obfuscation Task
Netlist sorting complete. Time (s): cpu = 00:00:00 ; elapsed = 00:00:00 . Memory (MB): peak = 3096.094 ; gain = 0.000 ; free physical = 11666 ; free virtual = 27177
Ending Netlist Obfuscation Task | Checksum: 1204a9ec5

Time (s): cpu = 00:00:00 ; elapsed = 00:00:00 . Memory (MB): peak = 3096.094 ; gain = 0.000 ; free physical = 11666 ; free virtual = 27177
INFO: [Common 17-83] Releasing license: Implementation
23 Infos, 0 Warnings, 0 Critical Warnings and 0 Errors encountered.
opt_design completed successfully
opt_design: Time (s): cpu = 00:00:08 ; elapsed = 00:00:06 . Memory (MB): peak = 3096.094 ; gain = 725.527 ; free physical = 11666 ; free virtual = 27177
# place_design
Command: place_design
Attempting to get a license for feature 'Implementation' and/or device 'xc7z020'
INFO: [Common 17-349] Got license for feature 'Implementation' and/or device 'xc7z020'
INFO: [Common 17-83] Releasing license: Implementation
INFO: [DRC 23-27] Running DRC with 12 threads
INFO: [Vivado_Tcl 4-198] DRC finished with 0 Errors
INFO: [Vivado_Tcl 4-199] Please refer to the DRC report (report_drc) for more information.
Running DRC as a precondition to command place_design
INFO: [DRC 23-27] Running DRC with 12 threads
INFO: [Vivado_Tcl 4-198] DRC finished with 0 Errors
INFO: [Vivado_Tcl 4-199] Please refer to the DRC report (report_drc) for more information.
INFO: [Place 30-611] Multithreading enabled for place_design using a maximum of 12 CPUs

Starting Placer Task

Phase 1 Placer Initialization

Phase 1.1 Placer Initialization Netlist Sorting
Netlist sorting complete. Time (s): cpu = 00:00:00 ; elapsed = 00:00:00 . Memory (MB): peak = 3096.094 ; gain = 0.000 ; free physical = 11666 ; free virtual = 27177
Phase 1.1 Placer Initialization Netlist Sorting | Checksum: 520a1c99

Time (s): cpu = 00:00:00 ; elapsed = 00:00:00 . Memory (MB): peak = 3096.094 ; gain = 0.000 ; free physical = 11666 ; free virtual = 27177
Netlist sorting complete. Time (s): cpu = 00:00:00 ; elapsed = 00:00:00 . Memory (MB): peak = 3096.094 ; gain = 0.000 ; free physical = 11666 ; free virtual = 27177

Phase 1.2 IO Placement/ Clock Placement/ Build Placer Device
INFO: [Timing 38-35] Done setting XDC timing constraints.
Phase 1.2 IO Placement/ Clock Placement/ Build Placer Device | Checksum: 62f6e908

Time (s): cpu = 00:00:01 ; elapsed = 00:00:00.34 . Memory (MB): peak = 3096.094 ; gain = 0.000 ; free physical = 11664 ; free virtual = 27174

Phase 1.3 Build Placer Netlist Model
Phase 1.3 Build Placer Netlist Model | Checksum: 14dcd9288

Time (s): cpu = 00:00:04 ; elapsed = 00:00:01 . Memory (MB): peak = 3096.094 ; gain = 0.000 ; free physical = 11661 ; free virtual = 27172

Phase 1.4 Constrain Clocks/Macros
Phase 1.4 Constrain Clocks/Macros | Checksum: 14dcd9288

Time (s): cpu = 00:00:04 ; elapsed = 00:00:01 . Memory (MB): peak = 3096.094 ; gain = 0.000 ; free physical = 11661 ; free virtual = 27172
Phase 1 Placer Initialization | Checksum: 14dcd9288

Time (s): cpu = 00:00:04 ; elapsed = 00:00:01 . Memory (MB): peak = 3096.094 ; gain = 0.000 ; free physical = 11661 ; free virtual = 27172

Phase 2 Global Placement

Phase 2.1 Floorplanning
Phase 2.1 Floorplanning | Checksum: 65818b3a

Time (s): cpu = 00:00:05 ; elapsed = 00:00:01 . Memory (MB): peak = 3096.094 ; gain = 0.000 ; free physical = 11689 ; free virtual = 27199

Phase 2.2 Update Timing before SLR Path Opt
Phase 2.2 Update Timing before SLR Path Opt | Checksum: c5736aa4

Time (s): cpu = 00:00:06 ; elapsed = 00:00:02 . Memory (MB): peak = 3096.094 ; gain = 0.000 ; free physical = 11697 ; free virtual = 27208

Phase 2.3 Post-Processing in Floorplanning
Phase 2.3 Post-Processing in Floorplanning | Checksum: c5736aa4

Time (s): cpu = 00:00:06 ; elapsed = 00:00:02 . Memory (MB): peak = 3096.094 ; gain = 0.000 ; free physical = 11697 ; free virtual = 27208

Phase 2.4 Global Placement Core

Phase 2.4.1 UpdateTiming Before Physical Synthesis
Phase 2.4.1 UpdateTiming Before Physical Synthesis | Checksum: 1f6e09d99

Time (s): cpu = 00:00:18 ; elapsed = 00:00:05 . Memory (MB): peak = 3096.094 ; gain = 0.000 ; free physical = 11665 ; free virtual = 27176

Phase 2.4.2 Physical Synthesis In Placer
INFO: [Physopt 32-1035] Found 0 LUTNM shape to break, 217 LUT instances to create LUTNM shape
INFO: [Physopt 32-1044] Break lutnm for timing: one critical 0, two critical 0, total 0, new lutff created 0
INFO: [Physopt 32-1138] End 1 Pass. Optimized 80 nets or LUTs. Breaked 0 LUT, combined 80 existing LUTs and moved 0 existing LUT
INFO: [Physopt 32-65] No nets found for high-fanout optimization.
INFO: [Physopt 32-232] Optimized 0 net. Created 0 new instance.
INFO: [Physopt 32-775] End 1 Pass. Optimized 0 net or cell. Created 0 new cell, deleted 0 existing cell and moved 0 existing cell
INFO: [Physopt 32-456] No candidate cells for DSP register optimization found in the design.
INFO: [Physopt 32-775] End 2 Pass. Optimized 0 net or cell. Created 0 new cell, deleted 0 existing cell and moved 0 existing cell
INFO: [Physopt 32-1123] No candidate cells found for Shift Register to Pipeline optimization
INFO: [Physopt 32-775] End 2 Pass. Optimized 0 net or cell. Created 0 new cell, deleted 0 existing cell and moved 0 existing cell
INFO: [Physopt 32-1401] No candidate cells found for Shift Register optimization.
INFO: [Physopt 32-677] No candidate cells for Shift Register optimization found in the design
INFO: [Physopt 32-775] End 1 Pass. Optimized 0 net or cell. Created 0 new cell, deleted 0 existing cell and moved 0 existing cell
INFO: [Physopt 32-526] No candidate cells for BRAM register optimization found in the design
INFO: [Physopt 32-775] End 1 Pass. Optimized 0 net or cell. Created 0 new cell, deleted 0 existing cell and moved 0 existing cell
INFO: [Physopt 32-846] No candidate cells for URAM register optimization found in the design
INFO: [Physopt 32-775] End 1 Pass. Optimized 0 net or cell. Created 0 new cell, deleted 0 existing cell and moved 0 existing cell
INFO: [Physopt 32-846] No candidate cells for URAM register optimization found in the design
INFO: [Physopt 32-775] End 1 Pass. Optimized 0 net or cell. Created 0 new cell, deleted 0 existing cell and moved 0 existing cell
INFO: [Physopt 32-949] No candidate nets found for dynamic/static region interface net replication
INFO: [Physopt 32-775] End 1 Pass. Optimized 0 net or cell. Created 0 new cell, deleted 0 existing cell and moved 0 existing cell
Netlist sorting complete. Time (s): cpu = 00:00:00.01 ; elapsed = 00:00:00 . Memory (MB): peak = 3096.094 ; gain = 0.000 ; free physical = 11670 ; free virtual = 27181

Summary of Physical Synthesis Optimizations
============================================


-----------------------------------------------------------------------------------------------------------------------------------------------------------
|  Optimization                                     |  Added Cells  |  Removed Cells  |  Optimized Cells/Nets  |  Dont Touch  |  Iterations  |  Elapsed   |
-----------------------------------------------------------------------------------------------------------------------------------------------------------
|  LUT Combining                                    |            0  |             80  |                    80  |           0  |           1  |  00:00:00  |
|  Retime                                           |            0  |              0  |                     0  |           0  |           1  |  00:00:00  |
|  Very High Fanout                                 |            0  |              0  |                     0  |           0  |           1  |  00:00:00  |
|  DSP Register                                     |            0  |              0  |                     0  |           0  |           1  |  00:00:00  |
|  Shift Register to Pipeline                       |            0  |              0  |                     0  |           0  |           1  |  00:00:00  |
|  Shift Register                                   |            0  |              0  |                     0  |           0  |           1  |  00:00:00  |
|  BRAM Register                                    |            0  |              0  |                     0  |           0  |           1  |  00:00:00  |
|  URAM Register                                    |            0  |              0  |                     0  |           0  |           1  |  00:00:00  |
|  Dynamic/Static Region Interface Net Replication  |            0  |              0  |                     0  |           0  |           1  |  00:00:00  |
|  Total                                            |            0  |             80  |                    80  |           0  |           9  |  00:00:00  |
-----------------------------------------------------------------------------------------------------------------------------------------------------------


Phase 2.4.2 Physical Synthesis In Placer | Checksum: 182562d6a

Time (s): cpu = 00:00:19 ; elapsed = 00:00:05 . Memory (MB): peak = 3096.094 ; gain = 0.000 ; free physical = 11677 ; free virtual = 27188
Phase 2.4 Global Placement Core | Checksum: 16c8843d1

Time (s): cpu = 00:00:20 ; elapsed = 00:00:06 . Memory (MB): peak = 3096.094 ; gain = 0.000 ; free physical = 11676 ; free virtual = 27187
Phase 2 Global Placement | Checksum: 16c8843d1

Time (s): cpu = 00:00:20 ; elapsed = 00:00:06 . Memory (MB): peak = 3096.094 ; gain = 0.000 ; free physical = 11676 ; free virtual = 27187

Phase 3 Detail Placement

Phase 3.1 Commit Multi Column Macros
Phase 3.1 Commit Multi Column Macros | Checksum: faf07d9f

Time (s): cpu = 00:00:21 ; elapsed = 00:00:06 . Memory (MB): peak = 3096.094 ; gain = 0.000 ; free physical = 11676 ; free virtual = 27187

Phase 3.2 Commit Most Macros & LUTRAMs
Phase 3.2 Commit Most Macros & LUTRAMs | Checksum: 1776d036c

Time (s): cpu = 00:00:23 ; elapsed = 00:00:06 . Memory (MB): peak = 3096.094 ; gain = 0.000 ; free physical = 11674 ; free virtual = 27185

Phase 3.3 Area Swap Optimization
Phase 3.3 Area Swap Optimization | Checksum: f4326b61

Time (s): cpu = 00:00:23 ; elapsed = 00:00:06 . Memory (MB): peak = 3096.094 ; gain = 0.000 ; free physical = 11674 ; free virtual = 27185

Phase 3.4 Pipeline Register Optimization
Phase 3.4 Pipeline Register Optimization | Checksum: 12778cb81

Time (s): cpu = 00:00:23 ; elapsed = 00:00:06 . Memory (MB): peak = 3096.094 ; gain = 0.000 ; free physical = 11674 ; free virtual = 27185

Phase 3.5 Fast Optimization
Phase 3.5 Fast Optimization | Checksum: 141c87e8b

Time (s): cpu = 00:00:27 ; elapsed = 00:00:08 . Memory (MB): peak = 3096.094 ; gain = 0.000 ; free physical = 11691 ; free virtual = 27202

Phase 3.6 Small Shape Detail Placement
Phase 3.6 Small Shape Detail Placement | Checksum: 1dce73fe1

Time (s): cpu = 00:00:28 ; elapsed = 00:00:09 . Memory (MB): peak = 3096.094 ; gain = 0.000 ; free physical = 11683 ; free virtual = 27194

Phase 3.7 Re-assign LUT pins
Phase 3.7 Re-assign LUT pins | Checksum: 1b7e8570b

Time (s): cpu = 00:00:28 ; elapsed = 00:00:09 . Memory (MB): peak = 3096.094 ; gain = 0.000 ; free physical = 11674 ; free virtual = 27185

Phase 3.8 Pipeline Register Optimization
Phase 3.8 Pipeline Register Optimization | Checksum: 143cca8c0

Time (s): cpu = 00:00:28 ; elapsed = 00:00:09 . Memory (MB): peak = 3096.094 ; gain = 0.000 ; free physical = 11671 ; free virtual = 27182

Phase 3.9 Fast Optimization
Phase 3.9 Fast Optimization | Checksum: 1753cdc45

Time (s): cpu = 00:00:33 ; elapsed = 00:00:11 . Memory (MB): peak = 3096.094 ; gain = 0.000 ; free physical = 11682 ; free virtual = 27193
Phase 3 Detail Placement | Checksum: 1753cdc45

Time (s): cpu = 00:00:33 ; elapsed = 00:00:11 . Memory (MB): peak = 3096.094 ; gain = 0.000 ; free physical = 11677 ; free virtual = 27188

Phase 4 Post Placement Optimization and Clean-Up

Phase 4.1 Post Commit Optimization
INFO: [Timing 38-35] Done setting XDC timing constraints.

Phase 4.1.1 Post Placement Optimization
Post Placement Optimization Initialization | Checksum: 108eac932

Phase 4.1.1.1 BUFG Insertion

Starting Physical Synthesis Task

Phase 1 Physical Synthesis Initialization
INFO: [Physopt 32-721] Multithreading enabled for phys_opt_design using a maximum of 12 CPUs
INFO: [Physopt 32-619] Estimated Timing Summary | WNS=-0.664 | TNS=-59.482 |
Phase 1 Physical Synthesis Initialization | Checksum: 14f289745

Time (s): cpu = 00:00:00.91 ; elapsed = 00:00:00.23 . Memory (MB): peak = 3096.094 ; gain = 0.000 ; free physical = 11670 ; free virtual = 27181
INFO: [Place 46-56] BUFG insertion identified 0 candidate nets. Inserted BUFG: 0, Replicated BUFG Driver: 0, Skipped due to Placement/Routing Conflicts: 0, Skipped due to Timing Degradation: 0, Skipped due to netlist editing failed: 0.
Ending Physical Synthesis Task | Checksum: 14f289745

Time (s): cpu = 00:00:00.96 ; elapsed = 00:00:00.28 . Memory (MB): peak = 3096.094 ; gain = 0.000 ; free physical = 11670 ; free virtual = 27181
Phase 4.1.1.1 BUFG Insertion | Checksum: 108eac932

Time (s): cpu = 00:00:37 ; elapsed = 00:00:13 . Memory (MB): peak = 3096.094 ; gain = 0.000 ; free physical = 11670 ; free virtual = 27181

Phase 4.1.1.2 Post Placement Timing Optimization
INFO: [Place 30-746] Post Placement Timing Summary WNS=0.221. For the most accurate timing information please run report_timing.
Phase 4.1.1.2 Post Placement Timing Optimization | Checksum: 1269133fd

Time (s): cpu = 00:00:57 ; elapsed = 00:00:27 . Memory (MB): peak = 3096.094 ; gain = 0.000 ; free physical = 11666 ; free virtual = 27177

Time (s): cpu = 00:00:57 ; elapsed = 00:00:27 . Memory (MB): peak = 3096.094 ; gain = 0.000 ; free physical = 11666 ; free virtual = 27177
Phase 4.1 Post Commit Optimization | Checksum: 1269133fd

Time (s): cpu = 00:00:57 ; elapsed = 00:00:27 . Memory (MB): peak = 3096.094 ; gain = 0.000 ; free physical = 11666 ; free virtual = 27177

Phase 4.2 Post Placement Cleanup
Phase 4.2 Post Placement Cleanup | Checksum: 1269133fd

Time (s): cpu = 00:00:57 ; elapsed = 00:00:27 . Memory (MB): peak = 3096.094 ; gain = 0.000 ; free physical = 11666 ; free virtual = 27177

Phase 4.3 Placer Reporting

Phase 4.3.1 Print Estimated Congestion
INFO: [Place 30-612] Post-Placement Estimated Congestion 
 ____________________________________________________
|           | Global Congestion | Short Congestion  |
| Direction | Region Size       | Region Size       |
|___________|___________________|___________________|
|      North|                1x1|                2x2|
|___________|___________________|___________________|
|      South|                1x1|                4x4|
|___________|___________________|___________________|
|       East|                1x1|                2x2|
|___________|___________________|___________________|
|       West|                1x1|                1x1|
|___________|___________________|___________________|

Phase 4.3.1 Print Estimated Congestion | Checksum: 1269133fd

Time (s): cpu = 00:00:57 ; elapsed = 00:00:27 . Memory (MB): peak = 3096.094 ; gain = 0.000 ; free physical = 11666 ; free virtual = 27177
Phase 4.3 Placer Reporting | Checksum: 1269133fd

Time (s): cpu = 00:00:57 ; elapsed = 00:00:27 . Memory (MB): peak = 3096.094 ; gain = 0.000 ; free physical = 11666 ; free virtual = 27177

Phase 4.4 Final Placement Cleanup
Netlist sorting complete. Time (s): cpu = 00:00:00 ; elapsed = 00:00:00 . Memory (MB): peak = 3096.094 ; gain = 0.000 ; free physical = 11666 ; free virtual = 27177

Time (s): cpu = 00:00:57 ; elapsed = 00:00:27 . Memory (MB): peak = 3096.094 ; gain = 0.000 ; free physical = 11666 ; free virtual = 27177
Phase 4 Post Placement Optimization and Clean-Up | Checksum: 11d1e34cc

Time (s): cpu = 00:00:57 ; elapsed = 00:00:27 . Memory (MB): peak = 3096.094 ; gain = 0.000 ; free physical = 11666 ; free virtual = 27177
Ending Placer Task | Checksum: f178b365

Time (s): cpu = 00:00:57 ; elapsed = 00:00:27 . Memory (MB): peak = 3096.094 ; gain = 0.000 ; free physical = 11666 ; free virtual = 27177
37 Infos, 0 Warnings, 0 Critical Warnings and 0 Errors encountered.
place_design completed successfully
place_design: Time (s): cpu = 00:00:58 ; elapsed = 00:00:27 . Memory (MB): peak = 3096.094 ; gain = 0.000 ; free physical = 11666 ; free virtual = 27177
# phys_opt_design -directive AggressiveFanoutOpt
Command: phys_opt_design -directive AggressiveFanoutOpt
Attempting to get a license for feature 'Implementation' and/or device 'xc7z020'
INFO: [Common 17-349] Got license for feature 'Implementation' and/or device 'xc7z020'
INFO: [Vivado_Tcl 4-137] Directive used for phys_opt_design is: AggressiveFanoutOpt

Starting Initial Update Timing Task

Time (s): cpu = 00:00:02 ; elapsed = 00:00:00.5 . Memory (MB): peak = 3096.094 ; gain = 0.000 ; free physical = 11649 ; free virtual = 27160
INFO: [Vivado_Tcl 4-383] Design worst setup slack (WNS) is greater than or equal to 0.000 ns. Skipping all physical synthesis optimizations.
INFO: [Vivado_Tcl 4-232] No setup violation found. The netlist was not modified.
INFO: [Common 17-83] Releasing license: Implementation
5 Infos, 0 Warnings, 0 Critical Warnings and 0 Errors encountered.
phys_opt_design completed successfully
# route_design -directive Explore
Command: route_design -directive Explore
Attempting to get a license for feature 'Implementation' and/or device 'xc7z020'
INFO: [Common 17-349] Got license for feature 'Implementation' and/or device 'xc7z020'
Running DRC as a precondition to command route_design
INFO: [DRC 23-27] Running DRC with 12 threads
INFO: [Vivado_Tcl 4-198] DRC finished with 0 Errors
INFO: [Vivado_Tcl 4-199] Please refer to the DRC report (report_drc) for more information.


Starting Routing Task
INFO: [Route 35-270] Using Router directive 'Explore'.
INFO: [Route 35-254] Multithreading enabled for route_design using a maximum of 12 CPUs

Phase 1 Build RT Design
Checksum: PlaceDB: 9f6e96cc ConstDB: 0 ShapeSum: 520a1c99 RouteDB: 0
Post Restoration Checksum: NetGraph: fc56e11 | NumContArr: ddde732b | Constraints: c2a8fa9d | Timing: c2a8fa9d
Phase 1 Build RT Design | Checksum: 272f5d676

Time (s): cpu = 00:00:22 ; elapsed = 00:00:17 . Memory (MB): peak = 3147.156 ; gain = 0.000 ; free physical = 11591 ; free virtual = 27102

Phase 2 Router Initialization

Phase 2.1 Fix Topology Constraints
Phase 2.1 Fix Topology Constraints | Checksum: 272f5d676

Time (s): cpu = 00:00:22 ; elapsed = 00:00:18 . Memory (MB): peak = 3147.156 ; gain = 0.000 ; free physical = 11591 ; free virtual = 27102

Phase 2.2 Pre Route Cleanup
Phase 2.2 Pre Route Cleanup | Checksum: 272f5d676

Time (s): cpu = 00:00:22 ; elapsed = 00:00:18 . Memory (MB): peak = 3147.156 ; gain = 0.000 ; free physical = 11591 ; free virtual = 27102
 Number of Nodes with overlaps = 0

Phase 2.3 Update Timing
Phase 2.3 Update Timing | Checksum: 2406fcc4f

Time (s): cpu = 00:00:27 ; elapsed = 00:00:19 . Memory (MB): peak = 3147.156 ; gain = 0.000 ; free physical = 11620 ; free virtual = 27131
INFO: [Route 35-416] Intermediate Timing Summary | WNS=0.301  | TNS=0.000  | WHS=-0.225 | THS=-190.329|


Router Utilization Summary
  Global Vertical Routing Utilization    = 0 %
  Global Horizontal Routing Utilization  = 0 %
  Routable Net Status*
  *Does not include unroutable nets such as driverless and loadless.
  Run report_route_status for detailed report.
  Number of Failed Nets               = 4346
    (Failed Nets is the sum of unrouted and partially routed nets)
  Number of Unrouted Nets             = 4346
  Number of Partially Routed Nets     = 0
  Number of Node Overlaps             = 0

Phase 2 Router Initialization | Checksum: 2ec90446d

Time (s): cpu = 00:00:29 ; elapsed = 00:00:19 . Memory (MB): peak = 3147.156 ; gain = 0.000 ; free physical = 11612 ; free virtual = 27124

Phase 3 Initial Routing

Phase 3.1 Global Routing
Phase 3.1 Global Routing | Checksum: 2ec90446d

Time (s): cpu = 00:00:29 ; elapsed = 00:00:19 . Memory (MB): peak = 3147.156 ; gain = 0.000 ; free physical = 11612 ; free virtual = 27124

Phase 3.2 Initial Net Routing
Phase 3.2 Initial Net Routing | Checksum: 1ef4cc952

Time (s): cpu = 00:00:37 ; elapsed = 00:00:21 . Memory (MB): peak = 3181.391 ; gain = 34.234 ; free physical = 11553 ; free virtual = 27064
Phase 3 Initial Routing | Checksum: 1ef4cc952

Time (s): cpu = 00:00:37 ; elapsed = 00:00:21 . Memory (MB): peak = 3181.391 ; gain = 34.234 ; free physical = 11553 ; free virtual = 27064

Phase 4 Rip-up And Reroute

Phase 4.1 Global Iteration 0
 Number of Nodes with overlaps = 1486
 Number of Nodes with overlaps = 764
 Number of Nodes with overlaps = 434
 Number of Nodes with overlaps = 264
 Number of Nodes with overlaps = 174
 Number of Nodes with overlaps = 104
 Number of Nodes with overlaps = 65
 Number of Nodes with overlaps = 32
 Number of Nodes with overlaps = 8
 Number of Nodes with overlaps = 4
 Number of Nodes with overlaps = 2
 Number of Nodes with overlaps = 0
INFO: [Route 35-416] Intermediate Timing Summary | WNS=-0.593 | TNS=-39.779| WHS=N/A    | THS=N/A    |

Phase 4.1 Global Iteration 0 | Checksum: 1a6a137c1

Time (s): cpu = 00:01:21 ; elapsed = 00:00:41 . Memory (MB): peak = 3181.391 ; gain = 34.234 ; free physical = 11561 ; free virtual = 27072

Phase 4.2 Global Iteration 1
 Number of Nodes with overlaps = 201
 Number of Nodes with overlaps = 104
 Number of Nodes with overlaps = 114
 Number of Nodes with overlaps = 60
 Number of Nodes with overlaps = 39
 Number of Nodes with overlaps = 38
 Number of Nodes with overlaps = 30
 Number of Nodes with overlaps = 18
 Number of Nodes with overlaps = 3
 Number of Nodes with overlaps = 4
 Number of Nodes with overlaps = 2
 Number of Nodes with overlaps = 1
 Number of Nodes with overlaps = 1
 Number of Nodes with overlaps = 0
INFO: [Route 35-416] Intermediate Timing Summary | WNS=-0.511 | TNS=-38.150| WHS=N/A    | THS=N/A    |

Phase 4.2 Global Iteration 1 | Checksum: 2a8ad84e8

Time (s): cpu = 00:01:36 ; elapsed = 00:00:51 . Memory (MB): peak = 3181.391 ; gain = 34.234 ; free physical = 11546 ; free virtual = 27057

Phase 4.3 Global Iteration 2
 Number of Nodes with overlaps = 572
 Number of Nodes with overlaps = 287
 Number of Nodes with overlaps = 151
 Number of Nodes with overlaps = 75
 Number of Nodes with overlaps = 52
 Number of Nodes with overlaps = 40
 Number of Nodes with overlaps = 33
 Number of Nodes with overlaps = 10
 Number of Nodes with overlaps = 8
 Number of Nodes with overlaps = 5
 Number of Nodes with overlaps = 1
 Number of Nodes with overlaps = 0
INFO: [Route 35-416] Intermediate Timing Summary | WNS=-0.245 | TNS=-2.315 | WHS=N/A    | THS=N/A    |

Phase 4.3 Global Iteration 2 | Checksum: 26812d4ac

Time (s): cpu = 00:02:01 ; elapsed = 00:01:03 . Memory (MB): peak = 3181.391 ; gain = 34.234 ; free physical = 11558 ; free virtual = 27070

Phase 4.4 Global Iteration 3
 Number of Nodes with overlaps = 548
 Number of Nodes with overlaps = 247
 Number of Nodes with overlaps = 161
 Number of Nodes with overlaps = 77
 Number of Nodes with overlaps = 38
 Number of Nodes with overlaps = 30
 Number of Nodes with overlaps = 19
 Number of Nodes with overlaps = 14
 Number of Nodes with overlaps = 11
 Number of Nodes with overlaps = 6
 Number of Nodes with overlaps = 5
 Number of Nodes with overlaps = 3
 Number of Nodes with overlaps = 0
INFO: [Route 35-416] Intermediate Timing Summary | WNS=-0.396 | TNS=-7.368 | WHS=N/A    | THS=N/A    |

Phase 4.4 Global Iteration 3 | Checksum: 17693fa39

Time (s): cpu = 00:02:23 ; elapsed = 00:01:13 . Memory (MB): peak = 3181.391 ; gain = 34.234 ; free physical = 11554 ; free virtual = 27066
Phase 4 Rip-up And Reroute | Checksum: 17693fa39

Time (s): cpu = 00:02:23 ; elapsed = 00:01:13 . Memory (MB): peak = 3181.391 ; gain = 34.234 ; free physical = 11554 ; free virtual = 27066

Phase 5 Delay and Skew Optimization

Phase 5.1 Delay CleanUp

Phase 5.1.1 Update Timing
Phase 5.1.1 Update Timing | Checksum: 1c9eb9a39

Time (s): cpu = 00:02:24 ; elapsed = 00:01:14 . Memory (MB): peak = 3181.391 ; gain = 34.234 ; free physical = 11561 ; free virtual = 27072
INFO: [Route 35-416] Intermediate Timing Summary | WNS=-0.187 | TNS=-0.667 | WHS=N/A    | THS=N/A    |

 Number of Nodes with overlaps = 0
Phase 5.1 Delay CleanUp | Checksum: 1d9f973ad

Time (s): cpu = 00:02:25 ; elapsed = 00:01:14 . Memory (MB): peak = 3181.391 ; gain = 34.234 ; free physical = 11561 ; free virtual = 27072

Phase 5.2 Clock Skew Optimization
Phase 5.2 Clock Skew Optimization | Checksum: 1d9f973ad

Time (s): cpu = 00:02:25 ; elapsed = 00:01:14 . Memory (MB): peak = 3181.391 ; gain = 34.234 ; free physical = 11561 ; free virtual = 27072
Phase 5 Delay and Skew Optimization | Checksum: 1d9f973ad

Time (s): cpu = 00:02:25 ; elapsed = 00:01:14 . Memory (MB): peak = 3181.391 ; gain = 34.234 ; free physical = 11561 ; free virtual = 27072

Phase 6 Post Hold Fix

Phase 6.1 Hold Fix Iter

Phase 6.1.1 Update Timing
Phase 6.1.1 Update Timing | Checksum: 1f010604f

Time (s): cpu = 00:02:27 ; elapsed = 00:01:14 . Memory (MB): peak = 3181.391 ; gain = 34.234 ; free physical = 11561 ; free virtual = 27072
INFO: [Route 35-416] Intermediate Timing Summary | WNS=-0.187 | TNS=-0.641 | WHS=0.096  | THS=0.000  |

Phase 6.1 Hold Fix Iter | Checksum: 1f010604f

Time (s): cpu = 00:02:27 ; elapsed = 00:01:14 . Memory (MB): peak = 3181.391 ; gain = 34.234 ; free physical = 11561 ; free virtual = 27072
Phase 6 Post Hold Fix | Checksum: 1f010604f

Time (s): cpu = 00:02:27 ; elapsed = 00:01:14 . Memory (MB): peak = 3181.391 ; gain = 34.234 ; free physical = 11561 ; free virtual = 27072

Phase 7 Timing Verification

Phase 7.1 Update Timing
Phase 7.1 Update Timing | Checksum: 1f010604f

Time (s): cpu = 00:02:28 ; elapsed = 00:01:15 . Memory (MB): peak = 3181.391 ; gain = 34.234 ; free physical = 11560 ; free virtual = 27071
INFO: [Route 35-416] Intermediate Timing Summary | WNS=-0.187 | TNS=-0.641 | WHS=N/A    | THS=N/A    |

Phase 7 Timing Verification | Checksum: 1f010604f

Time (s): cpu = 00:02:28 ; elapsed = 00:01:15 . Memory (MB): peak = 3181.391 ; gain = 34.234 ; free physical = 11560 ; free virtual = 27071

Phase 8 Route finalize

Router Utilization Summary
  Global Vertical Routing Utilization    = 1.5903 %
  Global Horizontal Routing Utilization  = 2.16878 %
  Routable Net Status*
  *Does not include unroutable nets such as driverless and loadless.
  Run report_route_status for detailed report.
  Number of Failed Nets               = 0
    (Failed Nets is the sum of unrouted and partially routed nets)
  Number of Unrouted Nets             = 0
  Number of Partially Routed Nets     = 0
  Number of Node Overlaps             = 0


--GLOBAL Congestion:
Utilization threshold used for congestion level computation: 0.85
Congestion Report
North Dir 1x1 Area, Max Cong = 63.964%, No Congested Regions.
South Dir 1x1 Area, Max Cong = 92.7928%, Congestion bounded by tiles (Lower Left Tile -> Upper Right Tile):
   INT_R_X19Y38 -> INT_R_X19Y38
East Dir 1x1 Area, Max Cong = 94.1176%, Congestion bounded by tiles (Lower Left Tile -> Upper Right Tile):
   INT_R_X19Y38 -> INT_R_X19Y38
   INT_L_X16Y31 -> INT_L_X16Y31
West Dir 1x1 Area, Max Cong = 95.5882%, Congestion bounded by tiles (Lower Left Tile -> Upper Right Tile):
   INT_R_X19Y38 -> INT_R_X19Y38
   INT_L_X20Y38 -> INT_L_X20Y38

------------------------------
Reporting congestion hotspots
------------------------------
Direction: North
----------------
Congested clusters found at Level 0
Effective congestion level: 0 Aspect Ratio: 1 Sparse Ratio: 0
Direction: South
----------------
Congested clusters found at Level 0
Effective congestion level: 0 Aspect Ratio: 1 Sparse Ratio: 1
Direction: East
----------------
Congested clusters found at Level 0
Effective congestion level: 1 Aspect Ratio: 0.5 Sparse Ratio: 0.5
Direction: West
----------------
Congested clusters found at Level 0
Effective congestion level: 1 Aspect Ratio: 0.5 Sparse Ratio: 0.5

Phase 8 Route finalize | Checksum: 1f010604f

Time (s): cpu = 00:02:28 ; elapsed = 00:01:15 . Memory (MB): peak = 3181.391 ; gain = 34.234 ; free physical = 11560 ; free virtual = 27071

Phase 9 Verifying routed nets

 Verification completed successfully
Phase 9 Verifying routed nets | Checksum: 1f010604f

Time (s): cpu = 00:02:28 ; elapsed = 00:01:15 . Memory (MB): peak = 3181.391 ; gain = 34.234 ; free physical = 11559 ; free virtual = 27071

Phase 10 Depositing Routes
Phase 10 Depositing Routes | Checksum: 2726ebfec

Time (s): cpu = 00:02:29 ; elapsed = 00:01:15 . Memory (MB): peak = 3181.391 ; gain = 34.234 ; free physical = 11559 ; free virtual = 27071

Phase 11 Incr Placement Change
Netlist sorting complete. Time (s): cpu = 00:00:00 ; elapsed = 00:00:00 . Memory (MB): peak = 3181.391 ; gain = 0.000 ; free physical = 11559 ; free virtual = 27071
INFO: [Place 30-746] Post Placement Timing Summary WNS=0.145. For the most accurate timing information please run report_timing.
Ending IncrPlace Task | Checksum: 12d68833d

Time (s): cpu = 00:00:14 ; elapsed = 00:00:09 . Memory (MB): peak = 3181.391 ; gain = 0.000 ; free physical = 11544 ; free virtual = 27056
Phase 11 Incr Placement Change | Checksum: 12d68833d

Time (s): cpu = 00:02:43 ; elapsed = 00:01:24 . Memory (MB): peak = 3181.391 ; gain = 34.234 ; free physical = 11544 ; free virtual = 27056

Phase 12 Build RT Design
Checksum: PlaceDB: bc43f6a3 ConstDB: 0 ShapeSum: 3e9d65ae RouteDB: 328726ec
Post Restoration Checksum: NetGraph: 3e8e0641 | NumContArr: 765514e7 | Constraints: c2a8fa9d | Timing: c2a8fa9d
Phase 12 Build RT Design | Checksum: 23a351062

Time (s): cpu = 00:02:46 ; elapsed = 00:01:24 . Memory (MB): peak = 3181.391 ; gain = 34.234 ; free physical = 11544 ; free virtual = 27056

Phase 13 Router Initialization

Phase 13.1 Fix Topology Constraints
Phase 13.1 Fix Topology Constraints | Checksum: 23a351062

Time (s): cpu = 00:02:46 ; elapsed = 00:01:24 . Memory (MB): peak = 3181.391 ; gain = 34.234 ; free physical = 11544 ; free virtual = 27056

Phase 13.2 Pre Route Cleanup
Phase 13.2 Pre Route Cleanup | Checksum: 1c51cc1a4

Time (s): cpu = 00:02:46 ; elapsed = 00:01:24 . Memory (MB): peak = 3181.391 ; gain = 34.234 ; free physical = 11544 ; free virtual = 27056
 Number of Nodes with overlaps = 0

Phase 13.3 Update Timing
Phase 13.3 Update Timing | Checksum: 257d1f172

Time (s): cpu = 00:02:51 ; elapsed = 00:01:25 . Memory (MB): peak = 3181.391 ; gain = 34.234 ; free physical = 11556 ; free virtual = 27067
INFO: [Route 35-416] Intermediate Timing Summary | WNS=0.139  | TNS=0.000  | WHS=-0.225 | THS=-190.262|


Router Utilization Summary
  Global Vertical Routing Utilization    = 1.55271 %
  Global Horizontal Routing Utilization  = 2.12787 %
  Routable Net Status*
  *Does not include unroutable nets such as driverless and loadless.
  Run report_route_status for detailed report.
  Number of Failed Nets               = 307
    (Failed Nets is the sum of unrouted and partially routed nets)
  Number of Unrouted Nets             = 60
  Number of Partially Routed Nets     = 247
  Number of Node Overlaps             = 0

Phase 13 Router Initialization | Checksum: 2f65e4bcb

Time (s): cpu = 00:02:53 ; elapsed = 00:01:26 . Memory (MB): peak = 3181.391 ; gain = 34.234 ; free physical = 11556 ; free virtual = 27067

Phase 14 Initial Routing

Phase 14.1 Global Routing
Phase 14.1 Global Routing | Checksum: 2f65e4bcb

Time (s): cpu = 00:02:53 ; elapsed = 00:01:26 . Memory (MB): peak = 3181.391 ; gain = 34.234 ; free physical = 11556 ; free virtual = 27067

Phase 14.2 Initial Net Routing
Phase 14.2 Initial Net Routing | Checksum: 112b9f202

Time (s): cpu = 00:02:54 ; elapsed = 00:01:26 . Memory (MB): peak = 3181.391 ; gain = 34.234 ; free physical = 11556 ; free virtual = 27067
Phase 14 Initial Routing | Checksum: 112b9f202

Time (s): cpu = 00:02:54 ; elapsed = 00:01:26 . Memory (MB): peak = 3181.391 ; gain = 34.234 ; free physical = 11556 ; free virtual = 27067

Phase 15 Rip-up And Reroute

Phase 15.1 Global Iteration 0
 Number of Nodes with overlaps = 566
 Number of Nodes with overlaps = 292
 Number of Nodes with overlaps = 191
 Number of Nodes with overlaps = 111
 Number of Nodes with overlaps = 96
 Number of Nodes with overlaps = 43
 Number of Nodes with overlaps = 26
 Number of Nodes with overlaps = 10
 Number of Nodes with overlaps = 7
 Number of Nodes with overlaps = 4
 Number of Nodes with overlaps = 3
 Number of Nodes with overlaps = 2
 Number of Nodes with overlaps = 1
 Number of Nodes with overlaps = 0
INFO: [Route 35-416] Intermediate Timing Summary | WNS=-0.564 | TNS=-45.799| WHS=N/A    | THS=N/A    |

Phase 15.1 Global Iteration 0 | Checksum: 1a8210088

Time (s): cpu = 00:03:12 ; elapsed = 00:01:35 . Memory (MB): peak = 3181.391 ; gain = 34.234 ; free physical = 11561 ; free virtual = 27073

Phase 15.2 Global Iteration 1
 Number of Nodes with overlaps = 283
 Number of Nodes with overlaps = 211
 Number of Nodes with overlaps = 162
 Number of Nodes with overlaps = 122
 Number of Nodes with overlaps = 101
 Number of Nodes with overlaps = 50
 Number of Nodes with overlaps = 44
 Number of Nodes with overlaps = 14
 Number of Nodes with overlaps = 5
 Number of Nodes with overlaps = 3
 Number of Nodes with overlaps = 4
 Number of Nodes with overlaps = 0
INFO: [Route 35-416] Intermediate Timing Summary | WNS=-0.440 | TNS=-11.168| WHS=N/A    | THS=N/A    |

Phase 15.2 Global Iteration 1 | Checksum: 216469e35

Time (s): cpu = 00:03:31 ; elapsed = 00:01:46 . Memory (MB): peak = 3181.391 ; gain = 34.234 ; free physical = 11558 ; free virtual = 27070

Phase 15.3 Global Iteration 2
 Number of Nodes with overlaps = 252
 Number of Nodes with overlaps = 137
 Number of Nodes with overlaps = 97
 Number of Nodes with overlaps = 90
 Number of Nodes with overlaps = 71
 Number of Nodes with overlaps = 56
 Number of Nodes with overlaps = 46
 Number of Nodes with overlaps = 19
 Number of Nodes with overlaps = 7
 Number of Nodes with overlaps = 4
 Number of Nodes with overlaps = 1
 Number of Nodes with overlaps = 1
 Number of Nodes with overlaps = 1
 Number of Nodes with overlaps = 1
 Number of Nodes with overlaps = 2
 Number of Nodes with overlaps = 0
INFO: [Route 35-416] Intermediate Timing Summary | WNS=-0.263 | TNS=-5.945 | WHS=N/A    | THS=N/A    |

Phase 15.3 Global Iteration 2 | Checksum: 30d3f913d

Time (s): cpu = 00:03:54 ; elapsed = 00:01:59 . Memory (MB): peak = 3181.391 ; gain = 34.234 ; free physical = 11555 ; free virtual = 27067

Phase 15.4 Global Iteration 3
 Number of Nodes with overlaps = 228
 Number of Nodes with overlaps = 96
 Number of Nodes with overlaps = 61
 Number of Nodes with overlaps = 44
 Number of Nodes with overlaps = 32
 Number of Nodes with overlaps = 34
 Number of Nodes with overlaps = 23
 Number of Nodes with overlaps = 19
 Number of Nodes with overlaps = 11
 Number of Nodes with overlaps = 6
 Number of Nodes with overlaps = 3
 Number of Nodes with overlaps = 2
 Number of Nodes with overlaps = 2
 Number of Nodes with overlaps = 2
 Number of Nodes with overlaps = 2
 Number of Nodes with overlaps = 1
 Number of Nodes with overlaps = 0
INFO: [Route 35-416] Intermediate Timing Summary | WNS=-0.253 | TNS=-2.008 | WHS=N/A    | THS=N/A    |

Phase 15.4 Global Iteration 3 | Checksum: 1ed642155

Time (s): cpu = 00:04:08 ; elapsed = 00:02:09 . Memory (MB): peak = 3181.391 ; gain = 34.234 ; free physical = 11546 ; free virtual = 27058

Phase 15.5 Global Iteration 4
 Number of Nodes with overlaps = 343
 Number of Nodes with overlaps = 246
 Number of Nodes with overlaps = 158
 Number of Nodes with overlaps = 125
 Number of Nodes with overlaps = 79
 Number of Nodes with overlaps = 53
 Number of Nodes with overlaps = 40
 Number of Nodes with overlaps = 24
 Number of Nodes with overlaps = 18
 Number of Nodes with overlaps = 11
 Number of Nodes with overlaps = 5
 Number of Nodes with overlaps = 3
 Number of Nodes with overlaps = 3
 Number of Nodes with overlaps = 3
 Number of Nodes with overlaps = 2
 Number of Nodes with overlaps = 1
 Number of Nodes with overlaps = 0
INFO: [Route 35-416] Intermediate Timing Summary | WNS=-0.444 | TNS=-32.162| WHS=N/A    | THS=N/A    |

Phase 15.5 Global Iteration 4 | Checksum: 1e3d3ecd6

Time (s): cpu = 00:04:33 ; elapsed = 00:02:20 . Memory (MB): peak = 3181.391 ; gain = 34.234 ; free physical = 11538 ; free virtual = 27050
Phase 15 Rip-up And Reroute | Checksum: 1e3d3ecd6

Time (s): cpu = 00:04:33 ; elapsed = 00:02:20 . Memory (MB): peak = 3181.391 ; gain = 34.234 ; free physical = 11538 ; free virtual = 27050

Phase 16 Delay and Skew Optimization

Phase 16.1 Delay CleanUp

Phase 16.1.1 Update Timing
Phase 16.1.1 Update Timing | Checksum: 1b44c0c06

Time (s): cpu = 00:04:34 ; elapsed = 00:02:21 . Memory (MB): peak = 3181.391 ; gain = 34.234 ; free physical = 11538 ; free virtual = 27050
INFO: [Route 35-416] Intermediate Timing Summary | WNS=-0.253 | TNS=-1.002 | WHS=N/A    | THS=N/A    |

 Number of Nodes with overlaps = 0
Phase 16.1 Delay CleanUp | Checksum: 214e8858d

Time (s): cpu = 00:04:35 ; elapsed = 00:02:21 . Memory (MB): peak = 3181.391 ; gain = 34.234 ; free physical = 11537 ; free virtual = 27049

Phase 16.2 Clock Skew Optimization
Phase 16.2 Clock Skew Optimization | Checksum: 214e8858d

Time (s): cpu = 00:04:35 ; elapsed = 00:02:21 . Memory (MB): peak = 3181.391 ; gain = 34.234 ; free physical = 11537 ; free virtual = 27049
Phase 16 Delay and Skew Optimization | Checksum: 214e8858d

Time (s): cpu = 00:04:35 ; elapsed = 00:02:21 . Memory (MB): peak = 3181.391 ; gain = 34.234 ; free physical = 11537 ; free virtual = 27049

Phase 17 Post Hold Fix

Phase 17.1 Hold Fix Iter

Phase 17.1.1 Update Timing
Phase 17.1.1 Update Timing | Checksum: 16f19fe23

Time (s): cpu = 00:04:37 ; elapsed = 00:02:21 . Memory (MB): peak = 3181.391 ; gain = 34.234 ; free physical = 11537 ; free virtual = 27049
INFO: [Route 35-416] Intermediate Timing Summary | WNS=-0.151 | TNS=-0.585 | WHS=0.096  | THS=0.000  |

Phase 17.1 Hold Fix Iter | Checksum: 16f19fe23

Time (s): cpu = 00:04:37 ; elapsed = 00:02:21 . Memory (MB): peak = 3181.391 ; gain = 34.234 ; free physical = 11537 ; free virtual = 27049
Phase 17 Post Hold Fix | Checksum: 16f19fe23

Time (s): cpu = 00:04:37 ; elapsed = 00:02:21 . Memory (MB): peak = 3181.391 ; gain = 34.234 ; free physical = 11537 ; free virtual = 27049

Phase 18 Timing Verification

Phase 18.1 Update Timing
Phase 18.1 Update Timing | Checksum: 16f19fe23

Time (s): cpu = 00:04:38 ; elapsed = 00:02:22 . Memory (MB): peak = 3181.391 ; gain = 34.234 ; free physical = 11537 ; free virtual = 27049
INFO: [Route 35-416] Intermediate Timing Summary | WNS=-0.151 | TNS=-0.585 | WHS=N/A    | THS=N/A    |

Phase 18 Timing Verification | Checksum: 16f19fe23

Time (s): cpu = 00:04:38 ; elapsed = 00:02:22 . Memory (MB): peak = 3181.391 ; gain = 34.234 ; free physical = 11537 ; free virtual = 27049

Phase 19 Route finalize

Router Utilization Summary
  Global Vertical Routing Utilization    = 1.6065 %
  Global Horizontal Routing Utilization  = 2.18966 %
  Routable Net Status*
  *Does not include unroutable nets such as driverless and loadless.
  Run report_route_status for detailed report.
  Number of Failed Nets               = 0
    (Failed Nets is the sum of unrouted and partially routed nets)
  Number of Unrouted Nets             = 0
  Number of Partially Routed Nets     = 0
  Number of Node Overlaps             = 0


--GLOBAL Congestion:
Utilization threshold used for congestion level computation: 0.85
Congestion Report
North Dir 1x1 Area, Max Cong = 64.8649%, No Congested Regions.
South Dir 1x1 Area, Max Cong = 88.2883%, Congestion bounded by tiles (Lower Left Tile -> Upper Right Tile):
   INT_R_X19Y39 -> INT_R_X19Y39
East Dir 1x1 Area, Max Cong = 85.2941%, Congestion bounded by tiles (Lower Left Tile -> Upper Right Tile):
   INT_L_X16Y30 -> INT_L_X16Y30
West Dir 1x1 Area, Max Cong = 95.5882%, Congestion bounded by tiles (Lower Left Tile -> Upper Right Tile):
   INT_R_X19Y38 -> INT_R_X19Y38
   INT_L_X20Y38 -> INT_L_X20Y38

------------------------------
Reporting congestion hotspots
------------------------------
Direction: North
----------------
Congested clusters found at Level 0
Effective congestion level: 0 Aspect Ratio: 1 Sparse Ratio: 0
Direction: South
----------------
Congested clusters found at Level 0
Effective congestion level: 0 Aspect Ratio: 1 Sparse Ratio: 1
Direction: East
----------------
Congested clusters found at Level 0
Effective congestion level: 0 Aspect Ratio: 1 Sparse Ratio: 1
Direction: West
----------------
Congested clusters found at Level 0
Effective congestion level: 1 Aspect Ratio: 0.5 Sparse Ratio: 0.5

Phase 19 Route finalize | Checksum: 16f19fe23

Time (s): cpu = 00:04:38 ; elapsed = 00:02:22 . Memory (MB): peak = 3181.391 ; gain = 34.234 ; free physical = 11537 ; free virtual = 27049

Phase 20 Verifying routed nets

 Verification completed successfully
Phase 20 Verifying routed nets | Checksum: 16f19fe23

Time (s): cpu = 00:04:39 ; elapsed = 00:02:22 . Memory (MB): peak = 3181.391 ; gain = 34.234 ; free physical = 11537 ; free virtual = 27049

Phase 21 Depositing Routes
Phase 21 Depositing Routes | Checksum: 1bd1df58c

Time (s): cpu = 00:04:39 ; elapsed = 00:02:22 . Memory (MB): peak = 3181.391 ; gain = 34.234 ; free physical = 11538 ; free virtual = 27050

Phase 22 Post Router Timing
INFO: [Route 35-20] Post Routing Timing Summary | WNS=-0.151 | TNS=-0.577 | WHS=0.095  | THS=0.000  |

Phase 22 Post Router Timing | Checksum: 1e232cb2a

Time (s): cpu = 00:04:43 ; elapsed = 00:02:23 . Memory (MB): peak = 3181.391 ; gain = 34.234 ; free physical = 11538 ; free virtual = 27050
CRITICAL WARNING: [Route 35-39] The design did not meet timing requirements. Please run report_timing_summary for detailed reports.
Resolution: Verify that the timing was met or had small violations at all previous steps (synthesis, placement, power_opt, and phys_opt). Run report_timing_summary and analyze individual timing paths.
INFO: [Route 35-253] TNS is the sum of the worst slack violation on every endpoint in the design. Review the paths with the biggest WNS violations in the timing reports and modify your constraints or your design to improve both WNS and TNS.
INFO: [Route 35-16] Router Completed Successfully

Phase 23 Post-Route Event Processing
Phase 23 Post-Route Event Processing | Checksum: 1f5505f75

Time (s): cpu = 00:04:43 ; elapsed = 00:02:23 . Memory (MB): peak = 3181.391 ; gain = 34.234 ; free physical = 11538 ; free virtual = 27050
Ending Routing Task | Checksum: 1f5505f75

Time (s): cpu = 00:04:43 ; elapsed = 00:02:23 . Memory (MB): peak = 3181.391 ; gain = 34.234 ; free physical = 11539 ; free virtual = 27051

Routing Is Done.
INFO: [Common 17-83] Releasing license: Implementation
28 Infos, 0 Warnings, 1 Critical Warnings and 0 Errors encountered.
route_design completed successfully
route_design: Time (s): cpu = 00:04:44 ; elapsed = 00:02:24 . Memory (MB): peak = 3181.391 ; gain = 85.297 ; free physical = 11539 ; free virtual = 27051
# set post_route_physopt_status skipped
# if {$enable_post_route_physopt} {
#     phys_opt_design -directive AggressiveExplore
#     set post_route_physopt_status complete
# }
# report_timing_summary -delay_type max -max_paths 20 -input_pins -file [file join $reports_dir post_route_timing_summary.rpt]
INFO: [Timing 38-91] UpdateTimingParams: Speed grade: -2, Delay Type: max.
INFO: [Timing 38-191] Multithreading enabled for timing update using a maximum of 12 CPUs
# report_utilization -hierarchical -file [file join $reports_dir post_route_utilization_hier.rpt]
# report_utilization -file [file join $reports_dir post_route_utilization.rpt]
# report_high_fanout_nets -max_nets 50 -fanout_greater_than 16 -file [file join $reports_dir post_route_high_fanout.rpt]
report_high_fanout_nets: Time (s): cpu = 00:00:00.06 ; elapsed = 00:00:00.17 . Memory (MB): peak = 3181.391 ; gain = 0.000 ; free physical = 11509 ; free virtual = 27021
# report_clock_utilization -file [file join $reports_dir post_route_clock_utilization.rpt]
# report_route_status -file [file join $reports_dir post_route_route_status.rpt]
# report_design_analysis -congestion -file [file join $reports_dir post_route_congestion.rpt]
# report_drc -file [file join $reports_dir post_route_drc.rpt]
Command: report_drc -file /home/zshuhansan/git_project/learn_fpga/FemtoRV/TUTORIALS/FROM_BLINKER_TO_RISCV/Soc/vivado/reports_zynq7020_clg400_2_mulpipe_fanout32/post_route_drc.rpt
INFO: [IP_Flow 19-234] Refreshing IP repositories
INFO: [IP_Flow 19-1704] No user IP repositories specified
INFO: [IP_Flow 19-2313] Loaded Vivado IP repository '/home/zshuhansan/Xilinx/Vivado/2023.2/data/ip'.
INFO: [DRC 23-27] Running DRC with 12 threads
INFO: [Vivado_Tcl 2-168] The results of DRC are in file /home/zshuhansan/git_project/learn_fpga/FemtoRV/TUTORIALS/FROM_BLINKER_TO_RISCV/Soc/vivado/reports_zynq7020_clg400_2_mulpipe_fanout32/post_route_drc.rpt.
report_drc completed successfully
# write_checkpoint -force [file join $reports_dir [format "%s_post_route.dcp" $project_name]]
INFO: [Timing 38-480] Writing timing data to binary archive.
Write ShapeDB Complete: Time (s): cpu = 00:00:00.06 ; elapsed = 00:00:00.02 . Memory (MB): peak = 3279.512 ; gain = 0.000 ; free physical = 11506 ; free virtual = 27019
Wrote PlaceDB: Time (s): cpu = 00:00:00.63 ; elapsed = 00:00:00.25 . Memory (MB): peak = 3279.512 ; gain = 0.000 ; free physical = 11505 ; free virtual = 27023
Wrote PulsedLatchDB: Time (s): cpu = 00:00:00 ; elapsed = 00:00:00 . Memory (MB): peak = 3279.512 ; gain = 0.000 ; free physical = 11505 ; free virtual = 27024
Writing XDEF routing.
Writing XDEF routing logical nets.
Writing XDEF routing special nets.
Wrote RouteStorage: Time (s): cpu = 00:00:00.09 ; elapsed = 00:00:00.1 . Memory (MB): peak = 3279.512 ; gain = 0.000 ; free physical = 11505 ; free virtual = 27025
Wrote Netlist Cache: Time (s): cpu = 00:00:00 ; elapsed = 00:00:00.01 . Memory (MB): peak = 3279.512 ; gain = 0.000 ; free physical = 11505 ; free virtual = 27025
Wrote Device Cache: Time (s): cpu = 00:00:00.01 ; elapsed = 00:00:00 . Memory (MB): peak = 3279.512 ; gain = 0.000 ; free physical = 11505 ; free virtual = 27025
Write Physdb Complete: Time (s): cpu = 00:00:00.73 ; elapsed = 00:00:00.37 . Memory (MB): peak = 3279.512 ; gain = 0.000 ; free physical = 11505 ; free virtual = 27025
INFO: [Common 17-1381] The checkpoint '/home/zshuhansan/git_project/learn_fpga/FemtoRV/TUTORIALS/FROM_BLINKER_TO_RISCV/Soc/vivado/reports_zynq7020_clg400_2_mulpipe_fanout32/soc_zynq7020_clg400_2_mulpipe_fanout32_post_route.dcp' has been generated.
# set worst_setup_path [lindex [get_timing_paths -max_paths 1 -setup] 0]
# set worst_hold_path [lindex [get_timing_paths -max_paths 1 -hold] 0]
# set wns [expr {$worst_setup_path eq "" ? "" : [get_property SLACK $worst_setup_path]}]
# set whs [expr {$worst_hold_path eq "" ? "" : [get_property SLACK $worst_hold_path]}]
# puts "IMPL_STATUS=complete"
IMPL_STATUS=complete
# puts "VIVADO_JOBS=$jobs"
VIVADO_JOBS=12
# puts "VIVADO_VARIANT=$variant_name"
VIVADO_VARIANT=mulpipe_fanout32
# puts "POST_ROUTE_PHYSOPT_STATUS=$post_route_physopt_status"
POST_ROUTE_PHYSOPT_STATUS=skipped
# puts "IMPL_WNS=$wns"
IMPL_WNS=-0.151
# puts "IMPL_WHS=$whs"
IMPL_WHS=0.095
# puts "REPORT_DIR=$reports_dir"
REPORT_DIR=/home/zshuhansan/git_project/learn_fpga/FemtoRV/TUTORIALS/FROM_BLINKER_TO_RISCV/Soc/vivado/reports_zynq7020_clg400_2_mulpipe_fanout32
# close_design
# exit
INFO: [Common 17-206] Exiting Vivado at Sat Apr 11 17:56:15 2026...
