
*** Running vivado
    with args -log Soc.vdi -applog -m64 -product Vivado -messageDb vivado.pb -mode batch -source Soc.tcl -notrace


****** Vivado v2023.2 (64-bit)
  **** SW Build 4029153 on Fri Oct 13 20:13:54 MDT 2023
  **** IP Build 4028589 on Sat Oct 14 00:45:43 MDT 2023
  **** SharedData Build 4025554 on Tue Oct 10 17:18:54 MDT 2023
    ** Copyright 1986-2022 Xilinx, Inc. All Rights Reserved.
    ** Copyright 2022-2023 Advanced Micro Devices, Inc. All Rights Reserved.

source Soc.tcl -notrace
create_project: Time (s): cpu = 00:00:06 ; elapsed = 00:00:06 . Memory (MB): peak = 1333.832 ; gain = 0.023 ; free physical = 13148 ; free virtual = 28551
Command: link_design -top Soc -part xc7z020clg400-2
Design is defaulting to srcset: sources_1
Design is defaulting to constrset: constrs_1
INFO: [Device 21-403] Loading part xc7z020clg400-2
Netlist sorting complete. Time (s): cpu = 00:00:00.01 ; elapsed = 00:00:00.01 . Memory (MB): peak = 1689.301 ; gain = 0.000 ; free physical = 12807 ; free virtual = 28211
INFO: [Netlist 29-17] Analyzing 461 Unisim elements for replacement
INFO: [Netlist 29-28] Unisim Transformation completed in 0 CPU seconds
INFO: [Project 1-479] Netlist was created with Vivado 2023.2
INFO: [Project 1-570] Preparing netlist for logic optimization
Parsing XDC File [/home/zshuhansan/git_project/learn_fpga/FemtoRV/TUTORIALS/FROM_BLINKER_TO_RISCV/Soc/vivado/zynq7020_clg400_2_synth_only.xdc]
Finished Parsing XDC File [/home/zshuhansan/git_project/learn_fpga/FemtoRV/TUTORIALS/FROM_BLINKER_TO_RISCV/Soc/vivado/zynq7020_clg400_2_synth_only.xdc]
INFO: [Project 1-1714] 1 XPM XDC files have been applied to the design.
INFO: [Opt 31-138] Pushed 0 inverter(s) to 0 load pin(s).
Netlist sorting complete. Time (s): cpu = 00:00:00 ; elapsed = 00:00:00 . Memory (MB): peak = 2413.637 ; gain = 0.000 ; free physical = 12265 ; free virtual = 27669
INFO: [Project 1-111] Unisim Transformation Summary:
  A total of 64 instances were transformed.
  RAM128X1D => RAM128X1D (MUXF7(x2), RAMD64E(x4)): 64 instances

8 Infos, 0 Warnings, 0 Critical Warnings and 0 Errors encountered.
link_design completed successfully
link_design: Time (s): cpu = 00:00:10 ; elapsed = 00:00:10 . Memory (MB): peak = 2413.672 ; gain = 1079.840 ; free physical = 12265 ; free virtual = 27669
Command: opt_design
Attempting to get a license for feature 'Implementation' and/or device 'xc7z020'
INFO: [Common 17-349] Got license for feature 'Implementation' and/or device 'xc7z020'
Running DRC as a precondition to command opt_design

Starting DRC Task
INFO: [DRC 23-27] Running DRC with 12 threads
INFO: [Project 1-461] DRC finished with 0 Errors
INFO: [Project 1-462] Please refer to the DRC report (report_drc) for more information.

Time (s): cpu = 00:00:00.97 ; elapsed = 00:00:00.58 . Memory (MB): peak = 2509.684 ; gain = 96.012 ; free physical = 12257 ; free virtual = 27661

Starting Cache Timing Information Task
INFO: [Timing 38-35] Done setting XDC timing constraints.
Ending Cache Timing Information Task | Checksum: 19a82b541

Time (s): cpu = 00:00:00.38 ; elapsed = 00:00:00.13 . Memory (MB): peak = 2509.684 ; gain = 0.000 ; free physical = 12256 ; free virtual = 27660

Starting Logic Optimization Task

Phase 1 Initialization

Phase 1.1 Core Generation And Design Setup
Phase 1.1 Core Generation And Design Setup | Checksum: 19a82b541

Time (s): cpu = 00:00:00 ; elapsed = 00:00:00.01 . Memory (MB): peak = 2706.465 ; gain = 0.000 ; free physical = 11940 ; free virtual = 27344

Phase 1.2 Setup Constraints And Sort Netlist
Phase 1.2 Setup Constraints And Sort Netlist | Checksum: 19a82b541

Time (s): cpu = 00:00:00 ; elapsed = 00:00:00.01 . Memory (MB): peak = 2706.465 ; gain = 0.000 ; free physical = 11940 ; free virtual = 27344
Phase 1 Initialization | Checksum: 19a82b541

Time (s): cpu = 00:00:00 ; elapsed = 00:00:00.01 . Memory (MB): peak = 2706.465 ; gain = 0.000 ; free physical = 11940 ; free virtual = 27344

Phase 2 Timer Update And Timing Data Collection

Phase 2.1 Timer Update
Phase 2.1 Timer Update | Checksum: 19a82b541

Time (s): cpu = 00:00:00.38 ; elapsed = 00:00:00.07 . Memory (MB): peak = 2706.465 ; gain = 0.000 ; free physical = 11939 ; free virtual = 27344

Phase 2.2 Timing Data Collection
Phase 2.2 Timing Data Collection | Checksum: 19a82b541

Time (s): cpu = 00:00:00.39 ; elapsed = 00:00:00.07 . Memory (MB): peak = 2706.465 ; gain = 0.000 ; free physical = 11939 ; free virtual = 27344
Phase 2 Timer Update And Timing Data Collection | Checksum: 19a82b541

Time (s): cpu = 00:00:00.39 ; elapsed = 00:00:00.07 . Memory (MB): peak = 2706.465 ; gain = 0.000 ; free physical = 11939 ; free virtual = 27344

Phase 3 Retarget
INFO: [Opt 31-1566] Pulled 6 inverters resulting in an inversion of 238 pins
INFO: [Opt 31-138] Pushed 0 inverter(s) to 0 load pin(s).
INFO: [Opt 31-49] Retargeted 0 cell(s).
Phase 3 Retarget | Checksum: f26c84c4

Time (s): cpu = 00:00:00.44 ; elapsed = 00:00:00.13 . Memory (MB): peak = 2706.465 ; gain = 0.000 ; free physical = 11939 ; free virtual = 27344
Retarget | Checksum: f26c84c4
INFO: [Opt 31-389] Phase Retarget created 0 cells and removed 6 cells

Phase 4 Constant propagation
INFO: [Opt 31-138] Pushed 0 inverter(s) to 0 load pin(s).
Phase 4 Constant propagation | Checksum: 164cf1898

Time (s): cpu = 00:00:00.47 ; elapsed = 00:00:00.16 . Memory (MB): peak = 2706.465 ; gain = 0.000 ; free physical = 11939 ; free virtual = 27344
Constant propagation | Checksum: 164cf1898
INFO: [Opt 31-389] Phase Constant propagation created 0 cells and removed 0 cells

Phase 5 Sweep
Phase 5 Sweep | Checksum: 1402a2545

Time (s): cpu = 00:00:00.5 ; elapsed = 00:00:00.19 . Memory (MB): peak = 2706.465 ; gain = 0.000 ; free physical = 11939 ; free virtual = 27344
Sweep | Checksum: 1402a2545
INFO: [Opt 31-389] Phase Sweep created 0 cells and removed 0 cells

Phase 6 BUFG optimization
Phase 6 BUFG optimization | Checksum: 1402a2545

Time (s): cpu = 00:00:00.56 ; elapsed = 00:00:00.21 . Memory (MB): peak = 2706.465 ; gain = 0.000 ; free physical = 11939 ; free virtual = 27344
BUFG optimization | Checksum: 1402a2545
INFO: [Opt 31-662] Phase BUFG optimization created 0 cells of which 0 are BUFGs and removed 0 cells.

Phase 7 Shift Register Optimization
INFO: [Opt 31-1064] SRL Remap converted 0 SRLs to 0 registers and converted 0 registers of register chains to 0 SRLs
Phase 7 Shift Register Optimization | Checksum: 1402a2545

Time (s): cpu = 00:00:00.56 ; elapsed = 00:00:00.22 . Memory (MB): peak = 2706.465 ; gain = 0.000 ; free physical = 11939 ; free virtual = 27344
Shift Register Optimization | Checksum: 1402a2545
INFO: [Opt 31-389] Phase Shift Register Optimization created 0 cells and removed 0 cells

Phase 8 Post Processing Netlist
Phase 8 Post Processing Netlist | Checksum: 1402a2545

Time (s): cpu = 00:00:00.57 ; elapsed = 00:00:00.23 . Memory (MB): peak = 2706.465 ; gain = 0.000 ; free physical = 11939 ; free virtual = 27344
Post Processing Netlist | Checksum: 1402a2545
INFO: [Opt 31-389] Phase Post Processing Netlist created 0 cells and removed 0 cells

Phase 9 Finalization

Phase 9.1 Finalizing Design Cores and Updating Shapes
Phase 9.1 Finalizing Design Cores and Updating Shapes | Checksum: 4a37d79c

Time (s): cpu = 00:00:00.61 ; elapsed = 00:00:00.26 . Memory (MB): peak = 2706.465 ; gain = 0.000 ; free physical = 11939 ; free virtual = 27344

Phase 9.2 Verifying Netlist Connectivity

Starting Connectivity Check Task

Time (s): cpu = 00:00:00 ; elapsed = 00:00:00 . Memory (MB): peak = 2706.465 ; gain = 0.000 ; free physical = 11939 ; free virtual = 27344
Phase 9.2 Verifying Netlist Connectivity | Checksum: 4a37d79c

Time (s): cpu = 00:00:00.61 ; elapsed = 00:00:00.26 . Memory (MB): peak = 2706.465 ; gain = 0.000 ; free physical = 11939 ; free virtual = 27344
Phase 9 Finalization | Checksum: 4a37d79c

Time (s): cpu = 00:00:00.61 ; elapsed = 00:00:00.27 . Memory (MB): peak = 2706.465 ; gain = 0.000 ; free physical = 11939 ; free virtual = 27344
Opt_design Change Summary
=========================


-------------------------------------------------------------------------------------------------------------------------
|  Phase                        |  #Cells created  |  #Cells Removed  |  #Constrained objects preventing optimizations  |
-------------------------------------------------------------------------------------------------------------------------
|  Retarget                     |               0  |               6  |                                              0  |
|  Constant propagation         |               0  |               0  |                                              0  |
|  Sweep                        |               0  |               0  |                                              0  |
|  BUFG optimization            |               0  |               0  |                                              0  |
|  Shift Register Optimization  |               0  |               0  |                                              0  |
|  Post Processing Netlist      |               0  |               0  |                                              0  |
-------------------------------------------------------------------------------------------------------------------------


Ending Logic Optimization Task | Checksum: 4a37d79c

Time (s): cpu = 00:00:00.61 ; elapsed = 00:00:00.27 . Memory (MB): peak = 2706.465 ; gain = 0.000 ; free physical = 11939 ; free virtual = 27344
INFO: [Constraints 18-11670] Building netlist checker database with flags, 0x8
Done building netlist checker database: Time (s): cpu = 00:00:00 ; elapsed = 00:00:00 . Memory (MB): peak = 2706.465 ; gain = 0.000 ; free physical = 11939 ; free virtual = 27344

Starting Power Optimization Task
INFO: [Pwropt 34-132] Skipping clock gating for clocks with a period < 2.00 ns.
INFO: [Timing 38-35] Done setting XDC timing constraints.
Running Vector-less Activity Propagation...

Finished Running Vector-less Activity Propagation
INFO: [Pwropt 34-9] Applying IDT optimizations ...
INFO: [Pwropt 34-10] Applying ODC optimizations ...


Starting PowerOpt Patch Enables Task
INFO: [Pwropt 34-162] WRITE_MODE attribute of 0 BRAM(s) out of a total of 31 has been updated to save power. Run report_power_opt to get a complete listing of the BRAMs updated.
INFO: [Pwropt 34-201] Structural ODC has moved 16 WE to EN ports
Number of BRAM Ports augmented: 0 newly gated: 16 Total Ports: 62
Ending PowerOpt Patch Enables Task | Checksum: 7a794f64

Time (s): cpu = 00:00:00.09 ; elapsed = 00:00:00.09 . Memory (MB): peak = 3116.527 ; gain = 0.000 ; free physical = 11770 ; free virtual = 27174
Ending Power Optimization Task | Checksum: 7a794f64

Time (s): cpu = 00:00:04 ; elapsed = 00:00:03 . Memory (MB): peak = 3116.527 ; gain = 410.062 ; free physical = 11770 ; free virtual = 27174

Starting Final Cleanup Task
Ending Final Cleanup Task | Checksum: 7a794f64

Time (s): cpu = 00:00:00.01 ; elapsed = 00:00:00 . Memory (MB): peak = 3116.527 ; gain = 0.000 ; free physical = 11770 ; free virtual = 27174

Starting Netlist Obfuscation Task
Netlist sorting complete. Time (s): cpu = 00:00:00 ; elapsed = 00:00:00 . Memory (MB): peak = 3116.527 ; gain = 0.000 ; free physical = 11770 ; free virtual = 27174
Ending Netlist Obfuscation Task | Checksum: 43cbaaf4

Time (s): cpu = 00:00:00 ; elapsed = 00:00:00 . Memory (MB): peak = 3116.527 ; gain = 0.000 ; free physical = 11770 ; free virtual = 27174
INFO: [Common 17-83] Releasing license: Implementation
32 Infos, 0 Warnings, 0 Critical Warnings and 0 Errors encountered.
opt_design completed successfully
opt_design: Time (s): cpu = 00:00:08 ; elapsed = 00:00:06 . Memory (MB): peak = 3116.527 ; gain = 702.855 ; free physical = 11770 ; free virtual = 27174
INFO: [runtcl-4] Executing : report_drc -file Soc_drc_opted.rpt -pb Soc_drc_opted.pb -rpx Soc_drc_opted.rpx
Command: report_drc -file Soc_drc_opted.rpt -pb Soc_drc_opted.pb -rpx Soc_drc_opted.rpx
INFO: [IP_Flow 19-234] Refreshing IP repositories
INFO: [IP_Flow 19-1704] No user IP repositories specified
INFO: [IP_Flow 19-2313] Loaded Vivado IP repository '/home/zshuhansan/Xilinx/Vivado/2023.2/data/ip'.
INFO: [DRC 23-27] Running DRC with 12 threads
INFO: [Vivado_Tcl 2-168] The results of DRC are in file /home/zshuhansan/git_project/learn_fpga/FemtoRV/TUTORIALS/FROM_BLINKER_TO_RISCV/Soc/vivado/project_zynq7020_clg400_2_nom/soc_zynq7020_clg400_2_nom.runs/impl_1/Soc_drc_opted.rpt.
report_drc completed successfully
INFO: [Timing 38-480] Writing timing data to binary archive.
Write ShapeDB Complete: Time (s): cpu = 00:00:00.02 ; elapsed = 00:00:00.01 . Memory (MB): peak = 3167.590 ; gain = 0.000 ; free physical = 11748 ; free virtual = 27152
INFO: [Common 17-1381] The checkpoint '/home/zshuhansan/git_project/learn_fpga/FemtoRV/TUTORIALS/FROM_BLINKER_TO_RISCV/Soc/vivado/project_zynq7020_clg400_2_nom/soc_zynq7020_clg400_2_nom.runs/impl_1/Soc_opt.dcp' has been generated.
Command: place_design
Attempting to get a license for feature 'Implementation' and/or device 'xc7z020'
INFO: [Common 17-349] Got license for feature 'Implementation' and/or device 'xc7z020'
INFO: [Common 17-83] Releasing license: Implementation
INFO: [DRC 23-27] Running DRC with 12 threads
INFO: [Vivado_Tcl 4-198] DRC finished with 0 Errors
INFO: [Vivado_Tcl 4-199] Please refer to the DRC report (report_drc) for more information.
Running DRC as a precondition to command place_design
INFO: [DRC 23-27] Running DRC with 12 threads
INFO: [Vivado_Tcl 4-198] DRC finished with 0 Errors
INFO: [Vivado_Tcl 4-199] Please refer to the DRC report (report_drc) for more information.
INFO: [Place 30-611] Multithreading enabled for place_design using a maximum of 12 CPUs

Starting Placer Task

Phase 1 Placer Initialization

Phase 1.1 Placer Initialization Netlist Sorting
Netlist sorting complete. Time (s): cpu = 00:00:00 ; elapsed = 00:00:00.01 . Memory (MB): peak = 3199.605 ; gain = 0.000 ; free physical = 11733 ; free virtual = 27138
Phase 1.1 Placer Initialization Netlist Sorting | Checksum: 25206627

Time (s): cpu = 00:00:00 ; elapsed = 00:00:00.01 . Memory (MB): peak = 3199.605 ; gain = 0.000 ; free physical = 11733 ; free virtual = 27138
Netlist sorting complete. Time (s): cpu = 00:00:00 ; elapsed = 00:00:00 . Memory (MB): peak = 3199.605 ; gain = 0.000 ; free physical = 11733 ; free virtual = 27138

Phase 1.2 IO Placement/ Clock Placement/ Build Placer Device
INFO: [Timing 38-35] Done setting XDC timing constraints.
Phase 1.2 IO Placement/ Clock Placement/ Build Placer Device | Checksum: 0db198bf

Time (s): cpu = 00:00:01 ; elapsed = 00:00:00.33 . Memory (MB): peak = 3199.605 ; gain = 0.000 ; free physical = 11729 ; free virtual = 27134

Phase 1.3 Build Placer Netlist Model
Phase 1.3 Build Placer Netlist Model | Checksum: 27ad3552

Time (s): cpu = 00:00:03 ; elapsed = 00:00:01 . Memory (MB): peak = 3199.605 ; gain = 0.000 ; free physical = 11728 ; free virtual = 27133

Phase 1.4 Constrain Clocks/Macros
Phase 1.4 Constrain Clocks/Macros | Checksum: 27ad3552

Time (s): cpu = 00:00:03 ; elapsed = 00:00:01 . Memory (MB): peak = 3199.605 ; gain = 0.000 ; free physical = 11728 ; free virtual = 27133
Phase 1 Placer Initialization | Checksum: 27ad3552

Time (s): cpu = 00:00:03 ; elapsed = 00:00:01 . Memory (MB): peak = 3199.605 ; gain = 0.000 ; free physical = 11728 ; free virtual = 27133

Phase 2 Global Placement

Phase 2.1 Floorplanning
Phase 2.1 Floorplanning | Checksum: c6900a85

Time (s): cpu = 00:00:04 ; elapsed = 00:00:01 . Memory (MB): peak = 3199.605 ; gain = 0.000 ; free physical = 11799 ; free virtual = 27204

Phase 2.2 Update Timing before SLR Path Opt
Phase 2.2 Update Timing before SLR Path Opt | Checksum: 9f39b9f7

Time (s): cpu = 00:00:05 ; elapsed = 00:00:01 . Memory (MB): peak = 3199.605 ; gain = 0.000 ; free physical = 11794 ; free virtual = 27199

Phase 2.3 Post-Processing in Floorplanning
Phase 2.3 Post-Processing in Floorplanning | Checksum: 9f39b9f7

Time (s): cpu = 00:00:05 ; elapsed = 00:00:01 . Memory (MB): peak = 3199.605 ; gain = 0.000 ; free physical = 11794 ; free virtual = 27199

Phase 2.4 Global Placement Core

Phase 2.4.1 UpdateTiming Before Physical Synthesis
Phase 2.4.1 UpdateTiming Before Physical Synthesis | Checksum: c75d67e4

Time (s): cpu = 00:00:18 ; elapsed = 00:00:05 . Memory (MB): peak = 3199.605 ; gain = 0.000 ; free physical = 11799 ; free virtual = 27204

Phase 2.4.2 Physical Synthesis In Placer
INFO: [Physopt 32-1035] Found 0 LUTNM shape to break, 214 LUT instances to create LUTNM shape
INFO: [Physopt 32-1044] Break lutnm for timing: one critical 0, two critical 0, total 0, new lutff created 0
INFO: [Physopt 32-1138] End 1 Pass. Optimized 76 nets or LUTs. Breaked 0 LUT, combined 76 existing LUTs and moved 0 existing LUT
INFO: [Physopt 32-65] No nets found for high-fanout optimization.
INFO: [Physopt 32-232] Optimized 0 net. Created 0 new instance.
INFO: [Physopt 32-775] End 1 Pass. Optimized 0 net or cell. Created 0 new cell, deleted 0 existing cell and moved 0 existing cell
INFO: [Physopt 32-456] No candidate cells for DSP register optimization found in the design.
INFO: [Physopt 32-775] End 2 Pass. Optimized 0 net or cell. Created 0 new cell, deleted 0 existing cell and moved 0 existing cell
INFO: [Physopt 32-1123] No candidate cells found for Shift Register to Pipeline optimization
INFO: [Physopt 32-775] End 2 Pass. Optimized 0 net or cell. Created 0 new cell, deleted 0 existing cell and moved 0 existing cell
INFO: [Physopt 32-1401] No candidate cells found for Shift Register optimization.
INFO: [Physopt 32-677] No candidate cells for Shift Register optimization found in the design
INFO: [Physopt 32-775] End 1 Pass. Optimized 0 net or cell. Created 0 new cell, deleted 0 existing cell and moved 0 existing cell
INFO: [Physopt 32-526] No candidate cells for BRAM register optimization found in the design
INFO: [Physopt 32-775] End 1 Pass. Optimized 0 net or cell. Created 0 new cell, deleted 0 existing cell and moved 0 existing cell
INFO: [Physopt 32-846] No candidate cells for URAM register optimization found in the design
INFO: [Physopt 32-775] End 1 Pass. Optimized 0 net or cell. Created 0 new cell, deleted 0 existing cell and moved 0 existing cell
INFO: [Physopt 32-846] No candidate cells for URAM register optimization found in the design
INFO: [Physopt 32-775] End 1 Pass. Optimized 0 net or cell. Created 0 new cell, deleted 0 existing cell and moved 0 existing cell
INFO: [Physopt 32-949] No candidate nets found for dynamic/static region interface net replication
INFO: [Physopt 32-775] End 1 Pass. Optimized 0 net or cell. Created 0 new cell, deleted 0 existing cell and moved 0 existing cell
Netlist sorting complete. Time (s): cpu = 00:00:00 ; elapsed = 00:00:00 . Memory (MB): peak = 3199.605 ; gain = 0.000 ; free physical = 11799 ; free virtual = 27204

Summary of Physical Synthesis Optimizations
============================================


-----------------------------------------------------------------------------------------------------------------------------------------------------------
|  Optimization                                     |  Added Cells  |  Removed Cells  |  Optimized Cells/Nets  |  Dont Touch  |  Iterations  |  Elapsed   |
-----------------------------------------------------------------------------------------------------------------------------------------------------------
|  LUT Combining                                    |            0  |             76  |                    76  |           0  |           1  |  00:00:00  |
|  Retime                                           |            0  |              0  |                     0  |           0  |           1  |  00:00:00  |
|  Very High Fanout                                 |            0  |              0  |                     0  |           0  |           1  |  00:00:00  |
|  DSP Register                                     |            0  |              0  |                     0  |           0  |           1  |  00:00:00  |
|  Shift Register to Pipeline                       |            0  |              0  |                     0  |           0  |           1  |  00:00:00  |
|  Shift Register                                   |            0  |              0  |                     0  |           0  |           1  |  00:00:00  |
|  BRAM Register                                    |            0  |              0  |                     0  |           0  |           1  |  00:00:00  |
|  URAM Register                                    |            0  |              0  |                     0  |           0  |           1  |  00:00:00  |
|  Dynamic/Static Region Interface Net Replication  |            0  |              0  |                     0  |           0  |           1  |  00:00:00  |
|  Total                                            |            0  |             76  |                    76  |           0  |           9  |  00:00:00  |
-----------------------------------------------------------------------------------------------------------------------------------------------------------


Phase 2.4.2 Physical Synthesis In Placer | Checksum: 9d2a5d40

Time (s): cpu = 00:00:19 ; elapsed = 00:00:06 . Memory (MB): peak = 3199.605 ; gain = 0.000 ; free physical = 11799 ; free virtual = 27204
Phase 2.4 Global Placement Core | Checksum: a28a5d72

Time (s): cpu = 00:00:20 ; elapsed = 00:00:06 . Memory (MB): peak = 3199.605 ; gain = 0.000 ; free physical = 11799 ; free virtual = 27204
Phase 2 Global Placement | Checksum: a28a5d72

Time (s): cpu = 00:00:20 ; elapsed = 00:00:06 . Memory (MB): peak = 3199.605 ; gain = 0.000 ; free physical = 11799 ; free virtual = 27204

Phase 3 Detail Placement

Phase 3.1 Commit Multi Column Macros
Phase 3.1 Commit Multi Column Macros | Checksum: 12924332d

Time (s): cpu = 00:00:21 ; elapsed = 00:00:06 . Memory (MB): peak = 3199.605 ; gain = 0.000 ; free physical = 11789 ; free virtual = 27194

Phase 3.2 Commit Most Macros & LUTRAMs
Phase 3.2 Commit Most Macros & LUTRAMs | Checksum: 195912839

Time (s): cpu = 00:00:22 ; elapsed = 00:00:06 . Memory (MB): peak = 3199.605 ; gain = 0.000 ; free physical = 11781 ; free virtual = 27186

Phase 3.3 Area Swap Optimization
Phase 3.3 Area Swap Optimization | Checksum: 1a39d7414

Time (s): cpu = 00:00:22 ; elapsed = 00:00:06 . Memory (MB): peak = 3199.605 ; gain = 0.000 ; free physical = 11781 ; free virtual = 27186

Phase 3.4 Pipeline Register Optimization
Phase 3.4 Pipeline Register Optimization | Checksum: 16d9c54cb

Time (s): cpu = 00:00:22 ; elapsed = 00:00:07 . Memory (MB): peak = 3199.605 ; gain = 0.000 ; free physical = 11781 ; free virtual = 27186

Phase 3.5 Fast Optimization
Phase 3.5 Fast Optimization | Checksum: 1dbbfadf2

Time (s): cpu = 00:00:26 ; elapsed = 00:00:08 . Memory (MB): peak = 3199.605 ; gain = 0.000 ; free physical = 11792 ; free virtual = 27197

Phase 3.6 Small Shape Detail Placement
Phase 3.6 Small Shape Detail Placement | Checksum: 130c5aaa6

Time (s): cpu = 00:00:27 ; elapsed = 00:00:10 . Memory (MB): peak = 3199.605 ; gain = 0.000 ; free physical = 11782 ; free virtual = 27187

Phase 3.7 Re-assign LUT pins
Phase 3.7 Re-assign LUT pins | Checksum: ab11d906

Time (s): cpu = 00:00:27 ; elapsed = 00:00:10 . Memory (MB): peak = 3199.605 ; gain = 0.000 ; free physical = 11782 ; free virtual = 27187

Phase 3.8 Pipeline Register Optimization
Phase 3.8 Pipeline Register Optimization | Checksum: 63243b2f

Time (s): cpu = 00:00:27 ; elapsed = 00:00:10 . Memory (MB): peak = 3199.605 ; gain = 0.000 ; free physical = 11782 ; free virtual = 27187

Phase 3.9 Fast Optimization
Phase 3.9 Fast Optimization | Checksum: 12ded17fa

Time (s): cpu = 00:00:31 ; elapsed = 00:00:11 . Memory (MB): peak = 3199.605 ; gain = 0.000 ; free physical = 11792 ; free virtual = 27197
Phase 3 Detail Placement | Checksum: 12ded17fa

Time (s): cpu = 00:00:31 ; elapsed = 00:00:11 . Memory (MB): peak = 3199.605 ; gain = 0.000 ; free physical = 11792 ; free virtual = 27197

Phase 4 Post Placement Optimization and Clean-Up

Phase 4.1 Post Commit Optimization
INFO: [Timing 38-35] Done setting XDC timing constraints.

Phase 4.1.1 Post Placement Optimization
Post Placement Optimization Initialization | Checksum: 14f7fccc7

Phase 4.1.1.1 BUFG Insertion

Starting Physical Synthesis Task

Phase 1 Physical Synthesis Initialization
INFO: [Physopt 32-721] Multithreading enabled for phys_opt_design using a maximum of 12 CPUs
INFO: [Physopt 32-619] Estimated Timing Summary | WNS=-0.210 | TNS=-1.055 |
Phase 1 Physical Synthesis Initialization | Checksum: 98dffee9

Time (s): cpu = 00:00:00.77 ; elapsed = 00:00:00.2 . Memory (MB): peak = 3199.605 ; gain = 0.000 ; free physical = 11790 ; free virtual = 27195
INFO: [Place 46-56] BUFG insertion identified 0 candidate nets. Inserted BUFG: 0, Replicated BUFG Driver: 0, Skipped due to Placement/Routing Conflicts: 0, Skipped due to Timing Degradation: 0, Skipped due to netlist editing failed: 0.
Ending Physical Synthesis Task | Checksum: 98dffee9

Time (s): cpu = 00:00:00.81 ; elapsed = 00:00:00.24 . Memory (MB): peak = 3199.605 ; gain = 0.000 ; free physical = 11790 ; free virtual = 27195
Phase 4.1.1.1 BUFG Insertion | Checksum: 14f7fccc7

Time (s): cpu = 00:00:34 ; elapsed = 00:00:12 . Memory (MB): peak = 3199.605 ; gain = 0.000 ; free physical = 11790 ; free virtual = 27195

Phase 4.1.1.2 Post Placement Timing Optimization
INFO: [Place 30-746] Post Placement Timing Summary WNS=0.239. For the most accurate timing information please run report_timing.
Phase 4.1.1.2 Post Placement Timing Optimization | Checksum: 14c0fac58

Time (s): cpu = 00:01:07 ; elapsed = 00:00:37 . Memory (MB): peak = 3199.605 ; gain = 0.000 ; free physical = 11749 ; free virtual = 27154

Time (s): cpu = 00:01:07 ; elapsed = 00:00:37 . Memory (MB): peak = 3199.605 ; gain = 0.000 ; free physical = 11749 ; free virtual = 27154
Phase 4.1 Post Commit Optimization | Checksum: 14c0fac58

Time (s): cpu = 00:01:07 ; elapsed = 00:00:37 . Memory (MB): peak = 3199.605 ; gain = 0.000 ; free physical = 11746 ; free virtual = 27151

Phase 4.2 Post Placement Cleanup
Phase 4.2 Post Placement Cleanup | Checksum: 14c0fac58

Time (s): cpu = 00:01:07 ; elapsed = 00:00:38 . Memory (MB): peak = 3199.605 ; gain = 0.000 ; free physical = 11745 ; free virtual = 27151

Phase 4.3 Placer Reporting

Phase 4.3.1 Print Estimated Congestion
INFO: [Place 30-612] Post-Placement Estimated Congestion 
 ____________________________________________________
|           | Global Congestion | Short Congestion  |
| Direction | Region Size       | Region Size       |
|___________|___________________|___________________|
|      North|                1x1|                8x8|
|___________|___________________|___________________|
|      South|                1x1|                4x4|
|___________|___________________|___________________|
|       East|                1x1|                2x2|
|___________|___________________|___________________|
|       West|                2x2|                2x2|
|___________|___________________|___________________|

Phase 4.3.1 Print Estimated Congestion | Checksum: 14c0fac58

Time (s): cpu = 00:01:07 ; elapsed = 00:00:38 . Memory (MB): peak = 3199.605 ; gain = 0.000 ; free physical = 11745 ; free virtual = 27151
Phase 4.3 Placer Reporting | Checksum: 14c0fac58

Time (s): cpu = 00:01:08 ; elapsed = 00:00:38 . Memory (MB): peak = 3199.605 ; gain = 0.000 ; free physical = 11745 ; free virtual = 27150

Phase 4.4 Final Placement Cleanup
Netlist sorting complete. Time (s): cpu = 00:00:00 ; elapsed = 00:00:00 . Memory (MB): peak = 3199.605 ; gain = 0.000 ; free physical = 11745 ; free virtual = 27150

Time (s): cpu = 00:01:08 ; elapsed = 00:00:38 . Memory (MB): peak = 3199.605 ; gain = 0.000 ; free physical = 11745 ; free virtual = 27150
Phase 4 Post Placement Optimization and Clean-Up | Checksum: 130315a15

Time (s): cpu = 00:01:08 ; elapsed = 00:00:38 . Memory (MB): peak = 3199.605 ; gain = 0.000 ; free physical = 11747 ; free virtual = 27152
Ending Placer Task | Checksum: b8aeca42

Time (s): cpu = 00:01:08 ; elapsed = 00:00:38 . Memory (MB): peak = 3199.605 ; gain = 0.000 ; free physical = 11751 ; free virtual = 27156
77 Infos, 0 Warnings, 0 Critical Warnings and 0 Errors encountered.
place_design completed successfully
place_design: Time (s): cpu = 00:01:09 ; elapsed = 00:00:38 . Memory (MB): peak = 3199.605 ; gain = 32.016 ; free physical = 11751 ; free virtual = 27156
INFO: [runtcl-4] Executing : report_io -file Soc_io_placed.rpt
report_io: Time (s): cpu = 00:00:00.1 ; elapsed = 00:00:00.2 . Memory (MB): peak = 3199.605 ; gain = 0.000 ; free physical = 11732 ; free virtual = 27137
INFO: [runtcl-4] Executing : report_utilization -file Soc_utilization_placed.rpt -pb Soc_utilization_placed.pb
INFO: [runtcl-4] Executing : report_control_sets -verbose -file Soc_control_sets_placed.rpt
report_control_sets: Time (s): cpu = 00:00:00.04 ; elapsed = 00:00:00.14 . Memory (MB): peak = 3199.605 ; gain = 0.000 ; free physical = 11716 ; free virtual = 27122
INFO: [Timing 38-480] Writing timing data to binary archive.
Write ShapeDB Complete: Time (s): cpu = 00:00:00.05 ; elapsed = 00:00:00.01 . Memory (MB): peak = 3199.605 ; gain = 0.000 ; free physical = 11716 ; free virtual = 27122
Wrote PlaceDB: Time (s): cpu = 00:00:00.53 ; elapsed = 00:00:00.2 . Memory (MB): peak = 3199.605 ; gain = 0.000 ; free physical = 11716 ; free virtual = 27126
Wrote PulsedLatchDB: Time (s): cpu = 00:00:00 ; elapsed = 00:00:00 . Memory (MB): peak = 3199.605 ; gain = 0.000 ; free physical = 11716 ; free virtual = 27126
Writing XDEF routing.
Writing XDEF routing logical nets.
Writing XDEF routing special nets.
Wrote RouteStorage: Time (s): cpu = 00:00:00.02 ; elapsed = 00:00:00.02 . Memory (MB): peak = 3199.605 ; gain = 0.000 ; free physical = 11716 ; free virtual = 27127
Wrote Netlist Cache: Time (s): cpu = 00:00:00 ; elapsed = 00:00:00 . Memory (MB): peak = 3199.605 ; gain = 0.000 ; free physical = 11716 ; free virtual = 27127
Wrote Device Cache: Time (s): cpu = 00:00:00.01 ; elapsed = 00:00:00.01 . Memory (MB): peak = 3199.605 ; gain = 0.000 ; free physical = 11716 ; free virtual = 27128
Write Physdb Complete: Time (s): cpu = 00:00:00.56 ; elapsed = 00:00:00.23 . Memory (MB): peak = 3199.605 ; gain = 0.000 ; free physical = 11716 ; free virtual = 27128
INFO: [Common 17-1381] The checkpoint '/home/zshuhansan/git_project/learn_fpga/FemtoRV/TUTORIALS/FROM_BLINKER_TO_RISCV/Soc/vivado/project_zynq7020_clg400_2_nom/soc_zynq7020_clg400_2_nom.runs/impl_1/Soc_placed.dcp' has been generated.
Command: phys_opt_design
Attempting to get a license for feature 'Implementation' and/or device 'xc7z020'
INFO: [Common 17-349] Got license for feature 'Implementation' and/or device 'xc7z020'

Starting Initial Update Timing Task

Time (s): cpu = 00:00:02 ; elapsed = 00:00:00.51 . Memory (MB): peak = 3199.605 ; gain = 0.000 ; free physical = 11708 ; free virtual = 27115
INFO: [Vivado_Tcl 4-383] Design worst setup slack (WNS) is greater than or equal to 0.000 ns. Skipping all physical synthesis optimizations.
INFO: [Vivado_Tcl 4-232] No setup violation found. The netlist was not modified.
INFO: [Common 17-83] Releasing license: Implementation
86 Infos, 0 Warnings, 0 Critical Warnings and 0 Errors encountered.
phys_opt_design completed successfully
INFO: [Timing 38-480] Writing timing data to binary archive.
Write ShapeDB Complete: Time (s): cpu = 00:00:00.05 ; elapsed = 00:00:00.01 . Memory (MB): peak = 3199.605 ; gain = 0.000 ; free physical = 11704 ; free virtual = 27111
Wrote PlaceDB: Time (s): cpu = 00:00:00.53 ; elapsed = 00:00:00.21 . Memory (MB): peak = 3199.605 ; gain = 0.000 ; free physical = 11685 ; free virtual = 27096
Wrote PulsedLatchDB: Time (s): cpu = 00:00:00 ; elapsed = 00:00:00 . Memory (MB): peak = 3199.605 ; gain = 0.000 ; free physical = 11685 ; free virtual = 27096
Writing XDEF routing.
Writing XDEF routing logical nets.
Writing XDEF routing special nets.
Wrote RouteStorage: Time (s): cpu = 00:00:00.02 ; elapsed = 00:00:00.01 . Memory (MB): peak = 3199.605 ; gain = 0.000 ; free physical = 11685 ; free virtual = 27097
Wrote Netlist Cache: Time (s): cpu = 00:00:00 ; elapsed = 00:00:00.01 . Memory (MB): peak = 3199.605 ; gain = 0.000 ; free physical = 11681 ; free virtual = 27093
Wrote Device Cache: Time (s): cpu = 00:00:00.01 ; elapsed = 00:00:00.01 . Memory (MB): peak = 3199.605 ; gain = 0.000 ; free physical = 11681 ; free virtual = 27094
Write Physdb Complete: Time (s): cpu = 00:00:00.56 ; elapsed = 00:00:00.24 . Memory (MB): peak = 3199.605 ; gain = 0.000 ; free physical = 11681 ; free virtual = 27094
INFO: [Common 17-1381] The checkpoint '/home/zshuhansan/git_project/learn_fpga/FemtoRV/TUTORIALS/FROM_BLINKER_TO_RISCV/Soc/vivado/project_zynq7020_clg400_2_nom/soc_zynq7020_clg400_2_nom.runs/impl_1/Soc_physopt.dcp' has been generated.
Command: route_design
Attempting to get a license for feature 'Implementation' and/or device 'xc7z020'
INFO: [Common 17-349] Got license for feature 'Implementation' and/or device 'xc7z020'
Running DRC as a precondition to command route_design
INFO: [DRC 23-27] Running DRC with 12 threads
INFO: [Vivado_Tcl 4-198] DRC finished with 0 Errors
INFO: [Vivado_Tcl 4-199] Please refer to the DRC report (report_drc) for more information.


Starting Routing Task
INFO: [Route 35-254] Multithreading enabled for route_design using a maximum of 12 CPUs

Phase 1 Build RT Design
Checksum: PlaceDB: 938e641b ConstDB: 0 ShapeSum: 25206627 RouteDB: 0
Post Restoration Checksum: NetGraph: c2e70deb | NumContArr: 29e8f699 | Constraints: c2a8fa9d | Timing: c2a8fa9d
Phase 1 Build RT Design | Checksum: 27221f9be

Time (s): cpu = 00:00:22 ; elapsed = 00:00:17 . Memory (MB): peak = 3199.605 ; gain = 0.000 ; free physical = 11647 ; free virtual = 27055

Phase 2 Router Initialization

Phase 2.1 Fix Topology Constraints
Phase 2.1 Fix Topology Constraints | Checksum: 27221f9be

Time (s): cpu = 00:00:22 ; elapsed = 00:00:17 . Memory (MB): peak = 3199.605 ; gain = 0.000 ; free physical = 11646 ; free virtual = 27055

Phase 2.2 Pre Route Cleanup
Phase 2.2 Pre Route Cleanup | Checksum: 27221f9be

Time (s): cpu = 00:00:22 ; elapsed = 00:00:17 . Memory (MB): peak = 3199.605 ; gain = 0.000 ; free physical = 11646 ; free virtual = 27055
 Number of Nodes with overlaps = 0

Phase 2.3 Update Timing
Phase 2.3 Update Timing | Checksum: 2b848755e

Time (s): cpu = 00:00:26 ; elapsed = 00:00:19 . Memory (MB): peak = 3199.605 ; gain = 0.000 ; free physical = 11618 ; free virtual = 27026
INFO: [Route 35-416] Intermediate Timing Summary | WNS=0.424  | TNS=0.000  | WHS=-0.203 | THS=-184.010|


Router Utilization Summary
  Global Vertical Routing Utilization    = 0 %
  Global Horizontal Routing Utilization  = 0 %
  Routable Net Status*
  *Does not include unroutable nets such as driverless and loadless.
  Run report_route_status for detailed report.
  Number of Failed Nets               = 3427
    (Failed Nets is the sum of unrouted and partially routed nets)
  Number of Unrouted Nets             = 3427
  Number of Partially Routed Nets     = 0
  Number of Node Overlaps             = 0

Phase 2 Router Initialization | Checksum: 2a503520c

Time (s): cpu = 00:00:28 ; elapsed = 00:00:19 . Memory (MB): peak = 3199.723 ; gain = 0.117 ; free physical = 11612 ; free virtual = 27021

Phase 3 Initial Routing

Phase 3.1 Global Routing
Phase 3.1 Global Routing | Checksum: 2a503520c

Time (s): cpu = 00:00:28 ; elapsed = 00:00:19 . Memory (MB): peak = 3199.723 ; gain = 0.117 ; free physical = 11612 ; free virtual = 27021

Phase 3.2 Initial Net Routing
Phase 3.2 Initial Net Routing | Checksum: 25cc2e2bf

Time (s): cpu = 00:00:39 ; elapsed = 00:00:21 . Memory (MB): peak = 3325.723 ; gain = 126.117 ; free physical = 11466 ; free virtual = 26874
Phase 3 Initial Routing | Checksum: 25cc2e2bf

Time (s): cpu = 00:00:39 ; elapsed = 00:00:21 . Memory (MB): peak = 3325.723 ; gain = 126.117 ; free physical = 11466 ; free virtual = 26874

Phase 4 Rip-up And Reroute

Phase 4.1 Global Iteration 0
 Number of Nodes with overlaps = 1890
 Number of Nodes with overlaps = 1020
 Number of Nodes with overlaps = 615
 Number of Nodes with overlaps = 401
 Number of Nodes with overlaps = 250
 Number of Nodes with overlaps = 119
 Number of Nodes with overlaps = 69
 Number of Nodes with overlaps = 28
 Number of Nodes with overlaps = 21
 Number of Nodes with overlaps = 10
 Number of Nodes with overlaps = 4
 Number of Nodes with overlaps = 2
 Number of Nodes with overlaps = 2
 Number of Nodes with overlaps = 1
 Number of Nodes with overlaps = 0
INFO: [Route 35-416] Intermediate Timing Summary | WNS=-0.582 | TNS=-81.943| WHS=N/A    | THS=N/A    |

Phase 4.1 Global Iteration 0 | Checksum: 2920c8aa9

Time (s): cpu = 00:02:57 ; elapsed = 00:01:48 . Memory (MB): peak = 3325.723 ; gain = 126.117 ; free physical = 11506 ; free virtual = 26914

Phase 4.2 Global Iteration 1
 Number of Nodes with overlaps = 194
 Number of Nodes with overlaps = 70
 Number of Nodes with overlaps = 71
 Number of Nodes with overlaps = 60
 Number of Nodes with overlaps = 51
 Number of Nodes with overlaps = 43
 Number of Nodes with overlaps = 36
 Number of Nodes with overlaps = 29
 Number of Nodes with overlaps = 23
 Number of Nodes with overlaps = 25
 Number of Nodes with overlaps = 10
 Number of Nodes with overlaps = 9
 Number of Nodes with overlaps = 6
 Number of Nodes with overlaps = 4
 Number of Nodes with overlaps = 4
 Number of Nodes with overlaps = 0
INFO: [Route 35-416] Intermediate Timing Summary | WNS=-0.111 | TNS=-1.406 | WHS=N/A    | THS=N/A    |

Phase 4.2 Global Iteration 1 | Checksum: 1e744d6f3

Time (s): cpu = 00:03:56 ; elapsed = 00:02:39 . Memory (MB): peak = 3325.723 ; gain = 126.117 ; free physical = 11496 ; free virtual = 26905

Phase 4.3 Global Iteration 2
 Number of Nodes with overlaps = 958
 Number of Nodes with overlaps = 663
 Number of Nodes with overlaps = 398
 Number of Nodes with overlaps = 287
Phase 4.3 Global Iteration 2 | Checksum: 204842ef7

Time (s): cpu = 00:04:39 ; elapsed = 00:02:55 . Memory (MB): peak = 3325.723 ; gain = 126.117 ; free physical = 11490 ; free virtual = 26899
Phase 4 Rip-up And Reroute | Checksum: 204842ef7

Time (s): cpu = 00:04:39 ; elapsed = 00:02:55 . Memory (MB): peak = 3325.723 ; gain = 126.117 ; free physical = 11490 ; free virtual = 26899

Phase 5 Delay and Skew Optimization

Phase 5.1 Delay CleanUp

Phase 5.1.1 Update Timing
Phase 5.1.1 Update Timing | Checksum: 20608059a

Time (s): cpu = 00:04:40 ; elapsed = 00:02:55 . Memory (MB): peak = 3325.723 ; gain = 126.117 ; free physical = 11496 ; free virtual = 26905
INFO: [Route 35-416] Intermediate Timing Summary | WNS=-0.111 | TNS=-1.349 | WHS=N/A    | THS=N/A    |

 Number of Nodes with overlaps = 0
Phase 5.1 Delay CleanUp | Checksum: 359deb2c6

Time (s): cpu = 00:04:41 ; elapsed = 00:02:55 . Memory (MB): peak = 3325.723 ; gain = 126.117 ; free physical = 11490 ; free virtual = 26900

Phase 5.2 Clock Skew Optimization
Phase 5.2 Clock Skew Optimization | Checksum: 359deb2c6

Time (s): cpu = 00:04:41 ; elapsed = 00:02:55 . Memory (MB): peak = 3325.723 ; gain = 126.117 ; free physical = 11490 ; free virtual = 26900
Phase 5 Delay and Skew Optimization | Checksum: 359deb2c6

Time (s): cpu = 00:04:41 ; elapsed = 00:02:55 . Memory (MB): peak = 3325.723 ; gain = 126.117 ; free physical = 11490 ; free virtual = 26900

Phase 6 Post Hold Fix

Phase 6.1 Hold Fix Iter

Phase 6.1.1 Update Timing
Phase 6.1.1 Update Timing | Checksum: 2aee402d0

Time (s): cpu = 00:04:43 ; elapsed = 00:02:56 . Memory (MB): peak = 3325.723 ; gain = 126.117 ; free physical = 11490 ; free virtual = 26900
INFO: [Route 35-416] Intermediate Timing Summary | WNS=-0.077 | TNS=-0.576 | WHS=0.083  | THS=0.000  |

Phase 6.1 Hold Fix Iter | Checksum: 2aee402d0

Time (s): cpu = 00:04:43 ; elapsed = 00:02:56 . Memory (MB): peak = 3325.723 ; gain = 126.117 ; free physical = 11490 ; free virtual = 26900
Phase 6 Post Hold Fix | Checksum: 2aee402d0

Time (s): cpu = 00:04:43 ; elapsed = 00:02:56 . Memory (MB): peak = 3325.723 ; gain = 126.117 ; free physical = 11490 ; free virtual = 26900

Phase 7 Route finalize

Router Utilization Summary
  Global Vertical Routing Utilization    = 1.825 %
  Global Horizontal Routing Utilization  = 2.16303 %
  Routable Net Status*
  *Does not include unroutable nets such as driverless and loadless.
  Run report_route_status for detailed report.
  Number of Failed Nets               = 0
    (Failed Nets is the sum of unrouted and partially routed nets)
  Number of Unrouted Nets             = 0
  Number of Partially Routed Nets     = 0
  Number of Node Overlaps             = 0


--GLOBAL Congestion:
Utilization threshold used for congestion level computation: 0.85
Congestion Report
North Dir 1x1 Area, Max Cong = 89.1892%, Congestion bounded by tiles (Lower Left Tile -> Upper Right Tile):
   INT_L_X32Y58 -> INT_L_X32Y58
   INT_L_X30Y57 -> INT_L_X30Y57
South Dir 1x1 Area, Max Cong = 94.5946%, Congestion bounded by tiles (Lower Left Tile -> Upper Right Tile):
   INT_R_X31Y48 -> INT_R_X31Y48
East Dir 1x1 Area, Max Cong = 77.9412%, No Congested Regions.
West Dir 1x1 Area, Max Cong = 89.7059%, Congestion bounded by tiles (Lower Left Tile -> Upper Right Tile):
   INT_R_X33Y55 -> INT_R_X33Y55
   INT_R_X31Y53 -> INT_R_X31Y53
   INT_L_X32Y51 -> INT_L_X32Y51
   INT_R_X31Y49 -> INT_R_X31Y49
   INT_L_X32Y47 -> INT_L_X32Y47

------------------------------
Reporting congestion hotspots
------------------------------
Direction: North
----------------
Congested clusters found at Level 0
Effective congestion level: 0 Aspect Ratio: 1 Sparse Ratio: 1
Direction: South
----------------
Congested clusters found at Level 0
Effective congestion level: 0 Aspect Ratio: 1 Sparse Ratio: 1
Direction: East
----------------
Congested clusters found at Level 0
Effective congestion level: 0 Aspect Ratio: 1 Sparse Ratio: 0
Direction: West
----------------
Congested clusters found at Level 0
Effective congestion level: 1 Aspect Ratio: 0.5 Sparse Ratio: 0.5

Phase 7 Route finalize | Checksum: 2aee402d0

Time (s): cpu = 00:04:43 ; elapsed = 00:02:56 . Memory (MB): peak = 3325.723 ; gain = 126.117 ; free physical = 11490 ; free virtual = 26900

Phase 8 Verifying routed nets

 Verification completed successfully
Phase 8 Verifying routed nets | Checksum: 2aee402d0

Time (s): cpu = 00:04:43 ; elapsed = 00:02:56 . Memory (MB): peak = 3325.723 ; gain = 126.117 ; free physical = 11490 ; free virtual = 26900

Phase 9 Depositing Routes
Phase 9 Depositing Routes | Checksum: 2430cb590

Time (s): cpu = 00:04:43 ; elapsed = 00:02:56 . Memory (MB): peak = 3325.723 ; gain = 126.117 ; free physical = 11491 ; free virtual = 26900

Phase 10 Post Router Timing
INFO: [Route 35-57] Estimated Timing Summary | WNS=-0.077 | TNS=-0.576 | WHS=0.083  | THS=0.000  |

WARNING: [Route 35-328] Router estimated timing not met.
Resolution: For a complete and accurate timing signoff, report_timing_summary must be run after route_design. Alternatively, route_design can be run with the -timing_summary option to enable a complete timing signoff at the end of route_design.
Phase 10 Post Router Timing | Checksum: 2430cb590

Time (s): cpu = 00:04:44 ; elapsed = 00:02:56 . Memory (MB): peak = 3325.723 ; gain = 126.117 ; free physical = 11491 ; free virtual = 26900
INFO: [Route 35-16] Router Completed Successfully

Phase 11 Post-Route Event Processing
Phase 11 Post-Route Event Processing | Checksum: 1260b2db5

Time (s): cpu = 00:04:45 ; elapsed = 00:02:56 . Memory (MB): peak = 3325.723 ; gain = 126.117 ; free physical = 11491 ; free virtual = 26900
Ending Routing Task | Checksum: 1260b2db5

Time (s): cpu = 00:04:45 ; elapsed = 00:02:56 . Memory (MB): peak = 3325.723 ; gain = 126.117 ; free physical = 11491 ; free virtual = 26900

Routing Is Done.
INFO: [Common 17-83] Releasing license: Implementation
101 Infos, 1 Warnings, 0 Critical Warnings and 0 Errors encountered.
route_design completed successfully
route_design: Time (s): cpu = 00:04:46 ; elapsed = 00:02:57 . Memory (MB): peak = 3325.723 ; gain = 126.117 ; free physical = 11491 ; free virtual = 26900
INFO: [runtcl-4] Executing : report_drc -file Soc_drc_routed.rpt -pb Soc_drc_routed.pb -rpx Soc_drc_routed.rpx
Command: report_drc -file Soc_drc_routed.rpt -pb Soc_drc_routed.pb -rpx Soc_drc_routed.rpx
INFO: [IP_Flow 19-1839] IP Catalog is up to date.
INFO: [DRC 23-27] Running DRC with 12 threads
INFO: [Vivado_Tcl 2-168] The results of DRC are in file /home/zshuhansan/git_project/learn_fpga/FemtoRV/TUTORIALS/FROM_BLINKER_TO_RISCV/Soc/vivado/project_zynq7020_clg400_2_nom/soc_zynq7020_clg400_2_nom.runs/impl_1/Soc_drc_routed.rpt.
report_drc completed successfully
INFO: [runtcl-4] Executing : report_methodology -file Soc_methodology_drc_routed.rpt -pb Soc_methodology_drc_routed.pb -rpx Soc_methodology_drc_routed.rpx
Command: report_methodology -file Soc_methodology_drc_routed.rpt -pb Soc_methodology_drc_routed.pb -rpx Soc_methodology_drc_routed.rpx
INFO: [Timing 38-35] Done setting XDC timing constraints.
INFO: [DRC 23-133] Running Methodology with 12 threads
INFO: [Vivado_Tcl 2-1520] The results of Report Methodology are in file /home/zshuhansan/git_project/learn_fpga/FemtoRV/TUTORIALS/FROM_BLINKER_TO_RISCV/Soc/vivado/project_zynq7020_clg400_2_nom/soc_zynq7020_clg400_2_nom.runs/impl_1/Soc_methodology_drc_routed.rpt.
report_methodology completed successfully
INFO: [runtcl-4] Executing : report_power -file Soc_power_routed.rpt -pb Soc_power_summary_routed.pb -rpx Soc_power_routed.rpx
Command: report_power -file Soc_power_routed.rpt -pb Soc_power_summary_routed.pb -rpx Soc_power_routed.rpx
INFO: [Timing 38-35] Done setting XDC timing constraints.
Running Vector-less Activity Propagation...

Finished Running Vector-less Activity Propagation
111 Infos, 1 Warnings, 0 Critical Warnings and 0 Errors encountered.
report_power completed successfully
INFO: [runtcl-4] Executing : report_route_status -file Soc_route_status.rpt -pb Soc_route_status.pb
INFO: [runtcl-4] Executing : report_timing_summary -max_paths 10 -report_unconstrained -file Soc_timing_summary_routed.rpt -pb Soc_timing_summary_routed.pb -rpx Soc_timing_summary_routed.rpx -warn_on_violation 
INFO: [Timing 38-91] UpdateTimingParams: Speed grade: -2, Delay Type: min_max.
INFO: [Timing 38-191] Multithreading enabled for timing update using a maximum of 12 CPUs
CRITICAL WARNING: [Timing 38-282] The design failed to meet the timing requirements. Please see the timing summary report for details on the timing violations.
INFO: [runtcl-4] Executing : report_incremental_reuse -file Soc_incremental_reuse_routed.rpt
INFO: [Vivado_Tcl 4-1062] Incremental flow is disabled. No incremental reuse Info to report.
INFO: [runtcl-4] Executing : report_clock_utilization -file Soc_clock_utilization_routed.rpt
INFO: [runtcl-4] Executing : report_bus_skew -warn_on_violation -file Soc_bus_skew_routed.rpt -pb Soc_bus_skew_routed.pb -rpx Soc_bus_skew_routed.rpx
INFO: [Timing 38-91] UpdateTimingParams: Speed grade: -2, Delay Type: min_max.
INFO: [Timing 38-191] Multithreading enabled for timing update using a maximum of 12 CPUs
INFO: [Timing 38-480] Writing timing data to binary archive.
Write ShapeDB Complete: Time (s): cpu = 00:00:00.05 ; elapsed = 00:00:00.01 . Memory (MB): peak = 3477.797 ; gain = 0.000 ; free physical = 11450 ; free virtual = 26861
Wrote PlaceDB: Time (s): cpu = 00:00:00.52 ; elapsed = 00:00:00.2 . Memory (MB): peak = 3477.797 ; gain = 0.000 ; free physical = 11448 ; free virtual = 26864
Wrote PulsedLatchDB: Time (s): cpu = 00:00:00 ; elapsed = 00:00:00 . Memory (MB): peak = 3477.797 ; gain = 0.000 ; free physical = 11448 ; free virtual = 26864
Writing XDEF routing.
Writing XDEF routing logical nets.
Writing XDEF routing special nets.
Wrote RouteStorage: Time (s): cpu = 00:00:00.06 ; elapsed = 00:00:00.05 . Memory (MB): peak = 3477.797 ; gain = 0.000 ; free physical = 11447 ; free virtual = 26863
Wrote Netlist Cache: Time (s): cpu = 00:00:00 ; elapsed = 00:00:00.01 . Memory (MB): peak = 3477.797 ; gain = 0.000 ; free physical = 11447 ; free virtual = 26863
Wrote Device Cache: Time (s): cpu = 00:00:00.01 ; elapsed = 00:00:00 . Memory (MB): peak = 3477.797 ; gain = 0.000 ; free physical = 11447 ; free virtual = 26864
Write Physdb Complete: Time (s): cpu = 00:00:00.59 ; elapsed = 00:00:00.28 . Memory (MB): peak = 3477.797 ; gain = 0.000 ; free physical = 11447 ; free virtual = 26864
INFO: [Common 17-1381] The checkpoint '/home/zshuhansan/git_project/learn_fpga/FemtoRV/TUTORIALS/FROM_BLINKER_TO_RISCV/Soc/vivado/project_zynq7020_clg400_2_nom/soc_zynq7020_clg400_2_nom.runs/impl_1/Soc_routed.dcp' has been generated.
INFO: [Common 17-206] Exiting Vivado at Sat Apr 11 16:12:33 2026...
